[2022-02-02 16:44:04,913] {taskinstance.py:1032} INFO - Dependencies all met for <TaskInstance: download_ingest_2_gcs_dag.cleanup_csv scheduled__2020-12-02T06:00:00+00:00 [queued]>
[2022-02-02 16:44:04,975] {taskinstance.py:1032} INFO - Dependencies all met for <TaskInstance: download_ingest_2_gcs_dag.cleanup_csv scheduled__2020-12-02T06:00:00+00:00 [queued]>
[2022-02-02 16:44:04,977] {taskinstance.py:1238} INFO - 
--------------------------------------------------------------------------------
[2022-02-02 16:44:04,979] {taskinstance.py:1239} INFO - Starting attempt 1 of 1
[2022-02-02 16:44:04,981] {taskinstance.py:1240} INFO - 
--------------------------------------------------------------------------------
[2022-02-02 16:44:05,037] {taskinstance.py:1259} INFO - Executing <Task(BashOperator): cleanup_csv> on 2020-12-02 06:00:00+00:00
[2022-02-02 16:44:05,052] {standard_task_runner.py:52} INFO - Started process 33679 to run task
[2022-02-02 16:44:05,064] {standard_task_runner.py:76} INFO - Running: ['***', 'tasks', 'run', 'download_ingest_2_gcs_dag', 'cleanup_csv', 'scheduled__2020-12-02T06:00:00+00:00', '--job-id', '413', '--raw', '--subdir', 'DAGS_FOLDER/download_ingest_2_gsc_assgnment.py', '--cfg-path', '/tmp/tmp2ae1tukl', '--error-file', '/tmp/tmp564dd3m3']
[2022-02-02 16:44:05,068] {standard_task_runner.py:77} INFO - Job 413: Subtask cleanup_csv
[2022-02-02 16:44:05,284] {logging_mixin.py:109} INFO - Running <TaskInstance: download_ingest_2_gcs_dag.cleanup_csv scheduled__2020-12-02T06:00:00+00:00 [running]> on host 3082aca3aebc
[2022-02-02 16:44:05,489] {warnings.py:110} WARNING - /home/***/.local/lib/python3.7/site-packages/***/utils/context.py:152: AirflowContextDeprecationWarning: Accessing 'execution_date' from the template is deprecated and will be removed in a future version. Please use 'data_interval_start' or 'logical_date' instead.
  warnings.warn(_create_deprecation_warning(key, self._deprecation_replacements[key]))

[2022-02-02 16:44:05,554] {taskinstance.py:1426} INFO - Exporting the following env vars:
AIRFLOW_CTX_DAG_OWNER=***
AIRFLOW_CTX_DAG_ID=download_ingest_2_gcs_dag
AIRFLOW_CTX_TASK_ID=cleanup_csv
AIRFLOW_CTX_EXECUTION_DATE=2020-12-02T06:00:00+00:00
AIRFLOW_CTX_DAG_RUN_ID=scheduled__2020-12-02T06:00:00+00:00
[2022-02-02 16:44:05,560] {subprocess.py:62} INFO - Tmp dir root location: 
 /tmp
[2022-02-02 16:44:05,563] {subprocess.py:74} INFO - Running command: ['bash', '-c', 'rm /opt/***/output_2020-12.csv']
[2022-02-02 16:44:05,602] {subprocess.py:85} INFO - Output:
[2022-02-02 16:44:05,694] {subprocess.py:93} INFO - Command exited with return code 0
[2022-02-02 16:44:05,789] {taskinstance.py:1277} INFO - Marking task as SUCCESS. dag_id=download_ingest_2_gcs_dag, task_id=cleanup_csv, execution_date=20201202T060000, start_date=20220202T164404, end_date=20220202T164405
[2022-02-02 16:44:05,920] {local_task_job.py:154} INFO - Task exited with return code 0
[2022-02-02 16:44:06,047] {local_task_job.py:264} INFO - 0 downstream tasks scheduled from follow-on schedule check
