[2022-02-02 14:51:03,325] {taskinstance.py:1032} INFO - Dependencies all met for <TaskInstance: download_ingest_2_gcs_dag.format_2_parquet_task scheduled__2020-02-02T06:00:00+00:00 [queued]>
[2022-02-02 14:51:03,729] {taskinstance.py:1032} INFO - Dependencies all met for <TaskInstance: download_ingest_2_gcs_dag.format_2_parquet_task scheduled__2020-02-02T06:00:00+00:00 [queued]>
[2022-02-02 14:51:03,739] {taskinstance.py:1238} INFO - 
--------------------------------------------------------------------------------
[2022-02-02 14:51:03,751] {taskinstance.py:1239} INFO - Starting attempt 1 of 1
[2022-02-02 14:51:03,815] {taskinstance.py:1240} INFO - 
--------------------------------------------------------------------------------
[2022-02-02 14:51:04,640] {taskinstance.py:1259} INFO - Executing <Task(PythonOperator): format_2_parquet_task> on 2020-02-02 06:00:00+00:00
[2022-02-02 14:51:04,776] {standard_task_runner.py:52} INFO - Started process 31673 to run task
[2022-02-02 14:51:04,890] {standard_task_runner.py:76} INFO - Running: ['***', 'tasks', 'run', 'download_ingest_2_gcs_dag', 'format_2_parquet_task', 'scheduled__2020-02-02T06:00:00+00:00', '--job-id', '354', '--raw', '--subdir', 'DAGS_FOLDER/download_ingest_2_gsc_assgnment.py', '--cfg-path', '/tmp/tmp1p6_01ld', '--error-file', '/tmp/tmpdv0p789b']
[2022-02-02 14:51:04,908] {standard_task_runner.py:77} INFO - Job 354: Subtask format_2_parquet_task
[2022-02-02 14:51:07,017] {logging_mixin.py:109} INFO - Running <TaskInstance: download_ingest_2_gcs_dag.format_2_parquet_task scheduled__2020-02-02T06:00:00+00:00 [running]> on host 3082aca3aebc
[2022-02-02 14:51:08,766] {warnings.py:110} WARNING - /home/***/.local/lib/python3.7/site-packages/***/utils/context.py:152: AirflowContextDeprecationWarning: Accessing 'execution_date' from the template is deprecated and will be removed in a future version. Please use 'data_interval_start' or 'logical_date' instead.
  warnings.warn(_create_deprecation_warning(key, self._deprecation_replacements[key]))

[2022-02-02 14:51:09,309] {taskinstance.py:1426} INFO - Exporting the following env vars:
AIRFLOW_CTX_DAG_OWNER=***
AIRFLOW_CTX_DAG_ID=download_ingest_2_gcs_dag
AIRFLOW_CTX_TASK_ID=format_2_parquet_task
AIRFLOW_CTX_EXECUTION_DATE=2020-02-02T06:00:00+00:00
AIRFLOW_CTX_DAG_RUN_ID=scheduled__2020-02-02T06:00:00+00:00
[2022-02-02 14:53:11,229] {local_task_job.py:154} INFO - Task exited with return code Negsignal.SIGKILL
[2022-02-02 14:53:12,875] {taskinstance.py:1277} INFO - Marking task as FAILED. dag_id=download_ingest_2_gcs_dag, task_id=format_2_parquet_task, execution_date=20200202T060000, start_date=20220202T145103, end_date=20220202T145312
[2022-02-02 14:53:14,401] {local_task_job.py:264} INFO - 0 downstream tasks scheduled from follow-on schedule check
