[2022-02-02 15:10:13,698] {taskinstance.py:1032} INFO - Dependencies all met for <TaskInstance: download_ingest_2_gcs_dag.format_2_parquet_task scheduled__2020-02-02T06:00:00+00:00 [queued]>
[2022-02-02 15:10:13,756] {taskinstance.py:1032} INFO - Dependencies all met for <TaskInstance: download_ingest_2_gcs_dag.format_2_parquet_task scheduled__2020-02-02T06:00:00+00:00 [queued]>
[2022-02-02 15:10:13,759] {taskinstance.py:1238} INFO - 
--------------------------------------------------------------------------------
[2022-02-02 15:10:13,760] {taskinstance.py:1239} INFO - Starting attempt 2 of 2
[2022-02-02 15:10:13,762] {taskinstance.py:1240} INFO - 
--------------------------------------------------------------------------------
[2022-02-02 15:10:13,825] {taskinstance.py:1259} INFO - Executing <Task(PythonOperator): format_2_parquet_task> on 2020-02-02 06:00:00+00:00
[2022-02-02 15:10:13,839] {standard_task_runner.py:52} INFO - Started process 33046 to run task
[2022-02-02 15:10:13,862] {standard_task_runner.py:76} INFO - Running: ['***', 'tasks', 'run', 'download_ingest_2_gcs_dag', 'format_2_parquet_task', 'scheduled__2020-02-02T06:00:00+00:00', '--job-id', '396', '--raw', '--subdir', 'DAGS_FOLDER/download_ingest_2_gsc_assgnment.py', '--cfg-path', '/tmp/tmpoj3ocvve', '--error-file', '/tmp/tmpjoxl29ld']
[2022-02-02 15:10:13,866] {standard_task_runner.py:77} INFO - Job 396: Subtask format_2_parquet_task
[2022-02-02 15:10:14,157] {logging_mixin.py:109} INFO - Running <TaskInstance: download_ingest_2_gcs_dag.format_2_parquet_task scheduled__2020-02-02T06:00:00+00:00 [running]> on host 3082aca3aebc
[2022-02-02 15:10:14,426] {warnings.py:110} WARNING - /home/***/.local/lib/python3.7/site-packages/***/utils/context.py:152: AirflowContextDeprecationWarning: Accessing 'execution_date' from the template is deprecated and will be removed in a future version. Please use 'data_interval_start' or 'logical_date' instead.
  warnings.warn(_create_deprecation_warning(key, self._deprecation_replacements[key]))

[2022-02-02 15:10:14,545] {taskinstance.py:1426} INFO - Exporting the following env vars:
AIRFLOW_CTX_DAG_OWNER=***
AIRFLOW_CTX_DAG_ID=download_ingest_2_gcs_dag
AIRFLOW_CTX_TASK_ID=format_2_parquet_task
AIRFLOW_CTX_EXECUTION_DATE=2020-02-02T06:00:00+00:00
AIRFLOW_CTX_DAG_RUN_ID=scheduled__2020-02-02T06:00:00+00:00
[2022-02-02 15:11:24,897] {python.py:175} INFO - Done. Returned value was: None
[2022-02-02 15:11:25,193] {taskinstance.py:1277} INFO - Marking task as SUCCESS. dag_id=download_ingest_2_gcs_dag, task_id=format_2_parquet_task, execution_date=20200202T060000, start_date=20220202T151013, end_date=20220202T151125
[2022-02-02 15:11:28,013] {local_task_job.py:212} WARNING - State of this instance has been externally set to success. Terminating instance.
[2022-02-02 15:11:28,127] {process_utils.py:124} INFO - Sending Signals.SIGTERM to group 33046. PIDs of all processes in the group: [33046]
[2022-02-02 15:11:28,144] {process_utils.py:75} INFO - Sending the signal Signals.SIGTERM to group 33046
[2022-02-02 15:11:35,470] {process_utils.py:70} INFO - Process psutil.Process(pid=33046, status='terminated', exitcode=0, started='15:10:12') (33046) terminated with exit code 0
