[2022-02-02 15:11:42,034] {taskinstance.py:1032} INFO - Dependencies all met for <TaskInstance: download_ingest_2_gcs_dag.local_to_gcs_job scheduled__2020-02-02T06:00:00+00:00 [queued]>
[2022-02-02 15:11:42,240] {taskinstance.py:1032} INFO - Dependencies all met for <TaskInstance: download_ingest_2_gcs_dag.local_to_gcs_job scheduled__2020-02-02T06:00:00+00:00 [queued]>
[2022-02-02 15:11:42,244] {taskinstance.py:1238} INFO - 
--------------------------------------------------------------------------------
[2022-02-02 15:11:42,248] {taskinstance.py:1239} INFO - Starting attempt 1 of 1
[2022-02-02 15:11:42,250] {taskinstance.py:1240} INFO - 
--------------------------------------------------------------------------------
[2022-02-02 15:11:42,404] {taskinstance.py:1259} INFO - Executing <Task(PythonOperator): local_to_gcs_job> on 2020-02-02 06:00:00+00:00
[2022-02-02 15:11:42,449] {standard_task_runner.py:52} INFO - Started process 33151 to run task
[2022-02-02 15:11:42,516] {standard_task_runner.py:76} INFO - Running: ['***', 'tasks', 'run', 'download_ingest_2_gcs_dag', 'local_to_gcs_job', 'scheduled__2020-02-02T06:00:00+00:00', '--job-id', '401', '--raw', '--subdir', 'DAGS_FOLDER/download_ingest_2_gsc_assgnment.py', '--cfg-path', '/tmp/tmpz2841zxg', '--error-file', '/tmp/tmpsrpjo5hy']
[2022-02-02 15:11:42,529] {standard_task_runner.py:77} INFO - Job 401: Subtask local_to_gcs_job
[2022-02-02 15:11:43,100] {logging_mixin.py:109} INFO - Running <TaskInstance: download_ingest_2_gcs_dag.local_to_gcs_job scheduled__2020-02-02T06:00:00+00:00 [running]> on host 3082aca3aebc
[2022-02-02 15:11:43,645] {warnings.py:110} WARNING - /home/***/.local/lib/python3.7/site-packages/***/utils/context.py:152: AirflowContextDeprecationWarning: Accessing 'execution_date' from the template is deprecated and will be removed in a future version. Please use 'data_interval_start' or 'logical_date' instead.
  warnings.warn(_create_deprecation_warning(key, self._deprecation_replacements[key]))

[2022-02-02 15:11:43,768] {taskinstance.py:1426} INFO - Exporting the following env vars:
AIRFLOW_CTX_DAG_OWNER=***
AIRFLOW_CTX_DAG_ID=download_ingest_2_gcs_dag
AIRFLOW_CTX_TASK_ID=local_to_gcs_job
AIRFLOW_CTX_EXECUTION_DATE=2020-02-02T06:00:00+00:00
AIRFLOW_CTX_DAG_RUN_ID=scheduled__2020-02-02T06:00:00+00:00
[2022-02-02 15:12:02,576] {python.py:175} INFO - Done. Returned value was: None
[2022-02-02 15:12:02,670] {taskinstance.py:1277} INFO - Marking task as SUCCESS. dag_id=download_ingest_2_gcs_dag, task_id=local_to_gcs_job, execution_date=20200202T060000, start_date=20220202T151142, end_date=20220202T151202
[2022-02-02 15:12:02,821] {local_task_job.py:154} INFO - Task exited with return code 0
[2022-02-02 15:12:03,002] {local_task_job.py:264} INFO - 1 downstream tasks scheduled from follow-on schedule check
