[2022-02-02 04:02:37,840] {taskinstance.py:1032} INFO - Dependencies all met for <TaskInstance: download_ingest_2_gcs_dag.download_file_url scheduled__2019-04-02T06:00:00+00:00 [queued]>
[2022-02-02 04:02:37,900] {taskinstance.py:1032} INFO - Dependencies all met for <TaskInstance: download_ingest_2_gcs_dag.download_file_url scheduled__2019-04-02T06:00:00+00:00 [queued]>
[2022-02-02 04:02:37,902] {taskinstance.py:1238} INFO - 
--------------------------------------------------------------------------------
[2022-02-02 04:02:37,905] {taskinstance.py:1239} INFO - Starting attempt 1 of 1
[2022-02-02 04:02:37,907] {taskinstance.py:1240} INFO - 
--------------------------------------------------------------------------------
[2022-02-02 04:02:37,965] {taskinstance.py:1259} INFO - Executing <Task(BashOperator): download_file_url> on 2019-04-02 06:00:00+00:00
[2022-02-02 04:02:37,974] {standard_task_runner.py:52} INFO - Started process 1548 to run task
[2022-02-02 04:02:37,992] {standard_task_runner.py:76} INFO - Running: ['***', 'tasks', 'run', 'download_ingest_2_gcs_dag', 'download_file_url', 'scheduled__2019-04-02T06:00:00+00:00', '--job-id', '249', '--raw', '--subdir', 'DAGS_FOLDER/load_gsc_assgnment.py', '--cfg-path', '/tmp/tmp2extci2o', '--error-file', '/tmp/tmp875b3d8y']
[2022-02-02 04:02:37,996] {standard_task_runner.py:77} INFO - Job 249: Subtask download_file_url
[2022-02-02 04:02:38,205] {logging_mixin.py:109} INFO - Running <TaskInstance: download_ingest_2_gcs_dag.download_file_url scheduled__2019-04-02T06:00:00+00:00 [running]> on host 3082aca3aebc
[2022-02-02 04:02:38,433] {warnings.py:110} WARNING - /home/***/.local/lib/python3.7/site-packages/***/utils/context.py:152: AirflowContextDeprecationWarning: Accessing 'execution_date' from the template is deprecated and will be removed in a future version. Please use 'data_interval_start' or 'logical_date' instead.
  warnings.warn(_create_deprecation_warning(key, self._deprecation_replacements[key]))

[2022-02-02 04:02:38,490] {taskinstance.py:1426} INFO - Exporting the following env vars:
AIRFLOW_CTX_DAG_OWNER=***
AIRFLOW_CTX_DAG_ID=download_ingest_2_gcs_dag
AIRFLOW_CTX_TASK_ID=download_file_url
AIRFLOW_CTX_EXECUTION_DATE=2019-04-02T06:00:00+00:00
AIRFLOW_CTX_DAG_RUN_ID=scheduled__2019-04-02T06:00:00+00:00
[2022-02-02 04:02:38,495] {subprocess.py:62} INFO - Tmp dir root location: 
 /tmp
[2022-02-02 04:02:38,497] {subprocess.py:74} INFO - Running command: ['bash', '-c', 'curl -sSL https://s3.amazonaws.com/nyc-tlc/trip+data/yellow_tripdata_2019-04.csv > /opt/***/output_2019-04.csv']
[2022-02-02 04:02:38,522] {subprocess.py:85} INFO - Output:
[2022-02-02 04:14:00,026] {subprocess.py:93} INFO - Command exited with return code 0
[2022-02-02 04:14:00,131] {taskinstance.py:1277} INFO - Marking task as SUCCESS. dag_id=download_ingest_2_gcs_dag, task_id=download_file_url, execution_date=20190402T060000, start_date=20220202T040237, end_date=20220202T041400
[2022-02-02 04:14:00,214] {local_task_job.py:154} INFO - Task exited with return code 0
[2022-02-02 04:14:00,327] {local_task_job.py:264} INFO - 1 downstream tasks scheduled from follow-on schedule check
[2022-02-02 06:22:09,793] {taskinstance.py:1032} INFO - Dependencies all met for <TaskInstance: download_ingest_2_gcs_dag.download_file_url scheduled__2019-04-02T06:00:00+00:00 [queued]>
[2022-02-02 06:22:10,004] {taskinstance.py:1032} INFO - Dependencies all met for <TaskInstance: download_ingest_2_gcs_dag.download_file_url scheduled__2019-04-02T06:00:00+00:00 [queued]>
[2022-02-02 06:22:10,006] {taskinstance.py:1238} INFO - 
--------------------------------------------------------------------------------
[2022-02-02 06:22:10,009] {taskinstance.py:1239} INFO - Starting attempt 1 of 1
[2022-02-02 06:22:10,020] {taskinstance.py:1240} INFO - 
--------------------------------------------------------------------------------
[2022-02-02 06:22:10,283] {taskinstance.py:1259} INFO - Executing <Task(BashOperator): download_file_url> on 2019-04-02 06:00:00+00:00
[2022-02-02 06:22:10,321] {standard_task_runner.py:52} INFO - Started process 9310 to run task
[2022-02-02 06:22:10,337] {standard_task_runner.py:76} INFO - Running: ['***', 'tasks', 'run', 'download_ingest_2_gcs_dag', 'download_file_url', 'scheduled__2019-04-02T06:00:00+00:00', '--job-id', '294', '--raw', '--subdir', 'DAGS_FOLDER/download_ingest_2_gsc_assgnment.py', '--cfg-path', '/tmp/tmpqrluprp5', '--error-file', '/tmp/tmp2szni5dt']
[2022-02-02 06:22:10,352] {standard_task_runner.py:77} INFO - Job 294: Subtask download_file_url
[2022-02-02 06:22:11,335] {logging_mixin.py:109} INFO - Running <TaskInstance: download_ingest_2_gcs_dag.download_file_url scheduled__2019-04-02T06:00:00+00:00 [running]> on host 3082aca3aebc
[2022-02-02 06:22:11,899] {warnings.py:110} WARNING - /home/***/.local/lib/python3.7/site-packages/***/utils/context.py:152: AirflowContextDeprecationWarning: Accessing 'execution_date' from the template is deprecated and will be removed in a future version. Please use 'data_interval_start' or 'logical_date' instead.
  warnings.warn(_create_deprecation_warning(key, self._deprecation_replacements[key]))

[2022-02-02 06:22:12,128] {taskinstance.py:1426} INFO - Exporting the following env vars:
AIRFLOW_CTX_DAG_OWNER=***
AIRFLOW_CTX_DAG_ID=download_ingest_2_gcs_dag
AIRFLOW_CTX_TASK_ID=download_file_url
AIRFLOW_CTX_EXECUTION_DATE=2019-04-02T06:00:00+00:00
AIRFLOW_CTX_DAG_RUN_ID=scheduled__2019-04-02T06:00:00+00:00
[2022-02-02 06:22:12,134] {subprocess.py:62} INFO - Tmp dir root location: 
 /tmp
[2022-02-02 06:22:12,152] {subprocess.py:74} INFO - Running command: ['bash', '-c', 'curl -sSL https://s3.amazonaws.com/nyc-tlc/trip+data/yellow_tripdata_2019-04.csv > /opt/***/output_2019-04.csv']
[2022-02-02 06:22:12,240] {subprocess.py:85} INFO - Output:
[2022-02-02 06:25:48,156] {subprocess.py:93} INFO - Command exited with return code 0
[2022-02-02 06:25:49,125] {taskinstance.py:1277} INFO - Marking task as SUCCESS. dag_id=download_ingest_2_gcs_dag, task_id=download_file_url, execution_date=20190402T060000, start_date=20220202T062209, end_date=20220202T062549
[2022-02-02 06:25:50,249] {local_task_job.py:154} INFO - Task exited with return code 0
[2022-02-02 06:25:51,823] {local_task_job.py:264} INFO - 1 downstream tasks scheduled from follow-on schedule check
