[2022-02-15 23:57:03,449] {taskinstance.py:1032} INFO - Dependencies all met for <TaskInstance: green_taxi_download_csv.cleanup_csv scheduled__2020-12-02T06:00:00+00:00 [queued]>
[2022-02-15 23:57:03,507] {taskinstance.py:1032} INFO - Dependencies all met for <TaskInstance: green_taxi_download_csv.cleanup_csv scheduled__2020-12-02T06:00:00+00:00 [queued]>
[2022-02-15 23:57:03,509] {taskinstance.py:1238} INFO - 
--------------------------------------------------------------------------------
[2022-02-15 23:57:03,511] {taskinstance.py:1239} INFO - Starting attempt 1 of 1
[2022-02-15 23:57:03,512] {taskinstance.py:1240} INFO - 
--------------------------------------------------------------------------------
[2022-02-15 23:57:03,562] {taskinstance.py:1259} INFO - Executing <Task(BashOperator): cleanup_csv> on 2020-12-02 06:00:00+00:00
[2022-02-15 23:57:03,573] {standard_task_runner.py:52} INFO - Started process 7911 to run task
[2022-02-15 23:57:03,583] {standard_task_runner.py:76} INFO - Running: ['***', 'tasks', 'run', 'green_taxi_download_csv', 'cleanup_csv', 'scheduled__2020-12-02T06:00:00+00:00', '--job-id', '826', '--raw', '--subdir', 'DAGS_FOLDER/download_upload_greentaxi_csv.py', '--cfg-path', '/tmp/tmpnbp8s078', '--error-file', '/tmp/tmplcvpdvdn']
[2022-02-15 23:57:03,587] {standard_task_runner.py:77} INFO - Job 826: Subtask cleanup_csv
[2022-02-15 23:57:03,866] {logging_mixin.py:109} INFO - Running <TaskInstance: green_taxi_download_csv.cleanup_csv scheduled__2020-12-02T06:00:00+00:00 [running]> on host 29988b24dbed
[2022-02-15 23:57:04,075] {warnings.py:110} WARNING - /home/***/.local/lib/python3.7/site-packages/***/utils/context.py:152: AirflowContextDeprecationWarning: Accessing 'execution_date' from the template is deprecated and will be removed in a future version. Please use 'data_interval_start' or 'logical_date' instead.
  warnings.warn(_create_deprecation_warning(key, self._deprecation_replacements[key]))

[2022-02-15 23:57:04,174] {taskinstance.py:1426} INFO - Exporting the following env vars:
AIRFLOW_CTX_DAG_OWNER=***
AIRFLOW_CTX_DAG_ID=green_taxi_download_csv
AIRFLOW_CTX_TASK_ID=cleanup_csv
AIRFLOW_CTX_EXECUTION_DATE=2020-12-02T06:00:00+00:00
AIRFLOW_CTX_DAG_RUN_ID=scheduled__2020-12-02T06:00:00+00:00
[2022-02-15 23:57:04,180] {subprocess.py:62} INFO - Tmp dir root location: 
 /tmp
[2022-02-15 23:57:04,183] {subprocess.py:74} INFO - Running command: ['bash', '-c', 'rm /opt/***/output_2020-12.csv']
[2022-02-15 23:57:04,226] {subprocess.py:85} INFO - Output:
[2022-02-15 23:57:04,375] {subprocess.py:93} INFO - Command exited with return code 0
[2022-02-15 23:57:04,501] {taskinstance.py:1277} INFO - Marking task as SUCCESS. dag_id=green_taxi_download_csv, task_id=cleanup_csv, execution_date=20201202T060000, start_date=20220215T235703, end_date=20220215T235704
[2022-02-15 23:57:04,584] {local_task_job.py:154} INFO - Task exited with return code 0
[2022-02-15 23:57:04,697] {local_task_job.py:264} INFO - 0 downstream tasks scheduled from follow-on schedule check
