[2022-02-02 21:54:07,619] {taskinstance.py:1032} INFO - Dependencies all met for <TaskInstance: fhv_ingest_2_gcs_dag.upload_to_gcs_job scheduled__2019-06-02T06:00:00+00:00 [queued]>
[2022-02-02 21:54:07,727] {taskinstance.py:1032} INFO - Dependencies all met for <TaskInstance: fhv_ingest_2_gcs_dag.upload_to_gcs_job scheduled__2019-06-02T06:00:00+00:00 [queued]>
[2022-02-02 21:54:07,729] {taskinstance.py:1238} INFO - 
--------------------------------------------------------------------------------
[2022-02-02 21:54:07,731] {taskinstance.py:1239} INFO - Starting attempt 1 of 1
[2022-02-02 21:54:07,733] {taskinstance.py:1240} INFO - 
--------------------------------------------------------------------------------
[2022-02-02 21:54:07,841] {taskinstance.py:1259} INFO - Executing <Task(PythonOperator): upload_to_gcs_job> on 2019-06-02 06:00:00+00:00
[2022-02-02 21:54:07,852] {standard_task_runner.py:52} INFO - Started process 2015 to run task
[2022-02-02 21:54:07,885] {standard_task_runner.py:76} INFO - Running: ['***', 'tasks', 'run', 'fhv_ingest_2_gcs_dag', 'upload_to_gcs_job', 'scheduled__2019-06-02T06:00:00+00:00', '--job-id', '457', '--raw', '--subdir', 'DAGS_FOLDER/fhv_download_ingest_gcs.py', '--cfg-path', '/tmp/tmplxae0pv7', '--error-file', '/tmp/tmpsic57dfe']
[2022-02-02 21:54:07,890] {standard_task_runner.py:77} INFO - Job 457: Subtask upload_to_gcs_job
[2022-02-02 21:54:08,168] {logging_mixin.py:109} INFO - Running <TaskInstance: fhv_ingest_2_gcs_dag.upload_to_gcs_job scheduled__2019-06-02T06:00:00+00:00 [running]> on host ee5c3eebd1b1
[2022-02-02 21:54:08,456] {warnings.py:110} WARNING - /home/***/.local/lib/python3.7/site-packages/***/utils/context.py:152: AirflowContextDeprecationWarning: Accessing 'execution_date' from the template is deprecated and will be removed in a future version. Please use 'data_interval_start' or 'logical_date' instead.
  warnings.warn(_create_deprecation_warning(key, self._deprecation_replacements[key]))

[2022-02-02 21:54:08,583] {taskinstance.py:1426} INFO - Exporting the following env vars:
AIRFLOW_CTX_DAG_OWNER=***
AIRFLOW_CTX_DAG_ID=fhv_ingest_2_gcs_dag
AIRFLOW_CTX_TASK_ID=upload_to_gcs_job
AIRFLOW_CTX_EXECUTION_DATE=2019-06-02T06:00:00+00:00
AIRFLOW_CTX_DAG_RUN_ID=scheduled__2019-06-02T06:00:00+00:00
[2022-02-02 21:54:12,491] {python.py:175} INFO - Done. Returned value was: None
[2022-02-02 21:54:12,607] {taskinstance.py:1277} INFO - Marking task as SUCCESS. dag_id=fhv_ingest_2_gcs_dag, task_id=upload_to_gcs_job, execution_date=20190602T060000, start_date=20220202T215407, end_date=20220202T215412
[2022-02-02 21:54:12,824] {local_task_job.py:154} INFO - Task exited with return code 0
[2022-02-02 21:54:13,188] {local_task_job.py:264} INFO - 0 downstream tasks scheduled from follow-on schedule check
