[2022-02-02 14:40:28,363] {taskinstance.py:1032} INFO - Dependencies all met for <TaskInstance: download_ingest_2_gcs_dag.download_file_url scheduled__2020-02-02T06:00:00+00:00 [queued]>
[2022-02-02 14:40:28,635] {taskinstance.py:1032} INFO - Dependencies all met for <TaskInstance: download_ingest_2_gcs_dag.download_file_url scheduled__2020-02-02T06:00:00+00:00 [queued]>
[2022-02-02 14:40:28,651] {taskinstance.py:1238} INFO - 
--------------------------------------------------------------------------------
[2022-02-02 14:40:28,659] {taskinstance.py:1239} INFO - Starting attempt 1 of 1
[2022-02-02 14:40:28,665] {taskinstance.py:1240} INFO - 
--------------------------------------------------------------------------------
[2022-02-02 14:40:29,285] {taskinstance.py:1259} INFO - Executing <Task(BashOperator): download_file_url> on 2020-02-02 06:00:00+00:00
[2022-02-02 14:40:29,320] {standard_task_runner.py:52} INFO - Started process 31047 to run task
[2022-02-02 14:40:29,402] {standard_task_runner.py:76} INFO - Running: ['***', 'tasks', 'run', 'download_ingest_2_gcs_dag', 'download_file_url', 'scheduled__2020-02-02T06:00:00+00:00', '--job-id', '346', '--raw', '--subdir', 'DAGS_FOLDER/download_ingest_2_gsc_assgnment.py', '--cfg-path', '/tmp/tmp6r2bgh11', '--error-file', '/tmp/tmpd_ch854z']
[2022-02-02 14:40:29,417] {standard_task_runner.py:77} INFO - Job 346: Subtask download_file_url
[2022-02-02 14:40:30,126] {logging_mixin.py:109} INFO - Running <TaskInstance: download_ingest_2_gcs_dag.download_file_url scheduled__2020-02-02T06:00:00+00:00 [running]> on host 3082aca3aebc
[2022-02-02 14:40:30,666] {warnings.py:110} WARNING - /home/***/.local/lib/python3.7/site-packages/***/utils/context.py:152: AirflowContextDeprecationWarning: Accessing 'execution_date' from the template is deprecated and will be removed in a future version. Please use 'data_interval_start' or 'logical_date' instead.
  warnings.warn(_create_deprecation_warning(key, self._deprecation_replacements[key]))

[2022-02-02 14:40:30,822] {taskinstance.py:1426} INFO - Exporting the following env vars:
AIRFLOW_CTX_DAG_OWNER=***
AIRFLOW_CTX_DAG_ID=download_ingest_2_gcs_dag
AIRFLOW_CTX_TASK_ID=download_file_url
AIRFLOW_CTX_EXECUTION_DATE=2020-02-02T06:00:00+00:00
AIRFLOW_CTX_DAG_RUN_ID=scheduled__2020-02-02T06:00:00+00:00
[2022-02-02 14:40:30,829] {subprocess.py:62} INFO - Tmp dir root location: 
 /tmp
[2022-02-02 14:40:30,841] {subprocess.py:74} INFO - Running command: ['bash', '-c', 'curl -sSL https://s3.amazonaws.com/nyc-tlc/trip+data/yellow_tripdata_2020-02.csv > /opt/***/output_2020-02.csv']
[2022-02-02 14:40:30,930] {subprocess.py:85} INFO - Output:
[2022-02-02 14:50:31,298] {subprocess.py:93} INFO - Command exited with return code 0
[2022-02-02 14:50:32,159] {taskinstance.py:1277} INFO - Marking task as SUCCESS. dag_id=download_ingest_2_gcs_dag, task_id=download_file_url, execution_date=20200202T060000, start_date=20220202T144028, end_date=20220202T145032
[2022-02-02 14:50:32,963] {local_task_job.py:154} INFO - Task exited with return code 0
[2022-02-02 14:50:36,247] {dagrun.py:628} WARNING - Failed to get task '<TaskInstance: download_ingest_2_gcs_dag.cleanup_csv scheduled__2020-02-02T06:00:00+00:00 [removed]>' for dag 'download_ingest_2_gcs_dag'. Marking it as removed.
[2022-02-02 14:50:36,850] {local_task_job.py:264} INFO - 0 downstream tasks scheduled from follow-on schedule check
