[2022-02-02 06:16:21,936] {taskinstance.py:1032} INFO - Dependencies all met for <TaskInstance: download_ingest_2_gcs_dag.local_to_gcs_job scheduled__2019-02-02T06:00:00+00:00 [queued]>
[2022-02-02 06:16:21,994] {taskinstance.py:1032} INFO - Dependencies all met for <TaskInstance: download_ingest_2_gcs_dag.local_to_gcs_job scheduled__2019-02-02T06:00:00+00:00 [queued]>
[2022-02-02 06:16:21,996] {taskinstance.py:1238} INFO - 
--------------------------------------------------------------------------------
[2022-02-02 06:16:21,998] {taskinstance.py:1239} INFO - Starting attempt 1 of 1
[2022-02-02 06:16:22,000] {taskinstance.py:1240} INFO - 
--------------------------------------------------------------------------------
[2022-02-02 06:16:22,073] {taskinstance.py:1259} INFO - Executing <Task(PythonOperator): local_to_gcs_job> on 2019-02-02 06:00:00+00:00
[2022-02-02 06:16:22,095] {standard_task_runner.py:52} INFO - Started process 8923 to run task
[2022-02-02 06:16:22,147] {standard_task_runner.py:76} INFO - Running: ['***', 'tasks', 'run', 'download_ingest_2_gcs_dag', 'local_to_gcs_job', 'scheduled__2019-02-02T06:00:00+00:00', '--job-id', '286', '--raw', '--subdir', 'DAGS_FOLDER/download_ingest_2_gsc_assgnment.py', '--cfg-path', '/tmp/tmpao8hdkk3', '--error-file', '/tmp/tmpkw369px3']
[2022-02-02 06:16:22,171] {standard_task_runner.py:77} INFO - Job 286: Subtask local_to_gcs_job
[2022-02-02 06:16:22,511] {logging_mixin.py:109} INFO - Running <TaskInstance: download_ingest_2_gcs_dag.local_to_gcs_job scheduled__2019-02-02T06:00:00+00:00 [running]> on host 3082aca3aebc
[2022-02-02 06:16:22,790] {warnings.py:110} WARNING - /home/***/.local/lib/python3.7/site-packages/***/utils/context.py:152: AirflowContextDeprecationWarning: Accessing 'execution_date' from the template is deprecated and will be removed in a future version. Please use 'data_interval_start' or 'logical_date' instead.
  warnings.warn(_create_deprecation_warning(key, self._deprecation_replacements[key]))

[2022-02-02 06:16:22,892] {taskinstance.py:1426} INFO - Exporting the following env vars:
AIRFLOW_CTX_DAG_OWNER=***
AIRFLOW_CTX_DAG_ID=download_ingest_2_gcs_dag
AIRFLOW_CTX_TASK_ID=local_to_gcs_job
AIRFLOW_CTX_EXECUTION_DATE=2019-02-02T06:00:00+00:00
AIRFLOW_CTX_DAG_RUN_ID=scheduled__2019-02-02T06:00:00+00:00
[2022-02-02 06:16:44,628] {python.py:175} INFO - Done. Returned value was: None
[2022-02-02 06:16:44,756] {taskinstance.py:1277} INFO - Marking task as SUCCESS. dag_id=download_ingest_2_gcs_dag, task_id=local_to_gcs_job, execution_date=20190202T060000, start_date=20220202T061621, end_date=20220202T061644
[2022-02-02 06:16:44,910] {local_task_job.py:154} INFO - Task exited with return code 0
[2022-02-02 06:16:45,092] {local_task_job.py:264} INFO - 1 downstream tasks scheduled from follow-on schedule check
