[2022-02-01 06:28:57,999] {taskinstance.py:1032} INFO - Dependencies all met for <TaskInstance: assignment_data_ingest_gcs_dag.pull_dataset_task scheduled__2019-03-01T00:00:00+00:00 [queued]>
[2022-02-01 06:28:58,056] {taskinstance.py:1032} INFO - Dependencies all met for <TaskInstance: assignment_data_ingest_gcs_dag.pull_dataset_task scheduled__2019-03-01T00:00:00+00:00 [queued]>
[2022-02-01 06:28:58,058] {taskinstance.py:1238} INFO - 
--------------------------------------------------------------------------------
[2022-02-01 06:28:58,060] {taskinstance.py:1239} INFO - Starting attempt 1 of 2
[2022-02-01 06:28:58,062] {taskinstance.py:1240} INFO - 
--------------------------------------------------------------------------------
[2022-02-01 06:28:58,115] {taskinstance.py:1259} INFO - Executing <Task(BashOperator): pull_dataset_task> on 2019-03-01 00:00:00+00:00
[2022-02-01 06:28:58,128] {standard_task_runner.py:52} INFO - Started process 3787 to run task
[2022-02-01 06:28:58,139] {standard_task_runner.py:76} INFO - Running: ['***', 'tasks', 'run', 'assignment_data_ingest_gcs_dag', 'pull_dataset_task', 'scheduled__2019-03-01T00:00:00+00:00', '--job-id', '183', '--raw', '--subdir', 'DAGS_FOLDER/assignment.py', '--cfg-path', '/tmp/tmpwrkvlk02', '--error-file', '/tmp/tmp6yc5kqx3']
[2022-02-01 06:28:58,144] {standard_task_runner.py:77} INFO - Job 183: Subtask pull_dataset_task
[2022-02-01 06:28:58,335] {logging_mixin.py:109} INFO - Running <TaskInstance: assignment_data_ingest_gcs_dag.pull_dataset_task scheduled__2019-03-01T00:00:00+00:00 [running]> on host efbb872c51c9
[2022-02-01 06:28:58,499] {warnings.py:110} WARNING - /home/***/.local/lib/python3.7/site-packages/***/utils/context.py:152: AirflowContextDeprecationWarning: Accessing 'execution_date' from the template is deprecated and will be removed in a future version. Please use 'data_interval_start' or 'logical_date' instead.
  warnings.warn(_create_deprecation_warning(key, self._deprecation_replacements[key]))

[2022-02-01 06:28:58,553] {taskinstance.py:1426} INFO - Exporting the following env vars:
AIRFLOW_CTX_DAG_OWNER=***
AIRFLOW_CTX_DAG_ID=assignment_data_ingest_gcs_dag
AIRFLOW_CTX_TASK_ID=pull_dataset_task
AIRFLOW_CTX_EXECUTION_DATE=2019-03-01T00:00:00+00:00
AIRFLOW_CTX_DAG_RUN_ID=scheduled__2019-03-01T00:00:00+00:00
[2022-02-01 06:28:58,560] {subprocess.py:62} INFO - Tmp dir root location: 
 /tmp
[2022-02-01 06:28:58,566] {subprocess.py:74} INFO - Running command: ['bash', '-c', 'curl -sSL https://s3.amazonaws.com/nyc-tlc/trip+data/yellow_tripdata_2019-03.csv > /opt/***/output_2019-03.csv']
[2022-02-01 06:28:58,590] {subprocess.py:85} INFO - Output:
[2022-02-01 06:29:33,083] {subprocess.py:93} INFO - Command exited with return code 0
[2022-02-01 06:29:33,239] {taskinstance.py:1277} INFO - Marking task as SUCCESS. dag_id=assignment_data_ingest_gcs_dag, task_id=pull_dataset_task, execution_date=20190301T000000, start_date=20220201T062858, end_date=20220201T062933
[2022-02-01 06:29:33,334] {local_task_job.py:154} INFO - Task exited with return code 0
[2022-02-01 06:29:33,429] {local_task_job.py:264} INFO - 0 downstream tasks scheduled from follow-on schedule check
