[2022-02-15 21:58:43,651] {taskinstance.py:1032} INFO - Dependencies all met for <TaskInstance: yellow_taxi_download_csv.download_csv_file_url scheduled__2020-06-02T06:00:00+00:00 [queued]>
[2022-02-15 21:58:43,714] {taskinstance.py:1032} INFO - Dependencies all met for <TaskInstance: yellow_taxi_download_csv.download_csv_file_url scheduled__2020-06-02T06:00:00+00:00 [queued]>
[2022-02-15 21:58:43,716] {taskinstance.py:1238} INFO - 
--------------------------------------------------------------------------------
[2022-02-15 21:58:43,717] {taskinstance.py:1239} INFO - Starting attempt 1 of 1
[2022-02-15 21:58:43,722] {taskinstance.py:1240} INFO - 
--------------------------------------------------------------------------------
[2022-02-15 21:58:43,786] {taskinstance.py:1259} INFO - Executing <Task(BashOperator): download_csv_file_url> on 2020-06-02 06:00:00+00:00
[2022-02-15 21:58:43,808] {standard_task_runner.py:52} INFO - Started process 2508 to run task
[2022-02-15 21:58:43,840] {standard_task_runner.py:76} INFO - Running: ['***', 'tasks', 'run', 'yellow_taxi_download_csv', 'download_csv_file_url', 'scheduled__2020-06-02T06:00:00+00:00', '--job-id', '724', '--raw', '--subdir', 'DAGS_FOLDER/download_upload_yellowtaxi_csv.py', '--cfg-path', '/tmp/tmpkwm_u9vl', '--error-file', '/tmp/tmpn2n0sc4h']
[2022-02-15 21:58:43,848] {standard_task_runner.py:77} INFO - Job 724: Subtask download_csv_file_url
[2022-02-15 21:58:44,128] {logging_mixin.py:109} INFO - Running <TaskInstance: yellow_taxi_download_csv.download_csv_file_url scheduled__2020-06-02T06:00:00+00:00 [running]> on host 29988b24dbed
[2022-02-15 21:58:44,360] {warnings.py:110} WARNING - /home/***/.local/lib/python3.7/site-packages/***/utils/context.py:152: AirflowContextDeprecationWarning: Accessing 'execution_date' from the template is deprecated and will be removed in a future version. Please use 'data_interval_start' or 'logical_date' instead.
  warnings.warn(_create_deprecation_warning(key, self._deprecation_replacements[key]))

[2022-02-15 21:58:44,440] {taskinstance.py:1426} INFO - Exporting the following env vars:
AIRFLOW_CTX_DAG_OWNER=***
AIRFLOW_CTX_DAG_ID=yellow_taxi_download_csv
AIRFLOW_CTX_TASK_ID=download_csv_file_url
AIRFLOW_CTX_EXECUTION_DATE=2020-06-02T06:00:00+00:00
AIRFLOW_CTX_DAG_RUN_ID=scheduled__2020-06-02T06:00:00+00:00
[2022-02-15 21:58:44,448] {subprocess.py:62} INFO - Tmp dir root location: 
 /tmp
[2022-02-15 21:58:44,451] {subprocess.py:74} INFO - Running command: ['bash', '-c', 'curl -sSL https://s3.amazonaws.com/nyc-tlc/trip+data/yellow_tripdata_2020-06.csv > /opt/***/output_2020-06.csv']
[2022-02-15 21:58:44,491] {subprocess.py:85} INFO - Output:
[2022-02-15 21:58:48,393] {subprocess.py:93} INFO - Command exited with return code 0
[2022-02-15 21:58:48,760] {taskinstance.py:1277} INFO - Marking task as SUCCESS. dag_id=yellow_taxi_download_csv, task_id=download_csv_file_url, execution_date=20200602T060000, start_date=20220215T215843, end_date=20220215T215848
[2022-02-15 21:58:49,183] {local_task_job.py:154} INFO - Task exited with return code 0
[2022-02-15 21:58:49,495] {local_task_job.py:264} INFO - 1 downstream tasks scheduled from follow-on schedule check
