[2022-02-02 21:51:45,992] {taskinstance.py:1032} INFO - Dependencies all met for <TaskInstance: fhv_ingest_2_gcs_dag.format_csv_2_parquet_task scheduled__2019-01-02T06:00:00+00:00 [queued]>
[2022-02-02 21:51:46,043] {taskinstance.py:1032} INFO - Dependencies all met for <TaskInstance: fhv_ingest_2_gcs_dag.format_csv_2_parquet_task scheduled__2019-01-02T06:00:00+00:00 [queued]>
[2022-02-02 21:51:46,045] {taskinstance.py:1238} INFO - 
--------------------------------------------------------------------------------
[2022-02-02 21:51:46,046] {taskinstance.py:1239} INFO - Starting attempt 1 of 1
[2022-02-02 21:51:46,048] {taskinstance.py:1240} INFO - 
--------------------------------------------------------------------------------
[2022-02-02 21:51:46,110] {taskinstance.py:1259} INFO - Executing <Task(PythonOperator): format_csv_2_parquet_task> on 2019-01-02 06:00:00+00:00
[2022-02-02 21:51:46,123] {standard_task_runner.py:52} INFO - Started process 1762 to run task
[2022-02-02 21:51:46,133] {standard_task_runner.py:76} INFO - Running: ['***', 'tasks', 'run', 'fhv_ingest_2_gcs_dag', 'format_csv_2_parquet_task', 'scheduled__2019-01-02T06:00:00+00:00', '--job-id', '445', '--raw', '--subdir', 'DAGS_FOLDER/fhv_download_ingest_gcs.py', '--cfg-path', '/tmp/tmpi6w_ua8t', '--error-file', '/tmp/tmpvx_6t68u']
[2022-02-02 21:51:46,136] {standard_task_runner.py:77} INFO - Job 445: Subtask format_csv_2_parquet_task
[2022-02-02 21:51:46,329] {logging_mixin.py:109} INFO - Running <TaskInstance: fhv_ingest_2_gcs_dag.format_csv_2_parquet_task scheduled__2019-01-02T06:00:00+00:00 [running]> on host ee5c3eebd1b1
[2022-02-02 21:51:46,509] {warnings.py:110} WARNING - /home/***/.local/lib/python3.7/site-packages/***/utils/context.py:152: AirflowContextDeprecationWarning: Accessing 'execution_date' from the template is deprecated and will be removed in a future version. Please use 'data_interval_start' or 'logical_date' instead.
  warnings.warn(_create_deprecation_warning(key, self._deprecation_replacements[key]))

[2022-02-02 21:51:46,573] {taskinstance.py:1426} INFO - Exporting the following env vars:
AIRFLOW_CTX_DAG_OWNER=***
AIRFLOW_CTX_DAG_ID=fhv_ingest_2_gcs_dag
AIRFLOW_CTX_TASK_ID=format_csv_2_parquet_task
AIRFLOW_CTX_EXECUTION_DATE=2019-01-02T06:00:00+00:00
AIRFLOW_CTX_DAG_RUN_ID=scheduled__2019-01-02T06:00:00+00:00
[2022-02-02 21:52:36,913] {python.py:175} INFO - Done. Returned value was: None
[2022-02-02 21:52:37,108] {taskinstance.py:1277} INFO - Marking task as SUCCESS. dag_id=fhv_ingest_2_gcs_dag, task_id=format_csv_2_parquet_task, execution_date=20190102T060000, start_date=20220202T215145, end_date=20220202T215237
[2022-02-02 21:52:40,454] {local_task_job.py:212} WARNING - State of this instance has been externally set to success. Terminating instance.
[2022-02-02 21:52:40,498] {process_utils.py:124} INFO - Sending Signals.SIGTERM to group 1762. PIDs of all processes in the group: [1762]
[2022-02-02 21:52:40,506] {process_utils.py:75} INFO - Sending the signal Signals.SIGTERM to group 1762
[2022-02-02 21:52:40,897] {process_utils.py:70} INFO - Process psutil.Process(pid=1762, status='terminated', exitcode=0, started='21:51:45') (1762) terminated with exit code 0
