[2022-02-01 05:17:29,830] {taskinstance.py:1032} INFO - Dependencies all met for <TaskInstance: new_data_ingestion_gcs_dag.format_to_parquet_task scheduled__2022-01-31T00:00:00+00:00 [queued]>
[2022-02-01 05:17:29,878] {taskinstance.py:1032} INFO - Dependencies all met for <TaskInstance: new_data_ingestion_gcs_dag.format_to_parquet_task scheduled__2022-01-31T00:00:00+00:00 [queued]>
[2022-02-01 05:17:29,880] {taskinstance.py:1238} INFO - 
--------------------------------------------------------------------------------
[2022-02-01 05:17:29,881] {taskinstance.py:1239} INFO - Starting attempt 1 of 2
[2022-02-01 05:17:29,883] {taskinstance.py:1240} INFO - 
--------------------------------------------------------------------------------
[2022-02-01 05:17:29,929] {taskinstance.py:1259} INFO - Executing <Task(PythonOperator): format_to_parquet_task> on 2022-01-31 00:00:00+00:00
[2022-02-01 05:17:29,940] {standard_task_runner.py:52} INFO - Started process 282 to run task
[2022-02-01 05:17:29,949] {standard_task_runner.py:76} INFO - Running: ['***', 'tasks', 'run', 'new_data_ingestion_gcs_dag', 'format_to_parquet_task', 'scheduled__2022-01-31T00:00:00+00:00', '--job-id', '171', '--raw', '--subdir', 'DAGS_FOLDER/ingest_parquet_data_gcs.py', '--cfg-path', '/tmp/tmp9_9bk07v', '--error-file', '/tmp/tmpbqm59jt0']
[2022-02-01 05:17:29,952] {standard_task_runner.py:77} INFO - Job 171: Subtask format_to_parquet_task
[2022-02-01 05:17:30,103] {logging_mixin.py:109} INFO - Running <TaskInstance: new_data_ingestion_gcs_dag.format_to_parquet_task scheduled__2022-01-31T00:00:00+00:00 [running]> on host efbb872c51c9
[2022-02-01 05:17:30,294] {taskinstance.py:1426} INFO - Exporting the following env vars:
AIRFLOW_CTX_DAG_OWNER=***
AIRFLOW_CTX_DAG_ID=new_data_ingestion_gcs_dag
AIRFLOW_CTX_TASK_ID=format_to_parquet_task
AIRFLOW_CTX_EXECUTION_DATE=2022-01-31T00:00:00+00:00
AIRFLOW_CTX_DAG_RUN_ID=scheduled__2022-01-31T00:00:00+00:00
[2022-02-01 05:17:36,441] {python.py:175} INFO - Done. Returned value was: None
[2022-02-01 05:17:36,494] {taskinstance.py:1277} INFO - Marking task as SUCCESS. dag_id=new_data_ingestion_gcs_dag, task_id=format_to_parquet_task, execution_date=20220131T000000, start_date=20220201T051729, end_date=20220201T051736
[2022-02-01 05:17:36,651] {local_task_job.py:154} INFO - Task exited with return code 0
[2022-02-01 05:17:36,788] {local_task_job.py:264} INFO - 1 downstream tasks scheduled from follow-on schedule check
