[2022-02-02 06:23:19,579] {taskinstance.py:1032} INFO - Dependencies all met for <TaskInstance: download_ingest_2_gcs_dag.download_file_url scheduled__2019-11-02T06:00:00+00:00 [queued]>
[2022-02-02 06:23:20,002] {taskinstance.py:1032} INFO - Dependencies all met for <TaskInstance: download_ingest_2_gcs_dag.download_file_url scheduled__2019-11-02T06:00:00+00:00 [queued]>
[2022-02-02 06:23:20,006] {taskinstance.py:1238} INFO - 
--------------------------------------------------------------------------------
[2022-02-02 06:23:20,021] {taskinstance.py:1239} INFO - Starting attempt 1 of 1
[2022-02-02 06:23:20,026] {taskinstance.py:1240} INFO - 
--------------------------------------------------------------------------------
[2022-02-02 06:23:20,662] {taskinstance.py:1259} INFO - Executing <Task(BashOperator): download_file_url> on 2019-11-02 06:00:00+00:00
[2022-02-02 06:23:20,906] {standard_task_runner.py:52} INFO - Started process 9434 to run task
[2022-02-02 06:23:21,176] {standard_task_runner.py:76} INFO - Running: ['***', 'tasks', 'run', 'download_ingest_2_gcs_dag', 'download_file_url', 'scheduled__2019-11-02T06:00:00+00:00', '--job-id', '299', '--raw', '--subdir', 'DAGS_FOLDER/download_ingest_2_gsc_assgnment.py', '--cfg-path', '/tmp/tmpxmfx2e_a', '--error-file', '/tmp/tmph8__tvun']
[2022-02-02 06:23:21,259] {standard_task_runner.py:77} INFO - Job 299: Subtask download_file_url
[2022-02-02 06:23:21,972] {logging_mixin.py:109} INFO - Running <TaskInstance: download_ingest_2_gcs_dag.download_file_url scheduled__2019-11-02T06:00:00+00:00 [running]> on host 3082aca3aebc
[2022-02-02 06:23:23,928] {warnings.py:110} WARNING - /home/***/.local/lib/python3.7/site-packages/***/utils/context.py:152: AirflowContextDeprecationWarning: Accessing 'execution_date' from the template is deprecated and will be removed in a future version. Please use 'data_interval_start' or 'logical_date' instead.
  warnings.warn(_create_deprecation_warning(key, self._deprecation_replacements[key]))

[2022-02-02 06:23:24,973] {taskinstance.py:1426} INFO - Exporting the following env vars:
AIRFLOW_CTX_DAG_OWNER=***
AIRFLOW_CTX_DAG_ID=download_ingest_2_gcs_dag
AIRFLOW_CTX_TASK_ID=download_file_url
AIRFLOW_CTX_EXECUTION_DATE=2019-11-02T06:00:00+00:00
AIRFLOW_CTX_DAG_RUN_ID=scheduled__2019-11-02T06:00:00+00:00
[2022-02-02 06:23:25,036] {subprocess.py:62} INFO - Tmp dir root location: 
 /tmp
[2022-02-02 06:23:25,053] {subprocess.py:74} INFO - Running command: ['bash', '-c', 'curl -sSL https://s3.amazonaws.com/nyc-tlc/trip+data/yellow_tripdata_2019-11.csv > /opt/***/output_2019-11.csv']
[2022-02-02 06:23:25,253] {subprocess.py:85} INFO - Output:
[2022-02-02 06:26:52,439] {subprocess.py:93} INFO - Command exited with return code 0
[2022-02-02 06:26:53,318] {taskinstance.py:1277} INFO - Marking task as SUCCESS. dag_id=download_ingest_2_gcs_dag, task_id=download_file_url, execution_date=20191102T060000, start_date=20220202T062319, end_date=20220202T062653
[2022-02-02 06:26:53,957] {local_task_job.py:154} INFO - Task exited with return code 0
[2022-02-02 06:26:55,579] {local_task_job.py:264} INFO - 1 downstream tasks scheduled from follow-on schedule check
