[2022-02-03 00:00:31,291] {processor.py:163} INFO - Started process (PID=15130) to work on /opt/airflow/dags/fhv_download_ingest_gcs.py
[2022-02-03 00:00:31,301] {processor.py:642} INFO - Processing file /opt/airflow/dags/fhv_download_ingest_gcs.py for tasks to queue
[2022-02-03 00:00:31,306] {logging_mixin.py:109} INFO - [2022-02-03 00:00:31,305] {dagbag.py:500} INFO - Filling up the DagBag from /opt/airflow/dags/fhv_download_ingest_gcs.py
[2022-02-03 22:48:51,048] {processor.py:163} INFO - Started process (PID=218) to work on /opt/airflow/dags/fhv_download_ingest_gcs.py
[2022-02-03 22:48:51,058] {processor.py:642} INFO - Processing file /opt/airflow/dags/fhv_download_ingest_gcs.py for tasks to queue
[2022-02-03 22:48:51,066] {logging_mixin.py:109} INFO - [2022-02-03 22:48:51,065] {dagbag.py:500} INFO - Filling up the DagBag from /opt/airflow/dags/fhv_download_ingest_gcs.py
[2022-02-03 22:49:02,982] {processor.py:654} INFO - DAG(s) dict_keys(['fhv_ingest_2_gcs_dag']) retrieved from /opt/airflow/dags/fhv_download_ingest_gcs.py
[2022-02-03 22:49:03,099] {logging_mixin.py:109} INFO - [2022-02-03 22:49:03,097] {dag.py:2396} INFO - Sync 1 DAGs
[2022-02-03 22:49:03,331] {logging_mixin.py:109} INFO - [2022-02-03 22:49:03,325] {dag.py:2935} INFO - Setting next_dagrun for fhv_ingest_2_gcs_dag to None
[2022-02-03 22:49:03,408] {processor.py:171} INFO - Processing /opt/airflow/dags/fhv_download_ingest_gcs.py took 12.372 seconds
[2022-02-03 22:49:33,976] {processor.py:163} INFO - Started process (PID=282) to work on /opt/airflow/dags/fhv_download_ingest_gcs.py
[2022-02-03 22:49:33,981] {processor.py:642} INFO - Processing file /opt/airflow/dags/fhv_download_ingest_gcs.py for tasks to queue
[2022-02-03 22:49:33,985] {logging_mixin.py:109} INFO - [2022-02-03 22:49:33,984] {dagbag.py:500} INFO - Filling up the DagBag from /opt/airflow/dags/fhv_download_ingest_gcs.py
[2022-02-03 22:49:37,467] {processor.py:654} INFO - DAG(s) dict_keys(['fhv_ingest_2_gcs_dag']) retrieved from /opt/airflow/dags/fhv_download_ingest_gcs.py
[2022-02-03 22:49:37,626] {logging_mixin.py:109} INFO - [2022-02-03 22:49:37,625] {dag.py:2396} INFO - Sync 1 DAGs
[2022-02-03 22:49:37,696] {logging_mixin.py:109} INFO - [2022-02-03 22:49:37,696] {dag.py:2935} INFO - Setting next_dagrun for fhv_ingest_2_gcs_dag to None
[2022-02-03 22:49:37,722] {processor.py:171} INFO - Processing /opt/airflow/dags/fhv_download_ingest_gcs.py took 3.754 seconds
[2022-02-03 22:50:07,904] {processor.py:163} INFO - Started process (PID=345) to work on /opt/airflow/dags/fhv_download_ingest_gcs.py
[2022-02-03 22:50:07,909] {processor.py:642} INFO - Processing file /opt/airflow/dags/fhv_download_ingest_gcs.py for tasks to queue
[2022-02-03 22:50:07,912] {logging_mixin.py:109} INFO - [2022-02-03 22:50:07,912] {dagbag.py:500} INFO - Filling up the DagBag from /opt/airflow/dags/fhv_download_ingest_gcs.py
[2022-02-03 22:50:10,909] {processor.py:654} INFO - DAG(s) dict_keys(['fhv_ingest_2_gcs_dag']) retrieved from /opt/airflow/dags/fhv_download_ingest_gcs.py
[2022-02-03 22:50:11,050] {logging_mixin.py:109} INFO - [2022-02-03 22:50:11,049] {dag.py:2396} INFO - Sync 1 DAGs
[2022-02-03 22:50:11,105] {logging_mixin.py:109} INFO - [2022-02-03 22:50:11,104] {dag.py:2935} INFO - Setting next_dagrun for fhv_ingest_2_gcs_dag to None
[2022-02-03 22:50:11,125] {processor.py:171} INFO - Processing /opt/airflow/dags/fhv_download_ingest_gcs.py took 3.230 seconds
[2022-02-03 22:50:41,473] {processor.py:163} INFO - Started process (PID=410) to work on /opt/airflow/dags/fhv_download_ingest_gcs.py
[2022-02-03 22:50:41,490] {processor.py:642} INFO - Processing file /opt/airflow/dags/fhv_download_ingest_gcs.py for tasks to queue
[2022-02-03 22:50:41,494] {logging_mixin.py:109} INFO - [2022-02-03 22:50:41,493] {dagbag.py:500} INFO - Filling up the DagBag from /opt/airflow/dags/fhv_download_ingest_gcs.py
[2022-02-03 22:50:45,343] {processor.py:654} INFO - DAG(s) dict_keys(['fhv_ingest_2_gcs_dag']) retrieved from /opt/airflow/dags/fhv_download_ingest_gcs.py
[2022-02-03 22:50:45,526] {logging_mixin.py:109} INFO - [2022-02-03 22:50:45,525] {dag.py:2396} INFO - Sync 1 DAGs
[2022-02-03 22:50:45,603] {logging_mixin.py:109} INFO - [2022-02-03 22:50:45,602] {dag.py:2935} INFO - Setting next_dagrun for fhv_ingest_2_gcs_dag to None
[2022-02-03 22:50:45,629] {processor.py:171} INFO - Processing /opt/airflow/dags/fhv_download_ingest_gcs.py took 4.164 seconds
[2022-02-03 22:51:15,896] {processor.py:163} INFO - Started process (PID=475) to work on /opt/airflow/dags/fhv_download_ingest_gcs.py
[2022-02-03 22:51:15,910] {processor.py:642} INFO - Processing file /opt/airflow/dags/fhv_download_ingest_gcs.py for tasks to queue
[2022-02-03 22:51:15,914] {logging_mixin.py:109} INFO - [2022-02-03 22:51:15,914] {dagbag.py:500} INFO - Filling up the DagBag from /opt/airflow/dags/fhv_download_ingest_gcs.py
[2022-02-03 22:51:19,288] {processor.py:654} INFO - DAG(s) dict_keys(['fhv_ingest_2_gcs_dag']) retrieved from /opt/airflow/dags/fhv_download_ingest_gcs.py
[2022-02-03 22:51:19,442] {logging_mixin.py:109} INFO - [2022-02-03 22:51:19,441] {dag.py:2396} INFO - Sync 1 DAGs
[2022-02-03 22:51:19,507] {logging_mixin.py:109} INFO - [2022-02-03 22:51:19,506] {dag.py:2935} INFO - Setting next_dagrun for fhv_ingest_2_gcs_dag to None
[2022-02-03 22:51:19,530] {processor.py:171} INFO - Processing /opt/airflow/dags/fhv_download_ingest_gcs.py took 3.642 seconds
[2022-02-03 22:51:49,655] {processor.py:163} INFO - Started process (PID=521) to work on /opt/airflow/dags/fhv_download_ingest_gcs.py
[2022-02-03 22:51:49,659] {processor.py:642} INFO - Processing file /opt/airflow/dags/fhv_download_ingest_gcs.py for tasks to queue
[2022-02-03 22:51:49,661] {logging_mixin.py:109} INFO - [2022-02-03 22:51:49,661] {dagbag.py:500} INFO - Filling up the DagBag from /opt/airflow/dags/fhv_download_ingest_gcs.py
[2022-02-03 22:51:52,480] {processor.py:654} INFO - DAG(s) dict_keys(['fhv_ingest_2_gcs_dag']) retrieved from /opt/airflow/dags/fhv_download_ingest_gcs.py
[2022-02-03 22:51:52,632] {logging_mixin.py:109} INFO - [2022-02-03 22:51:52,631] {dag.py:2396} INFO - Sync 1 DAGs
[2022-02-03 22:51:52,687] {logging_mixin.py:109} INFO - [2022-02-03 22:51:52,687] {dag.py:2935} INFO - Setting next_dagrun for fhv_ingest_2_gcs_dag to None
[2022-02-03 22:51:52,707] {processor.py:171} INFO - Processing /opt/airflow/dags/fhv_download_ingest_gcs.py took 3.058 seconds
[2022-02-03 22:52:23,145] {processor.py:163} INFO - Started process (PID=585) to work on /opt/airflow/dags/fhv_download_ingest_gcs.py
[2022-02-03 22:52:23,151] {processor.py:642} INFO - Processing file /opt/airflow/dags/fhv_download_ingest_gcs.py for tasks to queue
[2022-02-03 22:52:23,155] {logging_mixin.py:109} INFO - [2022-02-03 22:52:23,154] {dagbag.py:500} INFO - Filling up the DagBag from /opt/airflow/dags/fhv_download_ingest_gcs.py
[2022-02-03 22:52:27,266] {processor.py:654} INFO - DAG(s) dict_keys(['fhv_ingest_2_gcs_dag']) retrieved from /opt/airflow/dags/fhv_download_ingest_gcs.py
[2022-02-03 22:52:27,306] {logging_mixin.py:109} INFO - [2022-02-03 22:52:27,305] {dag.py:2396} INFO - Sync 1 DAGs
[2022-02-03 22:52:27,374] {logging_mixin.py:109} INFO - [2022-02-03 22:52:27,373] {dag.py:2935} INFO - Setting next_dagrun for fhv_ingest_2_gcs_dag to None
[2022-02-03 22:52:27,399] {processor.py:171} INFO - Processing /opt/airflow/dags/fhv_download_ingest_gcs.py took 4.260 seconds
[2022-02-03 22:52:57,989] {processor.py:163} INFO - Started process (PID=648) to work on /opt/airflow/dags/fhv_download_ingest_gcs.py
[2022-02-03 22:52:57,994] {processor.py:642} INFO - Processing file /opt/airflow/dags/fhv_download_ingest_gcs.py for tasks to queue
[2022-02-03 22:52:57,998] {logging_mixin.py:109} INFO - [2022-02-03 22:52:57,997] {dagbag.py:500} INFO - Filling up the DagBag from /opt/airflow/dags/fhv_download_ingest_gcs.py
[2022-02-03 22:53:02,075] {processor.py:654} INFO - DAG(s) dict_keys(['fhv_ingest_2_gcs_dag']) retrieved from /opt/airflow/dags/fhv_download_ingest_gcs.py
[2022-02-03 22:53:02,117] {logging_mixin.py:109} INFO - [2022-02-03 22:53:02,116] {dag.py:2396} INFO - Sync 1 DAGs
[2022-02-03 22:53:02,186] {logging_mixin.py:109} INFO - [2022-02-03 22:53:02,186] {dag.py:2935} INFO - Setting next_dagrun for fhv_ingest_2_gcs_dag to None
[2022-02-03 22:53:02,212] {processor.py:171} INFO - Processing /opt/airflow/dags/fhv_download_ingest_gcs.py took 4.230 seconds
[2022-02-03 22:53:33,160] {processor.py:163} INFO - Started process (PID=696) to work on /opt/airflow/dags/fhv_download_ingest_gcs.py
[2022-02-03 22:53:33,166] {processor.py:642} INFO - Processing file /opt/airflow/dags/fhv_download_ingest_gcs.py for tasks to queue
[2022-02-03 22:53:33,169] {logging_mixin.py:109} INFO - [2022-02-03 22:53:33,168] {dagbag.py:500} INFO - Filling up the DagBag from /opt/airflow/dags/fhv_download_ingest_gcs.py
[2022-02-03 22:53:36,429] {processor.py:654} INFO - DAG(s) dict_keys(['fhv_ingest_2_gcs_dag']) retrieved from /opt/airflow/dags/fhv_download_ingest_gcs.py
[2022-02-03 22:53:36,474] {logging_mixin.py:109} INFO - [2022-02-03 22:53:36,472] {dag.py:2396} INFO - Sync 1 DAGs
[2022-02-03 22:53:36,550] {logging_mixin.py:109} INFO - [2022-02-03 22:53:36,549] {dag.py:2935} INFO - Setting next_dagrun for fhv_ingest_2_gcs_dag to None
[2022-02-03 22:53:36,577] {processor.py:171} INFO - Processing /opt/airflow/dags/fhv_download_ingest_gcs.py took 3.424 seconds
[2022-02-03 22:54:07,195] {processor.py:163} INFO - Started process (PID=762) to work on /opt/airflow/dags/fhv_download_ingest_gcs.py
[2022-02-03 22:54:07,200] {processor.py:642} INFO - Processing file /opt/airflow/dags/fhv_download_ingest_gcs.py for tasks to queue
[2022-02-03 22:54:07,204] {logging_mixin.py:109} INFO - [2022-02-03 22:54:07,204] {dagbag.py:500} INFO - Filling up the DagBag from /opt/airflow/dags/fhv_download_ingest_gcs.py
[2022-02-03 22:54:10,228] {processor.py:654} INFO - DAG(s) dict_keys(['fhv_ingest_2_gcs_dag']) retrieved from /opt/airflow/dags/fhv_download_ingest_gcs.py
[2022-02-03 22:54:10,272] {logging_mixin.py:109} INFO - [2022-02-03 22:54:10,270] {dag.py:2396} INFO - Sync 1 DAGs
[2022-02-03 22:54:10,335] {logging_mixin.py:109} INFO - [2022-02-03 22:54:10,334] {dag.py:2935} INFO - Setting next_dagrun for fhv_ingest_2_gcs_dag to None
[2022-02-03 22:54:10,359] {processor.py:171} INFO - Processing /opt/airflow/dags/fhv_download_ingest_gcs.py took 3.174 seconds
[2022-02-03 22:54:40,868] {processor.py:163} INFO - Started process (PID=833) to work on /opt/airflow/dags/fhv_download_ingest_gcs.py
[2022-02-03 22:54:40,874] {processor.py:642} INFO - Processing file /opt/airflow/dags/fhv_download_ingest_gcs.py for tasks to queue
[2022-02-03 22:54:40,877] {logging_mixin.py:109} INFO - [2022-02-03 22:54:40,877] {dagbag.py:500} INFO - Filling up the DagBag from /opt/airflow/dags/fhv_download_ingest_gcs.py
[2022-02-03 22:54:44,584] {processor.py:654} INFO - DAG(s) dict_keys(['fhv_ingest_2_gcs_dag']) retrieved from /opt/airflow/dags/fhv_download_ingest_gcs.py
[2022-02-03 22:54:44,626] {logging_mixin.py:109} INFO - [2022-02-03 22:54:44,624] {dag.py:2396} INFO - Sync 1 DAGs
[2022-02-03 22:54:44,694] {logging_mixin.py:109} INFO - [2022-02-03 22:54:44,693] {dag.py:2935} INFO - Setting next_dagrun for fhv_ingest_2_gcs_dag to None
[2022-02-03 22:54:44,722] {processor.py:171} INFO - Processing /opt/airflow/dags/fhv_download_ingest_gcs.py took 3.862 seconds
[2022-02-03 22:55:14,977] {processor.py:163} INFO - Started process (PID=891) to work on /opt/airflow/dags/fhv_download_ingest_gcs.py
[2022-02-03 22:55:14,986] {processor.py:642} INFO - Processing file /opt/airflow/dags/fhv_download_ingest_gcs.py for tasks to queue
[2022-02-03 22:55:14,994] {logging_mixin.py:109} INFO - [2022-02-03 22:55:14,993] {dagbag.py:500} INFO - Filling up the DagBag from /opt/airflow/dags/fhv_download_ingest_gcs.py
[2022-02-03 22:55:18,848] {processor.py:654} INFO - DAG(s) dict_keys(['fhv_ingest_2_gcs_dag']) retrieved from /opt/airflow/dags/fhv_download_ingest_gcs.py
[2022-02-03 22:55:18,888] {logging_mixin.py:109} INFO - [2022-02-03 22:55:18,887] {dag.py:2396} INFO - Sync 1 DAGs
[2022-02-03 22:55:18,957] {logging_mixin.py:109} INFO - [2022-02-03 22:55:18,957] {dag.py:2935} INFO - Setting next_dagrun for fhv_ingest_2_gcs_dag to None
[2022-02-03 22:55:18,982] {processor.py:171} INFO - Processing /opt/airflow/dags/fhv_download_ingest_gcs.py took 4.017 seconds
[2022-02-03 22:55:49,852] {processor.py:163} INFO - Started process (PID=944) to work on /opt/airflow/dags/fhv_download_ingest_gcs.py
[2022-02-03 22:55:49,857] {processor.py:642} INFO - Processing file /opt/airflow/dags/fhv_download_ingest_gcs.py for tasks to queue
[2022-02-03 22:55:49,859] {logging_mixin.py:109} INFO - [2022-02-03 22:55:49,859] {dagbag.py:500} INFO - Filling up the DagBag from /opt/airflow/dags/fhv_download_ingest_gcs.py
[2022-02-03 22:55:52,558] {processor.py:654} INFO - DAG(s) dict_keys(['fhv_ingest_2_gcs_dag']) retrieved from /opt/airflow/dags/fhv_download_ingest_gcs.py
[2022-02-03 22:55:52,588] {logging_mixin.py:109} INFO - [2022-02-03 22:55:52,588] {dag.py:2396} INFO - Sync 1 DAGs
[2022-02-03 22:55:52,641] {logging_mixin.py:109} INFO - [2022-02-03 22:55:52,641] {dag.py:2935} INFO - Setting next_dagrun for fhv_ingest_2_gcs_dag to None
[2022-02-03 22:55:52,662] {processor.py:171} INFO - Processing /opt/airflow/dags/fhv_download_ingest_gcs.py took 2.817 seconds
[2022-02-03 22:56:22,774] {processor.py:163} INFO - Started process (PID=1007) to work on /opt/airflow/dags/fhv_download_ingest_gcs.py
[2022-02-03 22:56:22,779] {processor.py:642} INFO - Processing file /opt/airflow/dags/fhv_download_ingest_gcs.py for tasks to queue
[2022-02-03 22:56:22,783] {logging_mixin.py:109} INFO - [2022-02-03 22:56:22,782] {dagbag.py:500} INFO - Filling up the DagBag from /opt/airflow/dags/fhv_download_ingest_gcs.py
[2022-02-03 22:56:26,662] {processor.py:654} INFO - DAG(s) dict_keys(['fhv_ingest_2_gcs_dag']) retrieved from /opt/airflow/dags/fhv_download_ingest_gcs.py
[2022-02-03 22:56:26,706] {logging_mixin.py:109} INFO - [2022-02-03 22:56:26,705] {dag.py:2396} INFO - Sync 1 DAGs
[2022-02-03 22:56:26,788] {logging_mixin.py:109} INFO - [2022-02-03 22:56:26,787] {dag.py:2935} INFO - Setting next_dagrun for fhv_ingest_2_gcs_dag to None
[2022-02-03 22:56:26,820] {processor.py:171} INFO - Processing /opt/airflow/dags/fhv_download_ingest_gcs.py took 4.054 seconds
[2022-02-03 22:56:57,003] {processor.py:163} INFO - Started process (PID=1069) to work on /opt/airflow/dags/fhv_download_ingest_gcs.py
[2022-02-03 22:56:57,008] {processor.py:642} INFO - Processing file /opt/airflow/dags/fhv_download_ingest_gcs.py for tasks to queue
[2022-02-03 22:56:57,012] {logging_mixin.py:109} INFO - [2022-02-03 22:56:57,011] {dagbag.py:500} INFO - Filling up the DagBag from /opt/airflow/dags/fhv_download_ingest_gcs.py
[2022-02-03 22:57:01,013] {processor.py:654} INFO - DAG(s) dict_keys(['fhv_ingest_2_gcs_dag']) retrieved from /opt/airflow/dags/fhv_download_ingest_gcs.py
[2022-02-03 22:57:01,053] {logging_mixin.py:109} INFO - [2022-02-03 22:57:01,052] {dag.py:2396} INFO - Sync 1 DAGs
[2022-02-03 22:57:01,123] {logging_mixin.py:109} INFO - [2022-02-03 22:57:01,122] {dag.py:2935} INFO - Setting next_dagrun for fhv_ingest_2_gcs_dag to None
[2022-02-03 22:57:01,147] {processor.py:171} INFO - Processing /opt/airflow/dags/fhv_download_ingest_gcs.py took 4.161 seconds
[2022-02-03 22:57:31,517] {processor.py:163} INFO - Started process (PID=1115) to work on /opt/airflow/dags/fhv_download_ingest_gcs.py
[2022-02-03 22:57:31,522] {processor.py:642} INFO - Processing file /opt/airflow/dags/fhv_download_ingest_gcs.py for tasks to queue
[2022-02-03 22:57:31,525] {logging_mixin.py:109} INFO - [2022-02-03 22:57:31,525] {dagbag.py:500} INFO - Filling up the DagBag from /opt/airflow/dags/fhv_download_ingest_gcs.py
[2022-02-03 22:57:34,421] {processor.py:654} INFO - DAG(s) dict_keys(['fhv_ingest_2_gcs_dag']) retrieved from /opt/airflow/dags/fhv_download_ingest_gcs.py
[2022-02-03 22:57:34,460] {logging_mixin.py:109} INFO - [2022-02-03 22:57:34,459] {dag.py:2396} INFO - Sync 1 DAGs
[2022-02-03 22:57:34,529] {logging_mixin.py:109} INFO - [2022-02-03 22:57:34,529] {dag.py:2935} INFO - Setting next_dagrun for fhv_ingest_2_gcs_dag to None
[2022-02-03 22:57:34,548] {processor.py:171} INFO - Processing /opt/airflow/dags/fhv_download_ingest_gcs.py took 3.038 seconds
[2022-02-03 22:58:05,502] {processor.py:163} INFO - Started process (PID=1178) to work on /opt/airflow/dags/fhv_download_ingest_gcs.py
[2022-02-03 22:58:05,506] {processor.py:642} INFO - Processing file /opt/airflow/dags/fhv_download_ingest_gcs.py for tasks to queue
[2022-02-03 22:58:05,509] {logging_mixin.py:109} INFO - [2022-02-03 22:58:05,509] {dagbag.py:500} INFO - Filling up the DagBag from /opt/airflow/dags/fhv_download_ingest_gcs.py
[2022-02-03 22:58:09,026] {processor.py:654} INFO - DAG(s) dict_keys(['fhv_ingest_2_gcs_dag']) retrieved from /opt/airflow/dags/fhv_download_ingest_gcs.py
[2022-02-03 22:58:09,074] {logging_mixin.py:109} INFO - [2022-02-03 22:58:09,073] {dag.py:2396} INFO - Sync 1 DAGs
[2022-02-03 22:58:09,142] {logging_mixin.py:109} INFO - [2022-02-03 22:58:09,142] {dag.py:2935} INFO - Setting next_dagrun for fhv_ingest_2_gcs_dag to None
[2022-02-03 22:58:09,163] {processor.py:171} INFO - Processing /opt/airflow/dags/fhv_download_ingest_gcs.py took 3.670 seconds
[2022-02-03 22:58:40,570] {processor.py:163} INFO - Started process (PID=1242) to work on /opt/airflow/dags/fhv_download_ingest_gcs.py
[2022-02-03 22:58:40,575] {processor.py:642} INFO - Processing file /opt/airflow/dags/fhv_download_ingest_gcs.py for tasks to queue
[2022-02-03 22:58:40,579] {logging_mixin.py:109} INFO - [2022-02-03 22:58:40,578] {dagbag.py:500} INFO - Filling up the DagBag from /opt/airflow/dags/fhv_download_ingest_gcs.py
[2022-02-03 22:58:44,519] {processor.py:654} INFO - DAG(s) dict_keys(['fhv_ingest_2_gcs_dag']) retrieved from /opt/airflow/dags/fhv_download_ingest_gcs.py
[2022-02-03 22:58:44,570] {logging_mixin.py:109} INFO - [2022-02-03 22:58:44,568] {dag.py:2396} INFO - Sync 1 DAGs
[2022-02-03 22:58:44,668] {logging_mixin.py:109} INFO - [2022-02-03 22:58:44,667] {dag.py:2935} INFO - Setting next_dagrun for fhv_ingest_2_gcs_dag to None
[2022-02-03 22:58:44,705] {processor.py:171} INFO - Processing /opt/airflow/dags/fhv_download_ingest_gcs.py took 4.143 seconds
[2022-02-03 22:59:15,197] {processor.py:163} INFO - Started process (PID=1299) to work on /opt/airflow/dags/fhv_download_ingest_gcs.py
[2022-02-03 22:59:15,203] {processor.py:642} INFO - Processing file /opt/airflow/dags/fhv_download_ingest_gcs.py for tasks to queue
[2022-02-03 22:59:15,207] {logging_mixin.py:109} INFO - [2022-02-03 22:59:15,207] {dagbag.py:500} INFO - Filling up the DagBag from /opt/airflow/dags/fhv_download_ingest_gcs.py
[2022-02-03 22:59:19,162] {processor.py:654} INFO - DAG(s) dict_keys(['fhv_ingest_2_gcs_dag']) retrieved from /opt/airflow/dags/fhv_download_ingest_gcs.py
[2022-02-03 22:59:19,203] {logging_mixin.py:109} INFO - [2022-02-03 22:59:19,201] {dag.py:2396} INFO - Sync 1 DAGs
[2022-02-03 22:59:19,271] {logging_mixin.py:109} INFO - [2022-02-03 22:59:19,270] {dag.py:2935} INFO - Setting next_dagrun for fhv_ingest_2_gcs_dag to None
[2022-02-03 22:59:19,298] {processor.py:171} INFO - Processing /opt/airflow/dags/fhv_download_ingest_gcs.py took 4.109 seconds
[2022-02-03 22:59:49,577] {processor.py:163} INFO - Started process (PID=1353) to work on /opt/airflow/dags/fhv_download_ingest_gcs.py
[2022-02-03 22:59:49,583] {processor.py:642} INFO - Processing file /opt/airflow/dags/fhv_download_ingest_gcs.py for tasks to queue
[2022-02-03 22:59:49,586] {logging_mixin.py:109} INFO - [2022-02-03 22:59:49,585] {dagbag.py:500} INFO - Filling up the DagBag from /opt/airflow/dags/fhv_download_ingest_gcs.py
[2022-02-03 22:59:52,583] {processor.py:654} INFO - DAG(s) dict_keys(['fhv_ingest_2_gcs_dag']) retrieved from /opt/airflow/dags/fhv_download_ingest_gcs.py
[2022-02-03 22:59:52,617] {logging_mixin.py:109} INFO - [2022-02-03 22:59:52,616] {dag.py:2396} INFO - Sync 1 DAGs
[2022-02-03 22:59:52,668] {logging_mixin.py:109} INFO - [2022-02-03 22:59:52,668] {dag.py:2935} INFO - Setting next_dagrun for fhv_ingest_2_gcs_dag to None
[2022-02-03 22:59:52,691] {processor.py:171} INFO - Processing /opt/airflow/dags/fhv_download_ingest_gcs.py took 3.120 seconds
[2022-02-03 23:00:22,895] {processor.py:163} INFO - Started process (PID=1412) to work on /opt/airflow/dags/fhv_download_ingest_gcs.py
[2022-02-03 23:00:22,905] {processor.py:642} INFO - Processing file /opt/airflow/dags/fhv_download_ingest_gcs.py for tasks to queue
[2022-02-03 23:00:22,908] {logging_mixin.py:109} INFO - [2022-02-03 23:00:22,908] {dagbag.py:500} INFO - Filling up the DagBag from /opt/airflow/dags/fhv_download_ingest_gcs.py
[2022-02-03 23:00:27,174] {processor.py:654} INFO - DAG(s) dict_keys(['fhv_ingest_2_gcs_dag']) retrieved from /opt/airflow/dags/fhv_download_ingest_gcs.py
[2022-02-03 23:00:27,215] {logging_mixin.py:109} INFO - [2022-02-03 23:00:27,213] {dag.py:2396} INFO - Sync 1 DAGs
[2022-02-03 23:00:27,282] {logging_mixin.py:109} INFO - [2022-02-03 23:00:27,281] {dag.py:2935} INFO - Setting next_dagrun for fhv_ingest_2_gcs_dag to None
[2022-02-03 23:00:27,307] {processor.py:171} INFO - Processing /opt/airflow/dags/fhv_download_ingest_gcs.py took 4.419 seconds
[2022-02-03 23:00:57,935] {processor.py:163} INFO - Started process (PID=1483) to work on /opt/airflow/dags/fhv_download_ingest_gcs.py
[2022-02-03 23:00:57,940] {processor.py:642} INFO - Processing file /opt/airflow/dags/fhv_download_ingest_gcs.py for tasks to queue
[2022-02-03 23:00:57,943] {logging_mixin.py:109} INFO - [2022-02-03 23:00:57,943] {dagbag.py:500} INFO - Filling up the DagBag from /opt/airflow/dags/fhv_download_ingest_gcs.py
[2022-02-03 23:01:01,950] {processor.py:654} INFO - DAG(s) dict_keys(['fhv_ingest_2_gcs_dag']) retrieved from /opt/airflow/dags/fhv_download_ingest_gcs.py
[2022-02-03 23:01:01,989] {logging_mixin.py:109} INFO - [2022-02-03 23:01:01,987] {dag.py:2396} INFO - Sync 1 DAGs
[2022-02-03 23:01:02,055] {logging_mixin.py:109} INFO - [2022-02-03 23:01:02,054] {dag.py:2935} INFO - Setting next_dagrun for fhv_ingest_2_gcs_dag to None
[2022-02-03 23:01:02,080] {processor.py:171} INFO - Processing /opt/airflow/dags/fhv_download_ingest_gcs.py took 4.153 seconds
[2022-02-03 23:01:32,584] {processor.py:163} INFO - Started process (PID=1529) to work on /opt/airflow/dags/fhv_download_ingest_gcs.py
[2022-02-03 23:01:32,589] {processor.py:642} INFO - Processing file /opt/airflow/dags/fhv_download_ingest_gcs.py for tasks to queue
[2022-02-03 23:01:32,592] {logging_mixin.py:109} INFO - [2022-02-03 23:01:32,591] {dagbag.py:500} INFO - Filling up the DagBag from /opt/airflow/dags/fhv_download_ingest_gcs.py
[2022-02-03 23:01:35,657] {processor.py:654} INFO - DAG(s) dict_keys(['fhv_ingest_2_gcs_dag']) retrieved from /opt/airflow/dags/fhv_download_ingest_gcs.py
[2022-02-03 23:01:35,705] {logging_mixin.py:109} INFO - [2022-02-03 23:01:35,703] {dag.py:2396} INFO - Sync 1 DAGs
[2022-02-03 23:01:35,777] {logging_mixin.py:109} INFO - [2022-02-03 23:01:35,777] {dag.py:2935} INFO - Setting next_dagrun for fhv_ingest_2_gcs_dag to None
[2022-02-03 23:01:35,803] {processor.py:171} INFO - Processing /opt/airflow/dags/fhv_download_ingest_gcs.py took 3.226 seconds
[2022-02-03 23:02:06,280] {processor.py:163} INFO - Started process (PID=1596) to work on /opt/airflow/dags/fhv_download_ingest_gcs.py
[2022-02-03 23:02:06,286] {processor.py:642} INFO - Processing file /opt/airflow/dags/fhv_download_ingest_gcs.py for tasks to queue
[2022-02-03 23:02:06,290] {logging_mixin.py:109} INFO - [2022-02-03 23:02:06,289] {dagbag.py:500} INFO - Filling up the DagBag from /opt/airflow/dags/fhv_download_ingest_gcs.py
[2022-02-03 23:02:09,638] {processor.py:654} INFO - DAG(s) dict_keys(['fhv_ingest_2_gcs_dag']) retrieved from /opt/airflow/dags/fhv_download_ingest_gcs.py
[2022-02-03 23:02:09,669] {logging_mixin.py:109} INFO - [2022-02-03 23:02:09,668] {dag.py:2396} INFO - Sync 1 DAGs
[2022-02-03 23:02:09,720] {logging_mixin.py:109} INFO - [2022-02-03 23:02:09,719] {dag.py:2935} INFO - Setting next_dagrun for fhv_ingest_2_gcs_dag to None
[2022-02-03 23:02:09,738] {processor.py:171} INFO - Processing /opt/airflow/dags/fhv_download_ingest_gcs.py took 3.467 seconds
[2022-02-03 23:02:40,142] {processor.py:163} INFO - Started process (PID=1664) to work on /opt/airflow/dags/fhv_download_ingest_gcs.py
[2022-02-03 23:02:40,148] {processor.py:642} INFO - Processing file /opt/airflow/dags/fhv_download_ingest_gcs.py for tasks to queue
[2022-02-03 23:02:40,153] {logging_mixin.py:109} INFO - [2022-02-03 23:02:40,153] {dagbag.py:500} INFO - Filling up the DagBag from /opt/airflow/dags/fhv_download_ingest_gcs.py
[2022-02-03 23:02:43,908] {processor.py:654} INFO - DAG(s) dict_keys(['fhv_ingest_2_gcs_dag']) retrieved from /opt/airflow/dags/fhv_download_ingest_gcs.py
[2022-02-03 23:02:43,949] {logging_mixin.py:109} INFO - [2022-02-03 23:02:43,948] {dag.py:2396} INFO - Sync 1 DAGs
[2022-02-03 23:02:44,018] {logging_mixin.py:109} INFO - [2022-02-03 23:02:44,018] {dag.py:2935} INFO - Setting next_dagrun for fhv_ingest_2_gcs_dag to None
[2022-02-03 23:02:44,049] {processor.py:171} INFO - Processing /opt/airflow/dags/fhv_download_ingest_gcs.py took 3.914 seconds
[2022-02-03 23:03:14,603] {processor.py:163} INFO - Started process (PID=1714) to work on /opt/airflow/dags/fhv_download_ingest_gcs.py
[2022-02-03 23:03:14,608] {processor.py:642} INFO - Processing file /opt/airflow/dags/fhv_download_ingest_gcs.py for tasks to queue
[2022-02-03 23:03:14,611] {logging_mixin.py:109} INFO - [2022-02-03 23:03:14,611] {dagbag.py:500} INFO - Filling up the DagBag from /opt/airflow/dags/fhv_download_ingest_gcs.py
[2022-02-03 23:03:18,342] {processor.py:654} INFO - DAG(s) dict_keys(['fhv_ingest_2_gcs_dag']) retrieved from /opt/airflow/dags/fhv_download_ingest_gcs.py
[2022-02-03 23:03:18,382] {logging_mixin.py:109} INFO - [2022-02-03 23:03:18,381] {dag.py:2396} INFO - Sync 1 DAGs
[2022-02-03 23:03:18,452] {logging_mixin.py:109} INFO - [2022-02-03 23:03:18,452] {dag.py:2935} INFO - Setting next_dagrun for fhv_ingest_2_gcs_dag to None
[2022-02-03 23:03:18,506] {processor.py:171} INFO - Processing /opt/airflow/dags/fhv_download_ingest_gcs.py took 3.909 seconds
[2022-02-03 23:03:49,117] {processor.py:163} INFO - Started process (PID=1777) to work on /opt/airflow/dags/fhv_download_ingest_gcs.py
[2022-02-03 23:03:49,122] {processor.py:642} INFO - Processing file /opt/airflow/dags/fhv_download_ingest_gcs.py for tasks to queue
[2022-02-03 23:03:49,125] {logging_mixin.py:109} INFO - [2022-02-03 23:03:49,125] {dagbag.py:500} INFO - Filling up the DagBag from /opt/airflow/dags/fhv_download_ingest_gcs.py
[2022-02-03 23:03:51,916] {processor.py:654} INFO - DAG(s) dict_keys(['fhv_ingest_2_gcs_dag']) retrieved from /opt/airflow/dags/fhv_download_ingest_gcs.py
[2022-02-03 23:03:51,946] {logging_mixin.py:109} INFO - [2022-02-03 23:03:51,945] {dag.py:2396} INFO - Sync 1 DAGs
[2022-02-03 23:03:51,997] {logging_mixin.py:109} INFO - [2022-02-03 23:03:51,997] {dag.py:2935} INFO - Setting next_dagrun for fhv_ingest_2_gcs_dag to None
[2022-02-03 23:03:52,019] {processor.py:171} INFO - Processing /opt/airflow/dags/fhv_download_ingest_gcs.py took 2.907 seconds
[2022-02-03 23:04:22,811] {processor.py:163} INFO - Started process (PID=1842) to work on /opt/airflow/dags/fhv_download_ingest_gcs.py
[2022-02-03 23:04:22,817] {processor.py:642} INFO - Processing file /opt/airflow/dags/fhv_download_ingest_gcs.py for tasks to queue
[2022-02-03 23:04:22,820] {logging_mixin.py:109} INFO - [2022-02-03 23:04:22,820] {dagbag.py:500} INFO - Filling up the DagBag from /opt/airflow/dags/fhv_download_ingest_gcs.py
[2022-02-03 23:04:27,016] {processor.py:654} INFO - DAG(s) dict_keys(['fhv_ingest_2_gcs_dag']) retrieved from /opt/airflow/dags/fhv_download_ingest_gcs.py
[2022-02-03 23:04:27,063] {logging_mixin.py:109} INFO - [2022-02-03 23:04:27,061] {dag.py:2396} INFO - Sync 1 DAGs
[2022-02-03 23:04:27,162] {logging_mixin.py:109} INFO - [2022-02-03 23:04:27,162] {dag.py:2935} INFO - Setting next_dagrun for fhv_ingest_2_gcs_dag to None
[2022-02-03 23:04:27,196] {processor.py:171} INFO - Processing /opt/airflow/dags/fhv_download_ingest_gcs.py took 4.392 seconds
[2022-02-03 23:04:57,342] {processor.py:163} INFO - Started process (PID=1912) to work on /opt/airflow/dags/fhv_download_ingest_gcs.py
[2022-02-03 23:04:57,354] {processor.py:642} INFO - Processing file /opt/airflow/dags/fhv_download_ingest_gcs.py for tasks to queue
[2022-02-03 23:04:57,363] {logging_mixin.py:109} INFO - [2022-02-03 23:04:57,362] {dagbag.py:500} INFO - Filling up the DagBag from /opt/airflow/dags/fhv_download_ingest_gcs.py
[2022-02-03 23:05:01,508] {processor.py:654} INFO - DAG(s) dict_keys(['fhv_ingest_2_gcs_dag']) retrieved from /opt/airflow/dags/fhv_download_ingest_gcs.py
[2022-02-03 23:05:01,564] {logging_mixin.py:109} INFO - [2022-02-03 23:05:01,563] {dag.py:2396} INFO - Sync 1 DAGs
[2022-02-03 23:05:01,654] {logging_mixin.py:109} INFO - [2022-02-03 23:05:01,654] {dag.py:2935} INFO - Setting next_dagrun for fhv_ingest_2_gcs_dag to None
[2022-02-03 23:05:01,683] {processor.py:171} INFO - Processing /opt/airflow/dags/fhv_download_ingest_gcs.py took 4.358 seconds
[2022-02-03 23:05:32,434] {processor.py:163} INFO - Started process (PID=1962) to work on /opt/airflow/dags/fhv_download_ingest_gcs.py
[2022-02-03 23:05:32,439] {processor.py:642} INFO - Processing file /opt/airflow/dags/fhv_download_ingest_gcs.py for tasks to queue
[2022-02-03 23:05:32,443] {logging_mixin.py:109} INFO - [2022-02-03 23:05:32,442] {dagbag.py:500} INFO - Filling up the DagBag from /opt/airflow/dags/fhv_download_ingest_gcs.py
[2022-02-03 23:05:35,720] {processor.py:654} INFO - DAG(s) dict_keys(['fhv_ingest_2_gcs_dag']) retrieved from /opt/airflow/dags/fhv_download_ingest_gcs.py
[2022-02-03 23:05:35,764] {logging_mixin.py:109} INFO - [2022-02-03 23:05:35,762] {dag.py:2396} INFO - Sync 1 DAGs
[2022-02-03 23:05:35,837] {logging_mixin.py:109} INFO - [2022-02-03 23:05:35,837] {dag.py:2935} INFO - Setting next_dagrun for fhv_ingest_2_gcs_dag to None
[2022-02-03 23:05:35,862] {processor.py:171} INFO - Processing /opt/airflow/dags/fhv_download_ingest_gcs.py took 3.441 seconds
[2022-02-03 23:06:07,446] {processor.py:163} INFO - Started process (PID=2025) to work on /opt/airflow/dags/fhv_download_ingest_gcs.py
[2022-02-03 23:06:07,452] {processor.py:642} INFO - Processing file /opt/airflow/dags/fhv_download_ingest_gcs.py for tasks to queue
[2022-02-03 23:06:07,457] {logging_mixin.py:109} INFO - [2022-02-03 23:06:07,456] {dagbag.py:500} INFO - Filling up the DagBag from /opt/airflow/dags/fhv_download_ingest_gcs.py
[2022-02-03 23:06:11,002] {processor.py:654} INFO - DAG(s) dict_keys(['fhv_ingest_2_gcs_dag']) retrieved from /opt/airflow/dags/fhv_download_ingest_gcs.py
[2022-02-03 23:06:11,034] {logging_mixin.py:109} INFO - [2022-02-03 23:06:11,033] {dag.py:2396} INFO - Sync 1 DAGs
[2022-02-03 23:06:11,093] {logging_mixin.py:109} INFO - [2022-02-03 23:06:11,093] {dag.py:2935} INFO - Setting next_dagrun for fhv_ingest_2_gcs_dag to None
[2022-02-03 23:06:11,112] {processor.py:171} INFO - Processing /opt/airflow/dags/fhv_download_ingest_gcs.py took 3.673 seconds
[2022-02-03 23:06:42,276] {processor.py:163} INFO - Started process (PID=2091) to work on /opt/airflow/dags/fhv_download_ingest_gcs.py
[2022-02-03 23:06:42,282] {processor.py:642} INFO - Processing file /opt/airflow/dags/fhv_download_ingest_gcs.py for tasks to queue
[2022-02-03 23:06:42,286] {logging_mixin.py:109} INFO - [2022-02-03 23:06:42,285] {dagbag.py:500} INFO - Filling up the DagBag from /opt/airflow/dags/fhv_download_ingest_gcs.py
[2022-02-03 23:06:46,338] {processor.py:654} INFO - DAG(s) dict_keys(['fhv_ingest_2_gcs_dag']) retrieved from /opt/airflow/dags/fhv_download_ingest_gcs.py
[2022-02-03 23:06:46,381] {logging_mixin.py:109} INFO - [2022-02-03 23:06:46,380] {dag.py:2396} INFO - Sync 1 DAGs
[2022-02-03 23:06:46,456] {logging_mixin.py:109} INFO - [2022-02-03 23:06:46,455] {dag.py:2935} INFO - Setting next_dagrun for fhv_ingest_2_gcs_dag to None
[2022-02-03 23:06:46,483] {processor.py:171} INFO - Processing /opt/airflow/dags/fhv_download_ingest_gcs.py took 4.216 seconds
[2022-02-03 23:07:16,783] {processor.py:163} INFO - Started process (PID=2158) to work on /opt/airflow/dags/fhv_download_ingest_gcs.py
[2022-02-03 23:07:16,788] {processor.py:642} INFO - Processing file /opt/airflow/dags/fhv_download_ingest_gcs.py for tasks to queue
[2022-02-03 23:07:16,791] {logging_mixin.py:109} INFO - [2022-02-03 23:07:16,791] {dagbag.py:500} INFO - Filling up the DagBag from /opt/airflow/dags/fhv_download_ingest_gcs.py
[2022-02-03 23:07:20,886] {processor.py:654} INFO - DAG(s) dict_keys(['fhv_ingest_2_gcs_dag']) retrieved from /opt/airflow/dags/fhv_download_ingest_gcs.py
[2022-02-03 23:07:20,935] {logging_mixin.py:109} INFO - [2022-02-03 23:07:20,933] {dag.py:2396} INFO - Sync 1 DAGs
[2022-02-03 23:07:21,006] {logging_mixin.py:109} INFO - [2022-02-03 23:07:21,006] {dag.py:2935} INFO - Setting next_dagrun for fhv_ingest_2_gcs_dag to None
[2022-02-03 23:07:21,051] {processor.py:171} INFO - Processing /opt/airflow/dags/fhv_download_ingest_gcs.py took 4.275 seconds
[2022-02-03 23:07:51,647] {processor.py:163} INFO - Started process (PID=2208) to work on /opt/airflow/dags/fhv_download_ingest_gcs.py
[2022-02-03 23:07:51,652] {processor.py:642} INFO - Processing file /opt/airflow/dags/fhv_download_ingest_gcs.py for tasks to queue
[2022-02-03 23:07:51,655] {logging_mixin.py:109} INFO - [2022-02-03 23:07:51,654] {dagbag.py:500} INFO - Filling up the DagBag from /opt/airflow/dags/fhv_download_ingest_gcs.py
[2022-02-03 23:07:54,707] {processor.py:654} INFO - DAG(s) dict_keys(['fhv_ingest_2_gcs_dag']) retrieved from /opt/airflow/dags/fhv_download_ingest_gcs.py
[2022-02-03 23:07:54,742] {logging_mixin.py:109} INFO - [2022-02-03 23:07:54,741] {dag.py:2396} INFO - Sync 1 DAGs
[2022-02-03 23:07:54,792] {logging_mixin.py:109} INFO - [2022-02-03 23:07:54,792] {dag.py:2935} INFO - Setting next_dagrun for fhv_ingest_2_gcs_dag to None
[2022-02-03 23:07:54,812] {processor.py:171} INFO - Processing /opt/airflow/dags/fhv_download_ingest_gcs.py took 3.173 seconds
[2022-02-03 23:08:25,409] {processor.py:163} INFO - Started process (PID=2276) to work on /opt/airflow/dags/fhv_download_ingest_gcs.py
[2022-02-03 23:08:25,415] {processor.py:642} INFO - Processing file /opt/airflow/dags/fhv_download_ingest_gcs.py for tasks to queue
[2022-02-03 23:08:25,420] {logging_mixin.py:109} INFO - [2022-02-03 23:08:25,420] {dagbag.py:500} INFO - Filling up the DagBag from /opt/airflow/dags/fhv_download_ingest_gcs.py
[2022-02-03 23:08:29,295] {processor.py:654} INFO - DAG(s) dict_keys(['fhv_ingest_2_gcs_dag']) retrieved from /opt/airflow/dags/fhv_download_ingest_gcs.py
[2022-02-03 23:08:29,338] {logging_mixin.py:109} INFO - [2022-02-03 23:08:29,337] {dag.py:2396} INFO - Sync 1 DAGs
[2022-02-03 23:08:29,400] {logging_mixin.py:109} INFO - [2022-02-03 23:08:29,399] {dag.py:2935} INFO - Setting next_dagrun for fhv_ingest_2_gcs_dag to None
[2022-02-03 23:08:29,424] {processor.py:171} INFO - Processing /opt/airflow/dags/fhv_download_ingest_gcs.py took 4.025 seconds
[2022-02-03 23:08:59,899] {processor.py:163} INFO - Started process (PID=2340) to work on /opt/airflow/dags/fhv_download_ingest_gcs.py
[2022-02-03 23:08:59,904] {processor.py:642} INFO - Processing file /opt/airflow/dags/fhv_download_ingest_gcs.py for tasks to queue
[2022-02-03 23:08:59,911] {logging_mixin.py:109} INFO - [2022-02-03 23:08:59,911] {dagbag.py:500} INFO - Filling up the DagBag from /opt/airflow/dags/fhv_download_ingest_gcs.py
[2022-02-03 23:09:04,087] {processor.py:654} INFO - DAG(s) dict_keys(['fhv_ingest_2_gcs_dag']) retrieved from /opt/airflow/dags/fhv_download_ingest_gcs.py
[2022-02-03 23:09:04,132] {logging_mixin.py:109} INFO - [2022-02-03 23:09:04,131] {dag.py:2396} INFO - Sync 1 DAGs
[2022-02-03 23:09:04,204] {logging_mixin.py:109} INFO - [2022-02-03 23:09:04,203] {dag.py:2935} INFO - Setting next_dagrun for fhv_ingest_2_gcs_dag to None
[2022-02-03 23:09:04,230] {processor.py:171} INFO - Processing /opt/airflow/dags/fhv_download_ingest_gcs.py took 4.342 seconds
[2022-02-03 23:09:34,351] {processor.py:163} INFO - Started process (PID=2386) to work on /opt/airflow/dags/fhv_download_ingest_gcs.py
[2022-02-03 23:09:34,359] {processor.py:642} INFO - Processing file /opt/airflow/dags/fhv_download_ingest_gcs.py for tasks to queue
[2022-02-03 23:09:34,363] {logging_mixin.py:109} INFO - [2022-02-03 23:09:34,363] {dagbag.py:500} INFO - Filling up the DagBag from /opt/airflow/dags/fhv_download_ingest_gcs.py
[2022-02-03 23:09:38,048] {processor.py:654} INFO - DAG(s) dict_keys(['fhv_ingest_2_gcs_dag']) retrieved from /opt/airflow/dags/fhv_download_ingest_gcs.py
[2022-02-03 23:09:38,093] {logging_mixin.py:109} INFO - [2022-02-03 23:09:38,092] {dag.py:2396} INFO - Sync 1 DAGs
[2022-02-03 23:09:38,164] {logging_mixin.py:109} INFO - [2022-02-03 23:09:38,164] {dag.py:2935} INFO - Setting next_dagrun for fhv_ingest_2_gcs_dag to None
[2022-02-03 23:09:38,191] {processor.py:171} INFO - Processing /opt/airflow/dags/fhv_download_ingest_gcs.py took 3.848 seconds
[2022-02-03 23:10:09,225] {processor.py:163} INFO - Started process (PID=2457) to work on /opt/airflow/dags/fhv_download_ingest_gcs.py
[2022-02-03 23:10:09,230] {processor.py:642} INFO - Processing file /opt/airflow/dags/fhv_download_ingest_gcs.py for tasks to queue
[2022-02-03 23:10:09,233] {logging_mixin.py:109} INFO - [2022-02-03 23:10:09,232] {dagbag.py:500} INFO - Filling up the DagBag from /opt/airflow/dags/fhv_download_ingest_gcs.py
[2022-02-03 23:10:12,274] {processor.py:654} INFO - DAG(s) dict_keys(['fhv_ingest_2_gcs_dag']) retrieved from /opt/airflow/dags/fhv_download_ingest_gcs.py
[2022-02-03 23:10:12,313] {logging_mixin.py:109} INFO - [2022-02-03 23:10:12,312] {dag.py:2396} INFO - Sync 1 DAGs
[2022-02-03 23:10:12,366] {logging_mixin.py:109} INFO - [2022-02-03 23:10:12,365] {dag.py:2935} INFO - Setting next_dagrun for fhv_ingest_2_gcs_dag to None
[2022-02-03 23:10:12,389] {processor.py:171} INFO - Processing /opt/airflow/dags/fhv_download_ingest_gcs.py took 3.172 seconds
[2022-02-03 23:10:43,044] {processor.py:163} INFO - Started process (PID=2527) to work on /opt/airflow/dags/fhv_download_ingest_gcs.py
[2022-02-03 23:10:43,050] {processor.py:642} INFO - Processing file /opt/airflow/dags/fhv_download_ingest_gcs.py for tasks to queue
[2022-02-03 23:10:43,054] {logging_mixin.py:109} INFO - [2022-02-03 23:10:43,054] {dagbag.py:500} INFO - Filling up the DagBag from /opt/airflow/dags/fhv_download_ingest_gcs.py
[2022-02-03 23:10:47,309] {processor.py:654} INFO - DAG(s) dict_keys(['fhv_ingest_2_gcs_dag']) retrieved from /opt/airflow/dags/fhv_download_ingest_gcs.py
[2022-02-03 23:10:47,354] {logging_mixin.py:109} INFO - [2022-02-03 23:10:47,353] {dag.py:2396} INFO - Sync 1 DAGs
[2022-02-03 23:10:47,426] {logging_mixin.py:109} INFO - [2022-02-03 23:10:47,426] {dag.py:2935} INFO - Setting next_dagrun for fhv_ingest_2_gcs_dag to None
[2022-02-03 23:10:47,452] {processor.py:171} INFO - Processing /opt/airflow/dags/fhv_download_ingest_gcs.py took 4.416 seconds
[2022-02-03 23:11:17,956] {processor.py:163} INFO - Started process (PID=2595) to work on /opt/airflow/dags/fhv_download_ingest_gcs.py
[2022-02-03 23:11:17,963] {processor.py:642} INFO - Processing file /opt/airflow/dags/fhv_download_ingest_gcs.py for tasks to queue
[2022-02-03 23:11:17,966] {logging_mixin.py:109} INFO - [2022-02-03 23:11:17,966] {dagbag.py:500} INFO - Filling up the DagBag from /opt/airflow/dags/fhv_download_ingest_gcs.py
[2022-02-03 23:11:21,867] {processor.py:654} INFO - DAG(s) dict_keys(['fhv_ingest_2_gcs_dag']) retrieved from /opt/airflow/dags/fhv_download_ingest_gcs.py
[2022-02-03 23:11:21,921] {logging_mixin.py:109} INFO - [2022-02-03 23:11:21,920] {dag.py:2396} INFO - Sync 1 DAGs
[2022-02-03 23:11:21,989] {logging_mixin.py:109} INFO - [2022-02-03 23:11:21,989] {dag.py:2935} INFO - Setting next_dagrun for fhv_ingest_2_gcs_dag to None
[2022-02-03 23:11:22,014] {processor.py:171} INFO - Processing /opt/airflow/dags/fhv_download_ingest_gcs.py took 4.067 seconds
[2022-02-03 23:11:52,750] {processor.py:163} INFO - Started process (PID=2642) to work on /opt/airflow/dags/fhv_download_ingest_gcs.py
[2022-02-03 23:11:52,755] {processor.py:642} INFO - Processing file /opt/airflow/dags/fhv_download_ingest_gcs.py for tasks to queue
[2022-02-03 23:11:52,758] {logging_mixin.py:109} INFO - [2022-02-03 23:11:52,757] {dagbag.py:500} INFO - Filling up the DagBag from /opt/airflow/dags/fhv_download_ingest_gcs.py
[2022-02-03 23:11:55,855] {processor.py:654} INFO - DAG(s) dict_keys(['fhv_ingest_2_gcs_dag']) retrieved from /opt/airflow/dags/fhv_download_ingest_gcs.py
[2022-02-03 23:11:55,897] {logging_mixin.py:109} INFO - [2022-02-03 23:11:55,895] {dag.py:2396} INFO - Sync 1 DAGs
[2022-02-03 23:11:55,970] {logging_mixin.py:109} INFO - [2022-02-03 23:11:55,969] {dag.py:2935} INFO - Setting next_dagrun for fhv_ingest_2_gcs_dag to None
[2022-02-03 23:11:55,997] {processor.py:171} INFO - Processing /opt/airflow/dags/fhv_download_ingest_gcs.py took 3.252 seconds
[2022-02-03 23:12:26,385] {processor.py:163} INFO - Started process (PID=2704) to work on /opt/airflow/dags/fhv_download_ingest_gcs.py
[2022-02-03 23:12:26,391] {processor.py:642} INFO - Processing file /opt/airflow/dags/fhv_download_ingest_gcs.py for tasks to queue
[2022-02-03 23:12:26,395] {logging_mixin.py:109} INFO - [2022-02-03 23:12:26,394] {dagbag.py:500} INFO - Filling up the DagBag from /opt/airflow/dags/fhv_download_ingest_gcs.py
[2022-02-03 23:12:29,792] {processor.py:654} INFO - DAG(s) dict_keys(['fhv_ingest_2_gcs_dag']) retrieved from /opt/airflow/dags/fhv_download_ingest_gcs.py
[2022-02-03 23:12:29,824] {logging_mixin.py:109} INFO - [2022-02-03 23:12:29,823] {dag.py:2396} INFO - Sync 1 DAGs
[2022-02-03 23:12:29,878] {logging_mixin.py:109} INFO - [2022-02-03 23:12:29,878] {dag.py:2935} INFO - Setting next_dagrun for fhv_ingest_2_gcs_dag to None
[2022-02-03 23:12:29,899] {processor.py:171} INFO - Processing /opt/airflow/dags/fhv_download_ingest_gcs.py took 3.521 seconds
[2022-02-03 23:13:00,097] {processor.py:163} INFO - Started process (PID=2770) to work on /opt/airflow/dags/fhv_download_ingest_gcs.py
[2022-02-03 23:13:00,103] {processor.py:642} INFO - Processing file /opt/airflow/dags/fhv_download_ingest_gcs.py for tasks to queue
[2022-02-03 23:13:00,107] {logging_mixin.py:109} INFO - [2022-02-03 23:13:00,106] {dagbag.py:500} INFO - Filling up the DagBag from /opt/airflow/dags/fhv_download_ingest_gcs.py
[2022-02-03 23:13:04,027] {processor.py:654} INFO - DAG(s) dict_keys(['fhv_ingest_2_gcs_dag']) retrieved from /opt/airflow/dags/fhv_download_ingest_gcs.py
[2022-02-03 23:13:04,067] {logging_mixin.py:109} INFO - [2022-02-03 23:13:04,066] {dag.py:2396} INFO - Sync 1 DAGs
[2022-02-03 23:13:04,138] {logging_mixin.py:109} INFO - [2022-02-03 23:13:04,138] {dag.py:2935} INFO - Setting next_dagrun for fhv_ingest_2_gcs_dag to None
[2022-02-03 23:13:04,163] {processor.py:171} INFO - Processing /opt/airflow/dags/fhv_download_ingest_gcs.py took 4.074 seconds
[2022-02-03 23:13:34,560] {processor.py:163} INFO - Started process (PID=2819) to work on /opt/airflow/dags/fhv_download_ingest_gcs.py
[2022-02-03 23:13:34,565] {processor.py:642} INFO - Processing file /opt/airflow/dags/fhv_download_ingest_gcs.py for tasks to queue
[2022-02-03 23:13:34,568] {logging_mixin.py:109} INFO - [2022-02-03 23:13:34,568] {dagbag.py:500} INFO - Filling up the DagBag from /opt/airflow/dags/fhv_download_ingest_gcs.py
[2022-02-03 23:13:38,284] {processor.py:654} INFO - DAG(s) dict_keys(['fhv_ingest_2_gcs_dag']) retrieved from /opt/airflow/dags/fhv_download_ingest_gcs.py
[2022-02-03 23:13:38,326] {logging_mixin.py:109} INFO - [2022-02-03 23:13:38,325] {dag.py:2396} INFO - Sync 1 DAGs
[2022-02-03 23:13:38,401] {logging_mixin.py:109} INFO - [2022-02-03 23:13:38,401] {dag.py:2935} INFO - Setting next_dagrun for fhv_ingest_2_gcs_dag to None
[2022-02-03 23:13:38,428] {processor.py:171} INFO - Processing /opt/airflow/dags/fhv_download_ingest_gcs.py took 3.874 seconds
[2022-02-03 23:14:08,722] {processor.py:163} INFO - Started process (PID=2884) to work on /opt/airflow/dags/fhv_download_ingest_gcs.py
[2022-02-03 23:14:08,727] {processor.py:642} INFO - Processing file /opt/airflow/dags/fhv_download_ingest_gcs.py for tasks to queue
[2022-02-03 23:14:08,731] {logging_mixin.py:109} INFO - [2022-02-03 23:14:08,730] {dagbag.py:500} INFO - Filling up the DagBag from /opt/airflow/dags/fhv_download_ingest_gcs.py
[2022-02-03 23:14:11,599] {processor.py:654} INFO - DAG(s) dict_keys(['fhv_ingest_2_gcs_dag']) retrieved from /opt/airflow/dags/fhv_download_ingest_gcs.py
[2022-02-03 23:14:11,634] {logging_mixin.py:109} INFO - [2022-02-03 23:14:11,633] {dag.py:2396} INFO - Sync 1 DAGs
[2022-02-03 23:14:11,689] {logging_mixin.py:109} INFO - [2022-02-03 23:14:11,689] {dag.py:2935} INFO - Setting next_dagrun for fhv_ingest_2_gcs_dag to None
[2022-02-03 23:14:11,709] {processor.py:171} INFO - Processing /opt/airflow/dags/fhv_download_ingest_gcs.py took 2.995 seconds
[2022-02-03 23:14:42,402] {processor.py:163} INFO - Started process (PID=2947) to work on /opt/airflow/dags/fhv_download_ingest_gcs.py
[2022-02-03 23:14:42,407] {processor.py:642} INFO - Processing file /opt/airflow/dags/fhv_download_ingest_gcs.py for tasks to queue
[2022-02-03 23:14:42,411] {logging_mixin.py:109} INFO - [2022-02-03 23:14:42,410] {dagbag.py:500} INFO - Filling up the DagBag from /opt/airflow/dags/fhv_download_ingest_gcs.py
[2022-02-03 23:14:46,224] {processor.py:654} INFO - DAG(s) dict_keys(['fhv_ingest_2_gcs_dag']) retrieved from /opt/airflow/dags/fhv_download_ingest_gcs.py
[2022-02-03 23:14:46,273] {logging_mixin.py:109} INFO - [2022-02-03 23:14:46,271] {dag.py:2396} INFO - Sync 1 DAGs
[2022-02-03 23:14:46,345] {logging_mixin.py:109} INFO - [2022-02-03 23:14:46,344] {dag.py:2935} INFO - Setting next_dagrun for fhv_ingest_2_gcs_dag to None
[2022-02-03 23:14:46,373] {processor.py:171} INFO - Processing /opt/airflow/dags/fhv_download_ingest_gcs.py took 3.983 seconds
[2022-02-03 23:15:17,102] {processor.py:163} INFO - Started process (PID=3013) to work on /opt/airflow/dags/fhv_download_ingest_gcs.py
[2022-02-03 23:15:17,108] {processor.py:642} INFO - Processing file /opt/airflow/dags/fhv_download_ingest_gcs.py for tasks to queue
[2022-02-03 23:15:17,112] {logging_mixin.py:109} INFO - [2022-02-03 23:15:17,112] {dagbag.py:500} INFO - Filling up the DagBag from /opt/airflow/dags/fhv_download_ingest_gcs.py
[2022-02-03 23:15:21,124] {processor.py:654} INFO - DAG(s) dict_keys(['fhv_ingest_2_gcs_dag']) retrieved from /opt/airflow/dags/fhv_download_ingest_gcs.py
[2022-02-03 23:15:21,165] {logging_mixin.py:109} INFO - [2022-02-03 23:15:21,163] {dag.py:2396} INFO - Sync 1 DAGs
[2022-02-03 23:15:21,233] {logging_mixin.py:109} INFO - [2022-02-03 23:15:21,233] {dag.py:2935} INFO - Setting next_dagrun for fhv_ingest_2_gcs_dag to None
[2022-02-03 23:15:21,264] {processor.py:171} INFO - Processing /opt/airflow/dags/fhv_download_ingest_gcs.py took 4.170 seconds
[2022-02-03 23:15:52,022] {processor.py:163} INFO - Started process (PID=3065) to work on /opt/airflow/dags/fhv_download_ingest_gcs.py
[2022-02-03 23:15:52,027] {processor.py:642} INFO - Processing file /opt/airflow/dags/fhv_download_ingest_gcs.py for tasks to queue
[2022-02-03 23:15:52,030] {logging_mixin.py:109} INFO - [2022-02-03 23:15:52,029] {dagbag.py:500} INFO - Filling up the DagBag from /opt/airflow/dags/fhv_download_ingest_gcs.py
[2022-02-03 23:15:54,765] {processor.py:654} INFO - DAG(s) dict_keys(['fhv_ingest_2_gcs_dag']) retrieved from /opt/airflow/dags/fhv_download_ingest_gcs.py
[2022-02-03 23:15:54,798] {logging_mixin.py:109} INFO - [2022-02-03 23:15:54,797] {dag.py:2396} INFO - Sync 1 DAGs
[2022-02-03 23:15:54,848] {logging_mixin.py:109} INFO - [2022-02-03 23:15:54,848] {dag.py:2935} INFO - Setting next_dagrun for fhv_ingest_2_gcs_dag to None
[2022-02-03 23:15:54,867] {processor.py:171} INFO - Processing /opt/airflow/dags/fhv_download_ingest_gcs.py took 2.851 seconds
[2022-02-03 23:16:25,145] {processor.py:163} INFO - Started process (PID=3129) to work on /opt/airflow/dags/fhv_download_ingest_gcs.py
[2022-02-03 23:16:25,151] {processor.py:642} INFO - Processing file /opt/airflow/dags/fhv_download_ingest_gcs.py for tasks to queue
[2022-02-03 23:16:25,156] {logging_mixin.py:109} INFO - [2022-02-03 23:16:25,156] {dagbag.py:500} INFO - Filling up the DagBag from /opt/airflow/dags/fhv_download_ingest_gcs.py
[2022-02-03 23:16:29,024] {processor.py:654} INFO - DAG(s) dict_keys(['fhv_ingest_2_gcs_dag']) retrieved from /opt/airflow/dags/fhv_download_ingest_gcs.py
[2022-02-03 23:16:29,058] {logging_mixin.py:109} INFO - [2022-02-03 23:16:29,057] {dag.py:2396} INFO - Sync 1 DAGs
[2022-02-03 23:16:29,114] {logging_mixin.py:109} INFO - [2022-02-03 23:16:29,114] {dag.py:2935} INFO - Setting next_dagrun for fhv_ingest_2_gcs_dag to None
[2022-02-03 23:16:29,136] {processor.py:171} INFO - Processing /opt/airflow/dags/fhv_download_ingest_gcs.py took 4.000 seconds
[2022-02-03 23:16:59,374] {processor.py:163} INFO - Started process (PID=3194) to work on /opt/airflow/dags/fhv_download_ingest_gcs.py
[2022-02-03 23:16:59,379] {processor.py:642} INFO - Processing file /opt/airflow/dags/fhv_download_ingest_gcs.py for tasks to queue
[2022-02-03 23:16:59,383] {logging_mixin.py:109} INFO - [2022-02-03 23:16:59,383] {dagbag.py:500} INFO - Filling up the DagBag from /opt/airflow/dags/fhv_download_ingest_gcs.py
[2022-02-03 23:17:03,281] {processor.py:654} INFO - DAG(s) dict_keys(['fhv_ingest_2_gcs_dag']) retrieved from /opt/airflow/dags/fhv_download_ingest_gcs.py
[2022-02-03 23:17:03,321] {logging_mixin.py:109} INFO - [2022-02-03 23:17:03,320] {dag.py:2396} INFO - Sync 1 DAGs
[2022-02-03 23:17:03,387] {logging_mixin.py:109} INFO - [2022-02-03 23:17:03,386] {dag.py:2935} INFO - Setting next_dagrun for fhv_ingest_2_gcs_dag to None
[2022-02-03 23:17:03,419] {processor.py:171} INFO - Processing /opt/airflow/dags/fhv_download_ingest_gcs.py took 4.054 seconds
[2022-02-03 23:17:33,724] {processor.py:163} INFO - Started process (PID=3237) to work on /opt/airflow/dags/fhv_download_ingest_gcs.py
[2022-02-03 23:17:33,728] {processor.py:642} INFO - Processing file /opt/airflow/dags/fhv_download_ingest_gcs.py for tasks to queue
[2022-02-03 23:17:33,731] {logging_mixin.py:109} INFO - [2022-02-03 23:17:33,731] {dagbag.py:500} INFO - Filling up the DagBag from /opt/airflow/dags/fhv_download_ingest_gcs.py
[2022-02-03 23:17:37,221] {processor.py:654} INFO - DAG(s) dict_keys(['fhv_ingest_2_gcs_dag']) retrieved from /opt/airflow/dags/fhv_download_ingest_gcs.py
[2022-02-03 23:17:37,263] {logging_mixin.py:109} INFO - [2022-02-03 23:17:37,262] {dag.py:2396} INFO - Sync 1 DAGs
[2022-02-03 23:17:37,334] {logging_mixin.py:109} INFO - [2022-02-03 23:17:37,334] {dag.py:2935} INFO - Setting next_dagrun for fhv_ingest_2_gcs_dag to None
[2022-02-03 23:17:37,362] {processor.py:171} INFO - Processing /opt/airflow/dags/fhv_download_ingest_gcs.py took 3.645 seconds
[2022-02-03 23:18:08,142] {processor.py:163} INFO - Started process (PID=3302) to work on /opt/airflow/dags/fhv_download_ingest_gcs.py
[2022-02-03 23:18:08,147] {processor.py:642} INFO - Processing file /opt/airflow/dags/fhv_download_ingest_gcs.py for tasks to queue
[2022-02-03 23:18:08,150] {logging_mixin.py:109} INFO - [2022-02-03 23:18:08,149] {dagbag.py:500} INFO - Filling up the DagBag from /opt/airflow/dags/fhv_download_ingest_gcs.py
[2022-02-03 23:18:11,193] {processor.py:654} INFO - DAG(s) dict_keys(['fhv_ingest_2_gcs_dag']) retrieved from /opt/airflow/dags/fhv_download_ingest_gcs.py
[2022-02-03 23:18:11,227] {logging_mixin.py:109} INFO - [2022-02-03 23:18:11,226] {dag.py:2396} INFO - Sync 1 DAGs
[2022-02-03 23:18:11,284] {logging_mixin.py:109} INFO - [2022-02-03 23:18:11,284] {dag.py:2935} INFO - Setting next_dagrun for fhv_ingest_2_gcs_dag to None
[2022-02-03 23:18:11,306] {processor.py:171} INFO - Processing /opt/airflow/dags/fhv_download_ingest_gcs.py took 3.172 seconds
[2022-02-03 23:18:42,206] {processor.py:163} INFO - Started process (PID=3368) to work on /opt/airflow/dags/fhv_download_ingest_gcs.py
[2022-02-03 23:18:42,211] {processor.py:642} INFO - Processing file /opt/airflow/dags/fhv_download_ingest_gcs.py for tasks to queue
[2022-02-03 23:18:42,215] {logging_mixin.py:109} INFO - [2022-02-03 23:18:42,214] {dagbag.py:500} INFO - Filling up the DagBag from /opt/airflow/dags/fhv_download_ingest_gcs.py
[2022-02-03 23:18:46,393] {processor.py:654} INFO - DAG(s) dict_keys(['fhv_ingest_2_gcs_dag']) retrieved from /opt/airflow/dags/fhv_download_ingest_gcs.py
[2022-02-03 23:18:46,446] {logging_mixin.py:109} INFO - [2022-02-03 23:18:46,444] {dag.py:2396} INFO - Sync 1 DAGs
[2022-02-03 23:18:46,528] {logging_mixin.py:109} INFO - [2022-02-03 23:18:46,527] {dag.py:2935} INFO - Setting next_dagrun for fhv_ingest_2_gcs_dag to None
[2022-02-03 23:18:46,554] {processor.py:171} INFO - Processing /opt/airflow/dags/fhv_download_ingest_gcs.py took 4.361 seconds
[2022-02-03 23:19:17,480] {processor.py:163} INFO - Started process (PID=3436) to work on /opt/airflow/dags/fhv_download_ingest_gcs.py
[2022-02-03 23:19:17,489] {processor.py:642} INFO - Processing file /opt/airflow/dags/fhv_download_ingest_gcs.py for tasks to queue
[2022-02-03 23:19:17,497] {logging_mixin.py:109} INFO - [2022-02-03 23:19:17,497] {dagbag.py:500} INFO - Filling up the DagBag from /opt/airflow/dags/fhv_download_ingest_gcs.py
[2022-02-03 23:19:21,518] {processor.py:654} INFO - DAG(s) dict_keys(['fhv_ingest_2_gcs_dag']) retrieved from /opt/airflow/dags/fhv_download_ingest_gcs.py
[2022-02-03 23:19:21,564] {logging_mixin.py:109} INFO - [2022-02-03 23:19:21,562] {dag.py:2396} INFO - Sync 1 DAGs
[2022-02-03 23:19:21,636] {logging_mixin.py:109} INFO - [2022-02-03 23:19:21,636] {dag.py:2935} INFO - Setting next_dagrun for fhv_ingest_2_gcs_dag to None
[2022-02-03 23:19:21,661] {processor.py:171} INFO - Processing /opt/airflow/dags/fhv_download_ingest_gcs.py took 4.195 seconds
[2022-02-03 23:19:52,043] {processor.py:163} INFO - Started process (PID=3483) to work on /opt/airflow/dags/fhv_download_ingest_gcs.py
[2022-02-03 23:19:52,048] {processor.py:642} INFO - Processing file /opt/airflow/dags/fhv_download_ingest_gcs.py for tasks to queue
[2022-02-03 23:19:52,050] {logging_mixin.py:109} INFO - [2022-02-03 23:19:52,050] {dagbag.py:500} INFO - Filling up the DagBag from /opt/airflow/dags/fhv_download_ingest_gcs.py
[2022-02-03 23:19:54,945] {processor.py:654} INFO - DAG(s) dict_keys(['fhv_ingest_2_gcs_dag']) retrieved from /opt/airflow/dags/fhv_download_ingest_gcs.py
[2022-02-03 23:19:54,983] {logging_mixin.py:109} INFO - [2022-02-03 23:19:54,982] {dag.py:2396} INFO - Sync 1 DAGs
[2022-02-03 23:19:55,041] {logging_mixin.py:109} INFO - [2022-02-03 23:19:55,040] {dag.py:2935} INFO - Setting next_dagrun for fhv_ingest_2_gcs_dag to None
[2022-02-03 23:19:55,063] {processor.py:171} INFO - Processing /opt/airflow/dags/fhv_download_ingest_gcs.py took 3.028 seconds
[2022-02-03 23:20:25,205] {processor.py:163} INFO - Started process (PID=3547) to work on /opt/airflow/dags/fhv_download_ingest_gcs.py
[2022-02-03 23:20:25,210] {processor.py:642} INFO - Processing file /opt/airflow/dags/fhv_download_ingest_gcs.py for tasks to queue
[2022-02-03 23:20:25,214] {logging_mixin.py:109} INFO - [2022-02-03 23:20:25,214] {dagbag.py:500} INFO - Filling up the DagBag from /opt/airflow/dags/fhv_download_ingest_gcs.py
[2022-02-03 23:20:29,020] {processor.py:654} INFO - DAG(s) dict_keys(['fhv_ingest_2_gcs_dag']) retrieved from /opt/airflow/dags/fhv_download_ingest_gcs.py
[2022-02-03 23:20:29,058] {logging_mixin.py:109} INFO - [2022-02-03 23:20:29,057] {dag.py:2396} INFO - Sync 1 DAGs
[2022-02-03 23:20:29,125] {logging_mixin.py:109} INFO - [2022-02-03 23:20:29,124] {dag.py:2935} INFO - Setting next_dagrun for fhv_ingest_2_gcs_dag to None
[2022-02-03 23:20:29,150] {processor.py:171} INFO - Processing /opt/airflow/dags/fhv_download_ingest_gcs.py took 3.946 seconds
[2022-02-03 23:20:59,398] {processor.py:163} INFO - Started process (PID=3611) to work on /opt/airflow/dags/fhv_download_ingest_gcs.py
[2022-02-03 23:20:59,403] {processor.py:642} INFO - Processing file /opt/airflow/dags/fhv_download_ingest_gcs.py for tasks to queue
[2022-02-03 23:20:59,407] {logging_mixin.py:109} INFO - [2022-02-03 23:20:59,406] {dagbag.py:500} INFO - Filling up the DagBag from /opt/airflow/dags/fhv_download_ingest_gcs.py
[2022-02-03 23:21:03,227] {processor.py:654} INFO - DAG(s) dict_keys(['fhv_ingest_2_gcs_dag']) retrieved from /opt/airflow/dags/fhv_download_ingest_gcs.py
[2022-02-03 23:21:03,273] {logging_mixin.py:109} INFO - [2022-02-03 23:21:03,272] {dag.py:2396} INFO - Sync 1 DAGs
[2022-02-03 23:21:03,349] {logging_mixin.py:109} INFO - [2022-02-03 23:21:03,348] {dag.py:2935} INFO - Setting next_dagrun for fhv_ingest_2_gcs_dag to None
[2022-02-03 23:21:03,375] {processor.py:171} INFO - Processing /opt/airflow/dags/fhv_download_ingest_gcs.py took 3.986 seconds
[2022-02-03 23:21:33,702] {processor.py:163} INFO - Started process (PID=3659) to work on /opt/airflow/dags/fhv_download_ingest_gcs.py
[2022-02-03 23:21:33,707] {processor.py:642} INFO - Processing file /opt/airflow/dags/fhv_download_ingest_gcs.py for tasks to queue
[2022-02-03 23:21:33,709] {logging_mixin.py:109} INFO - [2022-02-03 23:21:33,709] {dagbag.py:500} INFO - Filling up the DagBag from /opt/airflow/dags/fhv_download_ingest_gcs.py
[2022-02-03 23:21:36,945] {processor.py:654} INFO - DAG(s) dict_keys(['fhv_ingest_2_gcs_dag']) retrieved from /opt/airflow/dags/fhv_download_ingest_gcs.py
[2022-02-03 23:21:36,992] {logging_mixin.py:109} INFO - [2022-02-03 23:21:36,991] {dag.py:2396} INFO - Sync 1 DAGs
[2022-02-03 23:21:37,127] {logging_mixin.py:109} INFO - [2022-02-03 23:21:37,127] {dag.py:2935} INFO - Setting next_dagrun for fhv_ingest_2_gcs_dag to None
[2022-02-03 23:21:37,179] {processor.py:171} INFO - Processing /opt/airflow/dags/fhv_download_ingest_gcs.py took 3.484 seconds
[2022-02-03 23:22:08,270] {processor.py:163} INFO - Started process (PID=3729) to work on /opt/airflow/dags/fhv_download_ingest_gcs.py
[2022-02-03 23:22:08,275] {processor.py:642} INFO - Processing file /opt/airflow/dags/fhv_download_ingest_gcs.py for tasks to queue
[2022-02-03 23:22:08,279] {logging_mixin.py:109} INFO - [2022-02-03 23:22:08,279] {dagbag.py:500} INFO - Filling up the DagBag from /opt/airflow/dags/fhv_download_ingest_gcs.py
[2022-02-03 23:22:11,348] {processor.py:654} INFO - DAG(s) dict_keys(['fhv_ingest_2_gcs_dag']) retrieved from /opt/airflow/dags/fhv_download_ingest_gcs.py
[2022-02-03 23:22:11,380] {logging_mixin.py:109} INFO - [2022-02-03 23:22:11,379] {dag.py:2396} INFO - Sync 1 DAGs
[2022-02-03 23:22:11,432] {logging_mixin.py:109} INFO - [2022-02-03 23:22:11,432] {dag.py:2935} INFO - Setting next_dagrun for fhv_ingest_2_gcs_dag to None
[2022-02-03 23:22:11,453] {processor.py:171} INFO - Processing /opt/airflow/dags/fhv_download_ingest_gcs.py took 3.191 seconds
[2022-02-03 23:22:42,022] {processor.py:163} INFO - Started process (PID=3795) to work on /opt/airflow/dags/fhv_download_ingest_gcs.py
[2022-02-03 23:22:42,029] {processor.py:642} INFO - Processing file /opt/airflow/dags/fhv_download_ingest_gcs.py for tasks to queue
[2022-02-03 23:22:42,039] {logging_mixin.py:109} INFO - [2022-02-03 23:22:42,038] {dagbag.py:500} INFO - Filling up the DagBag from /opt/airflow/dags/fhv_download_ingest_gcs.py
[2022-02-03 23:22:45,854] {processor.py:654} INFO - DAG(s) dict_keys(['fhv_ingest_2_gcs_dag']) retrieved from /opt/airflow/dags/fhv_download_ingest_gcs.py
[2022-02-03 23:22:45,903] {logging_mixin.py:109} INFO - [2022-02-03 23:22:45,902] {dag.py:2396} INFO - Sync 1 DAGs
[2022-02-03 23:22:45,971] {logging_mixin.py:109} INFO - [2022-02-03 23:22:45,971] {dag.py:2935} INFO - Setting next_dagrun for fhv_ingest_2_gcs_dag to None
[2022-02-03 23:22:46,002] {processor.py:171} INFO - Processing /opt/airflow/dags/fhv_download_ingest_gcs.py took 4.002 seconds
[2022-02-03 23:23:16,489] {processor.py:163} INFO - Started process (PID=3853) to work on /opt/airflow/dags/fhv_download_ingest_gcs.py
[2022-02-03 23:23:16,497] {processor.py:642} INFO - Processing file /opt/airflow/dags/fhv_download_ingest_gcs.py for tasks to queue
[2022-02-03 23:23:16,502] {logging_mixin.py:109} INFO - [2022-02-03 23:23:16,501] {dagbag.py:500} INFO - Filling up the DagBag from /opt/airflow/dags/fhv_download_ingest_gcs.py
[2022-02-03 23:23:20,415] {processor.py:654} INFO - DAG(s) dict_keys(['fhv_ingest_2_gcs_dag']) retrieved from /opt/airflow/dags/fhv_download_ingest_gcs.py
[2022-02-03 23:23:20,458] {logging_mixin.py:109} INFO - [2022-02-03 23:23:20,456] {dag.py:2396} INFO - Sync 1 DAGs
[2022-02-03 23:23:20,533] {logging_mixin.py:109} INFO - [2022-02-03 23:23:20,532] {dag.py:2935} INFO - Setting next_dagrun for fhv_ingest_2_gcs_dag to None
[2022-02-03 23:23:20,583] {processor.py:171} INFO - Processing /opt/airflow/dags/fhv_download_ingest_gcs.py took 4.101 seconds
[2022-02-03 23:23:51,580] {processor.py:163} INFO - Started process (PID=3902) to work on /opt/airflow/dags/fhv_download_ingest_gcs.py
[2022-02-03 23:23:51,585] {processor.py:642} INFO - Processing file /opt/airflow/dags/fhv_download_ingest_gcs.py for tasks to queue
[2022-02-03 23:23:51,588] {logging_mixin.py:109} INFO - [2022-02-03 23:23:51,588] {dagbag.py:500} INFO - Filling up the DagBag from /opt/airflow/dags/fhv_download_ingest_gcs.py
[2022-02-03 23:23:54,477] {processor.py:654} INFO - DAG(s) dict_keys(['fhv_ingest_2_gcs_dag']) retrieved from /opt/airflow/dags/fhv_download_ingest_gcs.py
[2022-02-03 23:23:54,514] {logging_mixin.py:109} INFO - [2022-02-03 23:23:54,513] {dag.py:2396} INFO - Sync 1 DAGs
[2022-02-03 23:23:54,575] {logging_mixin.py:109} INFO - [2022-02-03 23:23:54,574] {dag.py:2935} INFO - Setting next_dagrun for fhv_ingest_2_gcs_dag to None
[2022-02-03 23:23:54,597] {processor.py:171} INFO - Processing /opt/airflow/dags/fhv_download_ingest_gcs.py took 3.025 seconds
[2022-02-03 23:24:25,234] {processor.py:163} INFO - Started process (PID=3966) to work on /opt/airflow/dags/fhv_download_ingest_gcs.py
[2022-02-03 23:24:25,238] {processor.py:642} INFO - Processing file /opt/airflow/dags/fhv_download_ingest_gcs.py for tasks to queue
[2022-02-03 23:24:25,242] {logging_mixin.py:109} INFO - [2022-02-03 23:24:25,241] {dagbag.py:500} INFO - Filling up the DagBag from /opt/airflow/dags/fhv_download_ingest_gcs.py
[2022-02-03 23:24:28,790] {processor.py:654} INFO - DAG(s) dict_keys(['fhv_ingest_2_gcs_dag']) retrieved from /opt/airflow/dags/fhv_download_ingest_gcs.py
[2022-02-03 23:24:28,832] {logging_mixin.py:109} INFO - [2022-02-03 23:24:28,831] {dag.py:2396} INFO - Sync 1 DAGs
[2022-02-03 23:24:28,903] {logging_mixin.py:109} INFO - [2022-02-03 23:24:28,902] {dag.py:2935} INFO - Setting next_dagrun for fhv_ingest_2_gcs_dag to None
[2022-02-03 23:24:28,925] {processor.py:171} INFO - Processing /opt/airflow/dags/fhv_download_ingest_gcs.py took 3.695 seconds
[2022-02-03 23:24:59,482] {processor.py:163} INFO - Started process (PID=4031) to work on /opt/airflow/dags/fhv_download_ingest_gcs.py
[2022-02-03 23:24:59,489] {processor.py:642} INFO - Processing file /opt/airflow/dags/fhv_download_ingest_gcs.py for tasks to queue
[2022-02-03 23:24:59,493] {logging_mixin.py:109} INFO - [2022-02-03 23:24:59,493] {dagbag.py:500} INFO - Filling up the DagBag from /opt/airflow/dags/fhv_download_ingest_gcs.py
[2022-02-03 23:25:03,425] {processor.py:654} INFO - DAG(s) dict_keys(['fhv_ingest_2_gcs_dag']) retrieved from /opt/airflow/dags/fhv_download_ingest_gcs.py
[2022-02-03 23:25:03,466] {logging_mixin.py:109} INFO - [2022-02-03 23:25:03,465] {dag.py:2396} INFO - Sync 1 DAGs
[2022-02-03 23:25:03,544] {logging_mixin.py:109} INFO - [2022-02-03 23:25:03,543] {dag.py:2935} INFO - Setting next_dagrun for fhv_ingest_2_gcs_dag to None
[2022-02-03 23:25:03,581] {processor.py:171} INFO - Processing /opt/airflow/dags/fhv_download_ingest_gcs.py took 4.105 seconds
[2022-02-03 23:25:33,893] {processor.py:163} INFO - Started process (PID=4080) to work on /opt/airflow/dags/fhv_download_ingest_gcs.py
[2022-02-03 23:25:33,898] {processor.py:642} INFO - Processing file /opt/airflow/dags/fhv_download_ingest_gcs.py for tasks to queue
[2022-02-03 23:25:33,901] {logging_mixin.py:109} INFO - [2022-02-03 23:25:33,901] {dagbag.py:500} INFO - Filling up the DagBag from /opt/airflow/dags/fhv_download_ingest_gcs.py
[2022-02-03 23:25:37,259] {processor.py:654} INFO - DAG(s) dict_keys(['fhv_ingest_2_gcs_dag']) retrieved from /opt/airflow/dags/fhv_download_ingest_gcs.py
[2022-02-03 23:25:37,302] {logging_mixin.py:109} INFO - [2022-02-03 23:25:37,300] {dag.py:2396} INFO - Sync 1 DAGs
[2022-02-03 23:25:37,373] {logging_mixin.py:109} INFO - [2022-02-03 23:25:37,373] {dag.py:2935} INFO - Setting next_dagrun for fhv_ingest_2_gcs_dag to None
[2022-02-03 23:25:37,399] {processor.py:171} INFO - Processing /opt/airflow/dags/fhv_download_ingest_gcs.py took 3.514 seconds
[2022-02-03 23:26:08,131] {processor.py:163} INFO - Started process (PID=4148) to work on /opt/airflow/dags/fhv_download_ingest_gcs.py
[2022-02-03 23:26:08,136] {processor.py:642} INFO - Processing file /opt/airflow/dags/fhv_download_ingest_gcs.py for tasks to queue
[2022-02-03 23:26:08,139] {logging_mixin.py:109} INFO - [2022-02-03 23:26:08,139] {dagbag.py:500} INFO - Filling up the DagBag from /opt/airflow/dags/fhv_download_ingest_gcs.py
[2022-02-03 23:26:11,120] {processor.py:654} INFO - DAG(s) dict_keys(['fhv_ingest_2_gcs_dag']) retrieved from /opt/airflow/dags/fhv_download_ingest_gcs.py
[2022-02-03 23:26:11,151] {logging_mixin.py:109} INFO - [2022-02-03 23:26:11,150] {dag.py:2396} INFO - Sync 1 DAGs
[2022-02-03 23:26:11,203] {logging_mixin.py:109} INFO - [2022-02-03 23:26:11,203] {dag.py:2935} INFO - Setting next_dagrun for fhv_ingest_2_gcs_dag to None
[2022-02-03 23:26:11,222] {processor.py:171} INFO - Processing /opt/airflow/dags/fhv_download_ingest_gcs.py took 3.098 seconds
[2022-02-03 23:26:42,072] {processor.py:163} INFO - Started process (PID=4213) to work on /opt/airflow/dags/fhv_download_ingest_gcs.py
[2022-02-03 23:26:42,080] {processor.py:642} INFO - Processing file /opt/airflow/dags/fhv_download_ingest_gcs.py for tasks to queue
[2022-02-03 23:26:42,087] {logging_mixin.py:109} INFO - [2022-02-03 23:26:42,086] {dagbag.py:500} INFO - Filling up the DagBag from /opt/airflow/dags/fhv_download_ingest_gcs.py
[2022-02-03 23:26:45,757] {processor.py:654} INFO - DAG(s) dict_keys(['fhv_ingest_2_gcs_dag']) retrieved from /opt/airflow/dags/fhv_download_ingest_gcs.py
[2022-02-03 23:26:45,811] {logging_mixin.py:109} INFO - [2022-02-03 23:26:45,809] {dag.py:2396} INFO - Sync 1 DAGs
[2022-02-03 23:26:45,897] {logging_mixin.py:109} INFO - [2022-02-03 23:26:45,897] {dag.py:2935} INFO - Setting next_dagrun for fhv_ingest_2_gcs_dag to None
[2022-02-03 23:26:45,925] {processor.py:171} INFO - Processing /opt/airflow/dags/fhv_download_ingest_gcs.py took 3.865 seconds
[2022-02-03 23:27:16,641] {processor.py:163} INFO - Started process (PID=4277) to work on /opt/airflow/dags/fhv_download_ingest_gcs.py
[2022-02-03 23:27:16,647] {processor.py:642} INFO - Processing file /opt/airflow/dags/fhv_download_ingest_gcs.py for tasks to queue
[2022-02-03 23:27:16,659] {logging_mixin.py:109} INFO - [2022-02-03 23:27:16,658] {dagbag.py:500} INFO - Filling up the DagBag from /opt/airflow/dags/fhv_download_ingest_gcs.py
[2022-02-03 23:27:20,481] {processor.py:654} INFO - DAG(s) dict_keys(['fhv_ingest_2_gcs_dag']) retrieved from /opt/airflow/dags/fhv_download_ingest_gcs.py
[2022-02-03 23:27:20,524] {logging_mixin.py:109} INFO - [2022-02-03 23:27:20,523] {dag.py:2396} INFO - Sync 1 DAGs
[2022-02-03 23:27:20,593] {logging_mixin.py:109} INFO - [2022-02-03 23:27:20,593] {dag.py:2935} INFO - Setting next_dagrun for fhv_ingest_2_gcs_dag to None
[2022-02-03 23:27:20,619] {processor.py:171} INFO - Processing /opt/airflow/dags/fhv_download_ingest_gcs.py took 3.986 seconds
[2022-02-03 23:27:50,904] {processor.py:163} INFO - Started process (PID=4327) to work on /opt/airflow/dags/fhv_download_ingest_gcs.py
[2022-02-03 23:27:50,909] {processor.py:642} INFO - Processing file /opt/airflow/dags/fhv_download_ingest_gcs.py for tasks to queue
[2022-02-03 23:27:50,912] {logging_mixin.py:109} INFO - [2022-02-03 23:27:50,911] {dagbag.py:500} INFO - Filling up the DagBag from /opt/airflow/dags/fhv_download_ingest_gcs.py
[2022-02-03 23:27:53,680] {processor.py:654} INFO - DAG(s) dict_keys(['fhv_ingest_2_gcs_dag']) retrieved from /opt/airflow/dags/fhv_download_ingest_gcs.py
[2022-02-03 23:27:53,711] {logging_mixin.py:109} INFO - [2022-02-03 23:27:53,710] {dag.py:2396} INFO - Sync 1 DAGs
[2022-02-03 23:27:53,762] {logging_mixin.py:109} INFO - [2022-02-03 23:27:53,761] {dag.py:2935} INFO - Setting next_dagrun for fhv_ingest_2_gcs_dag to None
[2022-02-03 23:27:53,781] {processor.py:171} INFO - Processing /opt/airflow/dags/fhv_download_ingest_gcs.py took 2.886 seconds
[2022-02-03 23:28:24,201] {processor.py:163} INFO - Started process (PID=4391) to work on /opt/airflow/dags/fhv_download_ingest_gcs.py
[2022-02-03 23:28:24,219] {processor.py:642} INFO - Processing file /opt/airflow/dags/fhv_download_ingest_gcs.py for tasks to queue
[2022-02-03 23:28:24,223] {logging_mixin.py:109} INFO - [2022-02-03 23:28:24,223] {dagbag.py:500} INFO - Filling up the DagBag from /opt/airflow/dags/fhv_download_ingest_gcs.py
[2022-02-03 23:28:28,023] {processor.py:654} INFO - DAG(s) dict_keys(['fhv_ingest_2_gcs_dag']) retrieved from /opt/airflow/dags/fhv_download_ingest_gcs.py
[2022-02-03 23:28:28,067] {logging_mixin.py:109} INFO - [2022-02-03 23:28:28,065] {dag.py:2396} INFO - Sync 1 DAGs
[2022-02-03 23:28:28,139] {logging_mixin.py:109} INFO - [2022-02-03 23:28:28,139] {dag.py:2935} INFO - Setting next_dagrun for fhv_ingest_2_gcs_dag to None
[2022-02-03 23:28:28,163] {processor.py:171} INFO - Processing /opt/airflow/dags/fhv_download_ingest_gcs.py took 3.970 seconds
[2022-02-03 23:28:58,952] {processor.py:163} INFO - Started process (PID=4457) to work on /opt/airflow/dags/fhv_download_ingest_gcs.py
[2022-02-03 23:28:58,957] {processor.py:642} INFO - Processing file /opt/airflow/dags/fhv_download_ingest_gcs.py for tasks to queue
[2022-02-03 23:28:58,961] {logging_mixin.py:109} INFO - [2022-02-03 23:28:58,961] {dagbag.py:500} INFO - Filling up the DagBag from /opt/airflow/dags/fhv_download_ingest_gcs.py
[2022-02-03 23:29:02,789] {processor.py:654} INFO - DAG(s) dict_keys(['fhv_ingest_2_gcs_dag']) retrieved from /opt/airflow/dags/fhv_download_ingest_gcs.py
[2022-02-03 23:29:02,835] {logging_mixin.py:109} INFO - [2022-02-03 23:29:02,834] {dag.py:2396} INFO - Sync 1 DAGs
[2022-02-03 23:29:02,912] {logging_mixin.py:109} INFO - [2022-02-03 23:29:02,911] {dag.py:2935} INFO - Setting next_dagrun for fhv_ingest_2_gcs_dag to None
[2022-02-03 23:29:02,939] {processor.py:171} INFO - Processing /opt/airflow/dags/fhv_download_ingest_gcs.py took 3.995 seconds
[2022-02-03 23:29:33,583] {processor.py:163} INFO - Started process (PID=4503) to work on /opt/airflow/dags/fhv_download_ingest_gcs.py
[2022-02-03 23:29:33,588] {processor.py:642} INFO - Processing file /opt/airflow/dags/fhv_download_ingest_gcs.py for tasks to queue
[2022-02-03 23:29:33,591] {logging_mixin.py:109} INFO - [2022-02-03 23:29:33,591] {dagbag.py:500} INFO - Filling up the DagBag from /opt/airflow/dags/fhv_download_ingest_gcs.py
[2022-02-03 23:29:36,790] {processor.py:654} INFO - DAG(s) dict_keys(['fhv_ingest_2_gcs_dag']) retrieved from /opt/airflow/dags/fhv_download_ingest_gcs.py
[2022-02-03 23:29:36,876] {logging_mixin.py:109} INFO - [2022-02-03 23:29:36,872] {dag.py:2396} INFO - Sync 1 DAGs
[2022-02-03 23:29:36,993] {logging_mixin.py:109} INFO - [2022-02-03 23:29:36,993] {dag.py:2935} INFO - Setting next_dagrun for fhv_ingest_2_gcs_dag to None
[2022-02-03 23:29:37,020] {processor.py:171} INFO - Processing /opt/airflow/dags/fhv_download_ingest_gcs.py took 3.446 seconds
[2022-02-03 23:30:07,419] {processor.py:163} INFO - Started process (PID=4571) to work on /opt/airflow/dags/fhv_download_ingest_gcs.py
[2022-02-03 23:30:07,426] {processor.py:642} INFO - Processing file /opt/airflow/dags/fhv_download_ingest_gcs.py for tasks to queue
[2022-02-03 23:30:07,430] {logging_mixin.py:109} INFO - [2022-02-03 23:30:07,429] {dagbag.py:500} INFO - Filling up the DagBag from /opt/airflow/dags/fhv_download_ingest_gcs.py
[2022-02-03 23:30:10,555] {processor.py:654} INFO - DAG(s) dict_keys(['fhv_ingest_2_gcs_dag']) retrieved from /opt/airflow/dags/fhv_download_ingest_gcs.py
[2022-02-03 23:30:10,587] {logging_mixin.py:109} INFO - [2022-02-03 23:30:10,587] {dag.py:2396} INFO - Sync 1 DAGs
[2022-02-03 23:30:10,649] {logging_mixin.py:109} INFO - [2022-02-03 23:30:10,649] {dag.py:2935} INFO - Setting next_dagrun for fhv_ingest_2_gcs_dag to None
[2022-02-03 23:30:10,678] {processor.py:171} INFO - Processing /opt/airflow/dags/fhv_download_ingest_gcs.py took 3.272 seconds
[2022-02-03 23:30:40,845] {processor.py:163} INFO - Started process (PID=4636) to work on /opt/airflow/dags/fhv_download_ingest_gcs.py
[2022-02-03 23:30:40,849] {processor.py:642} INFO - Processing file /opt/airflow/dags/fhv_download_ingest_gcs.py for tasks to queue
[2022-02-03 23:30:40,853] {logging_mixin.py:109} INFO - [2022-02-03 23:30:40,852] {dagbag.py:500} INFO - Filling up the DagBag from /opt/airflow/dags/fhv_download_ingest_gcs.py
[2022-02-03 23:30:44,700] {processor.py:654} INFO - DAG(s) dict_keys(['fhv_ingest_2_gcs_dag']) retrieved from /opt/airflow/dags/fhv_download_ingest_gcs.py
[2022-02-03 23:30:44,747] {logging_mixin.py:109} INFO - [2022-02-03 23:30:44,745] {dag.py:2396} INFO - Sync 1 DAGs
[2022-02-03 23:30:44,815] {logging_mixin.py:109} INFO - [2022-02-03 23:30:44,814] {dag.py:2935} INFO - Setting next_dagrun for fhv_ingest_2_gcs_dag to None
[2022-02-03 23:30:44,868] {processor.py:171} INFO - Processing /opt/airflow/dags/fhv_download_ingest_gcs.py took 4.030 seconds
[2022-02-03 23:31:15,244] {processor.py:163} INFO - Started process (PID=4687) to work on /opt/airflow/dags/fhv_download_ingest_gcs.py
[2022-02-03 23:31:15,248] {processor.py:642} INFO - Processing file /opt/airflow/dags/fhv_download_ingest_gcs.py for tasks to queue
[2022-02-03 23:31:15,251] {logging_mixin.py:109} INFO - [2022-02-03 23:31:15,251] {dagbag.py:500} INFO - Filling up the DagBag from /opt/airflow/dags/fhv_download_ingest_gcs.py
[2022-02-03 23:31:18,885] {processor.py:654} INFO - DAG(s) dict_keys(['fhv_ingest_2_gcs_dag']) retrieved from /opt/airflow/dags/fhv_download_ingest_gcs.py
[2022-02-03 23:31:18,936] {logging_mixin.py:109} INFO - [2022-02-03 23:31:18,934] {dag.py:2396} INFO - Sync 1 DAGs
[2022-02-03 23:31:19,011] {logging_mixin.py:109} INFO - [2022-02-03 23:31:19,011] {dag.py:2935} INFO - Setting next_dagrun for fhv_ingest_2_gcs_dag to None
[2022-02-03 23:31:19,037] {processor.py:171} INFO - Processing /opt/airflow/dags/fhv_download_ingest_gcs.py took 3.799 seconds
[2022-02-03 23:31:49,561] {processor.py:163} INFO - Started process (PID=4752) to work on /opt/airflow/dags/fhv_download_ingest_gcs.py
[2022-02-03 23:31:49,564] {processor.py:642} INFO - Processing file /opt/airflow/dags/fhv_download_ingest_gcs.py for tasks to queue
[2022-02-03 23:31:49,567] {logging_mixin.py:109} INFO - [2022-02-03 23:31:49,566] {dagbag.py:500} INFO - Filling up the DagBag from /opt/airflow/dags/fhv_download_ingest_gcs.py
[2022-02-03 23:31:52,451] {processor.py:654} INFO - DAG(s) dict_keys(['fhv_ingest_2_gcs_dag']) retrieved from /opt/airflow/dags/fhv_download_ingest_gcs.py
[2022-02-03 23:31:52,483] {logging_mixin.py:109} INFO - [2022-02-03 23:31:52,482] {dag.py:2396} INFO - Sync 1 DAGs
[2022-02-03 23:31:52,539] {logging_mixin.py:109} INFO - [2022-02-03 23:31:52,538] {dag.py:2935} INFO - Setting next_dagrun for fhv_ingest_2_gcs_dag to None
[2022-02-03 23:31:52,560] {processor.py:171} INFO - Processing /opt/airflow/dags/fhv_download_ingest_gcs.py took 3.005 seconds
[2022-02-03 23:32:23,330] {processor.py:163} INFO - Started process (PID=4817) to work on /opt/airflow/dags/fhv_download_ingest_gcs.py
[2022-02-03 23:32:23,335] {processor.py:642} INFO - Processing file /opt/airflow/dags/fhv_download_ingest_gcs.py for tasks to queue
[2022-02-03 23:32:23,338] {logging_mixin.py:109} INFO - [2022-02-03 23:32:23,338] {dagbag.py:500} INFO - Filling up the DagBag from /opt/airflow/dags/fhv_download_ingest_gcs.py
[2022-02-03 23:32:27,349] {processor.py:654} INFO - DAG(s) dict_keys(['fhv_ingest_2_gcs_dag']) retrieved from /opt/airflow/dags/fhv_download_ingest_gcs.py
[2022-02-03 23:32:27,398] {logging_mixin.py:109} INFO - [2022-02-03 23:32:27,396] {dag.py:2396} INFO - Sync 1 DAGs
[2022-02-03 23:32:27,484] {logging_mixin.py:109} INFO - [2022-02-03 23:32:27,484] {dag.py:2935} INFO - Setting next_dagrun for fhv_ingest_2_gcs_dag to None
[2022-02-03 23:32:27,513] {processor.py:171} INFO - Processing /opt/airflow/dags/fhv_download_ingest_gcs.py took 4.192 seconds
[2022-02-03 23:32:57,893] {processor.py:163} INFO - Started process (PID=4883) to work on /opt/airflow/dags/fhv_download_ingest_gcs.py
[2022-02-03 23:32:57,897] {processor.py:642} INFO - Processing file /opt/airflow/dags/fhv_download_ingest_gcs.py for tasks to queue
[2022-02-03 23:32:57,901] {logging_mixin.py:109} INFO - [2022-02-03 23:32:57,900] {dagbag.py:500} INFO - Filling up the DagBag from /opt/airflow/dags/fhv_download_ingest_gcs.py
[2022-02-03 23:33:01,694] {processor.py:654} INFO - DAG(s) dict_keys(['fhv_ingest_2_gcs_dag']) retrieved from /opt/airflow/dags/fhv_download_ingest_gcs.py
[2022-02-03 23:33:01,733] {logging_mixin.py:109} INFO - [2022-02-03 23:33:01,732] {dag.py:2396} INFO - Sync 1 DAGs
[2022-02-03 23:33:01,807] {logging_mixin.py:109} INFO - [2022-02-03 23:33:01,806] {dag.py:2935} INFO - Setting next_dagrun for fhv_ingest_2_gcs_dag to None
[2022-02-03 23:33:01,852] {processor.py:171} INFO - Processing /opt/airflow/dags/fhv_download_ingest_gcs.py took 3.968 seconds
[2022-02-03 23:33:32,868] {processor.py:163} INFO - Started process (PID=4938) to work on /opt/airflow/dags/fhv_download_ingest_gcs.py
[2022-02-03 23:33:32,876] {processor.py:642} INFO - Processing file /opt/airflow/dags/fhv_download_ingest_gcs.py for tasks to queue
[2022-02-03 23:33:32,884] {logging_mixin.py:109} INFO - [2022-02-03 23:33:32,883] {dagbag.py:500} INFO - Filling up the DagBag from /opt/airflow/dags/fhv_download_ingest_gcs.py
[2022-02-03 23:33:35,792] {processor.py:654} INFO - DAG(s) dict_keys(['fhv_ingest_2_gcs_dag']) retrieved from /opt/airflow/dags/fhv_download_ingest_gcs.py
[2022-02-03 23:33:35,837] {logging_mixin.py:109} INFO - [2022-02-03 23:33:35,836] {dag.py:2396} INFO - Sync 1 DAGs
[2022-02-03 23:33:35,903] {logging_mixin.py:109} INFO - [2022-02-03 23:33:35,903] {dag.py:2935} INFO - Setting next_dagrun for fhv_ingest_2_gcs_dag to None
[2022-02-03 23:33:35,929] {processor.py:171} INFO - Processing /opt/airflow/dags/fhv_download_ingest_gcs.py took 3.068 seconds
[2022-02-03 23:34:06,291] {processor.py:163} INFO - Started process (PID=4996) to work on /opt/airflow/dags/fhv_download_ingest_gcs.py
[2022-02-03 23:34:06,298] {processor.py:642} INFO - Processing file /opt/airflow/dags/fhv_download_ingest_gcs.py for tasks to queue
[2022-02-03 23:34:06,303] {logging_mixin.py:109} INFO - [2022-02-03 23:34:06,302] {dagbag.py:500} INFO - Filling up the DagBag from /opt/airflow/dags/fhv_download_ingest_gcs.py
[2022-02-03 23:34:09,655] {processor.py:654} INFO - DAG(s) dict_keys(['fhv_ingest_2_gcs_dag']) retrieved from /opt/airflow/dags/fhv_download_ingest_gcs.py
[2022-02-03 23:34:09,693] {logging_mixin.py:109} INFO - [2022-02-03 23:34:09,692] {dag.py:2396} INFO - Sync 1 DAGs
[2022-02-03 23:34:09,755] {logging_mixin.py:109} INFO - [2022-02-03 23:34:09,755] {dag.py:2935} INFO - Setting next_dagrun for fhv_ingest_2_gcs_dag to None
[2022-02-03 23:34:09,778] {processor.py:171} INFO - Processing /opt/airflow/dags/fhv_download_ingest_gcs.py took 3.501 seconds
[2022-02-03 23:34:40,415] {processor.py:163} INFO - Started process (PID=5058) to work on /opt/airflow/dags/fhv_download_ingest_gcs.py
[2022-02-03 23:34:40,421] {processor.py:642} INFO - Processing file /opt/airflow/dags/fhv_download_ingest_gcs.py for tasks to queue
[2022-02-03 23:34:40,426] {logging_mixin.py:109} INFO - [2022-02-03 23:34:40,426] {dagbag.py:500} INFO - Filling up the DagBag from /opt/airflow/dags/fhv_download_ingest_gcs.py
[2022-02-03 23:34:44,162] {processor.py:654} INFO - DAG(s) dict_keys(['fhv_ingest_2_gcs_dag']) retrieved from /opt/airflow/dags/fhv_download_ingest_gcs.py
[2022-02-03 23:34:44,204] {logging_mixin.py:109} INFO - [2022-02-03 23:34:44,202] {dag.py:2396} INFO - Sync 1 DAGs
[2022-02-03 23:34:44,285] {logging_mixin.py:109} INFO - [2022-02-03 23:34:44,285] {dag.py:2935} INFO - Setting next_dagrun for fhv_ingest_2_gcs_dag to None
[2022-02-03 23:34:44,315] {processor.py:171} INFO - Processing /opt/airflow/dags/fhv_download_ingest_gcs.py took 3.906 seconds
[2022-02-03 23:35:14,876] {processor.py:163} INFO - Started process (PID=5109) to work on /opt/airflow/dags/fhv_download_ingest_gcs.py
[2022-02-03 23:35:14,882] {processor.py:642} INFO - Processing file /opt/airflow/dags/fhv_download_ingest_gcs.py for tasks to queue
[2022-02-03 23:35:14,886] {logging_mixin.py:109} INFO - [2022-02-03 23:35:14,886] {dagbag.py:500} INFO - Filling up the DagBag from /opt/airflow/dags/fhv_download_ingest_gcs.py
[2022-02-03 23:35:18,526] {processor.py:654} INFO - DAG(s) dict_keys(['fhv_ingest_2_gcs_dag']) retrieved from /opt/airflow/dags/fhv_download_ingest_gcs.py
[2022-02-03 23:35:18,577] {logging_mixin.py:109} INFO - [2022-02-03 23:35:18,576] {dag.py:2396} INFO - Sync 1 DAGs
[2022-02-03 23:35:18,642] {logging_mixin.py:109} INFO - [2022-02-03 23:35:18,642] {dag.py:2935} INFO - Setting next_dagrun for fhv_ingest_2_gcs_dag to None
[2022-02-03 23:35:18,672] {processor.py:171} INFO - Processing /opt/airflow/dags/fhv_download_ingest_gcs.py took 3.806 seconds
[2022-02-03 23:35:49,014] {processor.py:163} INFO - Started process (PID=5170) to work on /opt/airflow/dags/fhv_download_ingest_gcs.py
[2022-02-03 23:35:49,018] {processor.py:642} INFO - Processing file /opt/airflow/dags/fhv_download_ingest_gcs.py for tasks to queue
[2022-02-03 23:35:49,020] {logging_mixin.py:109} INFO - [2022-02-03 23:35:49,020] {dagbag.py:500} INFO - Filling up the DagBag from /opt/airflow/dags/fhv_download_ingest_gcs.py
[2022-02-03 23:35:51,855] {processor.py:654} INFO - DAG(s) dict_keys(['fhv_ingest_2_gcs_dag']) retrieved from /opt/airflow/dags/fhv_download_ingest_gcs.py
[2022-02-03 23:35:51,888] {logging_mixin.py:109} INFO - [2022-02-03 23:35:51,887] {dag.py:2396} INFO - Sync 1 DAGs
[2022-02-03 23:35:51,943] {logging_mixin.py:109} INFO - [2022-02-03 23:35:51,943] {dag.py:2935} INFO - Setting next_dagrun for fhv_ingest_2_gcs_dag to None
[2022-02-03 23:35:51,968] {processor.py:171} INFO - Processing /opt/airflow/dags/fhv_download_ingest_gcs.py took 2.961 seconds
[2022-02-03 23:36:22,457] {processor.py:163} INFO - Started process (PID=5233) to work on /opt/airflow/dags/fhv_download_ingest_gcs.py
[2022-02-03 23:36:22,462] {processor.py:642} INFO - Processing file /opt/airflow/dags/fhv_download_ingest_gcs.py for tasks to queue
[2022-02-03 23:36:22,466] {logging_mixin.py:109} INFO - [2022-02-03 23:36:22,465] {dagbag.py:500} INFO - Filling up the DagBag from /opt/airflow/dags/fhv_download_ingest_gcs.py
[2022-02-03 23:36:26,358] {processor.py:654} INFO - DAG(s) dict_keys(['fhv_ingest_2_gcs_dag']) retrieved from /opt/airflow/dags/fhv_download_ingest_gcs.py
[2022-02-03 23:36:26,409] {logging_mixin.py:109} INFO - [2022-02-03 23:36:26,407] {dag.py:2396} INFO - Sync 1 DAGs
[2022-02-03 23:36:26,500] {logging_mixin.py:109} INFO - [2022-02-03 23:36:26,500] {dag.py:2935} INFO - Setting next_dagrun for fhv_ingest_2_gcs_dag to None
[2022-02-03 23:36:26,531] {processor.py:171} INFO - Processing /opt/airflow/dags/fhv_download_ingest_gcs.py took 4.073 seconds
[2022-02-03 23:36:56,870] {processor.py:163} INFO - Started process (PID=5295) to work on /opt/airflow/dags/fhv_download_ingest_gcs.py
[2022-02-03 23:36:56,875] {processor.py:642} INFO - Processing file /opt/airflow/dags/fhv_download_ingest_gcs.py for tasks to queue
[2022-02-03 23:36:56,878] {logging_mixin.py:109} INFO - [2022-02-03 23:36:56,878] {dagbag.py:500} INFO - Filling up the DagBag from /opt/airflow/dags/fhv_download_ingest_gcs.py
[2022-02-03 23:37:00,947] {processor.py:654} INFO - DAG(s) dict_keys(['fhv_ingest_2_gcs_dag']) retrieved from /opt/airflow/dags/fhv_download_ingest_gcs.py
[2022-02-03 23:37:00,991] {logging_mixin.py:109} INFO - [2022-02-03 23:37:00,990] {dag.py:2396} INFO - Sync 1 DAGs
[2022-02-03 23:37:01,059] {logging_mixin.py:109} INFO - [2022-02-03 23:37:01,059] {dag.py:2935} INFO - Setting next_dagrun for fhv_ingest_2_gcs_dag to None
[2022-02-03 23:37:01,083] {processor.py:171} INFO - Processing /opt/airflow/dags/fhv_download_ingest_gcs.py took 4.226 seconds
[2022-02-03 23:37:31,798] {processor.py:163} INFO - Started process (PID=5351) to work on /opt/airflow/dags/fhv_download_ingest_gcs.py
[2022-02-03 23:37:31,802] {processor.py:642} INFO - Processing file /opt/airflow/dags/fhv_download_ingest_gcs.py for tasks to queue
[2022-02-03 23:37:31,805] {logging_mixin.py:109} INFO - [2022-02-03 23:37:31,805] {dagbag.py:500} INFO - Filling up the DagBag from /opt/airflow/dags/fhv_download_ingest_gcs.py
[2022-02-03 23:37:34,488] {processor.py:654} INFO - DAG(s) dict_keys(['fhv_ingest_2_gcs_dag']) retrieved from /opt/airflow/dags/fhv_download_ingest_gcs.py
[2022-02-03 23:37:34,519] {logging_mixin.py:109} INFO - [2022-02-03 23:37:34,518] {dag.py:2396} INFO - Sync 1 DAGs
[2022-02-03 23:37:34,567] {logging_mixin.py:109} INFO - [2022-02-03 23:37:34,567] {dag.py:2935} INFO - Setting next_dagrun for fhv_ingest_2_gcs_dag to None
[2022-02-03 23:37:34,588] {processor.py:171} INFO - Processing /opt/airflow/dags/fhv_download_ingest_gcs.py took 2.799 seconds
[2022-02-03 23:38:04,836] {processor.py:163} INFO - Started process (PID=5416) to work on /opt/airflow/dags/fhv_download_ingest_gcs.py
[2022-02-03 23:38:04,843] {processor.py:642} INFO - Processing file /opt/airflow/dags/fhv_download_ingest_gcs.py for tasks to queue
[2022-02-03 23:38:04,847] {logging_mixin.py:109} INFO - [2022-02-03 23:38:04,846] {dagbag.py:500} INFO - Filling up the DagBag from /opt/airflow/dags/fhv_download_ingest_gcs.py
[2022-02-03 23:38:08,383] {processor.py:654} INFO - DAG(s) dict_keys(['fhv_ingest_2_gcs_dag']) retrieved from /opt/airflow/dags/fhv_download_ingest_gcs.py
[2022-02-03 23:38:08,422] {logging_mixin.py:109} INFO - [2022-02-03 23:38:08,421] {dag.py:2396} INFO - Sync 1 DAGs
[2022-02-03 23:38:08,483] {logging_mixin.py:109} INFO - [2022-02-03 23:38:08,483] {dag.py:2935} INFO - Setting next_dagrun for fhv_ingest_2_gcs_dag to None
[2022-02-03 23:38:08,506] {processor.py:171} INFO - Processing /opt/airflow/dags/fhv_download_ingest_gcs.py took 3.677 seconds
[2022-02-03 23:38:39,256] {processor.py:163} INFO - Started process (PID=5482) to work on /opt/airflow/dags/fhv_download_ingest_gcs.py
[2022-02-03 23:38:39,261] {processor.py:642} INFO - Processing file /opt/airflow/dags/fhv_download_ingest_gcs.py for tasks to queue
[2022-02-03 23:38:39,264] {logging_mixin.py:109} INFO - [2022-02-03 23:38:39,263] {dagbag.py:500} INFO - Filling up the DagBag from /opt/airflow/dags/fhv_download_ingest_gcs.py
[2022-02-03 23:38:43,058] {processor.py:654} INFO - DAG(s) dict_keys(['fhv_ingest_2_gcs_dag']) retrieved from /opt/airflow/dags/fhv_download_ingest_gcs.py
[2022-02-03 23:38:43,101] {logging_mixin.py:109} INFO - [2022-02-03 23:38:43,100] {dag.py:2396} INFO - Sync 1 DAGs
[2022-02-03 23:38:43,165] {logging_mixin.py:109} INFO - [2022-02-03 23:38:43,165] {dag.py:2935} INFO - Setting next_dagrun for fhv_ingest_2_gcs_dag to None
[2022-02-03 23:38:43,189] {processor.py:171} INFO - Processing /opt/airflow/dags/fhv_download_ingest_gcs.py took 3.940 seconds
[2022-02-03 23:39:13,694] {processor.py:163} INFO - Started process (PID=5529) to work on /opt/airflow/dags/fhv_download_ingest_gcs.py
[2022-02-03 23:39:13,698] {processor.py:642} INFO - Processing file /opt/airflow/dags/fhv_download_ingest_gcs.py for tasks to queue
[2022-02-03 23:39:13,701] {logging_mixin.py:109} INFO - [2022-02-03 23:39:13,700] {dagbag.py:500} INFO - Filling up the DagBag from /opt/airflow/dags/fhv_download_ingest_gcs.py
[2022-02-03 23:39:16,607] {processor.py:654} INFO - DAG(s) dict_keys(['fhv_ingest_2_gcs_dag']) retrieved from /opt/airflow/dags/fhv_download_ingest_gcs.py
[2022-02-03 23:39:16,651] {logging_mixin.py:109} INFO - [2022-02-03 23:39:16,650] {dag.py:2396} INFO - Sync 1 DAGs
[2022-02-03 23:39:16,725] {logging_mixin.py:109} INFO - [2022-02-03 23:39:16,724] {dag.py:2935} INFO - Setting next_dagrun for fhv_ingest_2_gcs_dag to None
[2022-02-03 23:39:16,753] {processor.py:171} INFO - Processing /opt/airflow/dags/fhv_download_ingest_gcs.py took 3.066 seconds
[2022-02-03 23:39:46,846] {processor.py:163} INFO - Started process (PID=5595) to work on /opt/airflow/dags/fhv_download_ingest_gcs.py
[2022-02-03 23:39:46,851] {processor.py:642} INFO - Processing file /opt/airflow/dags/fhv_download_ingest_gcs.py for tasks to queue
[2022-02-03 23:39:46,855] {logging_mixin.py:109} INFO - [2022-02-03 23:39:46,854] {dagbag.py:500} INFO - Filling up the DagBag from /opt/airflow/dags/fhv_download_ingest_gcs.py
[2022-02-03 23:39:50,059] {processor.py:654} INFO - DAG(s) dict_keys(['fhv_ingest_2_gcs_dag']) retrieved from /opt/airflow/dags/fhv_download_ingest_gcs.py
[2022-02-03 23:39:50,102] {logging_mixin.py:109} INFO - [2022-02-03 23:39:50,101] {dag.py:2396} INFO - Sync 1 DAGs
[2022-02-03 23:39:50,157] {logging_mixin.py:109} INFO - [2022-02-03 23:39:50,156] {dag.py:2935} INFO - Setting next_dagrun for fhv_ingest_2_gcs_dag to None
[2022-02-03 23:39:50,175] {processor.py:171} INFO - Processing /opt/airflow/dags/fhv_download_ingest_gcs.py took 3.336 seconds
[2022-02-03 23:40:20,474] {processor.py:163} INFO - Started process (PID=5657) to work on /opt/airflow/dags/fhv_download_ingest_gcs.py
[2022-02-03 23:40:20,488] {processor.py:642} INFO - Processing file /opt/airflow/dags/fhv_download_ingest_gcs.py for tasks to queue
[2022-02-03 23:40:20,491] {logging_mixin.py:109} INFO - [2022-02-03 23:40:20,491] {dagbag.py:500} INFO - Filling up the DagBag from /opt/airflow/dags/fhv_download_ingest_gcs.py
[2022-02-03 23:40:24,130] {processor.py:654} INFO - DAG(s) dict_keys(['fhv_ingest_2_gcs_dag']) retrieved from /opt/airflow/dags/fhv_download_ingest_gcs.py
[2022-02-03 23:40:24,173] {logging_mixin.py:109} INFO - [2022-02-03 23:40:24,172] {dag.py:2396} INFO - Sync 1 DAGs
[2022-02-03 23:40:24,241] {logging_mixin.py:109} INFO - [2022-02-03 23:40:24,241] {dag.py:2935} INFO - Setting next_dagrun for fhv_ingest_2_gcs_dag to None
[2022-02-03 23:40:24,266] {processor.py:171} INFO - Processing /opt/airflow/dags/fhv_download_ingest_gcs.py took 3.799 seconds
[2022-02-03 23:40:54,550] {processor.py:163} INFO - Started process (PID=5699) to work on /opt/airflow/dags/fhv_download_ingest_gcs.py
[2022-02-03 23:40:54,555] {processor.py:642} INFO - Processing file /opt/airflow/dags/fhv_download_ingest_gcs.py for tasks to queue
[2022-02-03 23:40:54,558] {logging_mixin.py:109} INFO - [2022-02-03 23:40:54,558] {dagbag.py:500} INFO - Filling up the DagBag from /opt/airflow/dags/fhv_download_ingest_gcs.py
[2022-02-03 23:40:57,976] {processor.py:654} INFO - DAG(s) dict_keys(['fhv_ingest_2_gcs_dag']) retrieved from /opt/airflow/dags/fhv_download_ingest_gcs.py
[2022-02-03 23:40:58,018] {logging_mixin.py:109} INFO - [2022-02-03 23:40:58,017] {dag.py:2396} INFO - Sync 1 DAGs
[2022-02-03 23:40:58,134] {logging_mixin.py:109} INFO - [2022-02-03 23:40:58,134] {dag.py:2935} INFO - Setting next_dagrun for fhv_ingest_2_gcs_dag to None
[2022-02-03 23:40:58,159] {processor.py:171} INFO - Processing /opt/airflow/dags/fhv_download_ingest_gcs.py took 3.619 seconds
[2022-02-03 23:41:28,750] {processor.py:163} INFO - Started process (PID=5762) to work on /opt/airflow/dags/fhv_download_ingest_gcs.py
[2022-02-03 23:41:28,754] {processor.py:642} INFO - Processing file /opt/airflow/dags/fhv_download_ingest_gcs.py for tasks to queue
[2022-02-03 23:41:28,758] {logging_mixin.py:109} INFO - [2022-02-03 23:41:28,758] {dagbag.py:500} INFO - Filling up the DagBag from /opt/airflow/dags/fhv_download_ingest_gcs.py
[2022-02-03 23:41:31,673] {processor.py:654} INFO - DAG(s) dict_keys(['fhv_ingest_2_gcs_dag']) retrieved from /opt/airflow/dags/fhv_download_ingest_gcs.py
[2022-02-03 23:41:31,706] {logging_mixin.py:109} INFO - [2022-02-03 23:41:31,705] {dag.py:2396} INFO - Sync 1 DAGs
[2022-02-03 23:41:31,760] {logging_mixin.py:109} INFO - [2022-02-03 23:41:31,760] {dag.py:2935} INFO - Setting next_dagrun for fhv_ingest_2_gcs_dag to None
[2022-02-03 23:41:31,780] {processor.py:171} INFO - Processing /opt/airflow/dags/fhv_download_ingest_gcs.py took 3.037 seconds
[2022-02-03 23:42:02,589] {processor.py:163} INFO - Started process (PID=5830) to work on /opt/airflow/dags/fhv_download_ingest_gcs.py
[2022-02-03 23:42:02,593] {processor.py:642} INFO - Processing file /opt/airflow/dags/fhv_download_ingest_gcs.py for tasks to queue
[2022-02-03 23:42:02,596] {logging_mixin.py:109} INFO - [2022-02-03 23:42:02,596] {dagbag.py:500} INFO - Filling up the DagBag from /opt/airflow/dags/fhv_download_ingest_gcs.py
[2022-02-03 23:42:06,689] {processor.py:654} INFO - DAG(s) dict_keys(['fhv_ingest_2_gcs_dag']) retrieved from /opt/airflow/dags/fhv_download_ingest_gcs.py
[2022-02-03 23:42:06,734] {logging_mixin.py:109} INFO - [2022-02-03 23:42:06,733] {dag.py:2396} INFO - Sync 1 DAGs
[2022-02-03 23:42:06,811] {logging_mixin.py:109} INFO - [2022-02-03 23:42:06,810] {dag.py:2935} INFO - Setting next_dagrun for fhv_ingest_2_gcs_dag to None
[2022-02-03 23:42:06,836] {processor.py:171} INFO - Processing /opt/airflow/dags/fhv_download_ingest_gcs.py took 4.254 seconds
[2022-02-03 23:42:37,513] {processor.py:163} INFO - Started process (PID=5894) to work on /opt/airflow/dags/fhv_download_ingest_gcs.py
[2022-02-03 23:42:37,519] {processor.py:642} INFO - Processing file /opt/airflow/dags/fhv_download_ingest_gcs.py for tasks to queue
[2022-02-03 23:42:37,522] {logging_mixin.py:109} INFO - [2022-02-03 23:42:37,522] {dagbag.py:500} INFO - Filling up the DagBag from /opt/airflow/dags/fhv_download_ingest_gcs.py
[2022-02-03 23:42:41,386] {processor.py:654} INFO - DAG(s) dict_keys(['fhv_ingest_2_gcs_dag']) retrieved from /opt/airflow/dags/fhv_download_ingest_gcs.py
[2022-02-03 23:42:41,427] {logging_mixin.py:109} INFO - [2022-02-03 23:42:41,426] {dag.py:2396} INFO - Sync 1 DAGs
[2022-02-03 23:42:41,504] {logging_mixin.py:109} INFO - [2022-02-03 23:42:41,504] {dag.py:2935} INFO - Setting next_dagrun for fhv_ingest_2_gcs_dag to None
[2022-02-03 23:42:41,531] {processor.py:171} INFO - Processing /opt/airflow/dags/fhv_download_ingest_gcs.py took 4.028 seconds
[2022-02-03 23:43:12,075] {processor.py:163} INFO - Started process (PID=5944) to work on /opt/airflow/dags/fhv_download_ingest_gcs.py
[2022-02-03 23:43:12,081] {processor.py:642} INFO - Processing file /opt/airflow/dags/fhv_download_ingest_gcs.py for tasks to queue
[2022-02-03 23:43:12,084] {logging_mixin.py:109} INFO - [2022-02-03 23:43:12,083] {dagbag.py:500} INFO - Filling up the DagBag from /opt/airflow/dags/fhv_download_ingest_gcs.py
[2022-02-03 23:43:15,265] {processor.py:654} INFO - DAG(s) dict_keys(['fhv_ingest_2_gcs_dag']) retrieved from /opt/airflow/dags/fhv_download_ingest_gcs.py
[2022-02-03 23:43:15,303] {logging_mixin.py:109} INFO - [2022-02-03 23:43:15,302] {dag.py:2396} INFO - Sync 1 DAGs
[2022-02-03 23:43:15,358] {logging_mixin.py:109} INFO - [2022-02-03 23:43:15,357] {dag.py:2935} INFO - Setting next_dagrun for fhv_ingest_2_gcs_dag to None
[2022-02-03 23:43:15,379] {processor.py:171} INFO - Processing /opt/airflow/dags/fhv_download_ingest_gcs.py took 3.313 seconds
