[2022-02-03 00:00:08,985] {processor.py:163} INFO - Started process (PID=15080) to work on /opt/airflow/dags/zone_download_ingest_gcs.py
[2022-02-03 00:00:08,989] {processor.py:642} INFO - Processing file /opt/airflow/dags/zone_download_ingest_gcs.py for tasks to queue
[2022-02-03 00:00:08,992] {logging_mixin.py:109} INFO - [2022-02-03 00:00:08,992] {dagbag.py:500} INFO - Filling up the DagBag from /opt/airflow/dags/zone_download_ingest_gcs.py
[2022-02-03 00:00:12,464] {processor.py:654} INFO - DAG(s) dict_keys(['zone_ingest_2_gcs_dag']) retrieved from /opt/airflow/dags/zone_download_ingest_gcs.py
[2022-02-03 00:00:12,508] {logging_mixin.py:109} INFO - [2022-02-03 00:00:12,507] {dag.py:2396} INFO - Sync 1 DAGs
[2022-02-03 00:00:12,587] {logging_mixin.py:109} INFO - [2022-02-03 00:00:12,586] {dag.py:2935} INFO - Setting next_dagrun for zone_ingest_2_gcs_dag to 2022-02-02T06:00:00+00:00
[2022-02-03 00:00:12,613] {processor.py:171} INFO - Processing /opt/airflow/dags/zone_download_ingest_gcs.py took 3.639 seconds
[2022-02-03 22:48:48,253] {processor.py:163} INFO - Started process (PID=211) to work on /opt/airflow/dags/zone_download_ingest_gcs.py
[2022-02-03 22:48:48,264] {processor.py:642} INFO - Processing file /opt/airflow/dags/zone_download_ingest_gcs.py for tasks to queue
[2022-02-03 22:48:48,271] {logging_mixin.py:109} INFO - [2022-02-03 22:48:48,268] {dagbag.py:500} INFO - Filling up the DagBag from /opt/airflow/dags/zone_download_ingest_gcs.py
[2022-02-03 22:48:59,515] {processor.py:654} INFO - DAG(s) dict_keys(['zone_ingest_2_gcs_dag']) retrieved from /opt/airflow/dags/zone_download_ingest_gcs.py
[2022-02-03 22:48:59,748] {logging_mixin.py:109} INFO - [2022-02-03 22:48:59,742] {dag.py:2396} INFO - Sync 1 DAGs
[2022-02-03 22:49:00,036] {logging_mixin.py:109} INFO - [2022-02-03 22:49:00,035] {dag.py:2935} INFO - Setting next_dagrun for zone_ingest_2_gcs_dag to 2022-02-02T06:00:00+00:00
[2022-02-03 22:49:00,091] {processor.py:171} INFO - Processing /opt/airflow/dags/zone_download_ingest_gcs.py took 11.865 seconds
[2022-02-03 22:49:30,519] {processor.py:163} INFO - Started process (PID=273) to work on /opt/airflow/dags/zone_download_ingest_gcs.py
[2022-02-03 22:49:30,525] {processor.py:642} INFO - Processing file /opt/airflow/dags/zone_download_ingest_gcs.py for tasks to queue
[2022-02-03 22:49:30,528] {logging_mixin.py:109} INFO - [2022-02-03 22:49:30,528] {dagbag.py:500} INFO - Filling up the DagBag from /opt/airflow/dags/zone_download_ingest_gcs.py
[2022-02-03 22:49:34,011] {processor.py:654} INFO - DAG(s) dict_keys(['zone_ingest_2_gcs_dag']) retrieved from /opt/airflow/dags/zone_download_ingest_gcs.py
[2022-02-03 22:49:34,210] {logging_mixin.py:109} INFO - [2022-02-03 22:49:34,209] {dag.py:2396} INFO - Sync 1 DAGs
[2022-02-03 22:49:34,288] {logging_mixin.py:109} INFO - [2022-02-03 22:49:34,287] {dag.py:2935} INFO - Setting next_dagrun for zone_ingest_2_gcs_dag to 2022-02-02T06:00:00+00:00
[2022-02-03 22:49:34,320] {processor.py:171} INFO - Processing /opt/airflow/dags/zone_download_ingest_gcs.py took 3.809 seconds
[2022-02-03 22:50:04,652] {processor.py:163} INFO - Started process (PID=338) to work on /opt/airflow/dags/zone_download_ingest_gcs.py
[2022-02-03 22:50:04,658] {processor.py:642} INFO - Processing file /opt/airflow/dags/zone_download_ingest_gcs.py for tasks to queue
[2022-02-03 22:50:04,661] {logging_mixin.py:109} INFO - [2022-02-03 22:50:04,660] {dagbag.py:500} INFO - Filling up the DagBag from /opt/airflow/dags/zone_download_ingest_gcs.py
[2022-02-03 22:50:08,178] {processor.py:654} INFO - DAG(s) dict_keys(['zone_ingest_2_gcs_dag']) retrieved from /opt/airflow/dags/zone_download_ingest_gcs.py
[2022-02-03 22:50:08,351] {logging_mixin.py:109} INFO - [2022-02-03 22:50:08,350] {dag.py:2396} INFO - Sync 1 DAGs
[2022-02-03 22:50:08,426] {logging_mixin.py:109} INFO - [2022-02-03 22:50:08,426] {dag.py:2935} INFO - Setting next_dagrun for zone_ingest_2_gcs_dag to 2022-02-02T06:00:00+00:00
[2022-02-03 22:50:08,448] {processor.py:171} INFO - Processing /opt/airflow/dags/zone_download_ingest_gcs.py took 3.804 seconds
[2022-02-03 22:50:38,655] {processor.py:163} INFO - Started process (PID=403) to work on /opt/airflow/dags/zone_download_ingest_gcs.py
[2022-02-03 22:50:38,661] {processor.py:642} INFO - Processing file /opt/airflow/dags/zone_download_ingest_gcs.py for tasks to queue
[2022-02-03 22:50:38,664] {logging_mixin.py:109} INFO - [2022-02-03 22:50:38,664] {dagbag.py:500} INFO - Filling up the DagBag from /opt/airflow/dags/zone_download_ingest_gcs.py
[2022-02-03 22:50:42,489] {processor.py:654} INFO - DAG(s) dict_keys(['zone_ingest_2_gcs_dag']) retrieved from /opt/airflow/dags/zone_download_ingest_gcs.py
[2022-02-03 22:50:42,656] {logging_mixin.py:109} INFO - [2022-02-03 22:50:42,655] {dag.py:2396} INFO - Sync 1 DAGs
[2022-02-03 22:50:42,735] {logging_mixin.py:109} INFO - [2022-02-03 22:50:42,734] {dag.py:2935} INFO - Setting next_dagrun for zone_ingest_2_gcs_dag to 2022-02-02T06:00:00+00:00
[2022-02-03 22:50:42,765] {processor.py:171} INFO - Processing /opt/airflow/dags/zone_download_ingest_gcs.py took 4.119 seconds
[2022-02-03 22:51:12,872] {processor.py:163} INFO - Started process (PID=451) to work on /opt/airflow/dags/zone_download_ingest_gcs.py
[2022-02-03 22:51:12,877] {processor.py:642} INFO - Processing file /opt/airflow/dags/zone_download_ingest_gcs.py for tasks to queue
[2022-02-03 22:51:12,879] {logging_mixin.py:109} INFO - [2022-02-03 22:51:12,879] {dagbag.py:500} INFO - Filling up the DagBag from /opt/airflow/dags/zone_download_ingest_gcs.py
[2022-02-03 22:51:15,794] {processor.py:654} INFO - DAG(s) dict_keys(['zone_ingest_2_gcs_dag']) retrieved from /opt/airflow/dags/zone_download_ingest_gcs.py
[2022-02-03 22:51:15,980] {logging_mixin.py:109} INFO - [2022-02-03 22:51:15,979] {dag.py:2396} INFO - Sync 1 DAGs
[2022-02-03 22:51:16,060] {logging_mixin.py:109} INFO - [2022-02-03 22:51:16,060] {dag.py:2935} INFO - Setting next_dagrun for zone_ingest_2_gcs_dag to 2022-02-02T06:00:00+00:00
[2022-02-03 22:51:16,118] {processor.py:171} INFO - Processing /opt/airflow/dags/zone_download_ingest_gcs.py took 3.252 seconds
[2022-02-03 22:51:46,342] {processor.py:163} INFO - Started process (PID=514) to work on /opt/airflow/dags/zone_download_ingest_gcs.py
[2022-02-03 22:51:46,347] {processor.py:642} INFO - Processing file /opt/airflow/dags/zone_download_ingest_gcs.py for tasks to queue
[2022-02-03 22:51:46,351] {logging_mixin.py:109} INFO - [2022-02-03 22:51:46,350] {dagbag.py:500} INFO - Filling up the DagBag from /opt/airflow/dags/zone_download_ingest_gcs.py
[2022-02-03 22:51:49,396] {processor.py:654} INFO - DAG(s) dict_keys(['zone_ingest_2_gcs_dag']) retrieved from /opt/airflow/dags/zone_download_ingest_gcs.py
[2022-02-03 22:51:49,530] {logging_mixin.py:109} INFO - [2022-02-03 22:51:49,529] {dag.py:2396} INFO - Sync 1 DAGs
[2022-02-03 22:51:49,585] {logging_mixin.py:109} INFO - [2022-02-03 22:51:49,584] {dag.py:2935} INFO - Setting next_dagrun for zone_ingest_2_gcs_dag to 2022-02-02T06:00:00+00:00
[2022-02-03 22:51:49,605] {processor.py:171} INFO - Processing /opt/airflow/dags/zone_download_ingest_gcs.py took 3.271 seconds
[2022-02-03 22:52:21,129] {processor.py:163} INFO - Started process (PID=578) to work on /opt/airflow/dags/zone_download_ingest_gcs.py
[2022-02-03 22:52:21,134] {processor.py:642} INFO - Processing file /opt/airflow/dags/zone_download_ingest_gcs.py for tasks to queue
[2022-02-03 22:52:21,137] {logging_mixin.py:109} INFO - [2022-02-03 22:52:21,136] {dagbag.py:500} INFO - Filling up the DagBag from /opt/airflow/dags/zone_download_ingest_gcs.py
[2022-02-03 22:52:25,471] {processor.py:654} INFO - DAG(s) dict_keys(['zone_ingest_2_gcs_dag']) retrieved from /opt/airflow/dags/zone_download_ingest_gcs.py
[2022-02-03 22:52:25,519] {logging_mixin.py:109} INFO - [2022-02-03 22:52:25,518] {dag.py:2396} INFO - Sync 1 DAGs
[2022-02-03 22:52:25,604] {logging_mixin.py:109} INFO - [2022-02-03 22:52:25,604] {dag.py:2935} INFO - Setting next_dagrun for zone_ingest_2_gcs_dag to 2022-02-02T06:00:00+00:00
[2022-02-03 22:52:25,631] {processor.py:171} INFO - Processing /opt/airflow/dags/zone_download_ingest_gcs.py took 4.510 seconds
[2022-02-03 22:52:55,937] {processor.py:163} INFO - Started process (PID=641) to work on /opt/airflow/dags/zone_download_ingest_gcs.py
[2022-02-03 22:52:55,945] {processor.py:642} INFO - Processing file /opt/airflow/dags/zone_download_ingest_gcs.py for tasks to queue
[2022-02-03 22:52:55,952] {logging_mixin.py:109} INFO - [2022-02-03 22:52:55,952] {dagbag.py:500} INFO - Filling up the DagBag from /opt/airflow/dags/zone_download_ingest_gcs.py
[2022-02-03 22:53:00,138] {processor.py:654} INFO - DAG(s) dict_keys(['zone_ingest_2_gcs_dag']) retrieved from /opt/airflow/dags/zone_download_ingest_gcs.py
[2022-02-03 22:53:00,192] {logging_mixin.py:109} INFO - [2022-02-03 22:53:00,190] {dag.py:2396} INFO - Sync 1 DAGs
[2022-02-03 22:53:00,343] {logging_mixin.py:109} INFO - [2022-02-03 22:53:00,342] {dag.py:2935} INFO - Setting next_dagrun for zone_ingest_2_gcs_dag to 2022-02-02T06:00:00+00:00
[2022-02-03 22:53:00,396] {processor.py:171} INFO - Processing /opt/airflow/dags/zone_download_ingest_gcs.py took 4.469 seconds
[2022-02-03 22:53:31,142] {processor.py:163} INFO - Started process (PID=689) to work on /opt/airflow/dags/zone_download_ingest_gcs.py
[2022-02-03 22:53:31,147] {processor.py:642} INFO - Processing file /opt/airflow/dags/zone_download_ingest_gcs.py for tasks to queue
[2022-02-03 22:53:31,150] {logging_mixin.py:109} INFO - [2022-02-03 22:53:31,150] {dagbag.py:500} INFO - Filling up the DagBag from /opt/airflow/dags/zone_download_ingest_gcs.py
[2022-02-03 22:53:33,964] {processor.py:654} INFO - DAG(s) dict_keys(['zone_ingest_2_gcs_dag']) retrieved from /opt/airflow/dags/zone_download_ingest_gcs.py
[2022-02-03 22:53:34,000] {logging_mixin.py:109} INFO - [2022-02-03 22:53:33,999] {dag.py:2396} INFO - Sync 1 DAGs
[2022-02-03 22:53:34,061] {logging_mixin.py:109} INFO - [2022-02-03 22:53:34,060] {dag.py:2935} INFO - Setting next_dagrun for zone_ingest_2_gcs_dag to 2022-02-02T06:00:00+00:00
[2022-02-03 22:53:34,088] {processor.py:171} INFO - Processing /opt/airflow/dags/zone_download_ingest_gcs.py took 2.951 seconds
[2022-02-03 22:54:04,169] {processor.py:163} INFO - Started process (PID=755) to work on /opt/airflow/dags/zone_download_ingest_gcs.py
[2022-02-03 22:54:04,174] {processor.py:642} INFO - Processing file /opt/airflow/dags/zone_download_ingest_gcs.py for tasks to queue
[2022-02-03 22:54:04,179] {logging_mixin.py:109} INFO - [2022-02-03 22:54:04,178] {dagbag.py:500} INFO - Filling up the DagBag from /opt/airflow/dags/zone_download_ingest_gcs.py
[2022-02-03 22:54:07,994] {processor.py:654} INFO - DAG(s) dict_keys(['zone_ingest_2_gcs_dag']) retrieved from /opt/airflow/dags/zone_download_ingest_gcs.py
[2022-02-03 22:54:08,034] {logging_mixin.py:109} INFO - [2022-02-03 22:54:08,033] {dag.py:2396} INFO - Sync 1 DAGs
[2022-02-03 22:54:08,103] {logging_mixin.py:109} INFO - [2022-02-03 22:54:08,102] {dag.py:2935} INFO - Setting next_dagrun for zone_ingest_2_gcs_dag to 2022-02-02T06:00:00+00:00
[2022-02-03 22:54:08,126] {processor.py:171} INFO - Processing /opt/airflow/dags/zone_download_ingest_gcs.py took 3.965 seconds
[2022-02-03 22:54:38,471] {processor.py:163} INFO - Started process (PID=824) to work on /opt/airflow/dags/zone_download_ingest_gcs.py
[2022-02-03 22:54:38,477] {processor.py:642} INFO - Processing file /opt/airflow/dags/zone_download_ingest_gcs.py for tasks to queue
[2022-02-03 22:54:38,481] {logging_mixin.py:109} INFO - [2022-02-03 22:54:38,481] {dagbag.py:500} INFO - Filling up the DagBag from /opt/airflow/dags/zone_download_ingest_gcs.py
[2022-02-03 22:54:42,280] {processor.py:654} INFO - DAG(s) dict_keys(['zone_ingest_2_gcs_dag']) retrieved from /opt/airflow/dags/zone_download_ingest_gcs.py
[2022-02-03 22:54:42,327] {logging_mixin.py:109} INFO - [2022-02-03 22:54:42,326] {dag.py:2396} INFO - Sync 1 DAGs
[2022-02-03 22:54:42,405] {logging_mixin.py:109} INFO - [2022-02-03 22:54:42,404] {dag.py:2935} INFO - Setting next_dagrun for zone_ingest_2_gcs_dag to 2022-02-02T06:00:00+00:00
[2022-02-03 22:54:42,451] {processor.py:171} INFO - Processing /opt/airflow/dags/zone_download_ingest_gcs.py took 3.985 seconds
[2022-02-03 22:55:12,938] {processor.py:163} INFO - Started process (PID=873) to work on /opt/airflow/dags/zone_download_ingest_gcs.py
[2022-02-03 22:55:12,943] {processor.py:642} INFO - Processing file /opt/airflow/dags/zone_download_ingest_gcs.py for tasks to queue
[2022-02-03 22:55:12,945] {logging_mixin.py:109} INFO - [2022-02-03 22:55:12,945] {dagbag.py:500} INFO - Filling up the DagBag from /opt/airflow/dags/zone_download_ingest_gcs.py
[2022-02-03 22:55:16,144] {processor.py:654} INFO - DAG(s) dict_keys(['zone_ingest_2_gcs_dag']) retrieved from /opt/airflow/dags/zone_download_ingest_gcs.py
[2022-02-03 22:55:16,186] {logging_mixin.py:109} INFO - [2022-02-03 22:55:16,185] {dag.py:2396} INFO - Sync 1 DAGs
[2022-02-03 22:55:16,311] {logging_mixin.py:109} INFO - [2022-02-03 22:55:16,310] {dag.py:2935} INFO - Setting next_dagrun for zone_ingest_2_gcs_dag to 2022-02-02T06:00:00+00:00
[2022-02-03 22:55:16,356] {processor.py:171} INFO - Processing /opt/airflow/dags/zone_download_ingest_gcs.py took 3.424 seconds
[2022-02-03 22:55:46,795] {processor.py:163} INFO - Started process (PID=937) to work on /opt/airflow/dags/zone_download_ingest_gcs.py
[2022-02-03 22:55:46,800] {processor.py:642} INFO - Processing file /opt/airflow/dags/zone_download_ingest_gcs.py for tasks to queue
[2022-02-03 22:55:46,803] {logging_mixin.py:109} INFO - [2022-02-03 22:55:46,802] {dagbag.py:500} INFO - Filling up the DagBag from /opt/airflow/dags/zone_download_ingest_gcs.py
[2022-02-03 22:55:49,768] {processor.py:654} INFO - DAG(s) dict_keys(['zone_ingest_2_gcs_dag']) retrieved from /opt/airflow/dags/zone_download_ingest_gcs.py
[2022-02-03 22:55:49,810] {logging_mixin.py:109} INFO - [2022-02-03 22:55:49,809] {dag.py:2396} INFO - Sync 1 DAGs
[2022-02-03 22:55:49,889] {logging_mixin.py:109} INFO - [2022-02-03 22:55:49,889] {dag.py:2935} INFO - Setting next_dagrun for zone_ingest_2_gcs_dag to 2022-02-02T06:00:00+00:00
[2022-02-03 22:55:49,912] {processor.py:171} INFO - Processing /opt/airflow/dags/zone_download_ingest_gcs.py took 3.124 seconds
[2022-02-03 22:56:21,580] {processor.py:163} INFO - Started process (PID=1000) to work on /opt/airflow/dags/zone_download_ingest_gcs.py
[2022-02-03 22:56:21,585] {processor.py:642} INFO - Processing file /opt/airflow/dags/zone_download_ingest_gcs.py for tasks to queue
[2022-02-03 22:56:21,589] {logging_mixin.py:109} INFO - [2022-02-03 22:56:21,588] {dagbag.py:500} INFO - Filling up the DagBag from /opt/airflow/dags/zone_download_ingest_gcs.py
[2022-02-03 22:56:25,883] {processor.py:654} INFO - DAG(s) dict_keys(['zone_ingest_2_gcs_dag']) retrieved from /opt/airflow/dags/zone_download_ingest_gcs.py
[2022-02-03 22:56:25,933] {logging_mixin.py:109} INFO - [2022-02-03 22:56:25,931] {dag.py:2396} INFO - Sync 1 DAGs
[2022-02-03 22:56:26,015] {logging_mixin.py:109} INFO - [2022-02-03 22:56:26,014] {dag.py:2935} INFO - Setting next_dagrun for zone_ingest_2_gcs_dag to 2022-02-02T06:00:00+00:00
[2022-02-03 22:56:26,044] {processor.py:171} INFO - Processing /opt/airflow/dags/zone_download_ingest_gcs.py took 4.470 seconds
[2022-02-03 22:56:56,507] {processor.py:163} INFO - Started process (PID=1062) to work on /opt/airflow/dags/zone_download_ingest_gcs.py
[2022-02-03 22:56:56,517] {processor.py:642} INFO - Processing file /opt/airflow/dags/zone_download_ingest_gcs.py for tasks to queue
[2022-02-03 22:56:56,527] {logging_mixin.py:109} INFO - [2022-02-03 22:56:56,526] {dagbag.py:500} INFO - Filling up the DagBag from /opt/airflow/dags/zone_download_ingest_gcs.py
[2022-02-03 22:57:00,482] {processor.py:654} INFO - DAG(s) dict_keys(['zone_ingest_2_gcs_dag']) retrieved from /opt/airflow/dags/zone_download_ingest_gcs.py
[2022-02-03 22:57:00,525] {logging_mixin.py:109} INFO - [2022-02-03 22:57:00,524] {dag.py:2396} INFO - Sync 1 DAGs
[2022-02-03 22:57:00,606] {logging_mixin.py:109} INFO - [2022-02-03 22:57:00,605] {dag.py:2935} INFO - Setting next_dagrun for zone_ingest_2_gcs_dag to 2022-02-02T06:00:00+00:00
[2022-02-03 22:57:00,631] {processor.py:171} INFO - Processing /opt/airflow/dags/zone_download_ingest_gcs.py took 4.140 seconds
[2022-02-03 22:57:31,110] {processor.py:163} INFO - Started process (PID=1108) to work on /opt/airflow/dags/zone_download_ingest_gcs.py
[2022-02-03 22:57:31,115] {processor.py:642} INFO - Processing file /opt/airflow/dags/zone_download_ingest_gcs.py for tasks to queue
[2022-02-03 22:57:31,117] {logging_mixin.py:109} INFO - [2022-02-03 22:57:31,117] {dagbag.py:500} INFO - Filling up the DagBag from /opt/airflow/dags/zone_download_ingest_gcs.py
[2022-02-03 22:57:33,951] {processor.py:654} INFO - DAG(s) dict_keys(['zone_ingest_2_gcs_dag']) retrieved from /opt/airflow/dags/zone_download_ingest_gcs.py
[2022-02-03 22:57:33,984] {logging_mixin.py:109} INFO - [2022-02-03 22:57:33,983] {dag.py:2396} INFO - Sync 1 DAGs
[2022-02-03 22:57:34,041] {logging_mixin.py:109} INFO - [2022-02-03 22:57:34,041] {dag.py:2935} INFO - Setting next_dagrun for zone_ingest_2_gcs_dag to 2022-02-02T06:00:00+00:00
[2022-02-03 22:57:34,062] {processor.py:171} INFO - Processing /opt/airflow/dags/zone_download_ingest_gcs.py took 2.960 seconds
[2022-02-03 22:58:04,218] {processor.py:163} INFO - Started process (PID=1171) to work on /opt/airflow/dags/zone_download_ingest_gcs.py
[2022-02-03 22:58:04,230] {processor.py:642} INFO - Processing file /opt/airflow/dags/zone_download_ingest_gcs.py for tasks to queue
[2022-02-03 22:58:04,236] {logging_mixin.py:109} INFO - [2022-02-03 22:58:04,236] {dagbag.py:500} INFO - Filling up the DagBag from /opt/airflow/dags/zone_download_ingest_gcs.py
[2022-02-03 22:58:08,210] {processor.py:654} INFO - DAG(s) dict_keys(['zone_ingest_2_gcs_dag']) retrieved from /opt/airflow/dags/zone_download_ingest_gcs.py
[2022-02-03 22:58:08,247] {logging_mixin.py:109} INFO - [2022-02-03 22:58:08,246] {dag.py:2396} INFO - Sync 1 DAGs
[2022-02-03 22:58:08,317] {logging_mixin.py:109} INFO - [2022-02-03 22:58:08,316] {dag.py:2935} INFO - Setting next_dagrun for zone_ingest_2_gcs_dag to 2022-02-02T06:00:00+00:00
[2022-02-03 22:58:08,339] {processor.py:171} INFO - Processing /opt/airflow/dags/zone_download_ingest_gcs.py took 4.132 seconds
[2022-02-03 22:58:39,099] {processor.py:163} INFO - Started process (PID=1235) to work on /opt/airflow/dags/zone_download_ingest_gcs.py
[2022-02-03 22:58:39,104] {processor.py:642} INFO - Processing file /opt/airflow/dags/zone_download_ingest_gcs.py for tasks to queue
[2022-02-03 22:58:39,108] {logging_mixin.py:109} INFO - [2022-02-03 22:58:39,107] {dagbag.py:500} INFO - Filling up the DagBag from /opt/airflow/dags/zone_download_ingest_gcs.py
[2022-02-03 22:58:43,448] {processor.py:654} INFO - DAG(s) dict_keys(['zone_ingest_2_gcs_dag']) retrieved from /opt/airflow/dags/zone_download_ingest_gcs.py
[2022-02-03 22:58:43,518] {logging_mixin.py:109} INFO - [2022-02-03 22:58:43,517] {dag.py:2396} INFO - Sync 1 DAGs
[2022-02-03 22:58:43,594] {logging_mixin.py:109} INFO - [2022-02-03 22:58:43,594] {dag.py:2935} INFO - Setting next_dagrun for zone_ingest_2_gcs_dag to 2022-02-02T06:00:00+00:00
[2022-02-03 22:58:43,621] {processor.py:171} INFO - Processing /opt/airflow/dags/zone_download_ingest_gcs.py took 4.530 seconds
[2022-02-03 22:59:14,136] {processor.py:163} INFO - Started process (PID=1281) to work on /opt/airflow/dags/zone_download_ingest_gcs.py
[2022-02-03 22:59:14,140] {processor.py:642} INFO - Processing file /opt/airflow/dags/zone_download_ingest_gcs.py for tasks to queue
[2022-02-03 22:59:14,142] {logging_mixin.py:109} INFO - [2022-02-03 22:59:14,142] {dagbag.py:500} INFO - Filling up the DagBag from /opt/airflow/dags/zone_download_ingest_gcs.py
[2022-02-03 22:59:17,822] {processor.py:654} INFO - DAG(s) dict_keys(['zone_ingest_2_gcs_dag']) retrieved from /opt/airflow/dags/zone_download_ingest_gcs.py
[2022-02-03 22:59:17,919] {logging_mixin.py:109} INFO - [2022-02-03 22:59:17,918] {dag.py:2396} INFO - Sync 1 DAGs
[2022-02-03 22:59:18,002] {logging_mixin.py:109} INFO - [2022-02-03 22:59:17,998] {dag.py:2935} INFO - Setting next_dagrun for zone_ingest_2_gcs_dag to 2022-02-02T06:00:00+00:00
[2022-02-03 22:59:18,058] {processor.py:171} INFO - Processing /opt/airflow/dags/zone_download_ingest_gcs.py took 3.928 seconds
[2022-02-03 22:59:48,568] {processor.py:163} INFO - Started process (PID=1346) to work on /opt/airflow/dags/zone_download_ingest_gcs.py
[2022-02-03 22:59:48,573] {processor.py:642} INFO - Processing file /opt/airflow/dags/zone_download_ingest_gcs.py for tasks to queue
[2022-02-03 22:59:48,575] {logging_mixin.py:109} INFO - [2022-02-03 22:59:48,575] {dagbag.py:500} INFO - Filling up the DagBag from /opt/airflow/dags/zone_download_ingest_gcs.py
[2022-02-03 22:59:51,518] {processor.py:654} INFO - DAG(s) dict_keys(['zone_ingest_2_gcs_dag']) retrieved from /opt/airflow/dags/zone_download_ingest_gcs.py
[2022-02-03 22:59:51,553] {logging_mixin.py:109} INFO - [2022-02-03 22:59:51,552] {dag.py:2396} INFO - Sync 1 DAGs
[2022-02-03 22:59:51,614] {logging_mixin.py:109} INFO - [2022-02-03 22:59:51,614] {dag.py:2935} INFO - Setting next_dagrun for zone_ingest_2_gcs_dag to 2022-02-02T06:00:00+00:00
[2022-02-03 22:59:51,635] {processor.py:171} INFO - Processing /opt/airflow/dags/zone_download_ingest_gcs.py took 3.074 seconds
[2022-02-03 23:00:22,710] {processor.py:163} INFO - Started process (PID=1409) to work on /opt/airflow/dags/zone_download_ingest_gcs.py
[2022-02-03 23:00:22,715] {processor.py:642} INFO - Processing file /opt/airflow/dags/zone_download_ingest_gcs.py for tasks to queue
[2022-02-03 23:00:22,719] {logging_mixin.py:109} INFO - [2022-02-03 23:00:22,718] {dagbag.py:500} INFO - Filling up the DagBag from /opt/airflow/dags/zone_download_ingest_gcs.py
[2022-02-03 23:00:26,811] {processor.py:654} INFO - DAG(s) dict_keys(['zone_ingest_2_gcs_dag']) retrieved from /opt/airflow/dags/zone_download_ingest_gcs.py
[2022-02-03 23:00:26,851] {logging_mixin.py:109} INFO - [2022-02-03 23:00:26,850] {dag.py:2396} INFO - Sync 1 DAGs
[2022-02-03 23:00:26,929] {logging_mixin.py:109} INFO - [2022-02-03 23:00:26,928] {dag.py:2935} INFO - Setting next_dagrun for zone_ingest_2_gcs_dag to 2022-02-02T06:00:00+00:00
[2022-02-03 23:00:26,958] {processor.py:171} INFO - Processing /opt/airflow/dags/zone_download_ingest_gcs.py took 4.259 seconds
[2022-02-03 23:00:57,087] {processor.py:163} INFO - Started process (PID=1476) to work on /opt/airflow/dags/zone_download_ingest_gcs.py
[2022-02-03 23:00:57,097] {processor.py:642} INFO - Processing file /opt/airflow/dags/zone_download_ingest_gcs.py for tasks to queue
[2022-02-03 23:00:57,102] {logging_mixin.py:109} INFO - [2022-02-03 23:00:57,101] {dagbag.py:500} INFO - Filling up the DagBag from /opt/airflow/dags/zone_download_ingest_gcs.py
[2022-02-03 23:01:01,041] {processor.py:654} INFO - DAG(s) dict_keys(['zone_ingest_2_gcs_dag']) retrieved from /opt/airflow/dags/zone_download_ingest_gcs.py
[2022-02-03 23:01:01,092] {logging_mixin.py:109} INFO - [2022-02-03 23:01:01,091] {dag.py:2396} INFO - Sync 1 DAGs
[2022-02-03 23:01:01,173] {logging_mixin.py:109} INFO - [2022-02-03 23:01:01,173] {dag.py:2935} INFO - Setting next_dagrun for zone_ingest_2_gcs_dag to 2022-02-02T06:00:00+00:00
[2022-02-03 23:01:01,201] {processor.py:171} INFO - Processing /opt/airflow/dags/zone_download_ingest_gcs.py took 4.122 seconds
[2022-02-03 23:01:31,590] {processor.py:163} INFO - Started process (PID=1522) to work on /opt/airflow/dags/zone_download_ingest_gcs.py
[2022-02-03 23:01:31,595] {processor.py:642} INFO - Processing file /opt/airflow/dags/zone_download_ingest_gcs.py for tasks to queue
[2022-02-03 23:01:31,598] {logging_mixin.py:109} INFO - [2022-02-03 23:01:31,598] {dagbag.py:500} INFO - Filling up the DagBag from /opt/airflow/dags/zone_download_ingest_gcs.py
[2022-02-03 23:01:34,508] {processor.py:654} INFO - DAG(s) dict_keys(['zone_ingest_2_gcs_dag']) retrieved from /opt/airflow/dags/zone_download_ingest_gcs.py
[2022-02-03 23:01:34,542] {logging_mixin.py:109} INFO - [2022-02-03 23:01:34,541] {dag.py:2396} INFO - Sync 1 DAGs
[2022-02-03 23:01:34,601] {logging_mixin.py:109} INFO - [2022-02-03 23:01:34,601] {dag.py:2935} INFO - Setting next_dagrun for zone_ingest_2_gcs_dag to 2022-02-02T06:00:00+00:00
[2022-02-03 23:01:34,623] {processor.py:171} INFO - Processing /opt/airflow/dags/zone_download_ingest_gcs.py took 3.042 seconds
[2022-02-03 23:02:05,283] {processor.py:163} INFO - Started process (PID=1589) to work on /opt/airflow/dags/zone_download_ingest_gcs.py
[2022-02-03 23:02:05,290] {processor.py:642} INFO - Processing file /opt/airflow/dags/zone_download_ingest_gcs.py for tasks to queue
[2022-02-03 23:02:05,294] {logging_mixin.py:109} INFO - [2022-02-03 23:02:05,294] {dagbag.py:500} INFO - Filling up the DagBag from /opt/airflow/dags/zone_download_ingest_gcs.py
[2022-02-03 23:02:08,864] {processor.py:654} INFO - DAG(s) dict_keys(['zone_ingest_2_gcs_dag']) retrieved from /opt/airflow/dags/zone_download_ingest_gcs.py
[2022-02-03 23:02:08,908] {logging_mixin.py:109} INFO - [2022-02-03 23:02:08,906] {dag.py:2396} INFO - Sync 1 DAGs
[2022-02-03 23:02:08,980] {logging_mixin.py:109} INFO - [2022-02-03 23:02:08,980] {dag.py:2935} INFO - Setting next_dagrun for zone_ingest_2_gcs_dag to 2022-02-02T06:00:00+00:00
[2022-02-03 23:02:09,005] {processor.py:171} INFO - Processing /opt/airflow/dags/zone_download_ingest_gcs.py took 3.736 seconds
[2022-02-03 23:02:39,079] {processor.py:163} INFO - Started process (PID=1657) to work on /opt/airflow/dags/zone_download_ingest_gcs.py
[2022-02-03 23:02:39,084] {processor.py:642} INFO - Processing file /opt/airflow/dags/zone_download_ingest_gcs.py for tasks to queue
[2022-02-03 23:02:39,089] {logging_mixin.py:109} INFO - [2022-02-03 23:02:39,089] {dagbag.py:500} INFO - Filling up the DagBag from /opt/airflow/dags/zone_download_ingest_gcs.py
[2022-02-03 23:02:43,154] {processor.py:654} INFO - DAG(s) dict_keys(['zone_ingest_2_gcs_dag']) retrieved from /opt/airflow/dags/zone_download_ingest_gcs.py
[2022-02-03 23:02:43,193] {logging_mixin.py:109} INFO - [2022-02-03 23:02:43,192] {dag.py:2396} INFO - Sync 1 DAGs
[2022-02-03 23:02:43,267] {logging_mixin.py:109} INFO - [2022-02-03 23:02:43,267] {dag.py:2935} INFO - Setting next_dagrun for zone_ingest_2_gcs_dag to 2022-02-02T06:00:00+00:00
[2022-02-03 23:02:43,292] {processor.py:171} INFO - Processing /opt/airflow/dags/zone_download_ingest_gcs.py took 4.222 seconds
[2022-02-03 23:03:13,597] {processor.py:163} INFO - Started process (PID=1707) to work on /opt/airflow/dags/zone_download_ingest_gcs.py
[2022-02-03 23:03:13,601] {processor.py:642} INFO - Processing file /opt/airflow/dags/zone_download_ingest_gcs.py for tasks to queue
[2022-02-03 23:03:13,603] {logging_mixin.py:109} INFO - [2022-02-03 23:03:13,603] {dagbag.py:500} INFO - Filling up the DagBag from /opt/airflow/dags/zone_download_ingest_gcs.py
[2022-02-03 23:03:17,205] {processor.py:654} INFO - DAG(s) dict_keys(['zone_ingest_2_gcs_dag']) retrieved from /opt/airflow/dags/zone_download_ingest_gcs.py
[2022-02-03 23:03:17,260] {logging_mixin.py:109} INFO - [2022-02-03 23:03:17,258] {dag.py:2396} INFO - Sync 1 DAGs
[2022-02-03 23:03:17,365] {logging_mixin.py:109} INFO - [2022-02-03 23:03:17,365] {dag.py:2935} INFO - Setting next_dagrun for zone_ingest_2_gcs_dag to 2022-02-02T06:00:00+00:00
[2022-02-03 23:03:17,396] {processor.py:171} INFO - Processing /opt/airflow/dags/zone_download_ingest_gcs.py took 3.805 seconds
[2022-02-03 23:03:48,112] {processor.py:163} INFO - Started process (PID=1770) to work on /opt/airflow/dags/zone_download_ingest_gcs.py
[2022-02-03 23:03:48,117] {processor.py:642} INFO - Processing file /opt/airflow/dags/zone_download_ingest_gcs.py for tasks to queue
[2022-02-03 23:03:48,120] {logging_mixin.py:109} INFO - [2022-02-03 23:03:48,119] {dagbag.py:500} INFO - Filling up the DagBag from /opt/airflow/dags/zone_download_ingest_gcs.py
[2022-02-03 23:03:51,006] {processor.py:654} INFO - DAG(s) dict_keys(['zone_ingest_2_gcs_dag']) retrieved from /opt/airflow/dags/zone_download_ingest_gcs.py
[2022-02-03 23:03:51,049] {logging_mixin.py:109} INFO - [2022-02-03 23:03:51,047] {dag.py:2396} INFO - Sync 1 DAGs
[2022-02-03 23:03:51,119] {logging_mixin.py:109} INFO - [2022-02-03 23:03:51,119] {dag.py:2935} INFO - Setting next_dagrun for zone_ingest_2_gcs_dag to 2022-02-02T06:00:00+00:00
[2022-02-03 23:03:51,147] {processor.py:171} INFO - Processing /opt/airflow/dags/zone_download_ingest_gcs.py took 3.042 seconds
[2022-02-03 23:04:21,885] {processor.py:163} INFO - Started process (PID=1835) to work on /opt/airflow/dags/zone_download_ingest_gcs.py
[2022-02-03 23:04:21,891] {processor.py:642} INFO - Processing file /opt/airflow/dags/zone_download_ingest_gcs.py for tasks to queue
[2022-02-03 23:04:21,894] {logging_mixin.py:109} INFO - [2022-02-03 23:04:21,893] {dagbag.py:500} INFO - Filling up the DagBag from /opt/airflow/dags/zone_download_ingest_gcs.py
[2022-02-03 23:04:26,109] {processor.py:654} INFO - DAG(s) dict_keys(['zone_ingest_2_gcs_dag']) retrieved from /opt/airflow/dags/zone_download_ingest_gcs.py
[2022-02-03 23:04:26,180] {logging_mixin.py:109} INFO - [2022-02-03 23:04:26,179] {dag.py:2396} INFO - Sync 1 DAGs
[2022-02-03 23:04:26,295] {logging_mixin.py:109} INFO - [2022-02-03 23:04:26,294] {dag.py:2935} INFO - Setting next_dagrun for zone_ingest_2_gcs_dag to 2022-02-02T06:00:00+00:00
[2022-02-03 23:04:26,325] {processor.py:171} INFO - Processing /opt/airflow/dags/zone_download_ingest_gcs.py took 4.447 seconds
[2022-02-03 23:04:57,120] {processor.py:163} INFO - Started process (PID=1905) to work on /opt/airflow/dags/zone_download_ingest_gcs.py
[2022-02-03 23:04:57,124] {processor.py:642} INFO - Processing file /opt/airflow/dags/zone_download_ingest_gcs.py for tasks to queue
[2022-02-03 23:04:57,127] {logging_mixin.py:109} INFO - [2022-02-03 23:04:57,127] {dagbag.py:500} INFO - Filling up the DagBag from /opt/airflow/dags/zone_download_ingest_gcs.py
[2022-02-03 23:05:01,352] {processor.py:654} INFO - DAG(s) dict_keys(['zone_ingest_2_gcs_dag']) retrieved from /opt/airflow/dags/zone_download_ingest_gcs.py
[2022-02-03 23:05:01,409] {logging_mixin.py:109} INFO - [2022-02-03 23:05:01,408] {dag.py:2396} INFO - Sync 1 DAGs
[2022-02-03 23:05:01,495] {logging_mixin.py:109} INFO - [2022-02-03 23:05:01,494] {dag.py:2935} INFO - Setting next_dagrun for zone_ingest_2_gcs_dag to 2022-02-02T06:00:00+00:00
[2022-02-03 23:05:01,523] {processor.py:171} INFO - Processing /opt/airflow/dags/zone_download_ingest_gcs.py took 4.411 seconds
[2022-02-03 23:05:32,147] {processor.py:163} INFO - Started process (PID=1955) to work on /opt/airflow/dags/zone_download_ingest_gcs.py
[2022-02-03 23:05:32,151] {processor.py:642} INFO - Processing file /opt/airflow/dags/zone_download_ingest_gcs.py for tasks to queue
[2022-02-03 23:05:32,154] {logging_mixin.py:109} INFO - [2022-02-03 23:05:32,154] {dagbag.py:500} INFO - Filling up the DagBag from /opt/airflow/dags/zone_download_ingest_gcs.py
[2022-02-03 23:05:35,153] {processor.py:654} INFO - DAG(s) dict_keys(['zone_ingest_2_gcs_dag']) retrieved from /opt/airflow/dags/zone_download_ingest_gcs.py
[2022-02-03 23:05:35,239] {logging_mixin.py:109} INFO - [2022-02-03 23:05:35,237] {dag.py:2396} INFO - Sync 1 DAGs
[2022-02-03 23:05:35,426] {logging_mixin.py:109} INFO - [2022-02-03 23:05:35,425] {dag.py:2935} INFO - Setting next_dagrun for zone_ingest_2_gcs_dag to 2022-02-02T06:00:00+00:00
[2022-02-03 23:05:35,470] {processor.py:171} INFO - Processing /opt/airflow/dags/zone_download_ingest_gcs.py took 3.332 seconds
[2022-02-03 23:06:06,443] {processor.py:163} INFO - Started process (PID=2018) to work on /opt/airflow/dags/zone_download_ingest_gcs.py
[2022-02-03 23:06:06,448] {processor.py:642} INFO - Processing file /opt/airflow/dags/zone_download_ingest_gcs.py for tasks to queue
[2022-02-03 23:06:06,452] {logging_mixin.py:109} INFO - [2022-02-03 23:06:06,452] {dagbag.py:500} INFO - Filling up the DagBag from /opt/airflow/dags/zone_download_ingest_gcs.py
[2022-02-03 23:06:10,401] {processor.py:654} INFO - DAG(s) dict_keys(['zone_ingest_2_gcs_dag']) retrieved from /opt/airflow/dags/zone_download_ingest_gcs.py
[2022-02-03 23:06:10,444] {logging_mixin.py:109} INFO - [2022-02-03 23:06:10,443] {dag.py:2396} INFO - Sync 1 DAGs
[2022-02-03 23:06:10,520] {logging_mixin.py:109} INFO - [2022-02-03 23:06:10,520] {dag.py:2935} INFO - Setting next_dagrun for zone_ingest_2_gcs_dag to 2022-02-02T06:00:00+00:00
[2022-02-03 23:06:10,546] {processor.py:171} INFO - Processing /opt/airflow/dags/zone_download_ingest_gcs.py took 4.111 seconds
[2022-02-03 23:06:40,952] {processor.py:163} INFO - Started process (PID=2084) to work on /opt/airflow/dags/zone_download_ingest_gcs.py
[2022-02-03 23:06:40,956] {processor.py:642} INFO - Processing file /opt/airflow/dags/zone_download_ingest_gcs.py for tasks to queue
[2022-02-03 23:06:40,959] {logging_mixin.py:109} INFO - [2022-02-03 23:06:40,959] {dagbag.py:500} INFO - Filling up the DagBag from /opt/airflow/dags/zone_download_ingest_gcs.py
[2022-02-03 23:06:45,125] {processor.py:654} INFO - DAG(s) dict_keys(['zone_ingest_2_gcs_dag']) retrieved from /opt/airflow/dags/zone_download_ingest_gcs.py
[2022-02-03 23:06:45,167] {logging_mixin.py:109} INFO - [2022-02-03 23:06:45,166] {dag.py:2396} INFO - Sync 1 DAGs
[2022-02-03 23:06:45,251] {logging_mixin.py:109} INFO - [2022-02-03 23:06:45,250] {dag.py:2935} INFO - Setting next_dagrun for zone_ingest_2_gcs_dag to 2022-02-02T06:00:00+00:00
[2022-02-03 23:06:45,279] {processor.py:171} INFO - Processing /opt/airflow/dags/zone_download_ingest_gcs.py took 4.335 seconds
[2022-02-03 23:07:15,769] {processor.py:163} INFO - Started process (PID=2145) to work on /opt/airflow/dags/zone_download_ingest_gcs.py
[2022-02-03 23:07:15,775] {processor.py:642} INFO - Processing file /opt/airflow/dags/zone_download_ingest_gcs.py for tasks to queue
[2022-02-03 23:07:15,778] {logging_mixin.py:109} INFO - [2022-02-03 23:07:15,778] {dagbag.py:500} INFO - Filling up the DagBag from /opt/airflow/dags/zone_download_ingest_gcs.py
[2022-02-03 23:07:19,847] {processor.py:654} INFO - DAG(s) dict_keys(['zone_ingest_2_gcs_dag']) retrieved from /opt/airflow/dags/zone_download_ingest_gcs.py
[2022-02-03 23:07:19,908] {logging_mixin.py:109} INFO - [2022-02-03 23:07:19,907] {dag.py:2396} INFO - Sync 1 DAGs
[2022-02-03 23:07:19,997] {logging_mixin.py:109} INFO - [2022-02-03 23:07:19,996] {dag.py:2935} INFO - Setting next_dagrun for zone_ingest_2_gcs_dag to 2022-02-02T06:00:00+00:00
[2022-02-03 23:07:20,050] {processor.py:171} INFO - Processing /opt/airflow/dags/zone_download_ingest_gcs.py took 4.288 seconds
[2022-02-03 23:07:50,636] {processor.py:163} INFO - Started process (PID=2201) to work on /opt/airflow/dags/zone_download_ingest_gcs.py
[2022-02-03 23:07:50,641] {processor.py:642} INFO - Processing file /opt/airflow/dags/zone_download_ingest_gcs.py for tasks to queue
[2022-02-03 23:07:50,643] {logging_mixin.py:109} INFO - [2022-02-03 23:07:50,643] {dagbag.py:500} INFO - Filling up the DagBag from /opt/airflow/dags/zone_download_ingest_gcs.py
[2022-02-03 23:07:53,599] {processor.py:654} INFO - DAG(s) dict_keys(['zone_ingest_2_gcs_dag']) retrieved from /opt/airflow/dags/zone_download_ingest_gcs.py
[2022-02-03 23:07:53,638] {logging_mixin.py:109} INFO - [2022-02-03 23:07:53,636] {dag.py:2396} INFO - Sync 1 DAGs
[2022-02-03 23:07:53,702] {logging_mixin.py:109} INFO - [2022-02-03 23:07:53,702] {dag.py:2935} INFO - Setting next_dagrun for zone_ingest_2_gcs_dag to 2022-02-02T06:00:00+00:00
[2022-02-03 23:07:53,728] {processor.py:171} INFO - Processing /opt/airflow/dags/zone_download_ingest_gcs.py took 3.098 seconds
[2022-02-03 23:08:24,432] {processor.py:163} INFO - Started process (PID=2269) to work on /opt/airflow/dags/zone_download_ingest_gcs.py
[2022-02-03 23:08:24,437] {processor.py:642} INFO - Processing file /opt/airflow/dags/zone_download_ingest_gcs.py for tasks to queue
[2022-02-03 23:08:24,449] {logging_mixin.py:109} INFO - [2022-02-03 23:08:24,449] {dagbag.py:500} INFO - Filling up the DagBag from /opt/airflow/dags/zone_download_ingest_gcs.py
[2022-02-03 23:08:28,331] {processor.py:654} INFO - DAG(s) dict_keys(['zone_ingest_2_gcs_dag']) retrieved from /opt/airflow/dags/zone_download_ingest_gcs.py
[2022-02-03 23:08:28,375] {logging_mixin.py:109} INFO - [2022-02-03 23:08:28,373] {dag.py:2396} INFO - Sync 1 DAGs
[2022-02-03 23:08:28,444] {logging_mixin.py:109} INFO - [2022-02-03 23:08:28,443] {dag.py:2935} INFO - Setting next_dagrun for zone_ingest_2_gcs_dag to 2022-02-02T06:00:00+00:00
[2022-02-03 23:08:28,469] {processor.py:171} INFO - Processing /opt/airflow/dags/zone_download_ingest_gcs.py took 4.062 seconds
[2022-02-03 23:08:58,881] {processor.py:163} INFO - Started process (PID=2333) to work on /opt/airflow/dags/zone_download_ingest_gcs.py
[2022-02-03 23:08:58,887] {processor.py:642} INFO - Processing file /opt/airflow/dags/zone_download_ingest_gcs.py for tasks to queue
[2022-02-03 23:08:58,890] {logging_mixin.py:109} INFO - [2022-02-03 23:08:58,890] {dagbag.py:500} INFO - Filling up the DagBag from /opt/airflow/dags/zone_download_ingest_gcs.py
[2022-02-03 23:09:03,084] {processor.py:654} INFO - DAG(s) dict_keys(['zone_ingest_2_gcs_dag']) retrieved from /opt/airflow/dags/zone_download_ingest_gcs.py
[2022-02-03 23:09:03,163] {logging_mixin.py:109} INFO - [2022-02-03 23:09:03,162] {dag.py:2396} INFO - Sync 1 DAGs
[2022-02-03 23:09:03,272] {logging_mixin.py:109} INFO - [2022-02-03 23:09:03,271] {dag.py:2935} INFO - Setting next_dagrun for zone_ingest_2_gcs_dag to 2022-02-02T06:00:00+00:00
[2022-02-03 23:09:03,330] {processor.py:171} INFO - Processing /opt/airflow/dags/zone_download_ingest_gcs.py took 4.458 seconds
[2022-02-03 23:09:33,640] {processor.py:163} INFO - Started process (PID=2379) to work on /opt/airflow/dags/zone_download_ingest_gcs.py
[2022-02-03 23:09:33,646] {processor.py:642} INFO - Processing file /opt/airflow/dags/zone_download_ingest_gcs.py for tasks to queue
[2022-02-03 23:09:33,649] {logging_mixin.py:109} INFO - [2022-02-03 23:09:33,649] {dagbag.py:500} INFO - Filling up the DagBag from /opt/airflow/dags/zone_download_ingest_gcs.py
[2022-02-03 23:09:37,230] {processor.py:654} INFO - DAG(s) dict_keys(['zone_ingest_2_gcs_dag']) retrieved from /opt/airflow/dags/zone_download_ingest_gcs.py
[2022-02-03 23:09:37,274] {logging_mixin.py:109} INFO - [2022-02-03 23:09:37,273] {dag.py:2396} INFO - Sync 1 DAGs
[2022-02-03 23:09:37,354] {logging_mixin.py:109} INFO - [2022-02-03 23:09:37,353] {dag.py:2935} INFO - Setting next_dagrun for zone_ingest_2_gcs_dag to 2022-02-02T06:00:00+00:00
[2022-02-03 23:09:37,381] {processor.py:171} INFO - Processing /opt/airflow/dags/zone_download_ingest_gcs.py took 3.752 seconds
[2022-02-03 23:10:08,174] {processor.py:163} INFO - Started process (PID=2450) to work on /opt/airflow/dags/zone_download_ingest_gcs.py
[2022-02-03 23:10:08,178] {processor.py:642} INFO - Processing file /opt/airflow/dags/zone_download_ingest_gcs.py for tasks to queue
[2022-02-03 23:10:08,181] {logging_mixin.py:109} INFO - [2022-02-03 23:10:08,181] {dagbag.py:500} INFO - Filling up the DagBag from /opt/airflow/dags/zone_download_ingest_gcs.py
[2022-02-03 23:10:11,209] {processor.py:654} INFO - DAG(s) dict_keys(['zone_ingest_2_gcs_dag']) retrieved from /opt/airflow/dags/zone_download_ingest_gcs.py
[2022-02-03 23:10:11,246] {logging_mixin.py:109} INFO - [2022-02-03 23:10:11,245] {dag.py:2396} INFO - Sync 1 DAGs
[2022-02-03 23:10:11,311] {logging_mixin.py:109} INFO - [2022-02-03 23:10:11,311] {dag.py:2935} INFO - Setting next_dagrun for zone_ingest_2_gcs_dag to 2022-02-02T06:00:00+00:00
[2022-02-03 23:10:11,335] {processor.py:171} INFO - Processing /opt/airflow/dags/zone_download_ingest_gcs.py took 3.168 seconds
[2022-02-03 23:10:42,016] {processor.py:163} INFO - Started process (PID=2520) to work on /opt/airflow/dags/zone_download_ingest_gcs.py
[2022-02-03 23:10:42,021] {processor.py:642} INFO - Processing file /opt/airflow/dags/zone_download_ingest_gcs.py for tasks to queue
[2022-02-03 23:10:42,024] {logging_mixin.py:109} INFO - [2022-02-03 23:10:42,024] {dagbag.py:500} INFO - Filling up the DagBag from /opt/airflow/dags/zone_download_ingest_gcs.py
[2022-02-03 23:10:46,553] {processor.py:654} INFO - DAG(s) dict_keys(['zone_ingest_2_gcs_dag']) retrieved from /opt/airflow/dags/zone_download_ingest_gcs.py
[2022-02-03 23:10:46,601] {logging_mixin.py:109} INFO - [2022-02-03 23:10:46,599] {dag.py:2396} INFO - Sync 1 DAGs
[2022-02-03 23:10:46,756] {logging_mixin.py:109} INFO - [2022-02-03 23:10:46,755] {dag.py:2935} INFO - Setting next_dagrun for zone_ingest_2_gcs_dag to 2022-02-02T06:00:00+00:00
[2022-02-03 23:10:46,798] {processor.py:171} INFO - Processing /opt/airflow/dags/zone_download_ingest_gcs.py took 4.789 seconds
[2022-02-03 23:11:16,943] {processor.py:163} INFO - Started process (PID=2588) to work on /opt/airflow/dags/zone_download_ingest_gcs.py
[2022-02-03 23:11:16,949] {processor.py:642} INFO - Processing file /opt/airflow/dags/zone_download_ingest_gcs.py for tasks to queue
[2022-02-03 23:11:16,953] {logging_mixin.py:109} INFO - [2022-02-03 23:11:16,952] {dagbag.py:500} INFO - Filling up the DagBag from /opt/airflow/dags/zone_download_ingest_gcs.py
[2022-02-03 23:11:21,051] {processor.py:654} INFO - DAG(s) dict_keys(['zone_ingest_2_gcs_dag']) retrieved from /opt/airflow/dags/zone_download_ingest_gcs.py
[2022-02-03 23:11:21,091] {logging_mixin.py:109} INFO - [2022-02-03 23:11:21,090] {dag.py:2396} INFO - Sync 1 DAGs
[2022-02-03 23:11:21,164] {logging_mixin.py:109} INFO - [2022-02-03 23:11:21,164] {dag.py:2935} INFO - Setting next_dagrun for zone_ingest_2_gcs_dag to 2022-02-02T06:00:00+00:00
[2022-02-03 23:11:21,191] {processor.py:171} INFO - Processing /opt/airflow/dags/zone_download_ingest_gcs.py took 4.255 seconds
[2022-02-03 23:11:51,740] {processor.py:163} INFO - Started process (PID=2635) to work on /opt/airflow/dags/zone_download_ingest_gcs.py
[2022-02-03 23:11:51,744] {processor.py:642} INFO - Processing file /opt/airflow/dags/zone_download_ingest_gcs.py for tasks to queue
[2022-02-03 23:11:51,751] {logging_mixin.py:109} INFO - [2022-02-03 23:11:51,751] {dagbag.py:500} INFO - Filling up the DagBag from /opt/airflow/dags/zone_download_ingest_gcs.py
[2022-02-03 23:11:54,756] {processor.py:654} INFO - DAG(s) dict_keys(['zone_ingest_2_gcs_dag']) retrieved from /opt/airflow/dags/zone_download_ingest_gcs.py
[2022-02-03 23:11:54,790] {logging_mixin.py:109} INFO - [2022-02-03 23:11:54,789] {dag.py:2396} INFO - Sync 1 DAGs
[2022-02-03 23:11:54,854] {logging_mixin.py:109} INFO - [2022-02-03 23:11:54,853] {dag.py:2935} INFO - Setting next_dagrun for zone_ingest_2_gcs_dag to 2022-02-02T06:00:00+00:00
[2022-02-03 23:11:54,875] {processor.py:171} INFO - Processing /opt/airflow/dags/zone_download_ingest_gcs.py took 3.141 seconds
[2022-02-03 23:12:25,374] {processor.py:163} INFO - Started process (PID=2697) to work on /opt/airflow/dags/zone_download_ingest_gcs.py
[2022-02-03 23:12:25,378] {processor.py:642} INFO - Processing file /opt/airflow/dags/zone_download_ingest_gcs.py for tasks to queue
[2022-02-03 23:12:25,382] {logging_mixin.py:109} INFO - [2022-02-03 23:12:25,381] {dagbag.py:500} INFO - Filling up the DagBag from /opt/airflow/dags/zone_download_ingest_gcs.py
[2022-02-03 23:12:29,054] {processor.py:654} INFO - DAG(s) dict_keys(['zone_ingest_2_gcs_dag']) retrieved from /opt/airflow/dags/zone_download_ingest_gcs.py
[2022-02-03 23:12:29,093] {logging_mixin.py:109} INFO - [2022-02-03 23:12:29,092] {dag.py:2396} INFO - Sync 1 DAGs
[2022-02-03 23:12:29,158] {logging_mixin.py:109} INFO - [2022-02-03 23:12:29,157] {dag.py:2935} INFO - Setting next_dagrun for zone_ingest_2_gcs_dag to 2022-02-02T06:00:00+00:00
[2022-02-03 23:12:29,181] {processor.py:171} INFO - Processing /opt/airflow/dags/zone_download_ingest_gcs.py took 3.816 seconds
[2022-02-03 23:12:59,344] {processor.py:163} INFO - Started process (PID=2763) to work on /opt/airflow/dags/zone_download_ingest_gcs.py
[2022-02-03 23:12:59,348] {processor.py:642} INFO - Processing file /opt/airflow/dags/zone_download_ingest_gcs.py for tasks to queue
[2022-02-03 23:12:59,351] {logging_mixin.py:109} INFO - [2022-02-03 23:12:59,351] {dagbag.py:500} INFO - Filling up the DagBag from /opt/airflow/dags/zone_download_ingest_gcs.py
[2022-02-03 23:13:03,260] {processor.py:654} INFO - DAG(s) dict_keys(['zone_ingest_2_gcs_dag']) retrieved from /opt/airflow/dags/zone_download_ingest_gcs.py
[2022-02-03 23:13:03,315] {logging_mixin.py:109} INFO - [2022-02-03 23:13:03,304] {dag.py:2396} INFO - Sync 1 DAGs
[2022-02-03 23:13:03,455] {logging_mixin.py:109} INFO - [2022-02-03 23:13:03,454] {dag.py:2935} INFO - Setting next_dagrun for zone_ingest_2_gcs_dag to 2022-02-02T06:00:00+00:00
[2022-02-03 23:13:03,489] {processor.py:171} INFO - Processing /opt/airflow/dags/zone_download_ingest_gcs.py took 4.153 seconds
[2022-02-03 23:13:33,570] {processor.py:163} INFO - Started process (PID=2812) to work on /opt/airflow/dags/zone_download_ingest_gcs.py
[2022-02-03 23:13:33,574] {processor.py:642} INFO - Processing file /opt/airflow/dags/zone_download_ingest_gcs.py for tasks to queue
[2022-02-03 23:13:33,576] {logging_mixin.py:109} INFO - [2022-02-03 23:13:33,576] {dagbag.py:500} INFO - Filling up the DagBag from /opt/airflow/dags/zone_download_ingest_gcs.py
[2022-02-03 23:13:36,780] {processor.py:654} INFO - DAG(s) dict_keys(['zone_ingest_2_gcs_dag']) retrieved from /opt/airflow/dags/zone_download_ingest_gcs.py
[2022-02-03 23:13:36,831] {logging_mixin.py:109} INFO - [2022-02-03 23:13:36,829] {dag.py:2396} INFO - Sync 1 DAGs
[2022-02-03 23:13:36,910] {logging_mixin.py:109} INFO - [2022-02-03 23:13:36,909] {dag.py:2935} INFO - Setting next_dagrun for zone_ingest_2_gcs_dag to 2022-02-02T06:00:00+00:00
[2022-02-03 23:13:36,939] {processor.py:171} INFO - Processing /opt/airflow/dags/zone_download_ingest_gcs.py took 3.375 seconds
[2022-02-03 23:14:07,427] {processor.py:163} INFO - Started process (PID=2877) to work on /opt/airflow/dags/zone_download_ingest_gcs.py
[2022-02-03 23:14:07,431] {processor.py:642} INFO - Processing file /opt/airflow/dags/zone_download_ingest_gcs.py for tasks to queue
[2022-02-03 23:14:07,434] {logging_mixin.py:109} INFO - [2022-02-03 23:14:07,433] {dagbag.py:500} INFO - Filling up the DagBag from /opt/airflow/dags/zone_download_ingest_gcs.py
[2022-02-03 23:14:10,476] {processor.py:654} INFO - DAG(s) dict_keys(['zone_ingest_2_gcs_dag']) retrieved from /opt/airflow/dags/zone_download_ingest_gcs.py
[2022-02-03 23:14:10,512] {logging_mixin.py:109} INFO - [2022-02-03 23:14:10,511] {dag.py:2396} INFO - Sync 1 DAGs
[2022-02-03 23:14:10,575] {logging_mixin.py:109} INFO - [2022-02-03 23:14:10,574] {dag.py:2935} INFO - Setting next_dagrun for zone_ingest_2_gcs_dag to 2022-02-02T06:00:00+00:00
[2022-02-03 23:14:10,595] {processor.py:171} INFO - Processing /opt/airflow/dags/zone_download_ingest_gcs.py took 3.175 seconds
[2022-02-03 23:14:41,445] {processor.py:163} INFO - Started process (PID=2940) to work on /opt/airflow/dags/zone_download_ingest_gcs.py
[2022-02-03 23:14:41,453] {processor.py:642} INFO - Processing file /opt/airflow/dags/zone_download_ingest_gcs.py for tasks to queue
[2022-02-03 23:14:41,457] {logging_mixin.py:109} INFO - [2022-02-03 23:14:41,456] {dagbag.py:500} INFO - Filling up the DagBag from /opt/airflow/dags/zone_download_ingest_gcs.py
[2022-02-03 23:14:45,449] {processor.py:654} INFO - DAG(s) dict_keys(['zone_ingest_2_gcs_dag']) retrieved from /opt/airflow/dags/zone_download_ingest_gcs.py
[2022-02-03 23:14:45,495] {logging_mixin.py:109} INFO - [2022-02-03 23:14:45,494] {dag.py:2396} INFO - Sync 1 DAGs
[2022-02-03 23:14:45,573] {logging_mixin.py:109} INFO - [2022-02-03 23:14:45,572] {dag.py:2935} INFO - Setting next_dagrun for zone_ingest_2_gcs_dag to 2022-02-02T06:00:00+00:00
[2022-02-03 23:14:45,608] {processor.py:171} INFO - Processing /opt/airflow/dags/zone_download_ingest_gcs.py took 4.169 seconds
[2022-02-03 23:15:16,037] {processor.py:163} INFO - Started process (PID=3003) to work on /opt/airflow/dags/zone_download_ingest_gcs.py
[2022-02-03 23:15:16,042] {processor.py:642} INFO - Processing file /opt/airflow/dags/zone_download_ingest_gcs.py for tasks to queue
[2022-02-03 23:15:16,045] {logging_mixin.py:109} INFO - [2022-02-03 23:15:16,045] {dagbag.py:500} INFO - Filling up the DagBag from /opt/airflow/dags/zone_download_ingest_gcs.py
[2022-02-03 23:15:20,294] {processor.py:654} INFO - DAG(s) dict_keys(['zone_ingest_2_gcs_dag']) retrieved from /opt/airflow/dags/zone_download_ingest_gcs.py
[2022-02-03 23:15:20,338] {logging_mixin.py:109} INFO - [2022-02-03 23:15:20,336] {dag.py:2396} INFO - Sync 1 DAGs
[2022-02-03 23:15:20,414] {logging_mixin.py:109} INFO - [2022-02-03 23:15:20,414] {dag.py:2935} INFO - Setting next_dagrun for zone_ingest_2_gcs_dag to 2022-02-02T06:00:00+00:00
[2022-02-03 23:15:20,440] {processor.py:171} INFO - Processing /opt/airflow/dags/zone_download_ingest_gcs.py took 4.410 seconds
[2022-02-03 23:15:50,609] {processor.py:163} INFO - Started process (PID=3056) to work on /opt/airflow/dags/zone_download_ingest_gcs.py
[2022-02-03 23:15:50,614] {processor.py:642} INFO - Processing file /opt/airflow/dags/zone_download_ingest_gcs.py for tasks to queue
[2022-02-03 23:15:50,616] {logging_mixin.py:109} INFO - [2022-02-03 23:15:50,616] {dagbag.py:500} INFO - Filling up the DagBag from /opt/airflow/dags/zone_download_ingest_gcs.py
[2022-02-03 23:15:53,460] {processor.py:654} INFO - DAG(s) dict_keys(['zone_ingest_2_gcs_dag']) retrieved from /opt/airflow/dags/zone_download_ingest_gcs.py
[2022-02-03 23:15:53,493] {logging_mixin.py:109} INFO - [2022-02-03 23:15:53,492] {dag.py:2396} INFO - Sync 1 DAGs
[2022-02-03 23:15:53,553] {logging_mixin.py:109} INFO - [2022-02-03 23:15:53,553] {dag.py:2935} INFO - Setting next_dagrun for zone_ingest_2_gcs_dag to 2022-02-02T06:00:00+00:00
[2022-02-03 23:15:53,576] {processor.py:171} INFO - Processing /opt/airflow/dags/zone_download_ingest_gcs.py took 2.973 seconds
[2022-02-03 23:16:24,154] {processor.py:163} INFO - Started process (PID=3122) to work on /opt/airflow/dags/zone_download_ingest_gcs.py
[2022-02-03 23:16:24,165] {processor.py:642} INFO - Processing file /opt/airflow/dags/zone_download_ingest_gcs.py for tasks to queue
[2022-02-03 23:16:24,169] {logging_mixin.py:109} INFO - [2022-02-03 23:16:24,168] {dagbag.py:500} INFO - Filling up the DagBag from /opt/airflow/dags/zone_download_ingest_gcs.py
[2022-02-03 23:16:28,299] {processor.py:654} INFO - DAG(s) dict_keys(['zone_ingest_2_gcs_dag']) retrieved from /opt/airflow/dags/zone_download_ingest_gcs.py
[2022-02-03 23:16:28,336] {logging_mixin.py:109} INFO - [2022-02-03 23:16:28,335] {dag.py:2396} INFO - Sync 1 DAGs
[2022-02-03 23:16:28,408] {logging_mixin.py:109} INFO - [2022-02-03 23:16:28,407] {dag.py:2935} INFO - Setting next_dagrun for zone_ingest_2_gcs_dag to 2022-02-02T06:00:00+00:00
[2022-02-03 23:16:28,432] {processor.py:171} INFO - Processing /opt/airflow/dags/zone_download_ingest_gcs.py took 4.286 seconds
[2022-02-03 23:16:58,555] {processor.py:163} INFO - Started process (PID=3187) to work on /opt/airflow/dags/zone_download_ingest_gcs.py
[2022-02-03 23:16:58,568] {processor.py:642} INFO - Processing file /opt/airflow/dags/zone_download_ingest_gcs.py for tasks to queue
[2022-02-03 23:16:58,572] {logging_mixin.py:109} INFO - [2022-02-03 23:16:58,572] {dagbag.py:500} INFO - Filling up the DagBag from /opt/airflow/dags/zone_download_ingest_gcs.py
[2022-02-03 23:17:02,905] {processor.py:654} INFO - DAG(s) dict_keys(['zone_ingest_2_gcs_dag']) retrieved from /opt/airflow/dags/zone_download_ingest_gcs.py
[2022-02-03 23:17:02,960] {logging_mixin.py:109} INFO - [2022-02-03 23:17:02,959] {dag.py:2396} INFO - Sync 1 DAGs
[2022-02-03 23:17:03,041] {logging_mixin.py:109} INFO - [2022-02-03 23:17:03,041] {dag.py:2935} INFO - Setting next_dagrun for zone_ingest_2_gcs_dag to 2022-02-02T06:00:00+00:00
[2022-02-03 23:17:03,075] {processor.py:171} INFO - Processing /opt/airflow/dags/zone_download_ingest_gcs.py took 4.528 seconds
[2022-02-03 23:17:33,723] {processor.py:163} INFO - Started process (PID=3235) to work on /opt/airflow/dags/zone_download_ingest_gcs.py
[2022-02-03 23:17:33,728] {processor.py:642} INFO - Processing file /opt/airflow/dags/zone_download_ingest_gcs.py for tasks to queue
[2022-02-03 23:17:33,731] {logging_mixin.py:109} INFO - [2022-02-03 23:17:33,731] {dagbag.py:500} INFO - Filling up the DagBag from /opt/airflow/dags/zone_download_ingest_gcs.py
[2022-02-03 23:17:37,191] {processor.py:654} INFO - DAG(s) dict_keys(['zone_ingest_2_gcs_dag']) retrieved from /opt/airflow/dags/zone_download_ingest_gcs.py
[2022-02-03 23:17:37,234] {logging_mixin.py:109} INFO - [2022-02-03 23:17:37,233] {dag.py:2396} INFO - Sync 1 DAGs
[2022-02-03 23:17:37,355] {logging_mixin.py:109} INFO - [2022-02-03 23:17:37,355] {dag.py:2935} INFO - Setting next_dagrun for zone_ingest_2_gcs_dag to 2022-02-02T06:00:00+00:00
[2022-02-03 23:17:37,386] {processor.py:171} INFO - Processing /opt/airflow/dags/zone_download_ingest_gcs.py took 3.673 seconds
[2022-02-03 23:18:08,142] {processor.py:163} INFO - Started process (PID=3300) to work on /opt/airflow/dags/zone_download_ingest_gcs.py
[2022-02-03 23:18:08,147] {processor.py:642} INFO - Processing file /opt/airflow/dags/zone_download_ingest_gcs.py for tasks to queue
[2022-02-03 23:18:08,150] {logging_mixin.py:109} INFO - [2022-02-03 23:18:08,149] {dagbag.py:500} INFO - Filling up the DagBag from /opt/airflow/dags/zone_download_ingest_gcs.py
[2022-02-03 23:18:11,193] {processor.py:654} INFO - DAG(s) dict_keys(['zone_ingest_2_gcs_dag']) retrieved from /opt/airflow/dags/zone_download_ingest_gcs.py
[2022-02-03 23:18:11,227] {logging_mixin.py:109} INFO - [2022-02-03 23:18:11,226] {dag.py:2396} INFO - Sync 1 DAGs
[2022-02-03 23:18:11,288] {logging_mixin.py:109} INFO - [2022-02-03 23:18:11,288] {dag.py:2935} INFO - Setting next_dagrun for zone_ingest_2_gcs_dag to 2022-02-02T06:00:00+00:00
[2022-02-03 23:18:11,310] {processor.py:171} INFO - Processing /opt/airflow/dags/zone_download_ingest_gcs.py took 3.176 seconds
[2022-02-03 23:18:42,196] {processor.py:163} INFO - Started process (PID=3366) to work on /opt/airflow/dags/zone_download_ingest_gcs.py
[2022-02-03 23:18:42,200] {processor.py:642} INFO - Processing file /opt/airflow/dags/zone_download_ingest_gcs.py for tasks to queue
[2022-02-03 23:18:42,203] {logging_mixin.py:109} INFO - [2022-02-03 23:18:42,203] {dagbag.py:500} INFO - Filling up the DagBag from /opt/airflow/dags/zone_download_ingest_gcs.py
[2022-02-03 23:18:46,456] {processor.py:654} INFO - DAG(s) dict_keys(['zone_ingest_2_gcs_dag']) retrieved from /opt/airflow/dags/zone_download_ingest_gcs.py
[2022-02-03 23:18:46,503] {logging_mixin.py:109} INFO - [2022-02-03 23:18:46,501] {dag.py:2396} INFO - Sync 1 DAGs
[2022-02-03 23:18:46,599] {logging_mixin.py:109} INFO - [2022-02-03 23:18:46,598] {dag.py:2935} INFO - Setting next_dagrun for zone_ingest_2_gcs_dag to 2022-02-02T06:00:00+00:00
[2022-02-03 23:18:46,627] {processor.py:171} INFO - Processing /opt/airflow/dags/zone_download_ingest_gcs.py took 4.440 seconds
[2022-02-03 23:19:17,466] {processor.py:163} INFO - Started process (PID=3434) to work on /opt/airflow/dags/zone_download_ingest_gcs.py
[2022-02-03 23:19:17,471] {processor.py:642} INFO - Processing file /opt/airflow/dags/zone_download_ingest_gcs.py for tasks to queue
[2022-02-03 23:19:17,474] {logging_mixin.py:109} INFO - [2022-02-03 23:19:17,474] {dagbag.py:500} INFO - Filling up the DagBag from /opt/airflow/dags/zone_download_ingest_gcs.py
[2022-02-03 23:19:21,400] {processor.py:654} INFO - DAG(s) dict_keys(['zone_ingest_2_gcs_dag']) retrieved from /opt/airflow/dags/zone_download_ingest_gcs.py
[2022-02-03 23:19:21,445] {logging_mixin.py:109} INFO - [2022-02-03 23:19:21,444] {dag.py:2396} INFO - Sync 1 DAGs
[2022-02-03 23:19:21,529] {logging_mixin.py:109} INFO - [2022-02-03 23:19:21,528] {dag.py:2935} INFO - Setting next_dagrun for zone_ingest_2_gcs_dag to 2022-02-02T06:00:00+00:00
[2022-02-03 23:19:21,554] {processor.py:171} INFO - Processing /opt/airflow/dags/zone_download_ingest_gcs.py took 4.107 seconds
[2022-02-03 23:19:52,040] {processor.py:163} INFO - Started process (PID=3481) to work on /opt/airflow/dags/zone_download_ingest_gcs.py
[2022-02-03 23:19:52,045] {processor.py:642} INFO - Processing file /opt/airflow/dags/zone_download_ingest_gcs.py for tasks to queue
[2022-02-03 23:19:52,048] {logging_mixin.py:109} INFO - [2022-02-03 23:19:52,047] {dagbag.py:500} INFO - Filling up the DagBag from /opt/airflow/dags/zone_download_ingest_gcs.py
[2022-02-03 23:19:54,945] {processor.py:654} INFO - DAG(s) dict_keys(['zone_ingest_2_gcs_dag']) retrieved from /opt/airflow/dags/zone_download_ingest_gcs.py
[2022-02-03 23:19:54,979] {logging_mixin.py:109} INFO - [2022-02-03 23:19:54,978] {dag.py:2396} INFO - Sync 1 DAGs
[2022-02-03 23:19:55,044] {logging_mixin.py:109} INFO - [2022-02-03 23:19:55,044] {dag.py:2935} INFO - Setting next_dagrun for zone_ingest_2_gcs_dag to 2022-02-02T06:00:00+00:00
[2022-02-03 23:19:55,066] {processor.py:171} INFO - Processing /opt/airflow/dags/zone_download_ingest_gcs.py took 3.036 seconds
[2022-02-03 23:20:25,172] {processor.py:163} INFO - Started process (PID=3545) to work on /opt/airflow/dags/zone_download_ingest_gcs.py
[2022-02-03 23:20:25,178] {processor.py:642} INFO - Processing file /opt/airflow/dags/zone_download_ingest_gcs.py for tasks to queue
[2022-02-03 23:20:25,181] {logging_mixin.py:109} INFO - [2022-02-03 23:20:25,180] {dagbag.py:500} INFO - Filling up the DagBag from /opt/airflow/dags/zone_download_ingest_gcs.py
[2022-02-03 23:20:28,993] {processor.py:654} INFO - DAG(s) dict_keys(['zone_ingest_2_gcs_dag']) retrieved from /opt/airflow/dags/zone_download_ingest_gcs.py
[2022-02-03 23:20:29,032] {logging_mixin.py:109} INFO - [2022-02-03 23:20:29,031] {dag.py:2396} INFO - Sync 1 DAGs
[2022-02-03 23:20:29,102] {logging_mixin.py:109} INFO - [2022-02-03 23:20:29,102] {dag.py:2935} INFO - Setting next_dagrun for zone_ingest_2_gcs_dag to 2022-02-02T06:00:00+00:00
[2022-02-03 23:20:29,127] {processor.py:171} INFO - Processing /opt/airflow/dags/zone_download_ingest_gcs.py took 3.934 seconds
[2022-02-03 23:20:59,392] {processor.py:163} INFO - Started process (PID=3609) to work on /opt/airflow/dags/zone_download_ingest_gcs.py
[2022-02-03 23:20:59,398] {processor.py:642} INFO - Processing file /opt/airflow/dags/zone_download_ingest_gcs.py for tasks to queue
[2022-02-03 23:20:59,401] {logging_mixin.py:109} INFO - [2022-02-03 23:20:59,401] {dagbag.py:500} INFO - Filling up the DagBag from /opt/airflow/dags/zone_download_ingest_gcs.py
[2022-02-03 23:21:03,227] {processor.py:654} INFO - DAG(s) dict_keys(['zone_ingest_2_gcs_dag']) retrieved from /opt/airflow/dags/zone_download_ingest_gcs.py
[2022-02-03 23:21:03,273] {logging_mixin.py:109} INFO - [2022-02-03 23:21:03,272] {dag.py:2396} INFO - Sync 1 DAGs
[2022-02-03 23:21:03,354] {logging_mixin.py:109} INFO - [2022-02-03 23:21:03,353] {dag.py:2935} INFO - Setting next_dagrun for zone_ingest_2_gcs_dag to 2022-02-02T06:00:00+00:00
[2022-02-03 23:21:03,381] {processor.py:171} INFO - Processing /opt/airflow/dags/zone_download_ingest_gcs.py took 3.998 seconds
[2022-02-03 23:21:33,699] {processor.py:163} INFO - Started process (PID=3657) to work on /opt/airflow/dags/zone_download_ingest_gcs.py
[2022-02-03 23:21:33,704] {processor.py:642} INFO - Processing file /opt/airflow/dags/zone_download_ingest_gcs.py for tasks to queue
[2022-02-03 23:21:33,707] {logging_mixin.py:109} INFO - [2022-02-03 23:21:33,706] {dagbag.py:500} INFO - Filling up the DagBag from /opt/airflow/dags/zone_download_ingest_gcs.py
[2022-02-03 23:21:36,914] {processor.py:654} INFO - DAG(s) dict_keys(['zone_ingest_2_gcs_dag']) retrieved from /opt/airflow/dags/zone_download_ingest_gcs.py
[2022-02-03 23:21:36,960] {logging_mixin.py:109} INFO - [2022-02-03 23:21:36,958] {dag.py:2396} INFO - Sync 1 DAGs
[2022-02-03 23:21:37,092] {logging_mixin.py:109} INFO - [2022-02-03 23:21:37,092] {dag.py:2935} INFO - Setting next_dagrun for zone_ingest_2_gcs_dag to 2022-02-02T06:00:00+00:00
[2022-02-03 23:21:37,140] {processor.py:171} INFO - Processing /opt/airflow/dags/zone_download_ingest_gcs.py took 3.448 seconds
[2022-02-03 23:22:07,887] {processor.py:163} INFO - Started process (PID=3722) to work on /opt/airflow/dags/zone_download_ingest_gcs.py
[2022-02-03 23:22:07,891] {processor.py:642} INFO - Processing file /opt/airflow/dags/zone_download_ingest_gcs.py for tasks to queue
[2022-02-03 23:22:07,893] {logging_mixin.py:109} INFO - [2022-02-03 23:22:07,893] {dagbag.py:500} INFO - Filling up the DagBag from /opt/airflow/dags/zone_download_ingest_gcs.py
[2022-02-03 23:22:11,008] {processor.py:654} INFO - DAG(s) dict_keys(['zone_ingest_2_gcs_dag']) retrieved from /opt/airflow/dags/zone_download_ingest_gcs.py
[2022-02-03 23:22:11,043] {logging_mixin.py:109} INFO - [2022-02-03 23:22:11,042] {dag.py:2396} INFO - Sync 1 DAGs
[2022-02-03 23:22:11,104] {logging_mixin.py:109} INFO - [2022-02-03 23:22:11,103] {dag.py:2935} INFO - Setting next_dagrun for zone_ingest_2_gcs_dag to 2022-02-02T06:00:00+00:00
[2022-02-03 23:22:11,126] {processor.py:171} INFO - Processing /opt/airflow/dags/zone_download_ingest_gcs.py took 3.246 seconds
[2022-02-03 23:22:41,794] {processor.py:163} INFO - Started process (PID=3788) to work on /opt/airflow/dags/zone_download_ingest_gcs.py
[2022-02-03 23:22:41,799] {processor.py:642} INFO - Processing file /opt/airflow/dags/zone_download_ingest_gcs.py for tasks to queue
[2022-02-03 23:22:41,803] {logging_mixin.py:109} INFO - [2022-02-03 23:22:41,802] {dagbag.py:500} INFO - Filling up the DagBag from /opt/airflow/dags/zone_download_ingest_gcs.py
[2022-02-03 23:22:45,633] {processor.py:654} INFO - DAG(s) dict_keys(['zone_ingest_2_gcs_dag']) retrieved from /opt/airflow/dags/zone_download_ingest_gcs.py
[2022-02-03 23:22:45,677] {logging_mixin.py:109} INFO - [2022-02-03 23:22:45,676] {dag.py:2396} INFO - Sync 1 DAGs
[2022-02-03 23:22:45,798] {logging_mixin.py:109} INFO - [2022-02-03 23:22:45,797] {dag.py:2935} INFO - Setting next_dagrun for zone_ingest_2_gcs_dag to 2022-02-02T06:00:00+00:00
[2022-02-03 23:22:45,836] {processor.py:171} INFO - Processing /opt/airflow/dags/zone_download_ingest_gcs.py took 4.048 seconds
[2022-02-03 23:23:16,507] {processor.py:163} INFO - Started process (PID=3852) to work on /opt/airflow/dags/zone_download_ingest_gcs.py
[2022-02-03 23:23:16,512] {processor.py:642} INFO - Processing file /opt/airflow/dags/zone_download_ingest_gcs.py for tasks to queue
[2022-02-03 23:23:16,516] {logging_mixin.py:109} INFO - [2022-02-03 23:23:16,515] {dagbag.py:500} INFO - Filling up the DagBag from /opt/airflow/dags/zone_download_ingest_gcs.py
[2022-02-03 23:23:20,507] {processor.py:654} INFO - DAG(s) dict_keys(['zone_ingest_2_gcs_dag']) retrieved from /opt/airflow/dags/zone_download_ingest_gcs.py
[2022-02-03 23:23:20,554] {logging_mixin.py:109} INFO - [2022-02-03 23:23:20,553] {dag.py:2396} INFO - Sync 1 DAGs
[2022-02-03 23:23:20,645] {logging_mixin.py:109} INFO - [2022-02-03 23:23:20,644] {dag.py:2935} INFO - Setting next_dagrun for zone_ingest_2_gcs_dag to 2022-02-02T06:00:00+00:00
[2022-02-03 23:23:20,668] {processor.py:171} INFO - Processing /opt/airflow/dags/zone_download_ingest_gcs.py took 4.177 seconds
[2022-02-03 23:23:51,577] {processor.py:163} INFO - Started process (PID=3900) to work on /opt/airflow/dags/zone_download_ingest_gcs.py
[2022-02-03 23:23:51,582] {processor.py:642} INFO - Processing file /opt/airflow/dags/zone_download_ingest_gcs.py for tasks to queue
[2022-02-03 23:23:51,585] {logging_mixin.py:109} INFO - [2022-02-03 23:23:51,584] {dagbag.py:500} INFO - Filling up the DagBag from /opt/airflow/dags/zone_download_ingest_gcs.py
[2022-02-03 23:23:54,462] {processor.py:654} INFO - DAG(s) dict_keys(['zone_ingest_2_gcs_dag']) retrieved from /opt/airflow/dags/zone_download_ingest_gcs.py
[2022-02-03 23:23:54,497] {logging_mixin.py:109} INFO - [2022-02-03 23:23:54,496] {dag.py:2396} INFO - Sync 1 DAGs
[2022-02-03 23:23:54,561] {logging_mixin.py:109} INFO - [2022-02-03 23:23:54,560] {dag.py:2935} INFO - Setting next_dagrun for zone_ingest_2_gcs_dag to 2022-02-02T06:00:00+00:00
[2022-02-03 23:23:54,583] {processor.py:171} INFO - Processing /opt/airflow/dags/zone_download_ingest_gcs.py took 3.015 seconds
[2022-02-03 23:24:25,231] {processor.py:163} INFO - Started process (PID=3964) to work on /opt/airflow/dags/zone_download_ingest_gcs.py
[2022-02-03 23:24:25,236] {processor.py:642} INFO - Processing file /opt/airflow/dags/zone_download_ingest_gcs.py for tasks to queue
[2022-02-03 23:24:25,239] {logging_mixin.py:109} INFO - [2022-02-03 23:24:25,239] {dagbag.py:500} INFO - Filling up the DagBag from /opt/airflow/dags/zone_download_ingest_gcs.py
[2022-02-03 23:24:28,897] {processor.py:654} INFO - DAG(s) dict_keys(['zone_ingest_2_gcs_dag']) retrieved from /opt/airflow/dags/zone_download_ingest_gcs.py
[2022-02-03 23:24:28,937] {logging_mixin.py:109} INFO - [2022-02-03 23:24:28,936] {dag.py:2396} INFO - Sync 1 DAGs
[2022-02-03 23:24:29,002] {logging_mixin.py:109} INFO - [2022-02-03 23:24:29,001] {dag.py:2935} INFO - Setting next_dagrun for zone_ingest_2_gcs_dag to 2022-02-02T06:00:00+00:00
[2022-02-03 23:24:29,024] {processor.py:171} INFO - Processing /opt/airflow/dags/zone_download_ingest_gcs.py took 3.798 seconds
[2022-02-03 23:24:59,474] {processor.py:163} INFO - Started process (PID=4030) to work on /opt/airflow/dags/zone_download_ingest_gcs.py
[2022-02-03 23:24:59,486] {processor.py:642} INFO - Processing file /opt/airflow/dags/zone_download_ingest_gcs.py for tasks to queue
[2022-02-03 23:24:59,491] {logging_mixin.py:109} INFO - [2022-02-03 23:24:59,491] {dagbag.py:500} INFO - Filling up the DagBag from /opt/airflow/dags/zone_download_ingest_gcs.py
[2022-02-03 23:25:03,213] {processor.py:654} INFO - DAG(s) dict_keys(['zone_ingest_2_gcs_dag']) retrieved from /opt/airflow/dags/zone_download_ingest_gcs.py
[2022-02-03 23:25:03,256] {logging_mixin.py:109} INFO - [2022-02-03 23:25:03,255] {dag.py:2396} INFO - Sync 1 DAGs
[2022-02-03 23:25:03,328] {logging_mixin.py:109} INFO - [2022-02-03 23:25:03,327] {dag.py:2935} INFO - Setting next_dagrun for zone_ingest_2_gcs_dag to 2022-02-02T06:00:00+00:00
[2022-02-03 23:25:03,354] {processor.py:171} INFO - Processing /opt/airflow/dags/zone_download_ingest_gcs.py took 3.887 seconds
[2022-02-03 23:25:33,890] {processor.py:163} INFO - Started process (PID=4078) to work on /opt/airflow/dags/zone_download_ingest_gcs.py
[2022-02-03 23:25:33,896] {processor.py:642} INFO - Processing file /opt/airflow/dags/zone_download_ingest_gcs.py for tasks to queue
[2022-02-03 23:25:33,899] {logging_mixin.py:109} INFO - [2022-02-03 23:25:33,899] {dagbag.py:500} INFO - Filling up the DagBag from /opt/airflow/dags/zone_download_ingest_gcs.py
[2022-02-03 23:25:37,130] {processor.py:654} INFO - DAG(s) dict_keys(['zone_ingest_2_gcs_dag']) retrieved from /opt/airflow/dags/zone_download_ingest_gcs.py
[2022-02-03 23:25:37,172] {logging_mixin.py:109} INFO - [2022-02-03 23:25:37,171] {dag.py:2396} INFO - Sync 1 DAGs
[2022-02-03 23:25:37,250] {logging_mixin.py:109} INFO - [2022-02-03 23:25:37,249] {dag.py:2935} INFO - Setting next_dagrun for zone_ingest_2_gcs_dag to 2022-02-02T06:00:00+00:00
[2022-02-03 23:25:37,276] {processor.py:171} INFO - Processing /opt/airflow/dags/zone_download_ingest_gcs.py took 3.396 seconds
[2022-02-03 23:26:07,342] {processor.py:163} INFO - Started process (PID=4141) to work on /opt/airflow/dags/zone_download_ingest_gcs.py
[2022-02-03 23:26:07,347] {processor.py:642} INFO - Processing file /opt/airflow/dags/zone_download_ingest_gcs.py for tasks to queue
[2022-02-03 23:26:07,350] {logging_mixin.py:109} INFO - [2022-02-03 23:26:07,350] {dagbag.py:500} INFO - Filling up the DagBag from /opt/airflow/dags/zone_download_ingest_gcs.py
[2022-02-03 23:26:10,431] {processor.py:654} INFO - DAG(s) dict_keys(['zone_ingest_2_gcs_dag']) retrieved from /opt/airflow/dags/zone_download_ingest_gcs.py
[2022-02-03 23:26:10,465] {logging_mixin.py:109} INFO - [2022-02-03 23:26:10,464] {dag.py:2396} INFO - Sync 1 DAGs
[2022-02-03 23:26:10,527] {logging_mixin.py:109} INFO - [2022-02-03 23:26:10,526] {dag.py:2935} INFO - Setting next_dagrun for zone_ingest_2_gcs_dag to 2022-02-02T06:00:00+00:00
[2022-02-03 23:26:10,552] {processor.py:171} INFO - Processing /opt/airflow/dags/zone_download_ingest_gcs.py took 3.218 seconds
[2022-02-03 23:26:41,069] {processor.py:163} INFO - Started process (PID=4206) to work on /opt/airflow/dags/zone_download_ingest_gcs.py
[2022-02-03 23:26:41,074] {processor.py:642} INFO - Processing file /opt/airflow/dags/zone_download_ingest_gcs.py for tasks to queue
[2022-02-03 23:26:41,078] {logging_mixin.py:109} INFO - [2022-02-03 23:26:41,078] {dagbag.py:500} INFO - Filling up the DagBag from /opt/airflow/dags/zone_download_ingest_gcs.py
[2022-02-03 23:26:44,860] {processor.py:654} INFO - DAG(s) dict_keys(['zone_ingest_2_gcs_dag']) retrieved from /opt/airflow/dags/zone_download_ingest_gcs.py
[2022-02-03 23:26:44,902] {logging_mixin.py:109} INFO - [2022-02-03 23:26:44,900] {dag.py:2396} INFO - Sync 1 DAGs
[2022-02-03 23:26:44,977] {logging_mixin.py:109} INFO - [2022-02-03 23:26:44,976] {dag.py:2935} INFO - Setting next_dagrun for zone_ingest_2_gcs_dag to 2022-02-02T06:00:00+00:00
[2022-02-03 23:26:45,002] {processor.py:171} INFO - Processing /opt/airflow/dags/zone_download_ingest_gcs.py took 3.949 seconds
[2022-02-03 23:27:15,631] {processor.py:163} INFO - Started process (PID=4261) to work on /opt/airflow/dags/zone_download_ingest_gcs.py
[2022-02-03 23:27:15,636] {processor.py:642} INFO - Processing file /opt/airflow/dags/zone_download_ingest_gcs.py for tasks to queue
[2022-02-03 23:27:15,640] {logging_mixin.py:109} INFO - [2022-02-03 23:27:15,639] {dagbag.py:500} INFO - Filling up the DagBag from /opt/airflow/dags/zone_download_ingest_gcs.py
[2022-02-03 23:27:19,584] {processor.py:654} INFO - DAG(s) dict_keys(['zone_ingest_2_gcs_dag']) retrieved from /opt/airflow/dags/zone_download_ingest_gcs.py
[2022-02-03 23:27:19,626] {logging_mixin.py:109} INFO - [2022-02-03 23:27:19,624] {dag.py:2396} INFO - Sync 1 DAGs
[2022-02-03 23:27:19,744] {logging_mixin.py:109} INFO - [2022-02-03 23:27:19,744] {dag.py:2935} INFO - Setting next_dagrun for zone_ingest_2_gcs_dag to 2022-02-02T06:00:00+00:00
[2022-02-03 23:27:19,800] {processor.py:171} INFO - Processing /opt/airflow/dags/zone_download_ingest_gcs.py took 4.179 seconds
[2022-02-03 23:27:50,546] {processor.py:163} INFO - Started process (PID=4320) to work on /opt/airflow/dags/zone_download_ingest_gcs.py
[2022-02-03 23:27:50,549] {processor.py:642} INFO - Processing file /opt/airflow/dags/zone_download_ingest_gcs.py for tasks to queue
[2022-02-03 23:27:50,552] {logging_mixin.py:109} INFO - [2022-02-03 23:27:50,551] {dagbag.py:500} INFO - Filling up the DagBag from /opt/airflow/dags/zone_download_ingest_gcs.py
[2022-02-03 23:27:53,381] {processor.py:654} INFO - DAG(s) dict_keys(['zone_ingest_2_gcs_dag']) retrieved from /opt/airflow/dags/zone_download_ingest_gcs.py
[2022-02-03 23:27:53,416] {logging_mixin.py:109} INFO - [2022-02-03 23:27:53,415] {dag.py:2396} INFO - Sync 1 DAGs
[2022-02-03 23:27:53,476] {logging_mixin.py:109} INFO - [2022-02-03 23:27:53,475] {dag.py:2935} INFO - Setting next_dagrun for zone_ingest_2_gcs_dag to 2022-02-02T06:00:00+00:00
[2022-02-03 23:27:53,496] {processor.py:171} INFO - Processing /opt/airflow/dags/zone_download_ingest_gcs.py took 2.957 seconds
[2022-02-03 23:28:24,181] {processor.py:163} INFO - Started process (PID=4389) to work on /opt/airflow/dags/zone_download_ingest_gcs.py
[2022-02-03 23:28:24,187] {processor.py:642} INFO - Processing file /opt/airflow/dags/zone_download_ingest_gcs.py for tasks to queue
[2022-02-03 23:28:24,191] {logging_mixin.py:109} INFO - [2022-02-03 23:28:24,190] {dagbag.py:500} INFO - Filling up the DagBag from /opt/airflow/dags/zone_download_ingest_gcs.py
[2022-02-03 23:28:28,058] {processor.py:654} INFO - DAG(s) dict_keys(['zone_ingest_2_gcs_dag']) retrieved from /opt/airflow/dags/zone_download_ingest_gcs.py
[2022-02-03 23:28:28,103] {logging_mixin.py:109} INFO - [2022-02-03 23:28:28,102] {dag.py:2396} INFO - Sync 1 DAGs
[2022-02-03 23:28:28,174] {logging_mixin.py:109} INFO - [2022-02-03 23:28:28,173] {dag.py:2935} INFO - Setting next_dagrun for zone_ingest_2_gcs_dag to 2022-02-02T06:00:00+00:00
[2022-02-03 23:28:28,200] {processor.py:171} INFO - Processing /opt/airflow/dags/zone_download_ingest_gcs.py took 4.026 seconds
[2022-02-03 23:28:58,944] {processor.py:163} INFO - Started process (PID=4455) to work on /opt/airflow/dags/zone_download_ingest_gcs.py
[2022-02-03 23:28:58,949] {processor.py:642} INFO - Processing file /opt/airflow/dags/zone_download_ingest_gcs.py for tasks to queue
[2022-02-03 23:28:58,953] {logging_mixin.py:109} INFO - [2022-02-03 23:28:58,952] {dagbag.py:500} INFO - Filling up the DagBag from /opt/airflow/dags/zone_download_ingest_gcs.py
[2022-02-03 23:29:02,727] {processor.py:654} INFO - DAG(s) dict_keys(['zone_ingest_2_gcs_dag']) retrieved from /opt/airflow/dags/zone_download_ingest_gcs.py
[2022-02-03 23:29:02,774] {logging_mixin.py:109} INFO - [2022-02-03 23:29:02,773] {dag.py:2396} INFO - Sync 1 DAGs
[2022-02-03 23:29:02,854] {logging_mixin.py:109} INFO - [2022-02-03 23:29:02,853] {dag.py:2935} INFO - Setting next_dagrun for zone_ingest_2_gcs_dag to 2022-02-02T06:00:00+00:00
[2022-02-03 23:29:02,880] {processor.py:171} INFO - Processing /opt/airflow/dags/zone_download_ingest_gcs.py took 3.944 seconds
[2022-02-03 23:29:33,583] {processor.py:163} INFO - Started process (PID=4501) to work on /opt/airflow/dags/zone_download_ingest_gcs.py
[2022-02-03 23:29:33,588] {processor.py:642} INFO - Processing file /opt/airflow/dags/zone_download_ingest_gcs.py for tasks to queue
[2022-02-03 23:29:33,591] {logging_mixin.py:109} INFO - [2022-02-03 23:29:33,591] {dagbag.py:500} INFO - Filling up the DagBag from /opt/airflow/dags/zone_download_ingest_gcs.py
[2022-02-03 23:29:36,904] {processor.py:654} INFO - DAG(s) dict_keys(['zone_ingest_2_gcs_dag']) retrieved from /opt/airflow/dags/zone_download_ingest_gcs.py
[2022-02-03 23:29:36,979] {logging_mixin.py:109} INFO - [2022-02-03 23:29:36,978] {dag.py:2396} INFO - Sync 1 DAGs
[2022-02-03 23:29:37,066] {logging_mixin.py:109} INFO - [2022-02-03 23:29:37,065] {dag.py:2935} INFO - Setting next_dagrun for zone_ingest_2_gcs_dag to 2022-02-02T06:00:00+00:00
[2022-02-03 23:29:37,092] {processor.py:171} INFO - Processing /opt/airflow/dags/zone_download_ingest_gcs.py took 3.518 seconds
[2022-02-03 23:30:07,410] {processor.py:163} INFO - Started process (PID=4569) to work on /opt/airflow/dags/zone_download_ingest_gcs.py
[2022-02-03 23:30:07,417] {processor.py:642} INFO - Processing file /opt/airflow/dags/zone_download_ingest_gcs.py for tasks to queue
[2022-02-03 23:30:07,422] {logging_mixin.py:109} INFO - [2022-02-03 23:30:07,422] {dagbag.py:500} INFO - Filling up the DagBag from /opt/airflow/dags/zone_download_ingest_gcs.py
[2022-02-03 23:30:10,555] {processor.py:654} INFO - DAG(s) dict_keys(['zone_ingest_2_gcs_dag']) retrieved from /opt/airflow/dags/zone_download_ingest_gcs.py
[2022-02-03 23:30:10,587] {logging_mixin.py:109} INFO - [2022-02-03 23:30:10,587] {dag.py:2396} INFO - Sync 1 DAGs
[2022-02-03 23:30:10,653] {logging_mixin.py:109} INFO - [2022-02-03 23:30:10,652] {dag.py:2935} INFO - Setting next_dagrun for zone_ingest_2_gcs_dag to 2022-02-02T06:00:00+00:00
[2022-02-03 23:30:10,679] {processor.py:171} INFO - Processing /opt/airflow/dags/zone_download_ingest_gcs.py took 3.278 seconds
[2022-02-03 23:30:40,838] {processor.py:163} INFO - Started process (PID=4634) to work on /opt/airflow/dags/zone_download_ingest_gcs.py
[2022-02-03 23:30:40,844] {processor.py:642} INFO - Processing file /opt/airflow/dags/zone_download_ingest_gcs.py for tasks to queue
[2022-02-03 23:30:40,847] {logging_mixin.py:109} INFO - [2022-02-03 23:30:40,846] {dagbag.py:500} INFO - Filling up the DagBag from /opt/airflow/dags/zone_download_ingest_gcs.py
[2022-02-03 23:30:44,661] {processor.py:654} INFO - DAG(s) dict_keys(['zone_ingest_2_gcs_dag']) retrieved from /opt/airflow/dags/zone_download_ingest_gcs.py
[2022-02-03 23:30:44,707] {logging_mixin.py:109} INFO - [2022-02-03 23:30:44,706] {dag.py:2396} INFO - Sync 1 DAGs
[2022-02-03 23:30:44,784] {logging_mixin.py:109} INFO - [2022-02-03 23:30:44,784] {dag.py:2935} INFO - Setting next_dagrun for zone_ingest_2_gcs_dag to 2022-02-02T06:00:00+00:00
[2022-02-03 23:30:44,820] {processor.py:171} INFO - Processing /opt/airflow/dags/zone_download_ingest_gcs.py took 3.990 seconds
[2022-02-03 23:31:15,243] {processor.py:163} INFO - Started process (PID=4685) to work on /opt/airflow/dags/zone_download_ingest_gcs.py
[2022-02-03 23:31:15,251] {processor.py:642} INFO - Processing file /opt/airflow/dags/zone_download_ingest_gcs.py for tasks to queue
[2022-02-03 23:31:15,254] {logging_mixin.py:109} INFO - [2022-02-03 23:31:15,253] {dagbag.py:500} INFO - Filling up the DagBag from /opt/airflow/dags/zone_download_ingest_gcs.py
[2022-02-03 23:31:18,937] {processor.py:654} INFO - DAG(s) dict_keys(['zone_ingest_2_gcs_dag']) retrieved from /opt/airflow/dags/zone_download_ingest_gcs.py
[2022-02-03 23:31:18,980] {logging_mixin.py:109} INFO - [2022-02-03 23:31:18,979] {dag.py:2396} INFO - Sync 1 DAGs
[2022-02-03 23:31:19,062] {logging_mixin.py:109} INFO - [2022-02-03 23:31:19,061] {dag.py:2935} INFO - Setting next_dagrun for zone_ingest_2_gcs_dag to 2022-02-02T06:00:00+00:00
[2022-02-03 23:31:19,089] {processor.py:171} INFO - Processing /opt/airflow/dags/zone_download_ingest_gcs.py took 3.852 seconds
[2022-02-03 23:31:49,559] {processor.py:163} INFO - Started process (PID=4750) to work on /opt/airflow/dags/zone_download_ingest_gcs.py
[2022-02-03 23:31:49,564] {processor.py:642} INFO - Processing file /opt/airflow/dags/zone_download_ingest_gcs.py for tasks to queue
[2022-02-03 23:31:49,567] {logging_mixin.py:109} INFO - [2022-02-03 23:31:49,566] {dagbag.py:500} INFO - Filling up the DagBag from /opt/airflow/dags/zone_download_ingest_gcs.py
[2022-02-03 23:31:52,449] {processor.py:654} INFO - DAG(s) dict_keys(['zone_ingest_2_gcs_dag']) retrieved from /opt/airflow/dags/zone_download_ingest_gcs.py
[2022-02-03 23:31:52,483] {logging_mixin.py:109} INFO - [2022-02-03 23:31:52,482] {dag.py:2396} INFO - Sync 1 DAGs
[2022-02-03 23:31:52,542] {logging_mixin.py:109} INFO - [2022-02-03 23:31:52,542] {dag.py:2935} INFO - Setting next_dagrun for zone_ingest_2_gcs_dag to 2022-02-02T06:00:00+00:00
[2022-02-03 23:31:52,563] {processor.py:171} INFO - Processing /opt/airflow/dags/zone_download_ingest_gcs.py took 3.011 seconds
[2022-02-03 23:32:23,324] {processor.py:163} INFO - Started process (PID=4815) to work on /opt/airflow/dags/zone_download_ingest_gcs.py
[2022-02-03 23:32:23,329] {processor.py:642} INFO - Processing file /opt/airflow/dags/zone_download_ingest_gcs.py for tasks to queue
[2022-02-03 23:32:23,334] {logging_mixin.py:109} INFO - [2022-02-03 23:32:23,333] {dagbag.py:500} INFO - Filling up the DagBag from /opt/airflow/dags/zone_download_ingest_gcs.py
[2022-02-03 23:32:27,311] {processor.py:654} INFO - DAG(s) dict_keys(['zone_ingest_2_gcs_dag']) retrieved from /opt/airflow/dags/zone_download_ingest_gcs.py
[2022-02-03 23:32:27,361] {logging_mixin.py:109} INFO - [2022-02-03 23:32:27,360] {dag.py:2396} INFO - Sync 1 DAGs
[2022-02-03 23:32:27,440] {logging_mixin.py:109} INFO - [2022-02-03 23:32:27,439] {dag.py:2935} INFO - Setting next_dagrun for zone_ingest_2_gcs_dag to 2022-02-02T06:00:00+00:00
[2022-02-03 23:32:27,468] {processor.py:171} INFO - Processing /opt/airflow/dags/zone_download_ingest_gcs.py took 4.154 seconds
[2022-02-03 23:32:57,886] {processor.py:163} INFO - Started process (PID=4881) to work on /opt/airflow/dags/zone_download_ingest_gcs.py
[2022-02-03 23:32:57,890] {processor.py:642} INFO - Processing file /opt/airflow/dags/zone_download_ingest_gcs.py for tasks to queue
[2022-02-03 23:32:57,895] {logging_mixin.py:109} INFO - [2022-02-03 23:32:57,895] {dagbag.py:500} INFO - Filling up the DagBag from /opt/airflow/dags/zone_download_ingest_gcs.py
[2022-02-03 23:33:01,643] {processor.py:654} INFO - DAG(s) dict_keys(['zone_ingest_2_gcs_dag']) retrieved from /opt/airflow/dags/zone_download_ingest_gcs.py
[2022-02-03 23:33:01,683] {logging_mixin.py:109} INFO - [2022-02-03 23:33:01,682] {dag.py:2396} INFO - Sync 1 DAGs
[2022-02-03 23:33:01,761] {logging_mixin.py:109} INFO - [2022-02-03 23:33:01,760] {dag.py:2935} INFO - Setting next_dagrun for zone_ingest_2_gcs_dag to 2022-02-02T06:00:00+00:00
[2022-02-03 23:33:01,787] {processor.py:171} INFO - Processing /opt/airflow/dags/zone_download_ingest_gcs.py took 3.910 seconds
[2022-02-03 23:33:32,563] {processor.py:163} INFO - Started process (PID=4931) to work on /opt/airflow/dags/zone_download_ingest_gcs.py
[2022-02-03 23:33:32,569] {processor.py:642} INFO - Processing file /opt/airflow/dags/zone_download_ingest_gcs.py for tasks to queue
[2022-02-03 23:33:32,573] {logging_mixin.py:109} INFO - [2022-02-03 23:33:32,573] {dagbag.py:500} INFO - Filling up the DagBag from /opt/airflow/dags/zone_download_ingest_gcs.py
[2022-02-03 23:33:35,424] {processor.py:654} INFO - DAG(s) dict_keys(['zone_ingest_2_gcs_dag']) retrieved from /opt/airflow/dags/zone_download_ingest_gcs.py
[2022-02-03 23:33:35,460] {logging_mixin.py:109} INFO - [2022-02-03 23:33:35,459] {dag.py:2396} INFO - Sync 1 DAGs
[2022-02-03 23:33:35,526] {logging_mixin.py:109} INFO - [2022-02-03 23:33:35,526] {dag.py:2935} INFO - Setting next_dagrun for zone_ingest_2_gcs_dag to 2022-02-02T06:00:00+00:00
[2022-02-03 23:33:35,547] {processor.py:171} INFO - Processing /opt/airflow/dags/zone_download_ingest_gcs.py took 2.993 seconds
[2022-02-03 23:34:06,285] {processor.py:163} INFO - Started process (PID=4994) to work on /opt/airflow/dags/zone_download_ingest_gcs.py
[2022-02-03 23:34:06,299] {processor.py:642} INFO - Processing file /opt/airflow/dags/zone_download_ingest_gcs.py for tasks to queue
[2022-02-03 23:34:06,304] {logging_mixin.py:109} INFO - [2022-02-03 23:34:06,304] {dagbag.py:500} INFO - Filling up the DagBag from /opt/airflow/dags/zone_download_ingest_gcs.py
[2022-02-03 23:34:09,642] {processor.py:654} INFO - DAG(s) dict_keys(['zone_ingest_2_gcs_dag']) retrieved from /opt/airflow/dags/zone_download_ingest_gcs.py
[2022-02-03 23:34:09,680] {logging_mixin.py:109} INFO - [2022-02-03 23:34:09,679] {dag.py:2396} INFO - Sync 1 DAGs
[2022-02-03 23:34:09,748] {logging_mixin.py:109} INFO - [2022-02-03 23:34:09,747] {dag.py:2935} INFO - Setting next_dagrun for zone_ingest_2_gcs_dag to 2022-02-02T06:00:00+00:00
[2022-02-03 23:34:09,772] {processor.py:171} INFO - Processing /opt/airflow/dags/zone_download_ingest_gcs.py took 3.500 seconds
[2022-02-03 23:34:40,413] {processor.py:163} INFO - Started process (PID=5056) to work on /opt/airflow/dags/zone_download_ingest_gcs.py
[2022-02-03 23:34:40,417] {processor.py:642} INFO - Processing file /opt/airflow/dags/zone_download_ingest_gcs.py for tasks to queue
[2022-02-03 23:34:40,420] {logging_mixin.py:109} INFO - [2022-02-03 23:34:40,420] {dagbag.py:500} INFO - Filling up the DagBag from /opt/airflow/dags/zone_download_ingest_gcs.py
[2022-02-03 23:34:44,238] {processor.py:654} INFO - DAG(s) dict_keys(['zone_ingest_2_gcs_dag']) retrieved from /opt/airflow/dags/zone_download_ingest_gcs.py
[2022-02-03 23:34:44,282] {logging_mixin.py:109} INFO - [2022-02-03 23:34:44,281] {dag.py:2396} INFO - Sync 1 DAGs
[2022-02-03 23:34:44,371] {logging_mixin.py:109} INFO - [2022-02-03 23:34:44,370] {dag.py:2935} INFO - Setting next_dagrun for zone_ingest_2_gcs_dag to 2022-02-02T06:00:00+00:00
[2022-02-03 23:34:44,403] {processor.py:171} INFO - Processing /opt/airflow/dags/zone_download_ingest_gcs.py took 3.997 seconds
[2022-02-03 23:35:14,872] {processor.py:163} INFO - Started process (PID=5107) to work on /opt/airflow/dags/zone_download_ingest_gcs.py
[2022-02-03 23:35:14,880] {processor.py:642} INFO - Processing file /opt/airflow/dags/zone_download_ingest_gcs.py for tasks to queue
[2022-02-03 23:35:14,885] {logging_mixin.py:109} INFO - [2022-02-03 23:35:14,884] {dagbag.py:500} INFO - Filling up the DagBag from /opt/airflow/dags/zone_download_ingest_gcs.py
[2022-02-03 23:35:18,377] {processor.py:654} INFO - DAG(s) dict_keys(['zone_ingest_2_gcs_dag']) retrieved from /opt/airflow/dags/zone_download_ingest_gcs.py
[2022-02-03 23:35:18,427] {logging_mixin.py:109} INFO - [2022-02-03 23:35:18,426] {dag.py:2396} INFO - Sync 1 DAGs
[2022-02-03 23:35:18,502] {logging_mixin.py:109} INFO - [2022-02-03 23:35:18,501] {dag.py:2935} INFO - Setting next_dagrun for zone_ingest_2_gcs_dag to 2022-02-02T06:00:00+00:00
[2022-02-03 23:35:18,538] {processor.py:171} INFO - Processing /opt/airflow/dags/zone_download_ingest_gcs.py took 3.676 seconds
[2022-02-03 23:35:49,012] {processor.py:163} INFO - Started process (PID=5168) to work on /opt/airflow/dags/zone_download_ingest_gcs.py
[2022-02-03 23:35:49,016] {processor.py:642} INFO - Processing file /opt/airflow/dags/zone_download_ingest_gcs.py for tasks to queue
[2022-02-03 23:35:49,019] {logging_mixin.py:109} INFO - [2022-02-03 23:35:49,018] {dagbag.py:500} INFO - Filling up the DagBag from /opt/airflow/dags/zone_download_ingest_gcs.py
[2022-02-03 23:35:51,855] {processor.py:654} INFO - DAG(s) dict_keys(['zone_ingest_2_gcs_dag']) retrieved from /opt/airflow/dags/zone_download_ingest_gcs.py
[2022-02-03 23:35:51,888] {logging_mixin.py:109} INFO - [2022-02-03 23:35:51,887] {dag.py:2396} INFO - Sync 1 DAGs
[2022-02-03 23:35:51,947] {logging_mixin.py:109} INFO - [2022-02-03 23:35:51,947] {dag.py:2935} INFO - Setting next_dagrun for zone_ingest_2_gcs_dag to 2022-02-02T06:00:00+00:00
[2022-02-03 23:35:51,970] {processor.py:171} INFO - Processing /opt/airflow/dags/zone_download_ingest_gcs.py took 2.966 seconds
[2022-02-03 23:36:22,453] {processor.py:163} INFO - Started process (PID=5231) to work on /opt/airflow/dags/zone_download_ingest_gcs.py
[2022-02-03 23:36:22,458] {processor.py:642} INFO - Processing file /opt/airflow/dags/zone_download_ingest_gcs.py for tasks to queue
[2022-02-03 23:36:22,461] {logging_mixin.py:109} INFO - [2022-02-03 23:36:22,461] {dagbag.py:500} INFO - Filling up the DagBag from /opt/airflow/dags/zone_download_ingest_gcs.py
[2022-02-03 23:36:26,491] {processor.py:654} INFO - DAG(s) dict_keys(['zone_ingest_2_gcs_dag']) retrieved from /opt/airflow/dags/zone_download_ingest_gcs.py
[2022-02-03 23:36:26,548] {logging_mixin.py:109} INFO - [2022-02-03 23:36:26,546] {dag.py:2396} INFO - Sync 1 DAGs
[2022-02-03 23:36:26,636] {logging_mixin.py:109} INFO - [2022-02-03 23:36:26,635] {dag.py:2935} INFO - Setting next_dagrun for zone_ingest_2_gcs_dag to 2022-02-02T06:00:00+00:00
[2022-02-03 23:36:26,662] {processor.py:171} INFO - Processing /opt/airflow/dags/zone_download_ingest_gcs.py took 4.207 seconds
[2022-02-03 23:36:56,869] {processor.py:163} INFO - Started process (PID=5294) to work on /opt/airflow/dags/zone_download_ingest_gcs.py
[2022-02-03 23:36:56,875] {processor.py:642} INFO - Processing file /opt/airflow/dags/zone_download_ingest_gcs.py for tasks to queue
[2022-02-03 23:36:56,878] {logging_mixin.py:109} INFO - [2022-02-03 23:36:56,878] {dagbag.py:500} INFO - Filling up the DagBag from /opt/airflow/dags/zone_download_ingest_gcs.py
[2022-02-03 23:37:00,552] {processor.py:654} INFO - DAG(s) dict_keys(['zone_ingest_2_gcs_dag']) retrieved from /opt/airflow/dags/zone_download_ingest_gcs.py
[2022-02-03 23:37:00,593] {logging_mixin.py:109} INFO - [2022-02-03 23:37:00,592] {dag.py:2396} INFO - Sync 1 DAGs
[2022-02-03 23:37:00,672] {logging_mixin.py:109} INFO - [2022-02-03 23:37:00,671] {dag.py:2935} INFO - Setting next_dagrun for zone_ingest_2_gcs_dag to 2022-02-02T06:00:00+00:00
[2022-02-03 23:37:00,698] {processor.py:171} INFO - Processing /opt/airflow/dags/zone_download_ingest_gcs.py took 3.842 seconds
[2022-02-03 23:37:30,793] {processor.py:163} INFO - Started process (PID=5344) to work on /opt/airflow/dags/zone_download_ingest_gcs.py
[2022-02-03 23:37:30,798] {processor.py:642} INFO - Processing file /opt/airflow/dags/zone_download_ingest_gcs.py for tasks to queue
[2022-02-03 23:37:30,801] {logging_mixin.py:109} INFO - [2022-02-03 23:37:30,800] {dagbag.py:500} INFO - Filling up the DagBag from /opt/airflow/dags/zone_download_ingest_gcs.py
[2022-02-03 23:37:33,565] {processor.py:654} INFO - DAG(s) dict_keys(['zone_ingest_2_gcs_dag']) retrieved from /opt/airflow/dags/zone_download_ingest_gcs.py
[2022-02-03 23:37:33,599] {logging_mixin.py:109} INFO - [2022-02-03 23:37:33,598] {dag.py:2396} INFO - Sync 1 DAGs
[2022-02-03 23:37:33,657] {logging_mixin.py:109} INFO - [2022-02-03 23:37:33,657] {dag.py:2935} INFO - Setting next_dagrun for zone_ingest_2_gcs_dag to 2022-02-02T06:00:00+00:00
[2022-02-03 23:37:33,678] {processor.py:171} INFO - Processing /opt/airflow/dags/zone_download_ingest_gcs.py took 2.892 seconds
[2022-02-03 23:38:03,825] {processor.py:163} INFO - Started process (PID=5409) to work on /opt/airflow/dags/zone_download_ingest_gcs.py
[2022-02-03 23:38:03,830] {processor.py:642} INFO - Processing file /opt/airflow/dags/zone_download_ingest_gcs.py for tasks to queue
[2022-02-03 23:38:03,834] {logging_mixin.py:109} INFO - [2022-02-03 23:38:03,833] {dagbag.py:500} INFO - Filling up the DagBag from /opt/airflow/dags/zone_download_ingest_gcs.py
[2022-02-03 23:38:07,720] {processor.py:654} INFO - DAG(s) dict_keys(['zone_ingest_2_gcs_dag']) retrieved from /opt/airflow/dags/zone_download_ingest_gcs.py
[2022-02-03 23:38:07,765] {logging_mixin.py:109} INFO - [2022-02-03 23:38:07,764] {dag.py:2396} INFO - Sync 1 DAGs
[2022-02-03 23:38:07,839] {logging_mixin.py:109} INFO - [2022-02-03 23:38:07,838] {dag.py:2935} INFO - Setting next_dagrun for zone_ingest_2_gcs_dag to 2022-02-02T06:00:00+00:00
[2022-02-03 23:38:07,871] {processor.py:171} INFO - Processing /opt/airflow/dags/zone_download_ingest_gcs.py took 4.053 seconds
[2022-02-03 23:38:38,038] {processor.py:163} INFO - Started process (PID=5473) to work on /opt/airflow/dags/zone_download_ingest_gcs.py
[2022-02-03 23:38:38,044] {processor.py:642} INFO - Processing file /opt/airflow/dags/zone_download_ingest_gcs.py for tasks to queue
[2022-02-03 23:38:38,047] {logging_mixin.py:109} INFO - [2022-02-03 23:38:38,047] {dagbag.py:500} INFO - Filling up the DagBag from /opt/airflow/dags/zone_download_ingest_gcs.py
[2022-02-03 23:38:42,016] {processor.py:654} INFO - DAG(s) dict_keys(['zone_ingest_2_gcs_dag']) retrieved from /opt/airflow/dags/zone_download_ingest_gcs.py
[2022-02-03 23:38:42,062] {logging_mixin.py:109} INFO - [2022-02-03 23:38:42,061] {dag.py:2396} INFO - Sync 1 DAGs
[2022-02-03 23:38:42,164] {logging_mixin.py:109} INFO - [2022-02-03 23:38:42,163] {dag.py:2935} INFO - Setting next_dagrun for zone_ingest_2_gcs_dag to 2022-02-02T06:00:00+00:00
[2022-02-03 23:38:42,216] {processor.py:171} INFO - Processing /opt/airflow/dags/zone_download_ingest_gcs.py took 4.186 seconds
[2022-02-03 23:39:12,698] {processor.py:163} INFO - Started process (PID=5522) to work on /opt/airflow/dags/zone_download_ingest_gcs.py
[2022-02-03 23:39:12,703] {processor.py:642} INFO - Processing file /opt/airflow/dags/zone_download_ingest_gcs.py for tasks to queue
[2022-02-03 23:39:12,706] {logging_mixin.py:109} INFO - [2022-02-03 23:39:12,705] {dagbag.py:500} INFO - Filling up the DagBag from /opt/airflow/dags/zone_download_ingest_gcs.py
[2022-02-03 23:39:15,507] {processor.py:654} INFO - DAG(s) dict_keys(['zone_ingest_2_gcs_dag']) retrieved from /opt/airflow/dags/zone_download_ingest_gcs.py
[2022-02-03 23:39:15,543] {logging_mixin.py:109} INFO - [2022-02-03 23:39:15,542] {dag.py:2396} INFO - Sync 1 DAGs
[2022-02-03 23:39:15,602] {logging_mixin.py:109} INFO - [2022-02-03 23:39:15,601] {dag.py:2935} INFO - Setting next_dagrun for zone_ingest_2_gcs_dag to 2022-02-02T06:00:00+00:00
[2022-02-03 23:39:15,622] {processor.py:171} INFO - Processing /opt/airflow/dags/zone_download_ingest_gcs.py took 2.933 seconds
[2022-02-03 23:39:45,830] {processor.py:163} INFO - Started process (PID=5588) to work on /opt/airflow/dags/zone_download_ingest_gcs.py
[2022-02-03 23:39:45,839] {processor.py:642} INFO - Processing file /opt/airflow/dags/zone_download_ingest_gcs.py for tasks to queue
[2022-02-03 23:39:45,842] {logging_mixin.py:109} INFO - [2022-02-03 23:39:45,842] {dagbag.py:500} INFO - Filling up the DagBag from /opt/airflow/dags/zone_download_ingest_gcs.py
[2022-02-03 23:39:49,349] {processor.py:654} INFO - DAG(s) dict_keys(['zone_ingest_2_gcs_dag']) retrieved from /opt/airflow/dags/zone_download_ingest_gcs.py
[2022-02-03 23:39:49,392] {logging_mixin.py:109} INFO - [2022-02-03 23:39:49,391] {dag.py:2396} INFO - Sync 1 DAGs
[2022-02-03 23:39:49,463] {logging_mixin.py:109} INFO - [2022-02-03 23:39:49,462] {dag.py:2935} INFO - Setting next_dagrun for zone_ingest_2_gcs_dag to 2022-02-02T06:00:00+00:00
[2022-02-03 23:39:49,486] {processor.py:171} INFO - Processing /opt/airflow/dags/zone_download_ingest_gcs.py took 3.664 seconds
[2022-02-03 23:40:19,696] {processor.py:163} INFO - Started process (PID=5650) to work on /opt/airflow/dags/zone_download_ingest_gcs.py
[2022-02-03 23:40:19,701] {processor.py:642} INFO - Processing file /opt/airflow/dags/zone_download_ingest_gcs.py for tasks to queue
[2022-02-03 23:40:19,704] {logging_mixin.py:109} INFO - [2022-02-03 23:40:19,704] {dagbag.py:500} INFO - Filling up the DagBag from /opt/airflow/dags/zone_download_ingest_gcs.py
[2022-02-03 23:40:23,620] {processor.py:654} INFO - DAG(s) dict_keys(['zone_ingest_2_gcs_dag']) retrieved from /opt/airflow/dags/zone_download_ingest_gcs.py
[2022-02-03 23:40:23,669] {logging_mixin.py:109} INFO - [2022-02-03 23:40:23,668] {dag.py:2396} INFO - Sync 1 DAGs
[2022-02-03 23:40:23,745] {logging_mixin.py:109} INFO - [2022-02-03 23:40:23,744] {dag.py:2935} INFO - Setting next_dagrun for zone_ingest_2_gcs_dag to 2022-02-02T06:00:00+00:00
[2022-02-03 23:40:23,771] {processor.py:171} INFO - Processing /opt/airflow/dags/zone_download_ingest_gcs.py took 4.082 seconds
[2022-02-03 23:40:54,547] {processor.py:163} INFO - Started process (PID=5697) to work on /opt/airflow/dags/zone_download_ingest_gcs.py
[2022-02-03 23:40:54,553] {processor.py:642} INFO - Processing file /opt/airflow/dags/zone_download_ingest_gcs.py for tasks to queue
[2022-02-03 23:40:54,557] {logging_mixin.py:109} INFO - [2022-02-03 23:40:54,557] {dagbag.py:500} INFO - Filling up the DagBag from /opt/airflow/dags/zone_download_ingest_gcs.py
[2022-02-03 23:40:57,904] {processor.py:654} INFO - DAG(s) dict_keys(['zone_ingest_2_gcs_dag']) retrieved from /opt/airflow/dags/zone_download_ingest_gcs.py
[2022-02-03 23:40:57,950] {logging_mixin.py:109} INFO - [2022-02-03 23:40:57,949] {dag.py:2396} INFO - Sync 1 DAGs
[2022-02-03 23:40:58,028] {logging_mixin.py:109} INFO - [2022-02-03 23:40:58,027] {dag.py:2935} INFO - Setting next_dagrun for zone_ingest_2_gcs_dag to 2022-02-02T06:00:00+00:00
[2022-02-03 23:40:58,060] {processor.py:171} INFO - Processing /opt/airflow/dags/zone_download_ingest_gcs.py took 3.524 seconds
[2022-02-03 23:41:28,747] {processor.py:163} INFO - Started process (PID=5760) to work on /opt/airflow/dags/zone_download_ingest_gcs.py
[2022-02-03 23:41:28,752] {processor.py:642} INFO - Processing file /opt/airflow/dags/zone_download_ingest_gcs.py for tasks to queue
[2022-02-03 23:41:28,754] {logging_mixin.py:109} INFO - [2022-02-03 23:41:28,754] {dagbag.py:500} INFO - Filling up the DagBag from /opt/airflow/dags/zone_download_ingest_gcs.py
[2022-02-03 23:41:31,677] {processor.py:654} INFO - DAG(s) dict_keys(['zone_ingest_2_gcs_dag']) retrieved from /opt/airflow/dags/zone_download_ingest_gcs.py
[2022-02-03 23:41:31,710] {logging_mixin.py:109} INFO - [2022-02-03 23:41:31,709] {dag.py:2396} INFO - Sync 1 DAGs
[2022-02-03 23:41:31,768] {logging_mixin.py:109} INFO - [2022-02-03 23:41:31,767] {dag.py:2935} INFO - Setting next_dagrun for zone_ingest_2_gcs_dag to 2022-02-02T06:00:00+00:00
[2022-02-03 23:41:31,789] {processor.py:171} INFO - Processing /opt/airflow/dags/zone_download_ingest_gcs.py took 3.049 seconds
[2022-02-03 23:42:02,588] {processor.py:163} INFO - Started process (PID=5829) to work on /opt/airflow/dags/zone_download_ingest_gcs.py
[2022-02-03 23:42:02,594] {processor.py:642} INFO - Processing file /opt/airflow/dags/zone_download_ingest_gcs.py for tasks to queue
[2022-02-03 23:42:02,597] {logging_mixin.py:109} INFO - [2022-02-03 23:42:02,596] {dagbag.py:500} INFO - Filling up the DagBag from /opt/airflow/dags/zone_download_ingest_gcs.py
[2022-02-03 23:42:06,710] {processor.py:654} INFO - DAG(s) dict_keys(['zone_ingest_2_gcs_dag']) retrieved from /opt/airflow/dags/zone_download_ingest_gcs.py
[2022-02-03 23:42:06,755] {logging_mixin.py:109} INFO - [2022-02-03 23:42:06,754] {dag.py:2396} INFO - Sync 1 DAGs
[2022-02-03 23:42:06,848] {logging_mixin.py:109} INFO - [2022-02-03 23:42:06,847] {dag.py:2935} INFO - Setting next_dagrun for zone_ingest_2_gcs_dag to 2022-02-02T06:00:00+00:00
[2022-02-03 23:42:06,886] {processor.py:171} INFO - Processing /opt/airflow/dags/zone_download_ingest_gcs.py took 4.306 seconds
[2022-02-03 23:42:37,523] {processor.py:163} INFO - Started process (PID=5893) to work on /opt/airflow/dags/zone_download_ingest_gcs.py
[2022-02-03 23:42:37,533] {processor.py:642} INFO - Processing file /opt/airflow/dags/zone_download_ingest_gcs.py for tasks to queue
[2022-02-03 23:42:37,542] {logging_mixin.py:109} INFO - [2022-02-03 23:42:37,537] {dagbag.py:500} INFO - Filling up the DagBag from /opt/airflow/dags/zone_download_ingest_gcs.py
[2022-02-03 23:42:41,299] {processor.py:654} INFO - DAG(s) dict_keys(['zone_ingest_2_gcs_dag']) retrieved from /opt/airflow/dags/zone_download_ingest_gcs.py
[2022-02-03 23:42:41,341] {logging_mixin.py:109} INFO - [2022-02-03 23:42:41,340] {dag.py:2396} INFO - Sync 1 DAGs
[2022-02-03 23:42:41,420] {logging_mixin.py:109} INFO - [2022-02-03 23:42:41,419] {dag.py:2935} INFO - Setting next_dagrun for zone_ingest_2_gcs_dag to 2022-02-02T06:00:00+00:00
[2022-02-03 23:42:41,460] {processor.py:171} INFO - Processing /opt/airflow/dags/zone_download_ingest_gcs.py took 3.953 seconds
[2022-02-03 23:43:12,074] {processor.py:163} INFO - Started process (PID=5942) to work on /opt/airflow/dags/zone_download_ingest_gcs.py
[2022-02-03 23:43:12,080] {processor.py:642} INFO - Processing file /opt/airflow/dags/zone_download_ingest_gcs.py for tasks to queue
[2022-02-03 23:43:12,084] {logging_mixin.py:109} INFO - [2022-02-03 23:43:12,084] {dagbag.py:500} INFO - Filling up the DagBag from /opt/airflow/dags/zone_download_ingest_gcs.py
[2022-02-03 23:43:15,266] {processor.py:654} INFO - DAG(s) dict_keys(['zone_ingest_2_gcs_dag']) retrieved from /opt/airflow/dags/zone_download_ingest_gcs.py
[2022-02-03 23:43:15,303] {logging_mixin.py:109} INFO - [2022-02-03 23:43:15,302] {dag.py:2396} INFO - Sync 1 DAGs
[2022-02-03 23:43:15,362] {logging_mixin.py:109} INFO - [2022-02-03 23:43:15,361] {dag.py:2935} INFO - Setting next_dagrun for zone_ingest_2_gcs_dag to 2022-02-02T06:00:00+00:00
[2022-02-03 23:43:15,382] {processor.py:171} INFO - Processing /opt/airflow/dags/zone_download_ingest_gcs.py took 3.321 seconds
