[2022-02-02 14:24:44,987] {taskinstance.py:1032} INFO - Dependencies all met for <TaskInstance: download_ingest_2_gcs_dag.format_2_parquet_task scheduled__2019-06-02T06:00:00+00:00 [queued]>
[2022-02-02 14:24:45,614] {taskinstance.py:1032} INFO - Dependencies all met for <TaskInstance: download_ingest_2_gcs_dag.format_2_parquet_task scheduled__2019-06-02T06:00:00+00:00 [queued]>
[2022-02-02 14:24:45,619] {taskinstance.py:1238} INFO - 
--------------------------------------------------------------------------------
[2022-02-02 14:24:45,622] {taskinstance.py:1239} INFO - Starting attempt 1 of 1
[2022-02-02 14:24:45,626] {taskinstance.py:1240} INFO - 
--------------------------------------------------------------------------------
[2022-02-02 14:24:45,899] {taskinstance.py:1259} INFO - Executing <Task(PythonOperator): format_2_parquet_task> on 2019-06-02 06:00:00+00:00
[2022-02-02 14:24:45,947] {standard_task_runner.py:52} INFO - Started process 30013 to run task
[2022-02-02 14:24:46,109] {standard_task_runner.py:76} INFO - Running: ['***', 'tasks', 'run', 'download_ingest_2_gcs_dag', 'format_2_parquet_task', 'scheduled__2019-06-02T06:00:00+00:00', '--job-id', '322', '--raw', '--subdir', 'DAGS_FOLDER/download_ingest_2_gsc_assgnment.py', '--cfg-path', '/tmp/tmpe_q39_zp', '--error-file', '/tmp/tmp1s6yyyvb']
[2022-02-02 14:24:46,160] {standard_task_runner.py:77} INFO - Job 322: Subtask format_2_parquet_task
[2022-02-02 14:24:47,366] {logging_mixin.py:109} INFO - Running <TaskInstance: download_ingest_2_gcs_dag.format_2_parquet_task scheduled__2019-06-02T06:00:00+00:00 [running]> on host 3082aca3aebc
[2022-02-02 14:24:48,081] {warnings.py:110} WARNING - /home/***/.local/lib/python3.7/site-packages/***/utils/context.py:152: AirflowContextDeprecationWarning: Accessing 'execution_date' from the template is deprecated and will be removed in a future version. Please use 'data_interval_start' or 'logical_date' instead.
  warnings.warn(_create_deprecation_warning(key, self._deprecation_replacements[key]))

[2022-02-02 14:24:48,347] {taskinstance.py:1426} INFO - Exporting the following env vars:
AIRFLOW_CTX_DAG_OWNER=***
AIRFLOW_CTX_DAG_ID=download_ingest_2_gcs_dag
AIRFLOW_CTX_TASK_ID=format_2_parquet_task
AIRFLOW_CTX_EXECUTION_DATE=2019-06-02T06:00:00+00:00
AIRFLOW_CTX_DAG_RUN_ID=scheduled__2019-06-02T06:00:00+00:00
[2022-02-02 14:26:19,113] {python.py:175} INFO - Done. Returned value was: None
[2022-02-02 14:26:19,241] {taskinstance.py:1277} INFO - Marking task as SUCCESS. dag_id=download_ingest_2_gcs_dag, task_id=format_2_parquet_task, execution_date=20190602T060000, start_date=20220202T142445, end_date=20220202T142619
[2022-02-02 14:26:21,229] {local_task_job.py:212} WARNING - State of this instance has been externally set to success. Terminating instance.
[2022-02-02 14:26:21,257] {process_utils.py:124} INFO - Sending Signals.SIGTERM to group 30013. PIDs of all processes in the group: [30013]
[2022-02-02 14:26:21,260] {process_utils.py:75} INFO - Sending the signal Signals.SIGTERM to group 30013
[2022-02-02 14:26:22,366] {process_utils.py:70} INFO - Process psutil.Process(pid=30013, status='terminated', exitcode=0, started='14:24:44') (30013) terminated with exit code 0
