[2022-02-15 22:48:12,786] {taskinstance.py:1032} INFO - Dependencies all met for <TaskInstance: green_taxi_download_csv.green_csv_file_url scheduled__2019-05-02T06:00:00+00:00 [queued]>
[2022-02-15 22:48:13,144] {taskinstance.py:1032} INFO - Dependencies all met for <TaskInstance: green_taxi_download_csv.green_csv_file_url scheduled__2019-05-02T06:00:00+00:00 [queued]>
[2022-02-15 22:48:13,148] {taskinstance.py:1238} INFO - 
--------------------------------------------------------------------------------
[2022-02-15 22:48:13,150] {taskinstance.py:1239} INFO - Starting attempt 1 of 1
[2022-02-15 22:48:13,152] {taskinstance.py:1240} INFO - 
--------------------------------------------------------------------------------
[2022-02-15 22:48:13,312] {taskinstance.py:1259} INFO - Executing <Task(BashOperator): green_csv_file_url> on 2019-05-02 06:00:00+00:00
[2022-02-15 22:48:13,376] {standard_task_runner.py:52} INFO - Started process 5358 to run task
[2022-02-15 22:48:13,436] {standard_task_runner.py:76} INFO - Running: ['***', 'tasks', 'run', 'green_taxi_download_csv', 'green_csv_file_url', 'scheduled__2019-05-02T06:00:00+00:00', '--job-id', '756', '--raw', '--subdir', 'DAGS_FOLDER/download_upload_greentaxi_csv.py', '--cfg-path', '/tmp/tmp7muda3um', '--error-file', '/tmp/tmp8dj6c5gl']
[2022-02-15 22:48:13,447] {standard_task_runner.py:77} INFO - Job 756: Subtask green_csv_file_url
[2022-02-15 22:48:13,920] {logging_mixin.py:109} INFO - Running <TaskInstance: green_taxi_download_csv.green_csv_file_url scheduled__2019-05-02T06:00:00+00:00 [running]> on host 29988b24dbed
[2022-02-15 22:48:14,314] {warnings.py:110} WARNING - /home/***/.local/lib/python3.7/site-packages/***/utils/context.py:152: AirflowContextDeprecationWarning: Accessing 'execution_date' from the template is deprecated and will be removed in a future version. Please use 'data_interval_start' or 'logical_date' instead.
  warnings.warn(_create_deprecation_warning(key, self._deprecation_replacements[key]))

[2022-02-15 22:48:14,480] {taskinstance.py:1426} INFO - Exporting the following env vars:
AIRFLOW_CTX_DAG_OWNER=***
AIRFLOW_CTX_DAG_ID=green_taxi_download_csv
AIRFLOW_CTX_TASK_ID=green_csv_file_url
AIRFLOW_CTX_EXECUTION_DATE=2019-05-02T06:00:00+00:00
AIRFLOW_CTX_DAG_RUN_ID=scheduled__2019-05-02T06:00:00+00:00
[2022-02-15 22:48:14,494] {subprocess.py:62} INFO - Tmp dir root location: 
 /tmp
[2022-02-15 22:48:14,504] {subprocess.py:74} INFO - Running command: ['bash', '-c', 'curl -sSL https://s3.amazonaws.com/nyc-tlc/trip+data/green_tripdata_2019-05.csv > /opt/***/output_2019-05.csv']
[2022-02-15 22:48:14,571] {subprocess.py:85} INFO - Output:
[2022-02-15 22:48:19,377] {subprocess.py:93} INFO - Command exited with return code 0
[2022-02-15 22:48:19,620] {taskinstance.py:1277} INFO - Marking task as SUCCESS. dag_id=green_taxi_download_csv, task_id=green_csv_file_url, execution_date=20190502T060000, start_date=20220215T224812, end_date=20220215T224819
[2022-02-15 22:48:19,970] {local_task_job.py:154} INFO - Task exited with return code 0
[2022-02-15 22:48:20,758] {local_task_job.py:264} INFO - 0 downstream tasks scheduled from follow-on schedule check
[2022-02-15 22:52:02,495] {taskinstance.py:1032} INFO - Dependencies all met for <TaskInstance: green_taxi_download_csv.green_csv_file_url scheduled__2019-05-02T06:00:00+00:00 [queued]>
[2022-02-15 22:52:02,543] {taskinstance.py:1032} INFO - Dependencies all met for <TaskInstance: green_taxi_download_csv.green_csv_file_url scheduled__2019-05-02T06:00:00+00:00 [queued]>
[2022-02-15 22:52:02,545] {taskinstance.py:1238} INFO - 
--------------------------------------------------------------------------------
[2022-02-15 22:52:02,547] {taskinstance.py:1239} INFO - Starting attempt 1 of 1
[2022-02-15 22:52:02,549] {taskinstance.py:1240} INFO - 
--------------------------------------------------------------------------------
[2022-02-15 22:52:02,601] {taskinstance.py:1259} INFO - Executing <Task(BashOperator): green_csv_file_url> on 2019-05-02 06:00:00+00:00
[2022-02-15 22:52:02,614] {standard_task_runner.py:52} INFO - Started process 5772 to run task
[2022-02-15 22:52:02,625] {standard_task_runner.py:76} INFO - Running: ['***', 'tasks', 'run', 'green_taxi_download_csv', 'green_csv_file_url', 'scheduled__2019-05-02T06:00:00+00:00', '--job-id', '783', '--raw', '--subdir', 'DAGS_FOLDER/download_upload_greentaxi_csv.py', '--cfg-path', '/tmp/tmp730xof72', '--error-file', '/tmp/tmpffxq4nr1']
[2022-02-15 22:52:02,630] {standard_task_runner.py:77} INFO - Job 783: Subtask green_csv_file_url
[2022-02-15 22:52:02,796] {logging_mixin.py:109} INFO - Running <TaskInstance: green_taxi_download_csv.green_csv_file_url scheduled__2019-05-02T06:00:00+00:00 [running]> on host 29988b24dbed
[2022-02-15 22:52:02,957] {warnings.py:110} WARNING - /home/***/.local/lib/python3.7/site-packages/***/utils/context.py:152: AirflowContextDeprecationWarning: Accessing 'execution_date' from the template is deprecated and will be removed in a future version. Please use 'data_interval_start' or 'logical_date' instead.
  warnings.warn(_create_deprecation_warning(key, self._deprecation_replacements[key]))

[2022-02-15 22:52:03,016] {taskinstance.py:1426} INFO - Exporting the following env vars:
AIRFLOW_CTX_DAG_OWNER=***
AIRFLOW_CTX_DAG_ID=green_taxi_download_csv
AIRFLOW_CTX_TASK_ID=green_csv_file_url
AIRFLOW_CTX_EXECUTION_DATE=2019-05-02T06:00:00+00:00
AIRFLOW_CTX_DAG_RUN_ID=scheduled__2019-05-02T06:00:00+00:00
[2022-02-15 22:52:03,020] {subprocess.py:62} INFO - Tmp dir root location: 
 /tmp
[2022-02-15 22:52:03,023] {subprocess.py:74} INFO - Running command: ['bash', '-c', 'curl -sSL https://s3.amazonaws.com/nyc-tlc/trip+data/green_tripdata_2019-05.csv > /opt/***/output_2019-05.csv']
[2022-02-15 22:52:03,046] {subprocess.py:85} INFO - Output:
[2022-02-15 22:52:21,225] {subprocess.py:93} INFO - Command exited with return code 0
[2022-02-15 22:52:21,409] {taskinstance.py:1277} INFO - Marking task as SUCCESS. dag_id=green_taxi_download_csv, task_id=green_csv_file_url, execution_date=20190502T060000, start_date=20220215T225202, end_date=20220215T225221
[2022-02-15 22:52:21,545] {local_task_job.py:154} INFO - Task exited with return code 0
[2022-02-15 22:52:21,931] {local_task_job.py:264} INFO - 0 downstream tasks scheduled from follow-on schedule check
