[2022-02-15 22:54:37,667] {taskinstance.py:1032} INFO - Dependencies all met for <TaskInstance: green_taxi_download_csv.green_csv_file_url scheduled__2020-03-02T06:00:00+00:00 [queued]>
[2022-02-15 22:54:37,755] {taskinstance.py:1032} INFO - Dependencies all met for <TaskInstance: green_taxi_download_csv.green_csv_file_url scheduled__2020-03-02T06:00:00+00:00 [queued]>
[2022-02-15 22:54:37,763] {taskinstance.py:1238} INFO - 
--------------------------------------------------------------------------------
[2022-02-15 22:54:37,766] {taskinstance.py:1239} INFO - Starting attempt 1 of 1
[2022-02-15 22:54:37,769] {taskinstance.py:1240} INFO - 
--------------------------------------------------------------------------------
[2022-02-15 22:54:37,958] {taskinstance.py:1259} INFO - Executing <Task(BashOperator): green_csv_file_url> on 2020-03-02 06:00:00+00:00
[2022-02-15 22:54:38,011] {standard_task_runner.py:52} INFO - Started process 6073 to run task
[2022-02-15 22:54:38,034] {standard_task_runner.py:76} INFO - Running: ['***', 'tasks', 'run', 'green_taxi_download_csv', 'green_csv_file_url', 'scheduled__2020-03-02T06:00:00+00:00', '--job-id', '802', '--raw', '--subdir', 'DAGS_FOLDER/download_upload_greentaxi_csv.py', '--cfg-path', '/tmp/tmp_tzbcmi_', '--error-file', '/tmp/tmpa3bnnyt9']
[2022-02-15 22:54:38,039] {standard_task_runner.py:77} INFO - Job 802: Subtask green_csv_file_url
[2022-02-15 22:54:38,396] {logging_mixin.py:109} INFO - Running <TaskInstance: green_taxi_download_csv.green_csv_file_url scheduled__2020-03-02T06:00:00+00:00 [running]> on host 29988b24dbed
[2022-02-15 22:54:38,652] {warnings.py:110} WARNING - /home/***/.local/lib/python3.7/site-packages/***/utils/context.py:152: AirflowContextDeprecationWarning: Accessing 'execution_date' from the template is deprecated and will be removed in a future version. Please use 'data_interval_start' or 'logical_date' instead.
  warnings.warn(_create_deprecation_warning(key, self._deprecation_replacements[key]))

[2022-02-15 22:54:38,863] {taskinstance.py:1426} INFO - Exporting the following env vars:
AIRFLOW_CTX_DAG_OWNER=***
AIRFLOW_CTX_DAG_ID=green_taxi_download_csv
AIRFLOW_CTX_TASK_ID=green_csv_file_url
AIRFLOW_CTX_EXECUTION_DATE=2020-03-02T06:00:00+00:00
AIRFLOW_CTX_DAG_RUN_ID=scheduled__2020-03-02T06:00:00+00:00
[2022-02-15 22:54:38,873] {subprocess.py:62} INFO - Tmp dir root location: 
 /tmp
[2022-02-15 22:54:38,890] {subprocess.py:74} INFO - Running command: ['bash', '-c', 'curl -sSL https://s3.amazonaws.com/nyc-tlc/trip+data/green_tripdata_2020-03.csv > /opt/***/output_2020-03.csv']
[2022-02-15 22:54:38,925] {subprocess.py:85} INFO - Output:
[2022-02-15 22:54:40,757] {subprocess.py:93} INFO - Command exited with return code 0
[2022-02-15 22:54:40,855] {taskinstance.py:1277} INFO - Marking task as SUCCESS. dag_id=green_taxi_download_csv, task_id=green_csv_file_url, execution_date=20200302T060000, start_date=20220215T225437, end_date=20220215T225440
[2022-02-15 22:54:40,927] {local_task_job.py:154} INFO - Task exited with return code 0
[2022-02-15 22:54:41,043] {local_task_job.py:264} INFO - 1 downstream tasks scheduled from follow-on schedule check
