[2022-01-31 02:53:22,953] {taskinstance.py:1032} INFO - Dependencies all met for <TaskInstance: new_data_ingestion_gcs_dag.format_to_parquet_task scheduled__2022-01-29T00:00:00+00:00 [queued]>
[2022-01-31 02:53:23,013] {taskinstance.py:1032} INFO - Dependencies all met for <TaskInstance: new_data_ingestion_gcs_dag.format_to_parquet_task scheduled__2022-01-29T00:00:00+00:00 [queued]>
[2022-01-31 02:53:23,016] {taskinstance.py:1238} INFO - 
--------------------------------------------------------------------------------
[2022-01-31 02:53:23,018] {taskinstance.py:1239} INFO - Starting attempt 1 of 2
[2022-01-31 02:53:23,019] {taskinstance.py:1240} INFO - 
--------------------------------------------------------------------------------
[2022-01-31 02:53:23,072] {taskinstance.py:1259} INFO - Executing <Task(PythonOperator): format_to_parquet_task> on 2022-01-29 00:00:00+00:00
[2022-01-31 02:53:23,085] {standard_task_runner.py:52} INFO - Started process 302 to run task
[2022-01-31 02:53:23,096] {standard_task_runner.py:76} INFO - Running: ['***', 'tasks', 'run', 'new_data_ingestion_gcs_dag', 'format_to_parquet_task', 'scheduled__2022-01-29T00:00:00+00:00', '--job-id', '39', '--raw', '--subdir', 'DAGS_FOLDER/ingest_parquet_data_gcs.py', '--cfg-path', '/tmp/tmpaowzy10k', '--error-file', '/tmp/tmpxvhh590j']
[2022-01-31 02:53:23,100] {standard_task_runner.py:77} INFO - Job 39: Subtask format_to_parquet_task
[2022-01-31 02:53:23,259] {logging_mixin.py:109} INFO - Running <TaskInstance: new_data_ingestion_gcs_dag.format_to_parquet_task scheduled__2022-01-29T00:00:00+00:00 [running]> on host 5beebf73c64a
[2022-01-31 02:53:23,471] {taskinstance.py:1426} INFO - Exporting the following env vars:
AIRFLOW_CTX_DAG_OWNER=***
AIRFLOW_CTX_DAG_ID=new_data_ingestion_gcs_dag
AIRFLOW_CTX_TASK_ID=format_to_parquet_task
AIRFLOW_CTX_EXECUTION_DATE=2022-01-29T00:00:00+00:00
AIRFLOW_CTX_DAG_RUN_ID=scheduled__2022-01-29T00:00:00+00:00
[2022-01-31 02:53:30,646] {python.py:175} INFO - Done. Returned value was: None
[2022-01-31 02:53:30,707] {taskinstance.py:1277} INFO - Marking task as SUCCESS. dag_id=new_data_ingestion_gcs_dag, task_id=format_to_parquet_task, execution_date=20220129T000000, start_date=20220131T025322, end_date=20220131T025330
[2022-01-31 02:53:31,215] {local_task_job.py:154} INFO - Task exited with return code 0
[2022-01-31 02:53:31,436] {local_task_job.py:264} INFO - 1 downstream tasks scheduled from follow-on schedule check
