[2022-02-02 06:17:56,016] {taskinstance.py:1032} INFO - Dependencies all met for <TaskInstance: download_ingest_2_gcs_dag.cleanup_csv scheduled__2019-01-02T06:00:00+00:00 [queued]>
[2022-02-02 06:17:56,123] {taskinstance.py:1032} INFO - Dependencies all met for <TaskInstance: download_ingest_2_gcs_dag.cleanup_csv scheduled__2019-01-02T06:00:00+00:00 [queued]>
[2022-02-02 06:17:56,125] {taskinstance.py:1238} INFO - 
--------------------------------------------------------------------------------
[2022-02-02 06:17:56,127] {taskinstance.py:1239} INFO - Starting attempt 2 of 2
[2022-02-02 06:17:56,130] {taskinstance.py:1240} INFO - 
--------------------------------------------------------------------------------
[2022-02-02 06:17:56,203] {taskinstance.py:1259} INFO - Executing <Task(BashOperator): cleanup_csv> on 2019-01-02 06:00:00+00:00
[2022-02-02 06:17:56,217] {standard_task_runner.py:52} INFO - Started process 9032 to run task
[2022-02-02 06:17:56,244] {standard_task_runner.py:76} INFO - Running: ['***', 'tasks', 'run', 'download_ingest_2_gcs_dag', 'cleanup_csv', 'scheduled__2019-01-02T06:00:00+00:00', '--job-id', '289', '--raw', '--subdir', 'DAGS_FOLDER/download_ingest_2_gsc_assgnment.py', '--cfg-path', '/tmp/tmp5md3o70z', '--error-file', '/tmp/tmpp9ue49fw']
[2022-02-02 06:17:56,249] {standard_task_runner.py:77} INFO - Job 289: Subtask cleanup_csv
[2022-02-02 06:17:56,443] {logging_mixin.py:109} INFO - Running <TaskInstance: download_ingest_2_gcs_dag.cleanup_csv scheduled__2019-01-02T06:00:00+00:00 [running]> on host 3082aca3aebc
[2022-02-02 06:17:56,654] {taskinstance.py:1426} INFO - Exporting the following env vars:
AIRFLOW_CTX_DAG_OWNER=***
AIRFLOW_CTX_DAG_ID=download_ingest_2_gcs_dag
AIRFLOW_CTX_TASK_ID=cleanup_csv
AIRFLOW_CTX_EXECUTION_DATE=2019-01-02T06:00:00+00:00
AIRFLOW_CTX_DAG_RUN_ID=scheduled__2019-01-02T06:00:00+00:00
[2022-02-02 06:17:56,662] {subprocess.py:62} INFO - Tmp dir root location: 
 /tmp
[2022-02-02 06:17:56,666] {subprocess.py:74} INFO - Running command: ['bash', '-c', 'rm /opt/***/*.csv']
[2022-02-02 06:17:56,699] {subprocess.py:85} INFO - Output:
[2022-02-02 06:17:57,522] {subprocess.py:93} INFO - Command exited with return code 0
[2022-02-02 06:17:57,661] {taskinstance.py:1277} INFO - Marking task as SUCCESS. dag_id=download_ingest_2_gcs_dag, task_id=cleanup_csv, execution_date=20190102T060000, start_date=20220202T061756, end_date=20220202T061757
[2022-02-02 06:17:57,751] {local_task_job.py:154} INFO - Task exited with return code 0
[2022-02-02 06:17:57,855] {local_task_job.py:264} INFO - 0 downstream tasks scheduled from follow-on schedule check
