[2022-02-02 21:56:25,764] {taskinstance.py:1032} INFO - Dependencies all met for <TaskInstance: fhv_ingest_2_gcs_dag.upload_to_gcs_job scheduled__2019-08-02T06:00:00+00:00 [queued]>
[2022-02-02 21:56:25,816] {taskinstance.py:1032} INFO - Dependencies all met for <TaskInstance: fhv_ingest_2_gcs_dag.upload_to_gcs_job scheduled__2019-08-02T06:00:00+00:00 [queued]>
[2022-02-02 21:56:25,818] {taskinstance.py:1238} INFO - 
--------------------------------------------------------------------------------
[2022-02-02 21:56:25,819] {taskinstance.py:1239} INFO - Starting attempt 1 of 1
[2022-02-02 21:56:25,821] {taskinstance.py:1240} INFO - 
--------------------------------------------------------------------------------
[2022-02-02 21:56:25,880] {taskinstance.py:1259} INFO - Executing <Task(PythonOperator): upload_to_gcs_job> on 2019-08-02 06:00:00+00:00
[2022-02-02 21:56:25,890] {standard_task_runner.py:52} INFO - Started process 2317 to run task
[2022-02-02 21:56:25,903] {standard_task_runner.py:76} INFO - Running: ['***', 'tasks', 'run', 'fhv_ingest_2_gcs_dag', 'upload_to_gcs_job', 'scheduled__2019-08-02T06:00:00+00:00', '--job-id', '478', '--raw', '--subdir', 'DAGS_FOLDER/fhv_download_ingest_gcs.py', '--cfg-path', '/tmp/tmpd_doxf25', '--error-file', '/tmp/tmp7nklngan']
[2022-02-02 21:56:25,910] {standard_task_runner.py:77} INFO - Job 478: Subtask upload_to_gcs_job
[2022-02-02 21:56:26,154] {logging_mixin.py:109} INFO - Running <TaskInstance: fhv_ingest_2_gcs_dag.upload_to_gcs_job scheduled__2019-08-02T06:00:00+00:00 [running]> on host ee5c3eebd1b1
[2022-02-02 21:56:26,499] {warnings.py:110} WARNING - /home/***/.local/lib/python3.7/site-packages/***/utils/context.py:152: AirflowContextDeprecationWarning: Accessing 'execution_date' from the template is deprecated and will be removed in a future version. Please use 'data_interval_start' or 'logical_date' instead.
  warnings.warn(_create_deprecation_warning(key, self._deprecation_replacements[key]))

[2022-02-02 21:56:26,664] {taskinstance.py:1426} INFO - Exporting the following env vars:
AIRFLOW_CTX_DAG_OWNER=***
AIRFLOW_CTX_DAG_ID=fhv_ingest_2_gcs_dag
AIRFLOW_CTX_TASK_ID=upload_to_gcs_job
AIRFLOW_CTX_EXECUTION_DATE=2019-08-02T06:00:00+00:00
AIRFLOW_CTX_DAG_RUN_ID=scheduled__2019-08-02T06:00:00+00:00
[2022-02-02 21:56:31,137] {python.py:175} INFO - Done. Returned value was: None
[2022-02-02 21:56:31,299] {taskinstance.py:1277} INFO - Marking task as SUCCESS. dag_id=fhv_ingest_2_gcs_dag, task_id=upload_to_gcs_job, execution_date=20190802T060000, start_date=20220202T215625, end_date=20220202T215631
[2022-02-02 21:56:31,554] {local_task_job.py:154} INFO - Task exited with return code 0
[2022-02-02 21:56:31,801] {local_task_job.py:264} INFO - 0 downstream tasks scheduled from follow-on schedule check
