[2022-02-15 22:55:48,280] {taskinstance.py:1032} INFO - Dependencies all met for <TaskInstance: green_taxi_download_csv.green_csv_to_gcs_job scheduled__2020-08-02T06:00:00+00:00 [queued]>
[2022-02-15 22:55:48,419] {taskinstance.py:1032} INFO - Dependencies all met for <TaskInstance: green_taxi_download_csv.green_csv_to_gcs_job scheduled__2020-08-02T06:00:00+00:00 [queued]>
[2022-02-15 22:55:48,422] {taskinstance.py:1238} INFO - 
--------------------------------------------------------------------------------
[2022-02-15 22:55:48,423] {taskinstance.py:1239} INFO - Starting attempt 1 of 1
[2022-02-15 22:55:48,429] {taskinstance.py:1240} INFO - 
--------------------------------------------------------------------------------
[2022-02-15 22:55:48,598] {taskinstance.py:1259} INFO - Executing <Task(PythonOperator): green_csv_to_gcs_job> on 2020-08-02 06:00:00+00:00
[2022-02-15 22:55:48,644] {standard_task_runner.py:52} INFO - Started process 6260 to run task
[2022-02-15 22:55:48,676] {standard_task_runner.py:76} INFO - Running: ['***', 'tasks', 'run', 'green_taxi_download_csv', 'green_csv_to_gcs_job', 'scheduled__2020-08-02T06:00:00+00:00', '--job-id', '816', '--raw', '--subdir', 'DAGS_FOLDER/download_upload_greentaxi_csv.py', '--cfg-path', '/tmp/tmpswxkp1bw', '--error-file', '/tmp/tmpr0vr908g']
[2022-02-15 22:55:48,707] {standard_task_runner.py:77} INFO - Job 816: Subtask green_csv_to_gcs_job
[2022-02-15 22:55:49,225] {logging_mixin.py:109} INFO - Running <TaskInstance: green_taxi_download_csv.green_csv_to_gcs_job scheduled__2020-08-02T06:00:00+00:00 [running]> on host 29988b24dbed
[2022-02-15 22:55:49,780] {warnings.py:110} WARNING - /home/***/.local/lib/python3.7/site-packages/***/utils/context.py:152: AirflowContextDeprecationWarning: Accessing 'execution_date' from the template is deprecated and will be removed in a future version. Please use 'data_interval_start' or 'logical_date' instead.
  warnings.warn(_create_deprecation_warning(key, self._deprecation_replacements[key]))

[2022-02-15 22:55:50,004] {taskinstance.py:1426} INFO - Exporting the following env vars:
AIRFLOW_CTX_DAG_OWNER=***
AIRFLOW_CTX_DAG_ID=green_taxi_download_csv
AIRFLOW_CTX_TASK_ID=green_csv_to_gcs_job
AIRFLOW_CTX_EXECUTION_DATE=2020-08-02T06:00:00+00:00
AIRFLOW_CTX_DAG_RUN_ID=scheduled__2020-08-02T06:00:00+00:00
[2022-02-15 22:55:53,203] {python.py:175} INFO - Done. Returned value was: None
[2022-02-15 22:55:53,243] {taskinstance.py:1277} INFO - Marking task as SUCCESS. dag_id=green_taxi_download_csv, task_id=green_csv_to_gcs_job, execution_date=20200802T060000, start_date=20220215T225548, end_date=20220215T225553
[2022-02-15 22:55:53,343] {local_task_job.py:154} INFO - Task exited with return code 0
[2022-02-15 22:55:53,450] {local_task_job.py:264} INFO - 0 downstream tasks scheduled from follow-on schedule check
