[2022-02-15 22:43:22,960] {taskinstance.py:1032} INFO - Dependencies all met for <TaskInstance: yellow_taxi_download_csv.cleanup_csv scheduled__2020-12-02T06:00:00+00:00 [queued]>
[2022-02-15 22:43:23,013] {taskinstance.py:1032} INFO - Dependencies all met for <TaskInstance: yellow_taxi_download_csv.cleanup_csv scheduled__2020-12-02T06:00:00+00:00 [queued]>
[2022-02-15 22:43:23,015] {taskinstance.py:1238} INFO - 
--------------------------------------------------------------------------------
[2022-02-15 22:43:23,028] {taskinstance.py:1239} INFO - Starting attempt 1 of 1
[2022-02-15 22:43:23,030] {taskinstance.py:1240} INFO - 
--------------------------------------------------------------------------------
[2022-02-15 22:43:23,082] {taskinstance.py:1259} INFO - Executing <Task(BashOperator): cleanup_csv> on 2020-12-02 06:00:00+00:00
[2022-02-15 22:43:23,095] {standard_task_runner.py:52} INFO - Started process 4998 to run task
[2022-02-15 22:43:23,108] {standard_task_runner.py:76} INFO - Running: ['***', 'tasks', 'run', 'yellow_taxi_download_csv', 'cleanup_csv', 'scheduled__2020-12-02T06:00:00+00:00', '--job-id', '745', '--raw', '--subdir', 'DAGS_FOLDER/download_upload_yellowtaxi_csv.py', '--cfg-path', '/tmp/tmpky86p41p', '--error-file', '/tmp/tmpzz12yq2e']
[2022-02-15 22:43:23,112] {standard_task_runner.py:77} INFO - Job 745: Subtask cleanup_csv
[2022-02-15 22:43:23,313] {logging_mixin.py:109} INFO - Running <TaskInstance: yellow_taxi_download_csv.cleanup_csv scheduled__2020-12-02T06:00:00+00:00 [running]> on host 29988b24dbed
[2022-02-15 22:43:23,623] {taskinstance.py:1426} INFO - Exporting the following env vars:
AIRFLOW_CTX_DAG_OWNER=***
AIRFLOW_CTX_DAG_ID=yellow_taxi_download_csv
AIRFLOW_CTX_TASK_ID=cleanup_csv
AIRFLOW_CTX_EXECUTION_DATE=2020-12-02T06:00:00+00:00
AIRFLOW_CTX_DAG_RUN_ID=scheduled__2020-12-02T06:00:00+00:00
[2022-02-15 22:43:23,632] {subprocess.py:62} INFO - Tmp dir root location: 
 /tmp
[2022-02-15 22:43:23,636] {subprocess.py:74} INFO - Running command: ['bash', '-c', 'rm /opt/***/output_*.csv']
[2022-02-15 22:43:23,665] {subprocess.py:85} INFO - Output:
[2022-02-15 22:43:27,544] {subprocess.py:93} INFO - Command exited with return code 0
[2022-02-15 22:43:27,708] {taskinstance.py:1277} INFO - Marking task as SUCCESS. dag_id=yellow_taxi_download_csv, task_id=cleanup_csv, execution_date=20201202T060000, start_date=20220215T224322, end_date=20220215T224327
[2022-02-15 22:43:27,848] {local_task_job.py:154} INFO - Task exited with return code 0
[2022-02-15 22:43:28,083] {local_task_job.py:264} INFO - 0 downstream tasks scheduled from follow-on schedule check
