[2022-01-31 03:07:30,384] {taskinstance.py:1032} INFO - Dependencies all met for <TaskInstance: new_data_ingestion_gcs_dag.format_to_parquet_task scheduled__2022-01-30T00:00:00+00:00 [queued]>
[2022-01-31 03:07:30,433] {taskinstance.py:1032} INFO - Dependencies all met for <TaskInstance: new_data_ingestion_gcs_dag.format_to_parquet_task scheduled__2022-01-30T00:00:00+00:00 [queued]>
[2022-01-31 03:07:30,435] {taskinstance.py:1238} INFO - 
--------------------------------------------------------------------------------
[2022-01-31 03:07:30,437] {taskinstance.py:1239} INFO - Starting attempt 1 of 2
[2022-01-31 03:07:30,438] {taskinstance.py:1240} INFO - 
--------------------------------------------------------------------------------
[2022-01-31 03:07:30,486] {taskinstance.py:1259} INFO - Executing <Task(PythonOperator): format_to_parquet_task> on 2022-01-30 00:00:00+00:00
[2022-01-31 03:07:30,497] {standard_task_runner.py:52} INFO - Started process 1121 to run task
[2022-01-31 03:07:30,506] {standard_task_runner.py:76} INFO - Running: ['***', 'tasks', 'run', 'new_data_ingestion_gcs_dag', 'format_to_parquet_task', 'scheduled__2022-01-30T00:00:00+00:00', '--job-id', '49', '--raw', '--subdir', 'DAGS_FOLDER/ingest_parquet_data_gcs.py', '--cfg-path', '/tmp/tmpe9rnahn4', '--error-file', '/tmp/tmp3j6sz9tw']
[2022-01-31 03:07:30,510] {standard_task_runner.py:77} INFO - Job 49: Subtask format_to_parquet_task
[2022-01-31 03:07:30,662] {logging_mixin.py:109} INFO - Running <TaskInstance: new_data_ingestion_gcs_dag.format_to_parquet_task scheduled__2022-01-30T00:00:00+00:00 [running]> on host 5beebf73c64a
[2022-01-31 03:07:30,838] {taskinstance.py:1426} INFO - Exporting the following env vars:
AIRFLOW_CTX_DAG_OWNER=***
AIRFLOW_CTX_DAG_ID=new_data_ingestion_gcs_dag
AIRFLOW_CTX_TASK_ID=format_to_parquet_task
AIRFLOW_CTX_EXECUTION_DATE=2022-01-30T00:00:00+00:00
AIRFLOW_CTX_DAG_RUN_ID=scheduled__2022-01-30T00:00:00+00:00
[2022-01-31 03:07:35,474] {python.py:175} INFO - Done. Returned value was: None
[2022-01-31 03:07:35,511] {taskinstance.py:1277} INFO - Marking task as SUCCESS. dag_id=new_data_ingestion_gcs_dag, task_id=format_to_parquet_task, execution_date=20220130T000000, start_date=20220131T030730, end_date=20220131T030735
[2022-01-31 03:07:35,601] {local_task_job.py:212} WARNING - State of this instance has been externally set to success. Terminating instance.
[2022-01-31 03:07:35,610] {process_utils.py:124} INFO - Sending Signals.SIGTERM to group 1121. PIDs of all processes in the group: [1121]
[2022-01-31 03:07:35,612] {process_utils.py:75} INFO - Sending the signal Signals.SIGTERM to group 1121
[2022-01-31 03:07:35,643] {process_utils.py:70} INFO - Process psutil.Process(pid=1121, status='terminated', exitcode=0, started='03:07:30') (1121) terminated with exit code 0
