[2022-02-10 17:39:46,514] {taskinstance.py:1032} INFO - Dependencies all met for <TaskInstance: green_taxi_download_ingest_2_gcs_dag.bigquery_external_table_green scheduled__2020-11-02T06:00:00+00:00 [queued]>
[2022-02-10 17:39:46,618] {taskinstance.py:1032} INFO - Dependencies all met for <TaskInstance: green_taxi_download_ingest_2_gcs_dag.bigquery_external_table_green scheduled__2020-11-02T06:00:00+00:00 [queued]>
[2022-02-10 17:39:46,622] {taskinstance.py:1238} INFO - 
--------------------------------------------------------------------------------
[2022-02-10 17:39:46,624] {taskinstance.py:1239} INFO - Starting attempt 1 of 1
[2022-02-10 17:39:46,625] {taskinstance.py:1240} INFO - 
--------------------------------------------------------------------------------
[2022-02-10 17:39:46,700] {taskinstance.py:1259} INFO - Executing <Task(BigQueryCreateExternalTableOperator): bigquery_external_table_green> on 2020-11-02 06:00:00+00:00
[2022-02-10 17:39:46,715] {standard_task_runner.py:52} INFO - Started process 1942 to run task
[2022-02-10 17:39:46,745] {standard_task_runner.py:76} INFO - Running: ['***', 'tasks', 'run', 'green_taxi_download_ingest_2_gcs_dag', 'bigquery_external_table_green', 'scheduled__2020-11-02T06:00:00+00:00', '--job-id', '680', '--raw', '--subdir', 'DAGS_FOLDER/greentaxi_download_2_gcs.py', '--cfg-path', '/tmp/tmpk26oodqn', '--error-file', '/tmp/tmps974_cva']
[2022-02-10 17:39:46,752] {standard_task_runner.py:77} INFO - Job 680: Subtask bigquery_external_table_green
[2022-02-10 17:39:47,079] {logging_mixin.py:109} INFO - Running <TaskInstance: green_taxi_download_ingest_2_gcs_dag.bigquery_external_table_green scheduled__2020-11-02T06:00:00+00:00 [running]> on host 2107cbac5c9b
[2022-02-10 17:39:47,466] {warnings.py:110} WARNING - /home/***/.local/lib/python3.7/site-packages/***/utils/context.py:152: AirflowContextDeprecationWarning: Accessing 'execution_date' from the template is deprecated and will be removed in a future version. Please use 'data_interval_start' or 'logical_date' instead.
  warnings.warn(_create_deprecation_warning(key, self._deprecation_replacements[key]))

[2022-02-10 17:39:47,575] {taskinstance.py:1426} INFO - Exporting the following env vars:
AIRFLOW_CTX_DAG_OWNER=***
AIRFLOW_CTX_DAG_ID=green_taxi_download_ingest_2_gcs_dag
AIRFLOW_CTX_TASK_ID=bigquery_external_table_green
AIRFLOW_CTX_EXECUTION_DATE=2020-11-02T06:00:00+00:00
AIRFLOW_CTX_DAG_RUN_ID=scheduled__2020-11-02T06:00:00+00:00
[2022-02-10 17:39:47,582] {crypto.py:82} WARNING - empty cryptography key - values will not be stored encrypted.
[2022-02-10 17:39:49,064] {taskinstance.py:1277} INFO - Marking task as SUCCESS. dag_id=green_taxi_download_ingest_2_gcs_dag, task_id=bigquery_external_table_green, execution_date=20201102T060000, start_date=20220210T173946, end_date=20220210T173949
[2022-02-10 17:39:49,173] {local_task_job.py:154} INFO - Task exited with return code 0
[2022-02-10 17:39:49,412] {local_task_job.py:264} INFO - 0 downstream tasks scheduled from follow-on schedule check
