[2022-01-31 02:53:35,815] {taskinstance.py:1032} INFO - Dependencies all met for <TaskInstance: new_data_ingestion_gcs_dag.local_to_gcs_task scheduled__2022-01-29T00:00:00+00:00 [queued]>
[2022-01-31 02:53:35,879] {taskinstance.py:1032} INFO - Dependencies all met for <TaskInstance: new_data_ingestion_gcs_dag.local_to_gcs_task scheduled__2022-01-29T00:00:00+00:00 [queued]>
[2022-01-31 02:53:35,882] {taskinstance.py:1238} INFO - 
--------------------------------------------------------------------------------
[2022-01-31 02:53:35,884] {taskinstance.py:1239} INFO - Starting attempt 1 of 2
[2022-01-31 02:53:35,885] {taskinstance.py:1240} INFO - 
--------------------------------------------------------------------------------
[2022-01-31 02:53:35,928] {taskinstance.py:1259} INFO - Executing <Task(PythonOperator): local_to_gcs_task> on 2022-01-29 00:00:00+00:00
[2022-01-31 02:53:35,940] {standard_task_runner.py:52} INFO - Started process 313 to run task
[2022-01-31 02:53:35,949] {standard_task_runner.py:76} INFO - Running: ['***', 'tasks', 'run', 'new_data_ingestion_gcs_dag', 'local_to_gcs_task', 'scheduled__2022-01-29T00:00:00+00:00', '--job-id', '40', '--raw', '--subdir', 'DAGS_FOLDER/ingest_parquet_data_gcs.py', '--cfg-path', '/tmp/tmp9ju1hhzw', '--error-file', '/tmp/tmpdakw4iy0']
[2022-01-31 02:53:35,952] {standard_task_runner.py:77} INFO - Job 40: Subtask local_to_gcs_task
[2022-01-31 02:53:36,082] {logging_mixin.py:109} INFO - Running <TaskInstance: new_data_ingestion_gcs_dag.local_to_gcs_task scheduled__2022-01-29T00:00:00+00:00 [running]> on host 5beebf73c64a
[2022-01-31 02:53:36,233] {taskinstance.py:1426} INFO - Exporting the following env vars:
AIRFLOW_CTX_DAG_OWNER=***
AIRFLOW_CTX_DAG_ID=new_data_ingestion_gcs_dag
AIRFLOW_CTX_TASK_ID=local_to_gcs_task
AIRFLOW_CTX_EXECUTION_DATE=2022-01-29T00:00:00+00:00
AIRFLOW_CTX_DAG_RUN_ID=scheduled__2022-01-29T00:00:00+00:00
[2022-01-31 02:53:40,990] {python.py:175} INFO - Done. Returned value was: None
[2022-01-31 02:53:41,117] {taskinstance.py:1277} INFO - Marking task as SUCCESS. dag_id=new_data_ingestion_gcs_dag, task_id=local_to_gcs_task, execution_date=20220129T000000, start_date=20220131T025335, end_date=20220131T025341
[2022-01-31 02:53:41,286] {local_task_job.py:154} INFO - Task exited with return code 0
[2022-01-31 02:53:41,471] {local_task_job.py:264} INFO - 1 downstream tasks scheduled from follow-on schedule check
