[2022-02-02 05:36:17,765] {taskinstance.py:1032} INFO - Dependencies all met for <TaskInstance: download_ingest_2_gcs_dag.local_to_gcs_job scheduled__2019-01-02T06:00:00+00:00 [queued]>
[2022-02-02 05:36:17,822] {taskinstance.py:1032} INFO - Dependencies all met for <TaskInstance: download_ingest_2_gcs_dag.local_to_gcs_job scheduled__2019-01-02T06:00:00+00:00 [queued]>
[2022-02-02 05:36:17,824] {taskinstance.py:1238} INFO - 
--------------------------------------------------------------------------------
[2022-02-02 05:36:17,827] {taskinstance.py:1239} INFO - Starting attempt 9 of 9
[2022-02-02 05:36:17,829] {taskinstance.py:1240} INFO - 
--------------------------------------------------------------------------------
[2022-02-02 05:36:17,934] {taskinstance.py:1259} INFO - Executing <Task(PythonOperator): local_to_gcs_job> on 2019-01-02 06:00:00+00:00
[2022-02-02 05:36:17,948] {standard_task_runner.py:52} INFO - Started process 6680 to run task
[2022-02-02 05:36:17,966] {standard_task_runner.py:76} INFO - Running: ['***', 'tasks', 'run', 'download_ingest_2_gcs_dag', 'local_to_gcs_job', 'scheduled__2019-01-02T06:00:00+00:00', '--job-id', '271', '--raw', '--subdir', 'DAGS_FOLDER/load_gsc_assgnment.py', '--cfg-path', '/tmp/tmptxtka6vn', '--error-file', '/tmp/tmplrynrrm8']
[2022-02-02 05:36:17,978] {standard_task_runner.py:77} INFO - Job 271: Subtask local_to_gcs_job
[2022-02-02 05:36:18,211] {logging_mixin.py:109} INFO - Running <TaskInstance: download_ingest_2_gcs_dag.local_to_gcs_job scheduled__2019-01-02T06:00:00+00:00 [running]> on host 3082aca3aebc
[2022-02-02 05:36:18,424] {warnings.py:110} WARNING - /home/***/.local/lib/python3.7/site-packages/***/utils/context.py:152: AirflowContextDeprecationWarning: Accessing 'execution_date' from the template is deprecated and will be removed in a future version. Please use 'data_interval_start' or 'logical_date' instead.
  warnings.warn(_create_deprecation_warning(key, self._deprecation_replacements[key]))

[2022-02-02 05:36:18,532] {taskinstance.py:1426} INFO - Exporting the following env vars:
AIRFLOW_CTX_DAG_OWNER=***
AIRFLOW_CTX_DAG_ID=download_ingest_2_gcs_dag
AIRFLOW_CTX_TASK_ID=local_to_gcs_job
AIRFLOW_CTX_EXECUTION_DATE=2019-01-02T06:00:00+00:00
AIRFLOW_CTX_DAG_RUN_ID=scheduled__2019-01-02T06:00:00+00:00
[2022-02-02 05:36:43,900] {python.py:175} INFO - Done. Returned value was: None
[2022-02-02 05:36:43,951] {taskinstance.py:1277} INFO - Marking task as SUCCESS. dag_id=download_ingest_2_gcs_dag, task_id=local_to_gcs_job, execution_date=20190102T060000, start_date=20220202T053617, end_date=20220202T053643
[2022-02-02 05:36:44,057] {local_task_job.py:154} INFO - Task exited with return code 0
[2022-02-02 05:36:44,144] {local_task_job.py:264} INFO - 0 downstream tasks scheduled from follow-on schedule check
