[2022-02-02 21:45:09,903] {taskinstance.py:1032} INFO - Dependencies all met for <TaskInstance: fhv_ingest_2_gcs_dag.fhv_file_url scheduled__2019-02-02T06:00:00+00:00 [queued]>
[2022-02-02 21:45:09,983] {taskinstance.py:1032} INFO - Dependencies all met for <TaskInstance: fhv_ingest_2_gcs_dag.fhv_file_url scheduled__2019-02-02T06:00:00+00:00 [queued]>
[2022-02-02 21:45:09,985] {taskinstance.py:1238} INFO - 
--------------------------------------------------------------------------------
[2022-02-02 21:45:09,987] {taskinstance.py:1239} INFO - Starting attempt 1 of 1
[2022-02-02 21:45:09,988] {taskinstance.py:1240} INFO - 
--------------------------------------------------------------------------------
[2022-02-02 21:45:10,068] {taskinstance.py:1259} INFO - Executing <Task(BashOperator): fhv_file_url> on 2019-02-02 06:00:00+00:00
[2022-02-02 21:45:10,092] {standard_task_runner.py:52} INFO - Started process 1307 to run task
[2022-02-02 21:45:10,119] {standard_task_runner.py:76} INFO - Running: ['***', 'tasks', 'run', 'fhv_ingest_2_gcs_dag', 'fhv_file_url', 'scheduled__2019-02-02T06:00:00+00:00', '--job-id', '432', '--raw', '--subdir', 'DAGS_FOLDER/fhv_download_ingest_gcs.py', '--cfg-path', '/tmp/tmpuqyymxk7', '--error-file', '/tmp/tmpglmxx5og']
[2022-02-02 21:45:10,128] {standard_task_runner.py:77} INFO - Job 432: Subtask fhv_file_url
[2022-02-02 21:45:10,425] {logging_mixin.py:109} INFO - Running <TaskInstance: fhv_ingest_2_gcs_dag.fhv_file_url scheduled__2019-02-02T06:00:00+00:00 [running]> on host ee5c3eebd1b1
[2022-02-02 21:45:10,724] {warnings.py:110} WARNING - /home/***/.local/lib/python3.7/site-packages/***/utils/context.py:152: AirflowContextDeprecationWarning: Accessing 'execution_date' from the template is deprecated and will be removed in a future version. Please use 'data_interval_start' or 'logical_date' instead.
  warnings.warn(_create_deprecation_warning(key, self._deprecation_replacements[key]))

[2022-02-02 21:45:10,888] {taskinstance.py:1426} INFO - Exporting the following env vars:
AIRFLOW_CTX_DAG_OWNER=***
AIRFLOW_CTX_DAG_ID=fhv_ingest_2_gcs_dag
AIRFLOW_CTX_TASK_ID=fhv_file_url
AIRFLOW_CTX_EXECUTION_DATE=2019-02-02T06:00:00+00:00
AIRFLOW_CTX_DAG_RUN_ID=scheduled__2019-02-02T06:00:00+00:00
[2022-02-02 21:45:10,894] {subprocess.py:62} INFO - Tmp dir root location: 
 /tmp
[2022-02-02 21:45:10,902] {subprocess.py:74} INFO - Running command: ['bash', '-c', 'curl -sSLf https://nyc-tlc.s3.amazonaws.com/trip+data/fhv_tripdata_2019-02.csv > /opt/***/fhv_output_2019-02.csv']
[2022-02-02 21:45:10,958] {subprocess.py:85} INFO - Output:
[2022-02-02 21:45:17,267] {subprocess.py:93} INFO - Command exited with return code 0
[2022-02-02 21:45:17,381] {taskinstance.py:1277} INFO - Marking task as SUCCESS. dag_id=fhv_ingest_2_gcs_dag, task_id=fhv_file_url, execution_date=20190202T060000, start_date=20220202T214509, end_date=20220202T214517
[2022-02-02 21:45:17,505] {local_task_job.py:154} INFO - Task exited with return code 0
[2022-02-02 21:45:18,000] {local_task_job.py:264} INFO - 1 downstream tasks scheduled from follow-on schedule check
[2022-02-02 21:50:42,451] {taskinstance.py:1032} INFO - Dependencies all met for <TaskInstance: fhv_ingest_2_gcs_dag.fhv_file_url scheduled__2019-02-02T06:00:00+00:00 [queued]>
[2022-02-02 21:50:42,506] {taskinstance.py:1032} INFO - Dependencies all met for <TaskInstance: fhv_ingest_2_gcs_dag.fhv_file_url scheduled__2019-02-02T06:00:00+00:00 [queued]>
[2022-02-02 21:50:42,508] {taskinstance.py:1238} INFO - 
--------------------------------------------------------------------------------
[2022-02-02 21:50:42,509] {taskinstance.py:1239} INFO - Starting attempt 1 of 1
[2022-02-02 21:50:42,511] {taskinstance.py:1240} INFO - 
--------------------------------------------------------------------------------
[2022-02-02 21:50:42,569] {taskinstance.py:1259} INFO - Executing <Task(BashOperator): fhv_file_url> on 2019-02-02 06:00:00+00:00
[2022-02-02 21:50:42,582] {standard_task_runner.py:52} INFO - Started process 1673 to run task
[2022-02-02 21:50:42,593] {standard_task_runner.py:76} INFO - Running: ['***', 'tasks', 'run', 'fhv_ingest_2_gcs_dag', 'fhv_file_url', 'scheduled__2019-02-02T06:00:00+00:00', '--job-id', '440', '--raw', '--subdir', 'DAGS_FOLDER/fhv_download_ingest_gcs.py', '--cfg-path', '/tmp/tmp0udxwtq0', '--error-file', '/tmp/tmp2wzw_8no']
[2022-02-02 21:50:42,600] {standard_task_runner.py:77} INFO - Job 440: Subtask fhv_file_url
[2022-02-02 21:50:42,787] {logging_mixin.py:109} INFO - Running <TaskInstance: fhv_ingest_2_gcs_dag.fhv_file_url scheduled__2019-02-02T06:00:00+00:00 [running]> on host ee5c3eebd1b1
[2022-02-02 21:50:42,952] {warnings.py:110} WARNING - /home/***/.local/lib/python3.7/site-packages/***/utils/context.py:152: AirflowContextDeprecationWarning: Accessing 'execution_date' from the template is deprecated and will be removed in a future version. Please use 'data_interval_start' or 'logical_date' instead.
  warnings.warn(_create_deprecation_warning(key, self._deprecation_replacements[key]))

[2022-02-02 21:50:43,014] {taskinstance.py:1426} INFO - Exporting the following env vars:
AIRFLOW_CTX_DAG_OWNER=***
AIRFLOW_CTX_DAG_ID=fhv_ingest_2_gcs_dag
AIRFLOW_CTX_TASK_ID=fhv_file_url
AIRFLOW_CTX_EXECUTION_DATE=2019-02-02T06:00:00+00:00
AIRFLOW_CTX_DAG_RUN_ID=scheduled__2019-02-02T06:00:00+00:00
[2022-02-02 21:50:43,020] {subprocess.py:62} INFO - Tmp dir root location: 
 /tmp
[2022-02-02 21:50:43,024] {subprocess.py:74} INFO - Running command: ['bash', '-c', 'curl -sSLf https://nyc-tlc.s3.amazonaws.com/trip+data/fhv_tripdata_2019-02.csv > /opt/***/fhv_output_2019-02.csv']
[2022-02-02 21:50:43,052] {subprocess.py:85} INFO - Output:
[2022-02-02 21:50:50,124] {subprocess.py:93} INFO - Command exited with return code 0
[2022-02-02 21:50:50,292] {taskinstance.py:1277} INFO - Marking task as SUCCESS. dag_id=fhv_ingest_2_gcs_dag, task_id=fhv_file_url, execution_date=20190202T060000, start_date=20220202T215042, end_date=20220202T215050
[2022-02-02 21:50:50,483] {local_task_job.py:154} INFO - Task exited with return code 0
[2022-02-02 21:50:50,813] {local_task_job.py:264} INFO - 1 downstream tasks scheduled from follow-on schedule check
