[2022-02-02 21:57:49,138] {taskinstance.py:1032} INFO - Dependencies all met for <TaskInstance: fhv_ingest_2_gcs_dag.fhv_file_url scheduled__2020-08-02T06:00:00+00:00 [queued]>
[2022-02-02 21:57:49,301] {taskinstance.py:1032} INFO - Dependencies all met for <TaskInstance: fhv_ingest_2_gcs_dag.fhv_file_url scheduled__2020-08-02T06:00:00+00:00 [queued]>
[2022-02-02 21:57:49,303] {taskinstance.py:1238} INFO - 
--------------------------------------------------------------------------------
[2022-02-02 21:57:49,314] {taskinstance.py:1239} INFO - Starting attempt 1 of 1
[2022-02-02 21:57:49,317] {taskinstance.py:1240} INFO - 
--------------------------------------------------------------------------------
[2022-02-02 21:57:49,430] {taskinstance.py:1259} INFO - Executing <Task(BashOperator): fhv_file_url> on 2020-08-02 06:00:00+00:00
[2022-02-02 21:57:49,464] {standard_task_runner.py:52} INFO - Started process 2515 to run task
[2022-02-02 21:57:49,511] {standard_task_runner.py:76} INFO - Running: ['***', 'tasks', 'run', 'fhv_ingest_2_gcs_dag', 'fhv_file_url', 'scheduled__2020-08-02T06:00:00+00:00', '--job-id', '492', '--raw', '--subdir', 'DAGS_FOLDER/fhv_download_ingest_gcs.py', '--cfg-path', '/tmp/tmpa98nzdju', '--error-file', '/tmp/tmpik8k9s_0']
[2022-02-02 21:57:49,523] {standard_task_runner.py:77} INFO - Job 492: Subtask fhv_file_url
[2022-02-02 21:57:50,007] {logging_mixin.py:109} INFO - Running <TaskInstance: fhv_ingest_2_gcs_dag.fhv_file_url scheduled__2020-08-02T06:00:00+00:00 [running]> on host ee5c3eebd1b1
[2022-02-02 21:57:50,303] {warnings.py:110} WARNING - /home/***/.local/lib/python3.7/site-packages/***/utils/context.py:152: AirflowContextDeprecationWarning: Accessing 'execution_date' from the template is deprecated and will be removed in a future version. Please use 'data_interval_start' or 'logical_date' instead.
  warnings.warn(_create_deprecation_warning(key, self._deprecation_replacements[key]))

[2022-02-02 21:57:50,373] {taskinstance.py:1426} INFO - Exporting the following env vars:
AIRFLOW_CTX_DAG_OWNER=***
AIRFLOW_CTX_DAG_ID=fhv_ingest_2_gcs_dag
AIRFLOW_CTX_TASK_ID=fhv_file_url
AIRFLOW_CTX_EXECUTION_DATE=2020-08-02T06:00:00+00:00
AIRFLOW_CTX_DAG_RUN_ID=scheduled__2020-08-02T06:00:00+00:00
[2022-02-02 21:57:50,380] {subprocess.py:62} INFO - Tmp dir root location: 
 /tmp
[2022-02-02 21:57:50,386] {subprocess.py:74} INFO - Running command: ['bash', '-c', 'curl -sSLf https://nyc-tlc.s3.amazonaws.com/trip+data/fhv_tripdata_2020-08.csv > /opt/***/fhv_output_2020-08.csv']
[2022-02-02 21:57:50,459] {subprocess.py:85} INFO - Output:
[2022-02-02 21:57:55,607] {subprocess.py:93} INFO - Command exited with return code 0
[2022-02-02 21:57:55,802] {taskinstance.py:1277} INFO - Marking task as SUCCESS. dag_id=fhv_ingest_2_gcs_dag, task_id=fhv_file_url, execution_date=20200802T060000, start_date=20220202T215749, end_date=20220202T215755
[2022-02-02 21:57:55,986] {local_task_job.py:154} INFO - Task exited with return code 0
[2022-02-02 21:57:56,315] {local_task_job.py:264} INFO - 1 downstream tasks scheduled from follow-on schedule check
