[2022-02-02 15:02:48,570] {taskinstance.py:1032} INFO - Dependencies all met for <TaskInstance: download_ingest_2_gcs_dag.format_2_parquet_task scheduled__2020-07-02T06:00:00+00:00 [queued]>
[2022-02-02 15:02:48,697] {taskinstance.py:1032} INFO - Dependencies all met for <TaskInstance: download_ingest_2_gcs_dag.format_2_parquet_task scheduled__2020-07-02T06:00:00+00:00 [queued]>
[2022-02-02 15:02:48,699] {taskinstance.py:1238} INFO - 
--------------------------------------------------------------------------------
[2022-02-02 15:02:48,702] {taskinstance.py:1239} INFO - Starting attempt 1 of 1
[2022-02-02 15:02:48,703] {taskinstance.py:1240} INFO - 
--------------------------------------------------------------------------------
[2022-02-02 15:02:48,785] {taskinstance.py:1259} INFO - Executing <Task(PythonOperator): format_2_parquet_task> on 2020-07-02 06:00:00+00:00
[2022-02-02 15:02:48,824] {standard_task_runner.py:52} INFO - Started process 32456 to run task
[2022-02-02 15:02:48,863] {standard_task_runner.py:76} INFO - Running: ['***', 'tasks', 'run', 'download_ingest_2_gcs_dag', 'format_2_parquet_task', 'scheduled__2020-07-02T06:00:00+00:00', '--job-id', '371', '--raw', '--subdir', 'DAGS_FOLDER/download_ingest_2_gsc_assgnment.py', '--cfg-path', '/tmp/tmp9297f2b6', '--error-file', '/tmp/tmpesn6btxi']
[2022-02-02 15:02:48,890] {standard_task_runner.py:77} INFO - Job 371: Subtask format_2_parquet_task
[2022-02-02 15:02:49,511] {logging_mixin.py:109} INFO - Running <TaskInstance: download_ingest_2_gcs_dag.format_2_parquet_task scheduled__2020-07-02T06:00:00+00:00 [running]> on host 3082aca3aebc
[2022-02-02 15:02:50,181] {warnings.py:110} WARNING - /home/***/.local/lib/python3.7/site-packages/***/utils/context.py:152: AirflowContextDeprecationWarning: Accessing 'execution_date' from the template is deprecated and will be removed in a future version. Please use 'data_interval_start' or 'logical_date' instead.
  warnings.warn(_create_deprecation_warning(key, self._deprecation_replacements[key]))

[2022-02-02 15:02:50,294] {taskinstance.py:1426} INFO - Exporting the following env vars:
AIRFLOW_CTX_DAG_OWNER=***
AIRFLOW_CTX_DAG_ID=download_ingest_2_gcs_dag
AIRFLOW_CTX_TASK_ID=format_2_parquet_task
AIRFLOW_CTX_EXECUTION_DATE=2020-07-02T06:00:00+00:00
AIRFLOW_CTX_DAG_RUN_ID=scheduled__2020-07-02T06:00:00+00:00
[2022-02-02 15:02:58,538] {python.py:175} INFO - Done. Returned value was: None
[2022-02-02 15:02:58,683] {taskinstance.py:1277} INFO - Marking task as SUCCESS. dag_id=download_ingest_2_gcs_dag, task_id=format_2_parquet_task, execution_date=20200702T060000, start_date=20220202T150248, end_date=20220202T150258
[2022-02-02 15:02:59,047] {local_task_job.py:154} INFO - Task exited with return code 0
[2022-02-02 15:02:59,426] {local_task_job.py:264} INFO - 1 downstream tasks scheduled from follow-on schedule check
