[2022-01-31 02:59:21,041] {taskinstance.py:1032} INFO - Dependencies all met for <TaskInstance: new_data_ingestion_gcs_dag.local_to_gcs_task manual__2022-01-31T02:56:55.164539+00:00 [queued]>
[2022-01-31 02:59:21,095] {taskinstance.py:1032} INFO - Dependencies all met for <TaskInstance: new_data_ingestion_gcs_dag.local_to_gcs_task manual__2022-01-31T02:56:55.164539+00:00 [queued]>
[2022-01-31 02:59:21,097] {taskinstance.py:1238} INFO - 
--------------------------------------------------------------------------------
[2022-01-31 02:59:21,098] {taskinstance.py:1239} INFO - Starting attempt 1 of 2
[2022-01-31 02:59:21,100] {taskinstance.py:1240} INFO - 
--------------------------------------------------------------------------------
[2022-01-31 02:59:21,155] {taskinstance.py:1259} INFO - Executing <Task(PythonOperator): local_to_gcs_task> on 2022-01-31 02:56:55.164539+00:00
[2022-01-31 02:59:21,166] {standard_task_runner.py:52} INFO - Started process 664 to run task
[2022-01-31 02:59:21,184] {standard_task_runner.py:76} INFO - Running: ['***', 'tasks', 'run', 'new_data_ingestion_gcs_dag', 'local_to_gcs_task', 'manual__2022-01-31T02:56:55.164539+00:00', '--job-id', '45', '--raw', '--subdir', 'DAGS_FOLDER/ingest_parquet_data_gcs.py', '--cfg-path', '/tmp/tmpqa39nbow', '--error-file', '/tmp/tmppn1gq2gg']
[2022-01-31 02:59:21,188] {standard_task_runner.py:77} INFO - Job 45: Subtask local_to_gcs_task
[2022-01-31 02:59:21,347] {logging_mixin.py:109} INFO - Running <TaskInstance: new_data_ingestion_gcs_dag.local_to_gcs_task manual__2022-01-31T02:56:55.164539+00:00 [running]> on host 5beebf73c64a
[2022-01-31 02:59:21,566] {taskinstance.py:1426} INFO - Exporting the following env vars:
AIRFLOW_CTX_DAG_OWNER=***
AIRFLOW_CTX_DAG_ID=new_data_ingestion_gcs_dag
AIRFLOW_CTX_TASK_ID=local_to_gcs_task
AIRFLOW_CTX_EXECUTION_DATE=2022-01-31T02:56:55.164539+00:00
AIRFLOW_CTX_DAG_RUN_ID=manual__2022-01-31T02:56:55.164539+00:00
[2022-01-31 02:59:26,430] {python.py:175} INFO - Done. Returned value was: None
[2022-01-31 02:59:26,531] {taskinstance.py:1277} INFO - Marking task as SUCCESS. dag_id=new_data_ingestion_gcs_dag, task_id=local_to_gcs_task, execution_date=20220131T025655, start_date=20220131T025921, end_date=20220131T025926
[2022-01-31 02:59:26,668] {local_task_job.py:154} INFO - Task exited with return code 0
[2022-01-31 02:59:26,787] {local_task_job.py:264} INFO - 1 downstream tasks scheduled from follow-on schedule check
