[2022-02-02 21:59:19,489] {taskinstance.py:1032} INFO - Dependencies all met for <TaskInstance: fhv_ingest_2_gcs_dag.format_csv_2_parquet_task scheduled__2020-11-02T06:00:00+00:00 [queued]>
[2022-02-02 21:59:19,569] {taskinstance.py:1032} INFO - Dependencies all met for <TaskInstance: fhv_ingest_2_gcs_dag.format_csv_2_parquet_task scheduled__2020-11-02T06:00:00+00:00 [queued]>
[2022-02-02 21:59:19,571] {taskinstance.py:1238} INFO - 
--------------------------------------------------------------------------------
[2022-02-02 21:59:19,580] {taskinstance.py:1239} INFO - Starting attempt 1 of 1
[2022-02-02 21:59:19,583] {taskinstance.py:1240} INFO - 
--------------------------------------------------------------------------------
[2022-02-02 21:59:19,665] {taskinstance.py:1259} INFO - Executing <Task(PythonOperator): format_csv_2_parquet_task> on 2020-11-02 06:00:00+00:00
[2022-02-02 21:59:19,708] {standard_task_runner.py:52} INFO - Started process 2735 to run task
[2022-02-02 21:59:19,751] {standard_task_runner.py:76} INFO - Running: ['***', 'tasks', 'run', 'fhv_ingest_2_gcs_dag', 'format_csv_2_parquet_task', 'scheduled__2020-11-02T06:00:00+00:00', '--job-id', '507', '--raw', '--subdir', 'DAGS_FOLDER/fhv_download_ingest_gcs.py', '--cfg-path', '/tmp/tmptscsl9pb', '--error-file', '/tmp/tmpw17q2tvi']
[2022-02-02 21:59:19,762] {standard_task_runner.py:77} INFO - Job 507: Subtask format_csv_2_parquet_task
[2022-02-02 21:59:20,129] {logging_mixin.py:109} INFO - Running <TaskInstance: fhv_ingest_2_gcs_dag.format_csv_2_parquet_task scheduled__2020-11-02T06:00:00+00:00 [running]> on host ee5c3eebd1b1
[2022-02-02 21:59:20,429] {warnings.py:110} WARNING - /home/***/.local/lib/python3.7/site-packages/***/utils/context.py:152: AirflowContextDeprecationWarning: Accessing 'execution_date' from the template is deprecated and will be removed in a future version. Please use 'data_interval_start' or 'logical_date' instead.
  warnings.warn(_create_deprecation_warning(key, self._deprecation_replacements[key]))

[2022-02-02 21:59:20,516] {taskinstance.py:1426} INFO - Exporting the following env vars:
AIRFLOW_CTX_DAG_OWNER=***
AIRFLOW_CTX_DAG_ID=fhv_ingest_2_gcs_dag
AIRFLOW_CTX_TASK_ID=format_csv_2_parquet_task
AIRFLOW_CTX_EXECUTION_DATE=2020-11-02T06:00:00+00:00
AIRFLOW_CTX_DAG_RUN_ID=scheduled__2020-11-02T06:00:00+00:00
[2022-02-02 21:59:22,827] {python.py:175} INFO - Done. Returned value was: None
[2022-02-02 21:59:22,956] {taskinstance.py:1277} INFO - Marking task as SUCCESS. dag_id=fhv_ingest_2_gcs_dag, task_id=format_csv_2_parquet_task, execution_date=20201102T060000, start_date=20220202T215919, end_date=20220202T215922
[2022-02-02 21:59:23,111] {local_task_job.py:154} INFO - Task exited with return code 0
[2022-02-02 21:59:23,230] {local_task_job.py:264} INFO - 1 downstream tasks scheduled from follow-on schedule check
