[2022-02-15 22:49:38,317] {taskinstance.py:1032} INFO - Dependencies all met for <TaskInstance: green_taxi_download_csv.green_csv_file_url scheduled__2019-11-02T06:00:00+00:00 [queued]>
[2022-02-15 22:49:38,458] {taskinstance.py:1032} INFO - Dependencies all met for <TaskInstance: green_taxi_download_csv.green_csv_file_url scheduled__2019-11-02T06:00:00+00:00 [queued]>
[2022-02-15 22:49:38,466] {taskinstance.py:1238} INFO - 
--------------------------------------------------------------------------------
[2022-02-15 22:49:38,471] {taskinstance.py:1239} INFO - Starting attempt 1 of 1
[2022-02-15 22:49:38,474] {taskinstance.py:1240} INFO - 
--------------------------------------------------------------------------------
[2022-02-15 22:49:38,583] {taskinstance.py:1259} INFO - Executing <Task(BashOperator): green_csv_file_url> on 2019-11-02 06:00:00+00:00
[2022-02-15 22:49:38,604] {standard_task_runner.py:52} INFO - Started process 5563 to run task
[2022-02-15 22:49:38,625] {standard_task_runner.py:76} INFO - Running: ['***', 'tasks', 'run', 'green_taxi_download_csv', 'green_csv_file_url', 'scheduled__2019-11-02T06:00:00+00:00', '--job-id', '772', '--raw', '--subdir', 'DAGS_FOLDER/download_upload_greentaxi_csv.py', '--cfg-path', '/tmp/tmppyszkjzj', '--error-file', '/tmp/tmpsvgn23of']
[2022-02-15 22:49:38,641] {standard_task_runner.py:77} INFO - Job 772: Subtask green_csv_file_url
[2022-02-15 22:49:39,055] {logging_mixin.py:109} INFO - Running <TaskInstance: green_taxi_download_csv.green_csv_file_url scheduled__2019-11-02T06:00:00+00:00 [running]> on host 29988b24dbed
[2022-02-15 22:49:39,376] {warnings.py:110} WARNING - /home/***/.local/lib/python3.7/site-packages/***/utils/context.py:152: AirflowContextDeprecationWarning: Accessing 'execution_date' from the template is deprecated and will be removed in a future version. Please use 'data_interval_start' or 'logical_date' instead.
  warnings.warn(_create_deprecation_warning(key, self._deprecation_replacements[key]))

[2022-02-15 22:49:39,489] {taskinstance.py:1426} INFO - Exporting the following env vars:
AIRFLOW_CTX_DAG_OWNER=***
AIRFLOW_CTX_DAG_ID=green_taxi_download_csv
AIRFLOW_CTX_TASK_ID=green_csv_file_url
AIRFLOW_CTX_EXECUTION_DATE=2019-11-02T06:00:00+00:00
AIRFLOW_CTX_DAG_RUN_ID=scheduled__2019-11-02T06:00:00+00:00
[2022-02-15 22:49:39,495] {subprocess.py:62} INFO - Tmp dir root location: 
 /tmp
[2022-02-15 22:49:39,499] {subprocess.py:74} INFO - Running command: ['bash', '-c', 'curl -sSL https://s3.amazonaws.com/nyc-tlc/trip+data/green_tripdata_2019-11.csv > /opt/***/output_2019-11.csv']
[2022-02-15 22:49:39,587] {subprocess.py:85} INFO - Output:
[2022-02-15 22:49:50,203] {subprocess.py:93} INFO - Command exited with return code 0
[2022-02-15 22:49:50,943] {taskinstance.py:1277} INFO - Marking task as SUCCESS. dag_id=green_taxi_download_csv, task_id=green_csv_file_url, execution_date=20191102T060000, start_date=20220215T224938, end_date=20220215T224950
[2022-02-15 22:49:51,166] {local_task_job.py:154} INFO - Task exited with return code 0
[2022-02-15 22:49:51,422] {local_task_job.py:264} INFO - 1 downstream tasks scheduled from follow-on schedule check
[2022-02-15 22:54:00,981] {taskinstance.py:1032} INFO - Dependencies all met for <TaskInstance: green_taxi_download_csv.green_csv_file_url scheduled__2019-11-02T06:00:00+00:00 [queued]>
[2022-02-15 22:54:01,027] {taskinstance.py:1032} INFO - Dependencies all met for <TaskInstance: green_taxi_download_csv.green_csv_file_url scheduled__2019-11-02T06:00:00+00:00 [queued]>
[2022-02-15 22:54:01,029] {taskinstance.py:1238} INFO - 
--------------------------------------------------------------------------------
[2022-02-15 22:54:01,031] {taskinstance.py:1239} INFO - Starting attempt 1 of 1
[2022-02-15 22:54:01,032] {taskinstance.py:1240} INFO - 
--------------------------------------------------------------------------------
[2022-02-15 22:54:01,083] {taskinstance.py:1259} INFO - Executing <Task(BashOperator): green_csv_file_url> on 2019-11-02 06:00:00+00:00
[2022-02-15 22:54:01,094] {standard_task_runner.py:52} INFO - Started process 5980 to run task
[2022-02-15 22:54:01,105] {standard_task_runner.py:76} INFO - Running: ['***', 'tasks', 'run', 'green_taxi_download_csv', 'green_csv_file_url', 'scheduled__2019-11-02T06:00:00+00:00', '--job-id', '796', '--raw', '--subdir', 'DAGS_FOLDER/download_upload_greentaxi_csv.py', '--cfg-path', '/tmp/tmpqdrs6jgu', '--error-file', '/tmp/tmp63j4ny6i']
[2022-02-15 22:54:01,109] {standard_task_runner.py:77} INFO - Job 796: Subtask green_csv_file_url
[2022-02-15 22:54:01,287] {logging_mixin.py:109} INFO - Running <TaskInstance: green_taxi_download_csv.green_csv_file_url scheduled__2019-11-02T06:00:00+00:00 [running]> on host 29988b24dbed
[2022-02-15 22:54:01,444] {warnings.py:110} WARNING - /home/***/.local/lib/python3.7/site-packages/***/utils/context.py:152: AirflowContextDeprecationWarning: Accessing 'execution_date' from the template is deprecated and will be removed in a future version. Please use 'data_interval_start' or 'logical_date' instead.
  warnings.warn(_create_deprecation_warning(key, self._deprecation_replacements[key]))

[2022-02-15 22:54:01,491] {taskinstance.py:1426} INFO - Exporting the following env vars:
AIRFLOW_CTX_DAG_OWNER=***
AIRFLOW_CTX_DAG_ID=green_taxi_download_csv
AIRFLOW_CTX_TASK_ID=green_csv_file_url
AIRFLOW_CTX_EXECUTION_DATE=2019-11-02T06:00:00+00:00
AIRFLOW_CTX_DAG_RUN_ID=scheduled__2019-11-02T06:00:00+00:00
[2022-02-15 22:54:01,496] {subprocess.py:62} INFO - Tmp dir root location: 
 /tmp
[2022-02-15 22:54:01,499] {subprocess.py:74} INFO - Running command: ['bash', '-c', 'curl -sSL https://s3.amazonaws.com/nyc-tlc/trip+data/green_tripdata_2019-11.csv > /opt/***/output_2019-11.csv']
[2022-02-15 22:54:01,522] {subprocess.py:85} INFO - Output:
[2022-02-15 22:54:03,825] {subprocess.py:93} INFO - Command exited with return code 0
[2022-02-15 22:54:03,920] {taskinstance.py:1277} INFO - Marking task as SUCCESS. dag_id=green_taxi_download_csv, task_id=green_csv_file_url, execution_date=20191102T060000, start_date=20220215T225400, end_date=20220215T225403
[2022-02-15 22:54:03,993] {local_task_job.py:154} INFO - Task exited with return code 0
[2022-02-15 22:54:04,101] {local_task_job.py:264} INFO - 1 downstream tasks scheduled from follow-on schedule check
