[2022-02-15 22:49:34,676] {taskinstance.py:1032} INFO - Dependencies all met for <TaskInstance: green_taxi_download_csv.green_csv_file_url scheduled__2019-10-02T06:00:00+00:00 [queued]>
[2022-02-15 22:49:34,923] {taskinstance.py:1032} INFO - Dependencies all met for <TaskInstance: green_taxi_download_csv.green_csv_file_url scheduled__2019-10-02T06:00:00+00:00 [queued]>
[2022-02-15 22:49:34,925] {taskinstance.py:1238} INFO - 
--------------------------------------------------------------------------------
[2022-02-15 22:49:34,928] {taskinstance.py:1239} INFO - Starting attempt 1 of 1
[2022-02-15 22:49:34,931] {taskinstance.py:1240} INFO - 
--------------------------------------------------------------------------------
[2022-02-15 22:49:35,178] {taskinstance.py:1259} INFO - Executing <Task(BashOperator): green_csv_file_url> on 2019-10-02 06:00:00+00:00
[2022-02-15 22:49:35,231] {standard_task_runner.py:52} INFO - Started process 5554 to run task
[2022-02-15 22:49:35,287] {standard_task_runner.py:76} INFO - Running: ['***', 'tasks', 'run', 'green_taxi_download_csv', 'green_csv_file_url', 'scheduled__2019-10-02T06:00:00+00:00', '--job-id', '771', '--raw', '--subdir', 'DAGS_FOLDER/download_upload_greentaxi_csv.py', '--cfg-path', '/tmp/tmpx9zv3wzi', '--error-file', '/tmp/tmpiogi6opm']
[2022-02-15 22:49:35,309] {standard_task_runner.py:77} INFO - Job 771: Subtask green_csv_file_url
[2022-02-15 22:49:35,906] {logging_mixin.py:109} INFO - Running <TaskInstance: green_taxi_download_csv.green_csv_file_url scheduled__2019-10-02T06:00:00+00:00 [running]> on host 29988b24dbed
[2022-02-15 22:49:36,308] {warnings.py:110} WARNING - /home/***/.local/lib/python3.7/site-packages/***/utils/context.py:152: AirflowContextDeprecationWarning: Accessing 'execution_date' from the template is deprecated and will be removed in a future version. Please use 'data_interval_start' or 'logical_date' instead.
  warnings.warn(_create_deprecation_warning(key, self._deprecation_replacements[key]))

[2022-02-15 22:49:36,465] {taskinstance.py:1426} INFO - Exporting the following env vars:
AIRFLOW_CTX_DAG_OWNER=***
AIRFLOW_CTX_DAG_ID=green_taxi_download_csv
AIRFLOW_CTX_TASK_ID=green_csv_file_url
AIRFLOW_CTX_EXECUTION_DATE=2019-10-02T06:00:00+00:00
AIRFLOW_CTX_DAG_RUN_ID=scheduled__2019-10-02T06:00:00+00:00
[2022-02-15 22:49:36,482] {subprocess.py:62} INFO - Tmp dir root location: 
 /tmp
[2022-02-15 22:49:36,497] {subprocess.py:74} INFO - Running command: ['bash', '-c', 'curl -sSL https://s3.amazonaws.com/nyc-tlc/trip+data/green_tripdata_2019-10.csv > /opt/***/output_2019-10.csv']
[2022-02-15 22:49:36,603] {subprocess.py:85} INFO - Output:
[2022-02-15 22:49:40,289] {subprocess.py:93} INFO - Command exited with return code 0
[2022-02-15 22:49:40,538] {taskinstance.py:1277} INFO - Marking task as SUCCESS. dag_id=green_taxi_download_csv, task_id=green_csv_file_url, execution_date=20191002T060000, start_date=20220215T224934, end_date=20220215T224940
[2022-02-15 22:49:40,688] {local_task_job.py:154} INFO - Task exited with return code 0
[2022-02-15 22:49:40,954] {local_task_job.py:264} INFO - 1 downstream tasks scheduled from follow-on schedule check
[2022-02-15 22:53:23,490] {taskinstance.py:1032} INFO - Dependencies all met for <TaskInstance: green_taxi_download_csv.green_csv_file_url scheduled__2019-10-02T06:00:00+00:00 [queued]>
[2022-02-15 22:53:23,533] {taskinstance.py:1032} INFO - Dependencies all met for <TaskInstance: green_taxi_download_csv.green_csv_file_url scheduled__2019-10-02T06:00:00+00:00 [queued]>
[2022-02-15 22:53:23,535] {taskinstance.py:1238} INFO - 
--------------------------------------------------------------------------------
[2022-02-15 22:53:23,536] {taskinstance.py:1239} INFO - Starting attempt 1 of 1
[2022-02-15 22:53:23,538] {taskinstance.py:1240} INFO - 
--------------------------------------------------------------------------------
[2022-02-15 22:53:23,582] {taskinstance.py:1259} INFO - Executing <Task(BashOperator): green_csv_file_url> on 2019-10-02 06:00:00+00:00
[2022-02-15 22:53:23,593] {standard_task_runner.py:52} INFO - Started process 5918 to run task
[2022-02-15 22:53:23,603] {standard_task_runner.py:76} INFO - Running: ['***', 'tasks', 'run', 'green_taxi_download_csv', 'green_csv_file_url', 'scheduled__2019-10-02T06:00:00+00:00', '--job-id', '792', '--raw', '--subdir', 'DAGS_FOLDER/download_upload_greentaxi_csv.py', '--cfg-path', '/tmp/tmpdsgd350l', '--error-file', '/tmp/tmp17j1eg7i']
[2022-02-15 22:53:23,606] {standard_task_runner.py:77} INFO - Job 792: Subtask green_csv_file_url
[2022-02-15 22:53:23,760] {logging_mixin.py:109} INFO - Running <TaskInstance: green_taxi_download_csv.green_csv_file_url scheduled__2019-10-02T06:00:00+00:00 [running]> on host 29988b24dbed
[2022-02-15 22:53:23,929] {warnings.py:110} WARNING - /home/***/.local/lib/python3.7/site-packages/***/utils/context.py:152: AirflowContextDeprecationWarning: Accessing 'execution_date' from the template is deprecated and will be removed in a future version. Please use 'data_interval_start' or 'logical_date' instead.
  warnings.warn(_create_deprecation_warning(key, self._deprecation_replacements[key]))

[2022-02-15 22:53:23,990] {taskinstance.py:1426} INFO - Exporting the following env vars:
AIRFLOW_CTX_DAG_OWNER=***
AIRFLOW_CTX_DAG_ID=green_taxi_download_csv
AIRFLOW_CTX_TASK_ID=green_csv_file_url
AIRFLOW_CTX_EXECUTION_DATE=2019-10-02T06:00:00+00:00
AIRFLOW_CTX_DAG_RUN_ID=scheduled__2019-10-02T06:00:00+00:00
[2022-02-15 22:53:23,995] {subprocess.py:62} INFO - Tmp dir root location: 
 /tmp
[2022-02-15 22:53:23,997] {subprocess.py:74} INFO - Running command: ['bash', '-c', 'curl -sSL https://s3.amazonaws.com/nyc-tlc/trip+data/green_tripdata_2019-10.csv > /opt/***/output_2019-10.csv']
[2022-02-15 22:53:24,021] {subprocess.py:85} INFO - Output:
[2022-02-15 22:53:27,638] {subprocess.py:93} INFO - Command exited with return code 0
[2022-02-15 22:53:27,971] {taskinstance.py:1277} INFO - Marking task as SUCCESS. dag_id=green_taxi_download_csv, task_id=green_csv_file_url, execution_date=20191002T060000, start_date=20220215T225323, end_date=20220215T225327
[2022-02-15 22:53:28,146] {local_task_job.py:154} INFO - Task exited with return code 0
[2022-02-15 22:53:28,369] {local_task_job.py:264} INFO - 1 downstream tasks scheduled from follow-on schedule check
