[2022-02-15 21:29:20,933] {taskinstance.py:1032} INFO - Dependencies all met for <TaskInstance: yellow_taxi_download_csv.csv_to_gcs_job scheduled__2019-02-02T06:00:00+00:00 [queued]>
[2022-02-15 21:29:21,093] {taskinstance.py:1032} INFO - Dependencies all met for <TaskInstance: yellow_taxi_download_csv.csv_to_gcs_job scheduled__2019-02-02T06:00:00+00:00 [queued]>
[2022-02-15 21:29:21,101] {taskinstance.py:1238} INFO - 
--------------------------------------------------------------------------------
[2022-02-15 21:29:21,109] {taskinstance.py:1239} INFO - Starting attempt 2 of 2
[2022-02-15 21:29:21,111] {taskinstance.py:1240} INFO - 
--------------------------------------------------------------------------------
[2022-02-15 21:29:21,262] {taskinstance.py:1259} INFO - Executing <Task(PythonOperator): csv_to_gcs_job> on 2019-02-02 06:00:00+00:00
[2022-02-15 21:29:21,287] {standard_task_runner.py:52} INFO - Started process 1192 to run task
[2022-02-15 21:29:21,339] {standard_task_runner.py:76} INFO - Running: ['***', 'tasks', 'run', 'yellow_taxi_download_csv', 'csv_to_gcs_job', 'scheduled__2019-02-02T06:00:00+00:00', '--job-id', '695', '--raw', '--subdir', 'DAGS_FOLDER/download_upload_yellowtaxi_csv.py', '--cfg-path', '/tmp/tmpqg4eek1d', '--error-file', '/tmp/tmpokqjvhcg']
[2022-02-15 21:29:21,359] {standard_task_runner.py:77} INFO - Job 695: Subtask csv_to_gcs_job
[2022-02-15 21:29:21,659] {logging_mixin.py:109} INFO - Running <TaskInstance: yellow_taxi_download_csv.csv_to_gcs_job scheduled__2019-02-02T06:00:00+00:00 [running]> on host 29988b24dbed
[2022-02-15 21:29:22,206] {warnings.py:110} WARNING - /home/***/.local/lib/python3.7/site-packages/***/utils/context.py:152: AirflowContextDeprecationWarning: Accessing 'execution_date' from the template is deprecated and will be removed in a future version. Please use 'data_interval_start' or 'logical_date' instead.
  warnings.warn(_create_deprecation_warning(key, self._deprecation_replacements[key]))

[2022-02-15 21:29:22,381] {taskinstance.py:1426} INFO - Exporting the following env vars:
AIRFLOW_CTX_DAG_OWNER=***
AIRFLOW_CTX_DAG_ID=yellow_taxi_download_csv
AIRFLOW_CTX_TASK_ID=csv_to_gcs_job
AIRFLOW_CTX_EXECUTION_DATE=2019-02-02T06:00:00+00:00
AIRFLOW_CTX_DAG_RUN_ID=scheduled__2019-02-02T06:00:00+00:00
[2022-02-15 21:31:57,400] {python.py:175} INFO - Done. Returned value was: None
[2022-02-15 21:31:57,537] {taskinstance.py:1277} INFO - Marking task as SUCCESS. dag_id=yellow_taxi_download_csv, task_id=csv_to_gcs_job, execution_date=20190202T060000, start_date=20220215T212920, end_date=20220215T213157
[2022-02-15 21:31:57,829] {local_task_job.py:154} INFO - Task exited with return code 0
[2022-02-15 21:31:57,980] {local_task_job.py:264} INFO - 0 downstream tasks scheduled from follow-on schedule check
