[2022-02-02 14:54:45,296] {taskinstance.py:1032} INFO - Dependencies all met for <TaskInstance: download_ingest_2_gcs_dag.format_2_parquet_task scheduled__2019-10-02T06:00:00+00:00 [queued]>
[2022-02-02 14:54:45,524] {taskinstance.py:1032} INFO - Dependencies all met for <TaskInstance: download_ingest_2_gcs_dag.format_2_parquet_task scheduled__2019-10-02T06:00:00+00:00 [queued]>
[2022-02-02 14:54:45,531] {taskinstance.py:1238} INFO - 
--------------------------------------------------------------------------------
[2022-02-02 14:54:45,534] {taskinstance.py:1239} INFO - Starting attempt 5 of 5
[2022-02-02 14:54:45,535] {taskinstance.py:1240} INFO - 
--------------------------------------------------------------------------------
[2022-02-02 14:54:45,685] {taskinstance.py:1259} INFO - Executing <Task(PythonOperator): format_2_parquet_task> on 2019-10-02 06:00:00+00:00
[2022-02-02 14:54:45,707] {standard_task_runner.py:52} INFO - Started process 31958 to run task
[2022-02-02 14:54:45,736] {standard_task_runner.py:76} INFO - Running: ['***', 'tasks', 'run', 'download_ingest_2_gcs_dag', 'format_2_parquet_task', 'scheduled__2019-10-02T06:00:00+00:00', '--job-id', '364', '--raw', '--subdir', 'DAGS_FOLDER/download_ingest_2_gsc_assgnment.py', '--cfg-path', '/tmp/tmp3b36_qyj', '--error-file', '/tmp/tmpc7noi489']
[2022-02-02 14:54:45,753] {standard_task_runner.py:77} INFO - Job 364: Subtask format_2_parquet_task
[2022-02-02 14:54:46,245] {logging_mixin.py:109} INFO - Running <TaskInstance: download_ingest_2_gcs_dag.format_2_parquet_task scheduled__2019-10-02T06:00:00+00:00 [running]> on host 3082aca3aebc
[2022-02-02 14:54:46,535] {warnings.py:110} WARNING - /home/***/.local/lib/python3.7/site-packages/***/utils/context.py:152: AirflowContextDeprecationWarning: Accessing 'execution_date' from the template is deprecated and will be removed in a future version. Please use 'data_interval_start' or 'logical_date' instead.
  warnings.warn(_create_deprecation_warning(key, self._deprecation_replacements[key]))

[2022-02-02 14:54:46,701] {taskinstance.py:1426} INFO - Exporting the following env vars:
AIRFLOW_CTX_DAG_OWNER=***
AIRFLOW_CTX_DAG_ID=download_ingest_2_gcs_dag
AIRFLOW_CTX_TASK_ID=format_2_parquet_task
AIRFLOW_CTX_EXECUTION_DATE=2019-10-02T06:00:00+00:00
AIRFLOW_CTX_DAG_RUN_ID=scheduled__2019-10-02T06:00:00+00:00
[2022-02-02 14:55:32,609] {python.py:175} INFO - Done. Returned value was: None
[2022-02-02 14:55:32,747] {taskinstance.py:1277} INFO - Marking task as SUCCESS. dag_id=download_ingest_2_gcs_dag, task_id=format_2_parquet_task, execution_date=20191002T060000, start_date=20220202T145445, end_date=20220202T145532
[2022-02-02 14:55:34,570] {local_task_job.py:212} WARNING - State of this instance has been externally set to success. Terminating instance.
[2022-02-02 14:55:34,636] {process_utils.py:124} INFO - Sending Signals.SIGTERM to group 31958. PIDs of all processes in the group: [31958]
[2022-02-02 14:55:34,643] {process_utils.py:75} INFO - Sending the signal Signals.SIGTERM to group 31958
[2022-02-02 14:55:35,758] {process_utils.py:70} INFO - Process psutil.Process(pid=31958, status='terminated', exitcode=0, started='14:54:44') (31958) terminated with exit code 0
