[2022-02-02 14:41:42,049] {taskinstance.py:1032} INFO - Dependencies all met for <TaskInstance: download_ingest_2_gcs_dag.format_2_parquet_task scheduled__2019-12-02T06:00:00+00:00 [queued]>
[2022-02-02 14:41:42,185] {taskinstance.py:1032} INFO - Dependencies all met for <TaskInstance: download_ingest_2_gcs_dag.format_2_parquet_task scheduled__2019-12-02T06:00:00+00:00 [queued]>
[2022-02-02 14:41:42,188] {taskinstance.py:1238} INFO - 
--------------------------------------------------------------------------------
[2022-02-02 14:41:42,190] {taskinstance.py:1239} INFO - Starting attempt 1 of 1
[2022-02-02 14:41:42,193] {taskinstance.py:1240} INFO - 
--------------------------------------------------------------------------------
[2022-02-02 14:41:42,559] {taskinstance.py:1259} INFO - Executing <Task(PythonOperator): format_2_parquet_task> on 2019-12-02 06:00:00+00:00
[2022-02-02 14:41:42,608] {standard_task_runner.py:52} INFO - Started process 31131 to run task
[2022-02-02 14:41:42,739] {standard_task_runner.py:76} INFO - Running: ['***', 'tasks', 'run', 'download_ingest_2_gcs_dag', 'format_2_parquet_task', 'scheduled__2019-12-02T06:00:00+00:00', '--job-id', '348', '--raw', '--subdir', 'DAGS_FOLDER/download_ingest_2_gsc_assgnment.py', '--cfg-path', '/tmp/tmp5nj7ltb0', '--error-file', '/tmp/tmp6n0t216j']
[2022-02-02 14:41:42,781] {standard_task_runner.py:77} INFO - Job 348: Subtask format_2_parquet_task
[2022-02-02 14:41:43,745] {logging_mixin.py:109} INFO - Running <TaskInstance: download_ingest_2_gcs_dag.format_2_parquet_task scheduled__2019-12-02T06:00:00+00:00 [running]> on host 3082aca3aebc
[2022-02-02 14:41:44,650] {warnings.py:110} WARNING - /home/***/.local/lib/python3.7/site-packages/***/utils/context.py:152: AirflowContextDeprecationWarning: Accessing 'execution_date' from the template is deprecated and will be removed in a future version. Please use 'data_interval_start' or 'logical_date' instead.
  warnings.warn(_create_deprecation_warning(key, self._deprecation_replacements[key]))

[2022-02-02 14:41:44,863] {taskinstance.py:1426} INFO - Exporting the following env vars:
AIRFLOW_CTX_DAG_OWNER=***
AIRFLOW_CTX_DAG_ID=download_ingest_2_gcs_dag
AIRFLOW_CTX_TASK_ID=format_2_parquet_task
AIRFLOW_CTX_EXECUTION_DATE=2019-12-02T06:00:00+00:00
AIRFLOW_CTX_DAG_RUN_ID=scheduled__2019-12-02T06:00:00+00:00
[2022-02-02 14:42:30,863] {local_task_job.py:154} INFO - Task exited with return code Negsignal.SIGKILL
[2022-02-02 14:42:31,583] {taskinstance.py:1277} INFO - Marking task as FAILED. dag_id=download_ingest_2_gcs_dag, task_id=format_2_parquet_task, execution_date=20191202T060000, start_date=20220202T144142, end_date=20220202T144231
[2022-02-02 14:42:32,689] {local_task_job.py:264} INFO - 0 downstream tasks scheduled from follow-on schedule check
