[2022-02-02 15:12:20,993] {taskinstance.py:1032} INFO - Dependencies all met for <TaskInstance: download_ingest_2_gcs_dag.format_2_parquet_task scheduled__2019-12-02T06:00:00+00:00 [queued]>
[2022-02-02 15:12:21,039] {taskinstance.py:1032} INFO - Dependencies all met for <TaskInstance: download_ingest_2_gcs_dag.format_2_parquet_task scheduled__2019-12-02T06:00:00+00:00 [queued]>
[2022-02-02 15:12:21,041] {taskinstance.py:1238} INFO - 
--------------------------------------------------------------------------------
[2022-02-02 15:12:21,042] {taskinstance.py:1239} INFO - Starting attempt 3 of 3
[2022-02-02 15:12:21,043] {taskinstance.py:1240} INFO - 
--------------------------------------------------------------------------------
[2022-02-02 15:12:21,086] {taskinstance.py:1259} INFO - Executing <Task(PythonOperator): format_2_parquet_task> on 2019-12-02 06:00:00+00:00
[2022-02-02 15:12:21,099] {standard_task_runner.py:52} INFO - Started process 33193 to run task
[2022-02-02 15:12:21,109] {standard_task_runner.py:76} INFO - Running: ['***', 'tasks', 'run', 'download_ingest_2_gcs_dag', 'format_2_parquet_task', 'scheduled__2019-12-02T06:00:00+00:00', '--job-id', '403', '--raw', '--subdir', 'DAGS_FOLDER/download_ingest_2_gsc_assgnment.py', '--cfg-path', '/tmp/tmp5l1emh75', '--error-file', '/tmp/tmp11hpl13y']
[2022-02-02 15:12:21,113] {standard_task_runner.py:77} INFO - Job 403: Subtask format_2_parquet_task
[2022-02-02 15:12:21,286] {logging_mixin.py:109} INFO - Running <TaskInstance: download_ingest_2_gcs_dag.format_2_parquet_task scheduled__2019-12-02T06:00:00+00:00 [running]> on host 3082aca3aebc
[2022-02-02 15:12:21,455] {warnings.py:110} WARNING - /home/***/.local/lib/python3.7/site-packages/***/utils/context.py:152: AirflowContextDeprecationWarning: Accessing 'execution_date' from the template is deprecated and will be removed in a future version. Please use 'data_interval_start' or 'logical_date' instead.
  warnings.warn(_create_deprecation_warning(key, self._deprecation_replacements[key]))

[2022-02-02 15:12:21,501] {taskinstance.py:1426} INFO - Exporting the following env vars:
AIRFLOW_CTX_DAG_OWNER=***
AIRFLOW_CTX_DAG_ID=download_ingest_2_gcs_dag
AIRFLOW_CTX_TASK_ID=format_2_parquet_task
AIRFLOW_CTX_EXECUTION_DATE=2019-12-02T06:00:00+00:00
AIRFLOW_CTX_DAG_RUN_ID=scheduled__2019-12-02T06:00:00+00:00
[2022-02-02 15:12:57,724] {python.py:175} INFO - Done. Returned value was: None
[2022-02-02 15:12:57,864] {taskinstance.py:1277} INFO - Marking task as SUCCESS. dag_id=download_ingest_2_gcs_dag, task_id=format_2_parquet_task, execution_date=20191202T060000, start_date=20220202T151220, end_date=20220202T151257
[2022-02-02 15:12:58,350] {local_task_job.py:212} WARNING - State of this instance has been externally set to success. Terminating instance.
[2022-02-02 15:12:58,375] {process_utils.py:124} INFO - Sending Signals.SIGTERM to group 33193. PIDs of all processes in the group: [33193]
[2022-02-02 15:12:58,378] {process_utils.py:75} INFO - Sending the signal Signals.SIGTERM to group 33193
[2022-02-02 15:13:00,742] {process_utils.py:70} INFO - Process psutil.Process(pid=33193, status='terminated', exitcode=0, started='15:12:20') (33193) terminated with exit code 0
