[2022-02-04 04:40:19,049] {taskinstance.py:1032} INFO - Dependencies all met for <TaskInstance: ingest_2_postgres_dag.wget2 scheduled__2022-01-02T06:00:00+00:00 [queued]>
[2022-02-04 04:40:19,101] {taskinstance.py:1032} INFO - Dependencies all met for <TaskInstance: ingest_2_postgres_dag.wget2 scheduled__2022-01-02T06:00:00+00:00 [queued]>
[2022-02-04 04:40:19,104] {taskinstance.py:1238} INFO - 
--------------------------------------------------------------------------------
[2022-02-04 04:40:19,105] {taskinstance.py:1239} INFO - Starting attempt 3 of 3
[2022-02-04 04:40:19,107] {taskinstance.py:1240} INFO - 
--------------------------------------------------------------------------------
[2022-02-04 04:40:19,165] {taskinstance.py:1259} INFO - Executing <Task(BashOperator): wget2> on 2022-01-02 06:00:00+00:00
[2022-02-04 04:40:19,178] {standard_task_runner.py:52} INFO - Started process 2956 to run task
[2022-02-04 04:40:19,185] {standard_task_runner.py:76} INFO - Running: ['***', 'tasks', 'run', 'ingest_2_postgres_dag', 'wget2', 'scheduled__2022-01-02T06:00:00+00:00', '--job-id', '529', '--raw', '--subdir', 'DAGS_FOLDER/ingest_data_2_postgres.py', '--cfg-path', '/tmp/tmpc6vu2_n2', '--error-file', '/tmp/tmpq5n9ag_z']
[2022-02-04 04:40:19,191] {standard_task_runner.py:77} INFO - Job 529: Subtask wget2
[2022-02-04 04:40:19,392] {logging_mixin.py:109} INFO - Running <TaskInstance: ingest_2_postgres_dag.wget2 scheduled__2022-01-02T06:00:00+00:00 [running]> on host 5ef54cb9f374
[2022-02-04 04:40:19,553] {warnings.py:110} WARNING - /home/***/.local/lib/python3.7/site-packages/***/utils/context.py:152: AirflowContextDeprecationWarning: Accessing 'execution_date' from the template is deprecated and will be removed in a future version. Please use 'data_interval_start' or 'logical_date' instead.
  warnings.warn(_create_deprecation_warning(key, self._deprecation_replacements[key]))

[2022-02-04 04:40:19,615] {taskinstance.py:1426} INFO - Exporting the following env vars:
AIRFLOW_CTX_DAG_OWNER=***
AIRFLOW_CTX_DAG_ID=ingest_2_postgres_dag
AIRFLOW_CTX_TASK_ID=wget2
AIRFLOW_CTX_EXECUTION_DATE=2022-01-02T06:00:00+00:00
AIRFLOW_CTX_DAG_RUN_ID=scheduled__2022-01-02T06:00:00+00:00
[2022-02-04 04:40:19,620] {subprocess.py:62} INFO - Tmp dir root location: 
 /tmp
[2022-02-04 04:40:19,626] {subprocess.py:74} INFO - Running command: ['bash', '-c', 'curl -sSLf https://s3.amazonaws.com/nyc-tlc/trip+data/yellow_tripdata_2021-01.csv > /opt/***/output_2022-01.csv']
[2022-02-04 04:40:19,651] {subprocess.py:85} INFO - Output:
[2022-02-04 04:41:59,714] {subprocess.py:93} INFO - Command exited with return code 0
[2022-02-04 04:41:59,815] {taskinstance.py:1277} INFO - Marking task as SUCCESS. dag_id=ingest_2_postgres_dag, task_id=wget2, execution_date=20220102T060000, start_date=20220204T044019, end_date=20220204T044159
[2022-02-04 04:41:59,940] {local_task_job.py:154} INFO - Task exited with return code 0
[2022-02-04 04:42:00,063] {local_task_job.py:264} INFO - 1 downstream tasks scheduled from follow-on schedule check
