[2022-02-04 05:03:46,546] {taskinstance.py:1032} INFO - Dependencies all met for <TaskInstance: ingest_2_postgres_dag.wget2 scheduled__2022-01-02T06:00:00+00:00 [queued]>
[2022-02-04 05:03:46,591] {taskinstance.py:1032} INFO - Dependencies all met for <TaskInstance: ingest_2_postgres_dag.wget2 scheduled__2022-01-02T06:00:00+00:00 [queued]>
[2022-02-04 05:03:46,593] {taskinstance.py:1238} INFO - 
--------------------------------------------------------------------------------
[2022-02-04 05:03:46,595] {taskinstance.py:1239} INFO - Starting attempt 4 of 4
[2022-02-04 05:03:46,596] {taskinstance.py:1240} INFO - 
--------------------------------------------------------------------------------
[2022-02-04 05:03:46,643] {taskinstance.py:1259} INFO - Executing <Task(BashOperator): wget2> on 2022-01-02 06:00:00+00:00
[2022-02-04 05:03:46,653] {standard_task_runner.py:52} INFO - Started process 4200 to run task
[2022-02-04 05:03:46,663] {standard_task_runner.py:76} INFO - Running: ['***', 'tasks', 'run', 'ingest_2_postgres_dag', 'wget2', 'scheduled__2022-01-02T06:00:00+00:00', '--job-id', '531', '--raw', '--subdir', 'DAGS_FOLDER/ingest_data_2_postgres.py', '--cfg-path', '/tmp/tmpku65v8qc', '--error-file', '/tmp/tmptad5r9m_']
[2022-02-04 05:03:46,667] {standard_task_runner.py:77} INFO - Job 531: Subtask wget2
[2022-02-04 05:03:46,819] {logging_mixin.py:109} INFO - Running <TaskInstance: ingest_2_postgres_dag.wget2 scheduled__2022-01-02T06:00:00+00:00 [running]> on host 5ef54cb9f374
[2022-02-04 05:03:46,958] {warnings.py:110} WARNING - /home/***/.local/lib/python3.7/site-packages/***/utils/context.py:152: AirflowContextDeprecationWarning: Accessing 'execution_date' from the template is deprecated and will be removed in a future version. Please use 'data_interval_start' or 'logical_date' instead.
  warnings.warn(_create_deprecation_warning(key, self._deprecation_replacements[key]))

[2022-02-04 05:03:47,005] {taskinstance.py:1426} INFO - Exporting the following env vars:
AIRFLOW_CTX_DAG_OWNER=***
AIRFLOW_CTX_DAG_ID=ingest_2_postgres_dag
AIRFLOW_CTX_TASK_ID=wget2
AIRFLOW_CTX_EXECUTION_DATE=2022-01-02T06:00:00+00:00
AIRFLOW_CTX_DAG_RUN_ID=scheduled__2022-01-02T06:00:00+00:00
[2022-02-04 05:03:47,010] {subprocess.py:62} INFO - Tmp dir root location: 
 /tmp
[2022-02-04 05:03:47,013] {subprocess.py:74} INFO - Running command: ['bash', '-c', 'curl -sSLf https://s3.amazonaws.com/nyc-tlc/trip+data/yellow_tripdata_2021-01.csv > /opt/***/output_2022-01.csv']
[2022-02-04 05:03:47,033] {subprocess.py:85} INFO - Output:
[2022-02-04 05:03:52,387] {subprocess.py:93} INFO - Command exited with return code 0
[2022-02-04 05:03:52,518] {taskinstance.py:1277} INFO - Marking task as SUCCESS. dag_id=ingest_2_postgres_dag, task_id=wget2, execution_date=20220102T060000, start_date=20220204T050346, end_date=20220204T050352
[2022-02-04 05:03:52,620] {local_task_job.py:154} INFO - Task exited with return code 0
[2022-02-04 05:03:52,739] {local_task_job.py:264} INFO - 1 downstream tasks scheduled from follow-on schedule check
