[2022-02-01 05:17:40,796] {taskinstance.py:1032} INFO - Dependencies all met for <TaskInstance: new_data_ingestion_gcs_dag.local_to_gcs_task scheduled__2022-01-31T00:00:00+00:00 [queued]>
[2022-02-01 05:17:40,845] {taskinstance.py:1032} INFO - Dependencies all met for <TaskInstance: new_data_ingestion_gcs_dag.local_to_gcs_task scheduled__2022-01-31T00:00:00+00:00 [queued]>
[2022-02-01 05:17:40,847] {taskinstance.py:1238} INFO - 
--------------------------------------------------------------------------------
[2022-02-01 05:17:40,848] {taskinstance.py:1239} INFO - Starting attempt 1 of 2
[2022-02-01 05:17:40,850] {taskinstance.py:1240} INFO - 
--------------------------------------------------------------------------------
[2022-02-01 05:17:40,893] {taskinstance.py:1259} INFO - Executing <Task(PythonOperator): local_to_gcs_task> on 2022-01-31 00:00:00+00:00
[2022-02-01 05:17:40,905] {standard_task_runner.py:52} INFO - Started process 293 to run task
[2022-02-01 05:17:40,914] {standard_task_runner.py:76} INFO - Running: ['***', 'tasks', 'run', 'new_data_ingestion_gcs_dag', 'local_to_gcs_task', 'scheduled__2022-01-31T00:00:00+00:00', '--job-id', '172', '--raw', '--subdir', 'DAGS_FOLDER/ingest_parquet_data_gcs.py', '--cfg-path', '/tmp/tmp16bjkxia', '--error-file', '/tmp/tmpv91kuug_']
[2022-02-01 05:17:40,917] {standard_task_runner.py:77} INFO - Job 172: Subtask local_to_gcs_task
[2022-02-01 05:17:41,076] {logging_mixin.py:109} INFO - Running <TaskInstance: new_data_ingestion_gcs_dag.local_to_gcs_task scheduled__2022-01-31T00:00:00+00:00 [running]> on host efbb872c51c9
[2022-02-01 05:17:41,264] {taskinstance.py:1426} INFO - Exporting the following env vars:
AIRFLOW_CTX_DAG_OWNER=***
AIRFLOW_CTX_DAG_ID=new_data_ingestion_gcs_dag
AIRFLOW_CTX_TASK_ID=local_to_gcs_task
AIRFLOW_CTX_EXECUTION_DATE=2022-01-31T00:00:00+00:00
AIRFLOW_CTX_DAG_RUN_ID=scheduled__2022-01-31T00:00:00+00:00
[2022-02-01 05:17:45,977] {python.py:175} INFO - Done. Returned value was: None
[2022-02-01 05:17:46,020] {taskinstance.py:1277} INFO - Marking task as SUCCESS. dag_id=new_data_ingestion_gcs_dag, task_id=local_to_gcs_task, execution_date=20220131T000000, start_date=20220201T051740, end_date=20220201T051746
[2022-02-01 05:17:46,120] {local_task_job.py:154} INFO - Task exited with return code 0
[2022-02-01 05:17:46,223] {local_task_job.py:264} INFO - 1 downstream tasks scheduled from follow-on schedule check
