[2022-02-02 21:59:27,845] {taskinstance.py:1032} INFO - Dependencies all met for <TaskInstance: fhv_ingest_2_gcs_dag.upload_to_gcs_job scheduled__2020-11-02T06:00:00+00:00 [queued]>
[2022-02-02 21:59:27,929] {taskinstance.py:1032} INFO - Dependencies all met for <TaskInstance: fhv_ingest_2_gcs_dag.upload_to_gcs_job scheduled__2020-11-02T06:00:00+00:00 [queued]>
[2022-02-02 21:59:27,931] {taskinstance.py:1238} INFO - 
--------------------------------------------------------------------------------
[2022-02-02 21:59:27,933] {taskinstance.py:1239} INFO - Starting attempt 1 of 1
[2022-02-02 21:59:27,935] {taskinstance.py:1240} INFO - 
--------------------------------------------------------------------------------
[2022-02-02 21:59:28,008] {taskinstance.py:1259} INFO - Executing <Task(PythonOperator): upload_to_gcs_job> on 2020-11-02 06:00:00+00:00
[2022-02-02 21:59:28,038] {standard_task_runner.py:52} INFO - Started process 2766 to run task
[2022-02-02 21:59:28,047] {standard_task_runner.py:76} INFO - Running: ['***', 'tasks', 'run', 'fhv_ingest_2_gcs_dag', 'upload_to_gcs_job', 'scheduled__2020-11-02T06:00:00+00:00', '--job-id', '509', '--raw', '--subdir', 'DAGS_FOLDER/fhv_download_ingest_gcs.py', '--cfg-path', '/tmp/tmpka8_8rif', '--error-file', '/tmp/tmpfe480gqz']
[2022-02-02 21:59:28,052] {standard_task_runner.py:77} INFO - Job 509: Subtask upload_to_gcs_job
[2022-02-02 21:59:28,421] {logging_mixin.py:109} INFO - Running <TaskInstance: fhv_ingest_2_gcs_dag.upload_to_gcs_job scheduled__2020-11-02T06:00:00+00:00 [running]> on host ee5c3eebd1b1
[2022-02-02 21:59:28,800] {warnings.py:110} WARNING - /home/***/.local/lib/python3.7/site-packages/***/utils/context.py:152: AirflowContextDeprecationWarning: Accessing 'execution_date' from the template is deprecated and will be removed in a future version. Please use 'data_interval_start' or 'logical_date' instead.
  warnings.warn(_create_deprecation_warning(key, self._deprecation_replacements[key]))

[2022-02-02 21:59:28,928] {taskinstance.py:1426} INFO - Exporting the following env vars:
AIRFLOW_CTX_DAG_OWNER=***
AIRFLOW_CTX_DAG_ID=fhv_ingest_2_gcs_dag
AIRFLOW_CTX_TASK_ID=upload_to_gcs_job
AIRFLOW_CTX_EXECUTION_DATE=2020-11-02T06:00:00+00:00
AIRFLOW_CTX_DAG_RUN_ID=scheduled__2020-11-02T06:00:00+00:00
[2022-02-02 21:59:32,407] {python.py:175} INFO - Done. Returned value was: None
[2022-02-02 21:59:32,543] {taskinstance.py:1277} INFO - Marking task as SUCCESS. dag_id=fhv_ingest_2_gcs_dag, task_id=upload_to_gcs_job, execution_date=20201102T060000, start_date=20220202T215927, end_date=20220202T215932
[2022-02-02 21:59:32,686] {local_task_job.py:154} INFO - Task exited with return code 0
[2022-02-02 21:59:32,967] {local_task_job.py:264} INFO - 0 downstream tasks scheduled from follow-on schedule check
