[2022-02-15 22:05:35,282] {taskinstance.py:1032} INFO - Dependencies all met for <TaskInstance: yellow_taxi_download_csv.csv_to_gcs_job scheduled__2020-12-02T06:00:00+00:00 [queued]>
[2022-02-15 22:05:35,351] {taskinstance.py:1032} INFO - Dependencies all met for <TaskInstance: yellow_taxi_download_csv.csv_to_gcs_job scheduled__2020-12-02T06:00:00+00:00 [queued]>
[2022-02-15 22:05:35,360] {taskinstance.py:1238} INFO - 
--------------------------------------------------------------------------------
[2022-02-15 22:05:35,364] {taskinstance.py:1239} INFO - Starting attempt 1 of 1
[2022-02-15 22:05:35,370] {taskinstance.py:1240} INFO - 
--------------------------------------------------------------------------------
[2022-02-15 22:05:35,522] {taskinstance.py:1259} INFO - Executing <Task(PythonOperator): csv_to_gcs_job> on 2020-12-02 06:00:00+00:00
[2022-02-15 22:05:35,558] {standard_task_runner.py:52} INFO - Started process 2958 to run task
[2022-02-15 22:05:35,621] {standard_task_runner.py:76} INFO - Running: ['***', 'tasks', 'run', 'yellow_taxi_download_csv', 'csv_to_gcs_job', 'scheduled__2020-12-02T06:00:00+00:00', '--job-id', '740', '--raw', '--subdir', 'DAGS_FOLDER/download_upload_yellowtaxi_csv.py', '--cfg-path', '/tmp/tmp59c77w3v', '--error-file', '/tmp/tmpe_bf291_']
[2022-02-15 22:05:35,639] {standard_task_runner.py:77} INFO - Job 740: Subtask csv_to_gcs_job
[2022-02-15 22:05:36,333] {logging_mixin.py:109} INFO - Running <TaskInstance: yellow_taxi_download_csv.csv_to_gcs_job scheduled__2020-12-02T06:00:00+00:00 [running]> on host 29988b24dbed
[2022-02-15 22:05:36,764] {warnings.py:110} WARNING - /home/***/.local/lib/python3.7/site-packages/***/utils/context.py:152: AirflowContextDeprecationWarning: Accessing 'execution_date' from the template is deprecated and will be removed in a future version. Please use 'data_interval_start' or 'logical_date' instead.
  warnings.warn(_create_deprecation_warning(key, self._deprecation_replacements[key]))

[2022-02-15 22:05:36,930] {taskinstance.py:1426} INFO - Exporting the following env vars:
AIRFLOW_CTX_DAG_OWNER=***
AIRFLOW_CTX_DAG_ID=yellow_taxi_download_csv
AIRFLOW_CTX_TASK_ID=csv_to_gcs_job
AIRFLOW_CTX_EXECUTION_DATE=2020-12-02T06:00:00+00:00
AIRFLOW_CTX_DAG_RUN_ID=scheduled__2020-12-02T06:00:00+00:00
[2022-02-15 22:06:24,873] {python.py:175} INFO - Done. Returned value was: None
[2022-02-15 22:06:25,044] {taskinstance.py:1277} INFO - Marking task as SUCCESS. dag_id=yellow_taxi_download_csv, task_id=csv_to_gcs_job, execution_date=20201202T060000, start_date=20220215T220535, end_date=20220215T220625
[2022-02-15 22:06:25,208] {local_task_job.py:154} INFO - Task exited with return code 0
[2022-02-15 22:06:25,325] {local_task_job.py:264} INFO - 0 downstream tasks scheduled from follow-on schedule check
