[2022-02-02 15:02:49,209] {taskinstance.py:1032} INFO - Dependencies all met for <TaskInstance: download_ingest_2_gcs_dag.local_to_gcs_job scheduled__2020-06-02T06:00:00+00:00 [queued]>
[2022-02-02 15:02:49,366] {taskinstance.py:1032} INFO - Dependencies all met for <TaskInstance: download_ingest_2_gcs_dag.local_to_gcs_job scheduled__2020-06-02T06:00:00+00:00 [queued]>
[2022-02-02 15:02:49,369] {taskinstance.py:1238} INFO - 
--------------------------------------------------------------------------------
[2022-02-02 15:02:49,372] {taskinstance.py:1239} INFO - Starting attempt 1 of 1
[2022-02-02 15:02:49,375] {taskinstance.py:1240} INFO - 
--------------------------------------------------------------------------------
[2022-02-02 15:02:49,458] {taskinstance.py:1259} INFO - Executing <Task(PythonOperator): local_to_gcs_job> on 2020-06-02 06:00:00+00:00
[2022-02-02 15:02:49,477] {standard_task_runner.py:52} INFO - Started process 32458 to run task
[2022-02-02 15:02:49,508] {standard_task_runner.py:76} INFO - Running: ['***', 'tasks', 'run', 'download_ingest_2_gcs_dag', 'local_to_gcs_job', 'scheduled__2020-06-02T06:00:00+00:00', '--job-id', '372', '--raw', '--subdir', 'DAGS_FOLDER/download_ingest_2_gsc_assgnment.py', '--cfg-path', '/tmp/tmpie4he6nv', '--error-file', '/tmp/tmpkr5smzrz']
[2022-02-02 15:02:49,518] {standard_task_runner.py:77} INFO - Job 372: Subtask local_to_gcs_job
[2022-02-02 15:02:49,944] {logging_mixin.py:109} INFO - Running <TaskInstance: download_ingest_2_gcs_dag.local_to_gcs_job scheduled__2020-06-02T06:00:00+00:00 [running]> on host 3082aca3aebc
[2022-02-02 15:02:50,266] {warnings.py:110} WARNING - /home/***/.local/lib/python3.7/site-packages/***/utils/context.py:152: AirflowContextDeprecationWarning: Accessing 'execution_date' from the template is deprecated and will be removed in a future version. Please use 'data_interval_start' or 'logical_date' instead.
  warnings.warn(_create_deprecation_warning(key, self._deprecation_replacements[key]))

[2022-02-02 15:02:50,381] {taskinstance.py:1426} INFO - Exporting the following env vars:
AIRFLOW_CTX_DAG_OWNER=***
AIRFLOW_CTX_DAG_ID=download_ingest_2_gcs_dag
AIRFLOW_CTX_TASK_ID=local_to_gcs_job
AIRFLOW_CTX_EXECUTION_DATE=2020-06-02T06:00:00+00:00
AIRFLOW_CTX_DAG_RUN_ID=scheduled__2020-06-02T06:00:00+00:00
[2022-02-02 15:02:55,088] {python.py:175} INFO - Done. Returned value was: None
[2022-02-02 15:02:55,458] {taskinstance.py:1277} INFO - Marking task as SUCCESS. dag_id=download_ingest_2_gcs_dag, task_id=local_to_gcs_job, execution_date=20200602T060000, start_date=20220202T150249, end_date=20220202T150255
[2022-02-02 15:02:55,737] {local_task_job.py:154} INFO - Task exited with return code 0
[2022-02-02 15:02:56,398] {local_task_job.py:264} INFO - 1 downstream tasks scheduled from follow-on schedule check
