[2022-01-28 13:47:04,075] {taskinstance.py:1032} INFO - Dependencies all met for <TaskInstance: new_data_ingestion_gcs_dag.download_dataset_task scheduled__2022-01-27T00:00:00+00:00 [queued]>
[2022-01-28 13:47:04,125] {taskinstance.py:1032} INFO - Dependencies all met for <TaskInstance: new_data_ingestion_gcs_dag.download_dataset_task scheduled__2022-01-27T00:00:00+00:00 [queued]>
[2022-01-28 13:47:04,127] {taskinstance.py:1238} INFO - 
--------------------------------------------------------------------------------
[2022-01-28 13:47:04,130] {taskinstance.py:1239} INFO - Starting attempt 1 of 2
[2022-01-28 13:47:04,131] {taskinstance.py:1240} INFO - 
--------------------------------------------------------------------------------
[2022-01-28 13:47:04,184] {taskinstance.py:1259} INFO - Executing <Task(BashOperator): download_dataset_task> on 2022-01-27 00:00:00+00:00
[2022-01-28 13:47:04,195] {standard_task_runner.py:52} INFO - Started process 15883 to run task
[2022-01-28 13:47:04,206] {standard_task_runner.py:76} INFO - Running: ['***', 'tasks', 'run', 'new_data_ingestion_gcs_dag', 'download_dataset_task', 'scheduled__2022-01-27T00:00:00+00:00', '--job-id', '26', '--raw', '--subdir', 'DAGS_FOLDER/ingest_parquet_data_gcs.py', '--cfg-path', '/tmp/tmprlkan07w', '--error-file', '/tmp/tmpcz1xlnis']
[2022-01-28 13:47:04,211] {standard_task_runner.py:77} INFO - Job 26: Subtask download_dataset_task
[2022-01-28 13:47:04,366] {logging_mixin.py:109} INFO - Running <TaskInstance: new_data_ingestion_gcs_dag.download_dataset_task scheduled__2022-01-27T00:00:00+00:00 [running]> on host eb911b0bf7cc
[2022-01-28 13:47:04,565] {taskinstance.py:1426} INFO - Exporting the following env vars:
AIRFLOW_CTX_DAG_OWNER=***
AIRFLOW_CTX_DAG_ID=new_data_ingestion_gcs_dag
AIRFLOW_CTX_TASK_ID=download_dataset_task
AIRFLOW_CTX_EXECUTION_DATE=2022-01-27T00:00:00+00:00
AIRFLOW_CTX_DAG_RUN_ID=scheduled__2022-01-27T00:00:00+00:00
[2022-01-28 13:47:04,577] {subprocess.py:62} INFO - Tmp dir root location: 
 /tmp
[2022-01-28 13:47:04,581] {subprocess.py:74} INFO - Running command: ['bash', '-c', 'curl -sS https://s3.amazonaws.com/nyc-tlc/trip+data/yellow_tripdata_2021-01.csv > /opt/***/yellow_tripdata_2021-01.csv']
[2022-01-28 13:47:04,612] {subprocess.py:85} INFO - Output:
[2022-01-28 13:49:25,260] {subprocess.py:93} INFO - Command exited with return code 0
[2022-01-28 13:49:25,374] {taskinstance.py:1277} INFO - Marking task as SUCCESS. dag_id=new_data_ingestion_gcs_dag, task_id=download_dataset_task, execution_date=20220127T000000, start_date=20220128T134704, end_date=20220128T134925
[2022-01-28 13:49:25,478] {local_task_job.py:154} INFO - Task exited with return code 0
[2022-01-28 13:49:25,627] {local_task_job.py:264} INFO - 1 downstream tasks scheduled from follow-on schedule check
