[2022-02-02 14:20:38,735] {taskinstance.py:1032} INFO - Dependencies all met for <TaskInstance: download_ingest_2_gcs_dag.format_2_parquet_task scheduled__2019-05-02T06:00:00+00:00 [queued]>
[2022-02-02 14:20:38,803] {taskinstance.py:1032} INFO - Dependencies all met for <TaskInstance: download_ingest_2_gcs_dag.format_2_parquet_task scheduled__2019-05-02T06:00:00+00:00 [queued]>
[2022-02-02 14:20:38,805] {taskinstance.py:1238} INFO - 
--------------------------------------------------------------------------------
[2022-02-02 14:20:38,807] {taskinstance.py:1239} INFO - Starting attempt 1 of 1
[2022-02-02 14:20:38,810] {taskinstance.py:1240} INFO - 
--------------------------------------------------------------------------------
[2022-02-02 14:20:38,882] {taskinstance.py:1259} INFO - Executing <Task(PythonOperator): format_2_parquet_task> on 2019-05-02 06:00:00+00:00
[2022-02-02 14:20:38,912] {standard_task_runner.py:52} INFO - Started process 29681 to run task
[2022-02-02 14:20:38,925] {standard_task_runner.py:76} INFO - Running: ['***', 'tasks', 'run', 'download_ingest_2_gcs_dag', 'format_2_parquet_task', 'scheduled__2019-05-02T06:00:00+00:00', '--job-id', '311', '--raw', '--subdir', 'DAGS_FOLDER/download_ingest_2_gsc_assgnment.py', '--cfg-path', '/tmp/tmpwycka3r_', '--error-file', '/tmp/tmp3ver0e5n']
[2022-02-02 14:20:38,931] {standard_task_runner.py:77} INFO - Job 311: Subtask format_2_parquet_task
[2022-02-02 14:20:39,152] {logging_mixin.py:109} INFO - Running <TaskInstance: download_ingest_2_gcs_dag.format_2_parquet_task scheduled__2019-05-02T06:00:00+00:00 [running]> on host 3082aca3aebc
[2022-02-02 14:20:39,335] {warnings.py:110} WARNING - /home/***/.local/lib/python3.7/site-packages/***/utils/context.py:152: AirflowContextDeprecationWarning: Accessing 'execution_date' from the template is deprecated and will be removed in a future version. Please use 'data_interval_start' or 'logical_date' instead.
  warnings.warn(_create_deprecation_warning(key, self._deprecation_replacements[key]))

[2022-02-02 14:20:39,406] {taskinstance.py:1426} INFO - Exporting the following env vars:
AIRFLOW_CTX_DAG_OWNER=***
AIRFLOW_CTX_DAG_ID=download_ingest_2_gcs_dag
AIRFLOW_CTX_TASK_ID=format_2_parquet_task
AIRFLOW_CTX_EXECUTION_DATE=2019-05-02T06:00:00+00:00
AIRFLOW_CTX_DAG_RUN_ID=scheduled__2019-05-02T06:00:00+00:00
[2022-02-02 14:21:26,686] {python.py:175} INFO - Done. Returned value was: None
[2022-02-02 14:21:26,786] {taskinstance.py:1277} INFO - Marking task as SUCCESS. dag_id=download_ingest_2_gcs_dag, task_id=format_2_parquet_task, execution_date=20190502T060000, start_date=20220202T142038, end_date=20220202T142126
[2022-02-02 14:21:27,876] {local_task_job.py:212} WARNING - State of this instance has been externally set to success. Terminating instance.
[2022-02-02 14:21:27,918] {process_utils.py:124} INFO - Sending Signals.SIGTERM to group 29681. PIDs of all processes in the group: [29681]
[2022-02-02 14:21:27,924] {process_utils.py:75} INFO - Sending the signal Signals.SIGTERM to group 29681
[2022-02-02 14:21:30,932] {process_utils.py:70} INFO - Process psutil.Process(pid=29681, status='terminated', exitcode=0, started='14:20:37') (29681) terminated with exit code 0
