[2022-02-02 14:53:50,984] {taskinstance.py:1032} INFO - Dependencies all met for <TaskInstance: download_ingest_2_gcs_dag.local_to_gcs_job scheduled__2020-04-02T06:00:00+00:00 [queued]>
[2022-02-02 14:53:51,444] {taskinstance.py:1032} INFO - Dependencies all met for <TaskInstance: download_ingest_2_gcs_dag.local_to_gcs_job scheduled__2020-04-02T06:00:00+00:00 [queued]>
[2022-02-02 14:53:51,457] {taskinstance.py:1238} INFO - 
--------------------------------------------------------------------------------
[2022-02-02 14:53:51,460] {taskinstance.py:1239} INFO - Starting attempt 1 of 1
[2022-02-02 14:53:51,467] {taskinstance.py:1240} INFO - 
--------------------------------------------------------------------------------
[2022-02-02 14:53:51,736] {taskinstance.py:1259} INFO - Executing <Task(PythonOperator): local_to_gcs_job> on 2020-04-02 06:00:00+00:00
[2022-02-02 14:53:51,818] {standard_task_runner.py:52} INFO - Started process 31890 to run task
[2022-02-02 14:53:51,938] {standard_task_runner.py:76} INFO - Running: ['***', 'tasks', 'run', 'download_ingest_2_gcs_dag', 'local_to_gcs_job', 'scheduled__2020-04-02T06:00:00+00:00', '--job-id', '361', '--raw', '--subdir', 'DAGS_FOLDER/download_ingest_2_gsc_assgnment.py', '--cfg-path', '/tmp/tmp3k2gliht', '--error-file', '/tmp/tmpej7pondx']
[2022-02-02 14:53:51,967] {standard_task_runner.py:77} INFO - Job 361: Subtask local_to_gcs_job
[2022-02-02 14:53:53,774] {logging_mixin.py:109} INFO - Running <TaskInstance: download_ingest_2_gcs_dag.local_to_gcs_job scheduled__2020-04-02T06:00:00+00:00 [running]> on host 3082aca3aebc
[2022-02-02 14:53:55,006] {warnings.py:110} WARNING - /home/***/.local/lib/python3.7/site-packages/***/utils/context.py:152: AirflowContextDeprecationWarning: Accessing 'execution_date' from the template is deprecated and will be removed in a future version. Please use 'data_interval_start' or 'logical_date' instead.
  warnings.warn(_create_deprecation_warning(key, self._deprecation_replacements[key]))

[2022-02-02 14:53:55,673] {taskinstance.py:1426} INFO - Exporting the following env vars:
AIRFLOW_CTX_DAG_OWNER=***
AIRFLOW_CTX_DAG_ID=download_ingest_2_gcs_dag
AIRFLOW_CTX_TASK_ID=local_to_gcs_job
AIRFLOW_CTX_EXECUTION_DATE=2020-04-02T06:00:00+00:00
AIRFLOW_CTX_DAG_RUN_ID=scheduled__2020-04-02T06:00:00+00:00
[2022-02-02 14:54:00,348] {python.py:175} INFO - Done. Returned value was: None
[2022-02-02 14:54:00,569] {taskinstance.py:1277} INFO - Marking task as SUCCESS. dag_id=download_ingest_2_gcs_dag, task_id=local_to_gcs_job, execution_date=20200402T060000, start_date=20220202T145351, end_date=20220202T145400
[2022-02-02 14:54:01,002] {local_task_job.py:154} INFO - Task exited with return code 0
[2022-02-02 14:54:01,459] {local_task_job.py:264} INFO - 1 downstream tasks scheduled from follow-on schedule check
