[2022-01-28 13:49:40,533] {taskinstance.py:1032} INFO - Dependencies all met for <TaskInstance: new_data_ingestion_gcs_dag.local_to_gcs_task scheduled__2022-01-27T00:00:00+00:00 [queued]>
[2022-01-28 13:49:40,577] {taskinstance.py:1032} INFO - Dependencies all met for <TaskInstance: new_data_ingestion_gcs_dag.local_to_gcs_task scheduled__2022-01-27T00:00:00+00:00 [queued]>
[2022-01-28 13:49:40,579] {taskinstance.py:1238} INFO - 
--------------------------------------------------------------------------------
[2022-01-28 13:49:40,580] {taskinstance.py:1239} INFO - Starting attempt 1 of 2
[2022-01-28 13:49:40,582] {taskinstance.py:1240} INFO - 
--------------------------------------------------------------------------------
[2022-01-28 13:49:40,626] {taskinstance.py:1259} INFO - Executing <Task(PythonOperator): local_to_gcs_task> on 2022-01-27 00:00:00+00:00
[2022-01-28 13:49:40,636] {standard_task_runner.py:52} INFO - Started process 16034 to run task
[2022-01-28 13:49:40,644] {standard_task_runner.py:76} INFO - Running: ['***', 'tasks', 'run', 'new_data_ingestion_gcs_dag', 'local_to_gcs_task', 'scheduled__2022-01-27T00:00:00+00:00', '--job-id', '28', '--raw', '--subdir', 'DAGS_FOLDER/ingest_parquet_data_gcs.py', '--cfg-path', '/tmp/tmp_ckte32t', '--error-file', '/tmp/tmpn7q62n6u']
[2022-01-28 13:49:40,648] {standard_task_runner.py:77} INFO - Job 28: Subtask local_to_gcs_task
[2022-01-28 13:49:40,811] {logging_mixin.py:109} INFO - Running <TaskInstance: new_data_ingestion_gcs_dag.local_to_gcs_task scheduled__2022-01-27T00:00:00+00:00 [running]> on host eb911b0bf7cc
[2022-01-28 13:49:40,993] {taskinstance.py:1426} INFO - Exporting the following env vars:
AIRFLOW_CTX_DAG_OWNER=***
AIRFLOW_CTX_DAG_ID=new_data_ingestion_gcs_dag
AIRFLOW_CTX_TASK_ID=local_to_gcs_task
AIRFLOW_CTX_EXECUTION_DATE=2022-01-27T00:00:00+00:00
AIRFLOW_CTX_DAG_RUN_ID=scheduled__2022-01-27T00:00:00+00:00
[2022-01-28 13:49:46,157] {python.py:175} INFO - Done. Returned value was: None
[2022-01-28 13:49:46,194] {taskinstance.py:1277} INFO - Marking task as SUCCESS. dag_id=new_data_ingestion_gcs_dag, task_id=local_to_gcs_task, execution_date=20220127T000000, start_date=20220128T134940, end_date=20220128T134946
[2022-01-28 13:49:46,261] {local_task_job.py:154} INFO - Task exited with return code 0
[2022-01-28 13:49:46,359] {local_task_job.py:264} INFO - 1 downstream tasks scheduled from follow-on schedule check
