[2022-02-15 22:54:01,525] {taskinstance.py:1032} INFO - Dependencies all met for <TaskInstance: green_taxi_download_csv.green_csv_file_url scheduled__2019-12-02T06:00:00+00:00 [queued]>
[2022-02-15 22:54:01,585] {taskinstance.py:1032} INFO - Dependencies all met for <TaskInstance: green_taxi_download_csv.green_csv_file_url scheduled__2019-12-02T06:00:00+00:00 [queued]>
[2022-02-15 22:54:01,589] {taskinstance.py:1238} INFO - 
--------------------------------------------------------------------------------
[2022-02-15 22:54:01,591] {taskinstance.py:1239} INFO - Starting attempt 1 of 1
[2022-02-15 22:54:01,595] {taskinstance.py:1240} INFO - 
--------------------------------------------------------------------------------
[2022-02-15 22:54:01,662] {taskinstance.py:1259} INFO - Executing <Task(BashOperator): green_csv_file_url> on 2019-12-02 06:00:00+00:00
[2022-02-15 22:54:01,672] {standard_task_runner.py:52} INFO - Started process 5988 to run task
[2022-02-15 22:54:01,682] {standard_task_runner.py:76} INFO - Running: ['***', 'tasks', 'run', 'green_taxi_download_csv', 'green_csv_file_url', 'scheduled__2019-12-02T06:00:00+00:00', '--job-id', '797', '--raw', '--subdir', 'DAGS_FOLDER/download_upload_greentaxi_csv.py', '--cfg-path', '/tmp/tmp4_yvnca1', '--error-file', '/tmp/tmpyu679stb']
[2022-02-15 22:54:01,686] {standard_task_runner.py:77} INFO - Job 797: Subtask green_csv_file_url
[2022-02-15 22:54:01,914] {logging_mixin.py:109} INFO - Running <TaskInstance: green_taxi_download_csv.green_csv_file_url scheduled__2019-12-02T06:00:00+00:00 [running]> on host 29988b24dbed
[2022-02-15 22:54:02,082] {warnings.py:110} WARNING - /home/***/.local/lib/python3.7/site-packages/***/utils/context.py:152: AirflowContextDeprecationWarning: Accessing 'execution_date' from the template is deprecated and will be removed in a future version. Please use 'data_interval_start' or 'logical_date' instead.
  warnings.warn(_create_deprecation_warning(key, self._deprecation_replacements[key]))

[2022-02-15 22:54:02,140] {taskinstance.py:1426} INFO - Exporting the following env vars:
AIRFLOW_CTX_DAG_OWNER=***
AIRFLOW_CTX_DAG_ID=green_taxi_download_csv
AIRFLOW_CTX_TASK_ID=green_csv_file_url
AIRFLOW_CTX_EXECUTION_DATE=2019-12-02T06:00:00+00:00
AIRFLOW_CTX_DAG_RUN_ID=scheduled__2019-12-02T06:00:00+00:00
[2022-02-15 22:54:02,145] {subprocess.py:62} INFO - Tmp dir root location: 
 /tmp
[2022-02-15 22:54:02,148] {subprocess.py:74} INFO - Running command: ['bash', '-c', 'curl -sSL https://s3.amazonaws.com/nyc-tlc/trip+data/green_tripdata_2019-12.csv > /opt/***/output_2019-12.csv']
[2022-02-15 22:54:02,172] {subprocess.py:85} INFO - Output:
[2022-02-15 22:54:04,991] {subprocess.py:93} INFO - Command exited with return code 0
[2022-02-15 22:54:05,072] {taskinstance.py:1277} INFO - Marking task as SUCCESS. dag_id=green_taxi_download_csv, task_id=green_csv_file_url, execution_date=20191202T060000, start_date=20220215T225401, end_date=20220215T225405
[2022-02-15 22:54:05,151] {local_task_job.py:154} INFO - Task exited with return code 0
[2022-02-15 22:54:05,296] {local_task_job.py:264} INFO - 1 downstream tasks scheduled from follow-on schedule check
