[2022-02-02 21:58:43,504] {taskinstance.py:1032} INFO - Dependencies all met for <TaskInstance: fhv_ingest_2_gcs_dag.format_csv_2_parquet_task scheduled__2020-09-02T06:00:00+00:00 [queued]>
[2022-02-02 21:58:43,553] {taskinstance.py:1032} INFO - Dependencies all met for <TaskInstance: fhv_ingest_2_gcs_dag.format_csv_2_parquet_task scheduled__2020-09-02T06:00:00+00:00 [queued]>
[2022-02-02 21:58:43,555] {taskinstance.py:1238} INFO - 
--------------------------------------------------------------------------------
[2022-02-02 21:58:43,557] {taskinstance.py:1239} INFO - Starting attempt 1 of 1
[2022-02-02 21:58:43,564] {taskinstance.py:1240} INFO - 
--------------------------------------------------------------------------------
[2022-02-02 21:58:43,614] {taskinstance.py:1259} INFO - Executing <Task(PythonOperator): format_csv_2_parquet_task> on 2020-09-02 06:00:00+00:00
[2022-02-02 21:58:43,624] {standard_task_runner.py:52} INFO - Started process 2647 to run task
[2022-02-02 21:58:43,635] {standard_task_runner.py:76} INFO - Running: ['***', 'tasks', 'run', 'fhv_ingest_2_gcs_dag', 'format_csv_2_parquet_task', 'scheduled__2020-09-02T06:00:00+00:00', '--job-id', '501', '--raw', '--subdir', 'DAGS_FOLDER/fhv_download_ingest_gcs.py', '--cfg-path', '/tmp/tmplo8kieue', '--error-file', '/tmp/tmpavx97asj']
[2022-02-02 21:58:43,639] {standard_task_runner.py:77} INFO - Job 501: Subtask format_csv_2_parquet_task
[2022-02-02 21:58:43,821] {logging_mixin.py:109} INFO - Running <TaskInstance: fhv_ingest_2_gcs_dag.format_csv_2_parquet_task scheduled__2020-09-02T06:00:00+00:00 [running]> on host ee5c3eebd1b1
[2022-02-02 21:58:43,975] {warnings.py:110} WARNING - /home/***/.local/lib/python3.7/site-packages/***/utils/context.py:152: AirflowContextDeprecationWarning: Accessing 'execution_date' from the template is deprecated and will be removed in a future version. Please use 'data_interval_start' or 'logical_date' instead.
  warnings.warn(_create_deprecation_warning(key, self._deprecation_replacements[key]))

[2022-02-02 21:58:44,032] {taskinstance.py:1426} INFO - Exporting the following env vars:
AIRFLOW_CTX_DAG_OWNER=***
AIRFLOW_CTX_DAG_ID=fhv_ingest_2_gcs_dag
AIRFLOW_CTX_TASK_ID=format_csv_2_parquet_task
AIRFLOW_CTX_EXECUTION_DATE=2020-09-02T06:00:00+00:00
AIRFLOW_CTX_DAG_RUN_ID=scheduled__2020-09-02T06:00:00+00:00
[2022-02-02 21:58:46,856] {python.py:175} INFO - Done. Returned value was: None
[2022-02-02 21:58:46,917] {taskinstance.py:1277} INFO - Marking task as SUCCESS. dag_id=fhv_ingest_2_gcs_dag, task_id=format_csv_2_parquet_task, execution_date=20200902T060000, start_date=20220202T215843, end_date=20220202T215846
[2022-02-02 21:58:47,321] {local_task_job.py:154} INFO - Task exited with return code 0
[2022-02-02 21:58:47,606] {local_task_job.py:264} INFO - 1 downstream tasks scheduled from follow-on schedule check
