[2022-02-15 22:56:05,839] {taskinstance.py:1032} INFO - Dependencies all met for <TaskInstance: green_taxi_download_csv.green_csv_file_url scheduled__2020-12-02T06:00:00+00:00 [queued]>
[2022-02-15 22:56:06,012] {taskinstance.py:1032} INFO - Dependencies all met for <TaskInstance: green_taxi_download_csv.green_csv_file_url scheduled__2020-12-02T06:00:00+00:00 [queued]>
[2022-02-15 22:56:06,015] {taskinstance.py:1238} INFO - 
--------------------------------------------------------------------------------
[2022-02-15 22:56:06,018] {taskinstance.py:1239} INFO - Starting attempt 1 of 1
[2022-02-15 22:56:06,020] {taskinstance.py:1240} INFO - 
--------------------------------------------------------------------------------
[2022-02-15 22:56:06,176] {taskinstance.py:1259} INFO - Executing <Task(BashOperator): green_csv_file_url> on 2020-12-02 06:00:00+00:00
[2022-02-15 22:56:06,193] {standard_task_runner.py:52} INFO - Started process 6308 to run task
[2022-02-15 22:56:06,227] {standard_task_runner.py:76} INFO - Running: ['***', 'tasks', 'run', 'green_taxi_download_csv', 'green_csv_file_url', 'scheduled__2020-12-02T06:00:00+00:00', '--job-id', '820', '--raw', '--subdir', 'DAGS_FOLDER/download_upload_greentaxi_csv.py', '--cfg-path', '/tmp/tmpgg2gotoy', '--error-file', '/tmp/tmpnrwmjncw']
[2022-02-15 22:56:06,233] {standard_task_runner.py:77} INFO - Job 820: Subtask green_csv_file_url
[2022-02-15 22:56:06,747] {logging_mixin.py:109} INFO - Running <TaskInstance: green_taxi_download_csv.green_csv_file_url scheduled__2020-12-02T06:00:00+00:00 [running]> on host 29988b24dbed
[2022-02-15 22:56:07,031] {warnings.py:110} WARNING - /home/***/.local/lib/python3.7/site-packages/***/utils/context.py:152: AirflowContextDeprecationWarning: Accessing 'execution_date' from the template is deprecated and will be removed in a future version. Please use 'data_interval_start' or 'logical_date' instead.
  warnings.warn(_create_deprecation_warning(key, self._deprecation_replacements[key]))

[2022-02-15 22:56:07,183] {taskinstance.py:1426} INFO - Exporting the following env vars:
AIRFLOW_CTX_DAG_OWNER=***
AIRFLOW_CTX_DAG_ID=green_taxi_download_csv
AIRFLOW_CTX_TASK_ID=green_csv_file_url
AIRFLOW_CTX_EXECUTION_DATE=2020-12-02T06:00:00+00:00
AIRFLOW_CTX_DAG_RUN_ID=scheduled__2020-12-02T06:00:00+00:00
[2022-02-15 22:56:07,192] {subprocess.py:62} INFO - Tmp dir root location: 
 /tmp
[2022-02-15 22:56:07,195] {subprocess.py:74} INFO - Running command: ['bash', '-c', 'curl -sSL https://s3.amazonaws.com/nyc-tlc/trip+data/green_tripdata_2020-12.csv > /opt/***/output_2020-12.csv']
[2022-02-15 22:56:07,250] {subprocess.py:85} INFO - Output:
[2022-02-15 22:56:09,048] {subprocess.py:93} INFO - Command exited with return code 0
[2022-02-15 22:56:09,192] {taskinstance.py:1277} INFO - Marking task as SUCCESS. dag_id=green_taxi_download_csv, task_id=green_csv_file_url, execution_date=20201202T060000, start_date=20220215T225605, end_date=20220215T225609
[2022-02-15 22:56:09,390] {local_task_job.py:154} INFO - Task exited with return code 0
[2022-02-15 22:56:09,591] {local_task_job.py:264} INFO - 1 downstream tasks scheduled from follow-on schedule check
