[2022-02-15 23:56:37,764] {taskinstance.py:1032} INFO - Dependencies all met for <TaskInstance: green_taxi_download_csv.green_csv_file_url scheduled__2020-12-02T06:00:00+00:00 [queued]>
[2022-02-15 23:56:37,829] {taskinstance.py:1032} INFO - Dependencies all met for <TaskInstance: green_taxi_download_csv.green_csv_file_url scheduled__2020-12-02T06:00:00+00:00 [queued]>
[2022-02-15 23:56:37,832] {taskinstance.py:1238} INFO - 
--------------------------------------------------------------------------------
[2022-02-15 23:56:37,835] {taskinstance.py:1239} INFO - Starting attempt 2 of 2
[2022-02-15 23:56:37,840] {taskinstance.py:1240} INFO - 
--------------------------------------------------------------------------------
[2022-02-15 23:56:37,907] {taskinstance.py:1259} INFO - Executing <Task(BashOperator): green_csv_file_url> on 2020-12-02 06:00:00+00:00
[2022-02-15 23:56:37,924] {standard_task_runner.py:52} INFO - Started process 7876 to run task
[2022-02-15 23:56:37,942] {standard_task_runner.py:76} INFO - Running: ['***', 'tasks', 'run', 'green_taxi_download_csv', 'green_csv_file_url', 'scheduled__2020-12-02T06:00:00+00:00', '--job-id', '824', '--raw', '--subdir', 'DAGS_FOLDER/download_upload_greentaxi_csv.py', '--cfg-path', '/tmp/tmp3egny366', '--error-file', '/tmp/tmpx8uw5xp6']
[2022-02-15 23:56:37,946] {standard_task_runner.py:77} INFO - Job 824: Subtask green_csv_file_url
[2022-02-15 23:56:38,201] {logging_mixin.py:109} INFO - Running <TaskInstance: green_taxi_download_csv.green_csv_file_url scheduled__2020-12-02T06:00:00+00:00 [running]> on host 29988b24dbed
[2022-02-15 23:56:38,441] {warnings.py:110} WARNING - /home/***/.local/lib/python3.7/site-packages/***/utils/context.py:152: AirflowContextDeprecationWarning: Accessing 'execution_date' from the template is deprecated and will be removed in a future version. Please use 'data_interval_start' or 'logical_date' instead.
  warnings.warn(_create_deprecation_warning(key, self._deprecation_replacements[key]))

[2022-02-15 23:56:38,497] {taskinstance.py:1426} INFO - Exporting the following env vars:
AIRFLOW_CTX_DAG_OWNER=***
AIRFLOW_CTX_DAG_ID=green_taxi_download_csv
AIRFLOW_CTX_TASK_ID=green_csv_file_url
AIRFLOW_CTX_EXECUTION_DATE=2020-12-02T06:00:00+00:00
AIRFLOW_CTX_DAG_RUN_ID=scheduled__2020-12-02T06:00:00+00:00
[2022-02-15 23:56:38,503] {subprocess.py:62} INFO - Tmp dir root location: 
 /tmp
[2022-02-15 23:56:38,506] {subprocess.py:74} INFO - Running command: ['bash', '-c', 'curl -sSL https://s3.amazonaws.com/nyc-tlc/trip+data/green_tripdata_2020-12.csv > /opt/***/output_2020-12.csv']
[2022-02-15 23:56:38,530] {subprocess.py:85} INFO - Output:
[2022-02-15 23:56:49,714] {subprocess.py:93} INFO - Command exited with return code 0
[2022-02-15 23:56:49,797] {taskinstance.py:1277} INFO - Marking task as SUCCESS. dag_id=green_taxi_download_csv, task_id=green_csv_file_url, execution_date=20201202T060000, start_date=20220215T235637, end_date=20220215T235649
[2022-02-15 23:56:49,893] {local_task_job.py:154} INFO - Task exited with return code 0
[2022-02-15 23:56:50,046] {local_task_job.py:264} INFO - 1 downstream tasks scheduled from follow-on schedule check
