[2022-01-27 14:11:45,909] {taskinstance.py:1032} INFO - Dependencies all met for <TaskInstance: data_ingestion_gcs_dag.download_dataset_task manual__2022-01-27T14:11:18.252016+00:00 [queued]>
[2022-01-27 14:11:45,967] {taskinstance.py:1032} INFO - Dependencies all met for <TaskInstance: data_ingestion_gcs_dag.download_dataset_task manual__2022-01-27T14:11:18.252016+00:00 [queued]>
[2022-01-27 14:11:45,970] {taskinstance.py:1238} INFO - 
--------------------------------------------------------------------------------
[2022-01-27 14:11:45,971] {taskinstance.py:1239} INFO - Starting attempt 1 of 2
[2022-01-27 14:11:45,972] {taskinstance.py:1240} INFO - 
--------------------------------------------------------------------------------
[2022-01-27 14:11:46,044] {taskinstance.py:1259} INFO - Executing <Task(BashOperator): download_dataset_task> on 2022-01-27 14:11:18.252016+00:00
[2022-01-27 14:11:46,062] {standard_task_runner.py:52} INFO - Started process 679 to run task
[2022-01-27 14:11:46,101] {standard_task_runner.py:76} INFO - Running: ['***', 'tasks', 'run', 'data_ingestion_gcs_dag', 'download_dataset_task', 'manual__2022-01-27T14:11:18.252016+00:00', '--job-id', '5', '--raw', '--subdir', 'DAGS_FOLDER/data_ingestion_gcs_dag.py', '--cfg-path', '/tmp/tmpo4w93k2x', '--error-file', '/tmp/tmpzhn0vt95']
[2022-01-27 14:11:46,110] {standard_task_runner.py:77} INFO - Job 5: Subtask download_dataset_task
[2022-01-27 14:11:46,440] {logging_mixin.py:109} INFO - Running <TaskInstance: data_ingestion_gcs_dag.download_dataset_task manual__2022-01-27T14:11:18.252016+00:00 [running]> on host 7b36948ad079
[2022-01-27 14:11:46,727] {taskinstance.py:1426} INFO - Exporting the following env vars:
AIRFLOW_CTX_DAG_OWNER=***
AIRFLOW_CTX_DAG_ID=data_ingestion_gcs_dag
AIRFLOW_CTX_TASK_ID=download_dataset_task
AIRFLOW_CTX_EXECUTION_DATE=2022-01-27T14:11:18.252016+00:00
AIRFLOW_CTX_DAG_RUN_ID=manual__2022-01-27T14:11:18.252016+00:00
[2022-01-27 14:11:46,733] {subprocess.py:62} INFO - Tmp dir root location: 
 /tmp
[2022-01-27 14:11:46,736] {subprocess.py:74} INFO - Running command: ['bash', '-c', 'curl -sS https://s3.amazonaws.com/nyc-tlc/trip+data/yellow_tripdata_2021-01.csv > /opt/***/yellow_tripdata_2021-01.csv']
[2022-01-27 14:11:46,766] {subprocess.py:85} INFO - Output:
[2022-01-27 14:11:52,616] {subprocess.py:93} INFO - Command exited with return code 0
[2022-01-27 14:11:52,722] {taskinstance.py:1277} INFO - Marking task as SUCCESS. dag_id=data_ingestion_gcs_dag, task_id=download_dataset_task, execution_date=20220127T141118, start_date=20220127T141145, end_date=20220127T141152
[2022-01-27 14:11:52,813] {local_task_job.py:154} INFO - Task exited with return code 0
[2022-01-27 14:11:52,941] {local_task_job.py:264} INFO - 0 downstream tasks scheduled from follow-on schedule check
