[2022-02-15 22:49:45,935] {taskinstance.py:1032} INFO - Dependencies all met for <TaskInstance: green_taxi_download_csv.green_csv_to_gcs_job scheduled__2019-09-02T06:00:00+00:00 [queued]>
[2022-02-15 22:49:46,092] {taskinstance.py:1032} INFO - Dependencies all met for <TaskInstance: green_taxi_download_csv.green_csv_to_gcs_job scheduled__2019-09-02T06:00:00+00:00 [queued]>
[2022-02-15 22:49:46,095] {taskinstance.py:1238} INFO - 
--------------------------------------------------------------------------------
[2022-02-15 22:49:46,097] {taskinstance.py:1239} INFO - Starting attempt 1 of 1
[2022-02-15 22:49:46,100] {taskinstance.py:1240} INFO - 
--------------------------------------------------------------------------------
[2022-02-15 22:49:46,269] {taskinstance.py:1259} INFO - Executing <Task(PythonOperator): green_csv_to_gcs_job> on 2019-09-02 06:00:00+00:00
[2022-02-15 22:49:46,310] {standard_task_runner.py:52} INFO - Started process 5593 to run task
[2022-02-15 22:49:46,328] {standard_task_runner.py:76} INFO - Running: ['***', 'tasks', 'run', 'green_taxi_download_csv', 'green_csv_to_gcs_job', 'scheduled__2019-09-02T06:00:00+00:00', '--job-id', '773', '--raw', '--subdir', 'DAGS_FOLDER/download_upload_greentaxi_csv.py', '--cfg-path', '/tmp/tmpqz8715w9', '--error-file', '/tmp/tmp4sm7sw2i']
[2022-02-15 22:49:46,344] {standard_task_runner.py:77} INFO - Job 773: Subtask green_csv_to_gcs_job
[2022-02-15 22:49:46,679] {logging_mixin.py:109} INFO - Running <TaskInstance: green_taxi_download_csv.green_csv_to_gcs_job scheduled__2019-09-02T06:00:00+00:00 [running]> on host 29988b24dbed
[2022-02-15 22:49:46,960] {warnings.py:110} WARNING - /home/***/.local/lib/python3.7/site-packages/***/utils/context.py:152: AirflowContextDeprecationWarning: Accessing 'execution_date' from the template is deprecated and will be removed in a future version. Please use 'data_interval_start' or 'logical_date' instead.
  warnings.warn(_create_deprecation_warning(key, self._deprecation_replacements[key]))

[2022-02-15 22:49:47,128] {taskinstance.py:1426} INFO - Exporting the following env vars:
AIRFLOW_CTX_DAG_OWNER=***
AIRFLOW_CTX_DAG_ID=green_taxi_download_csv
AIRFLOW_CTX_TASK_ID=green_csv_to_gcs_job
AIRFLOW_CTX_EXECUTION_DATE=2019-09-02T06:00:00+00:00
AIRFLOW_CTX_DAG_RUN_ID=scheduled__2019-09-02T06:00:00+00:00
[2022-02-15 22:50:05,781] {python.py:175} INFO - Done. Returned value was: None
[2022-02-15 22:50:05,907] {taskinstance.py:1277} INFO - Marking task as SUCCESS. dag_id=green_taxi_download_csv, task_id=green_csv_to_gcs_job, execution_date=20190902T060000, start_date=20220215T224945, end_date=20220215T225005
[2022-02-15 22:50:06,117] {local_task_job.py:154} INFO - Task exited with return code 0
[2022-02-15 22:50:06,278] {local_task_job.py:264} INFO - 0 downstream tasks scheduled from follow-on schedule check
[2022-02-15 22:50:06,399] {dagrun.py:545} INFO - Marking run <DagRun green_taxi_download_csv @ 2019-09-02 06:00:00+00:00: scheduled__2019-09-02T06:00:00+00:00, externally triggered: False> successful
[2022-02-15 22:50:06,406] {dagrun.py:605} INFO - DagRun Finished: dag_id=green_taxi_download_csv, execution_date=2019-09-02 06:00:00+00:00, run_id=scheduled__2019-09-02T06:00:00+00:00, run_start_date=2022-02-15 22:49:22.591586+00:00, run_end_date=2022-02-15 22:50:06.404704+00:00, run_duration=43.813118, state=success, external_trigger=False, run_type=scheduled, data_interval_start=2019-09-02 06:00:00+00:00, data_interval_end=2019-10-02 06:00:00+00:00, dag_hash=5265b9af312221aa87aa686dc8beaa59
[2022-02-15 22:53:33,260] {taskinstance.py:1032} INFO - Dependencies all met for <TaskInstance: green_taxi_download_csv.green_csv_to_gcs_job scheduled__2019-09-02T06:00:00+00:00 [queued]>
[2022-02-15 22:53:33,369] {taskinstance.py:1032} INFO - Dependencies all met for <TaskInstance: green_taxi_download_csv.green_csv_to_gcs_job scheduled__2019-09-02T06:00:00+00:00 [queued]>
[2022-02-15 22:53:33,372] {taskinstance.py:1238} INFO - 
--------------------------------------------------------------------------------
[2022-02-15 22:53:33,375] {taskinstance.py:1239} INFO - Starting attempt 1 of 1
[2022-02-15 22:53:33,380] {taskinstance.py:1240} INFO - 
--------------------------------------------------------------------------------
[2022-02-15 22:53:33,496] {taskinstance.py:1259} INFO - Executing <Task(PythonOperator): green_csv_to_gcs_job> on 2019-09-02 06:00:00+00:00
[2022-02-15 22:53:33,522] {standard_task_runner.py:52} INFO - Started process 5954 to run task
[2022-02-15 22:53:33,561] {standard_task_runner.py:76} INFO - Running: ['***', 'tasks', 'run', 'green_taxi_download_csv', 'green_csv_to_gcs_job', 'scheduled__2019-09-02T06:00:00+00:00', '--job-id', '794', '--raw', '--subdir', 'DAGS_FOLDER/download_upload_greentaxi_csv.py', '--cfg-path', '/tmp/tmp9m4wg93n', '--error-file', '/tmp/tmpwmw3jyme']
[2022-02-15 22:53:33,584] {standard_task_runner.py:77} INFO - Job 794: Subtask green_csv_to_gcs_job
[2022-02-15 22:53:34,175] {logging_mixin.py:109} INFO - Running <TaskInstance: green_taxi_download_csv.green_csv_to_gcs_job scheduled__2019-09-02T06:00:00+00:00 [running]> on host 29988b24dbed
[2022-02-15 22:53:34,606] {warnings.py:110} WARNING - /home/***/.local/lib/python3.7/site-packages/***/utils/context.py:152: AirflowContextDeprecationWarning: Accessing 'execution_date' from the template is deprecated and will be removed in a future version. Please use 'data_interval_start' or 'logical_date' instead.
  warnings.warn(_create_deprecation_warning(key, self._deprecation_replacements[key]))

[2022-02-15 22:53:34,701] {taskinstance.py:1426} INFO - Exporting the following env vars:
AIRFLOW_CTX_DAG_OWNER=***
AIRFLOW_CTX_DAG_ID=green_taxi_download_csv
AIRFLOW_CTX_TASK_ID=green_csv_to_gcs_job
AIRFLOW_CTX_EXECUTION_DATE=2019-09-02T06:00:00+00:00
AIRFLOW_CTX_DAG_RUN_ID=scheduled__2019-09-02T06:00:00+00:00
[2022-02-15 22:53:54,338] {python.py:175} INFO - Done. Returned value was: None
[2022-02-15 22:53:54,457] {taskinstance.py:1277} INFO - Marking task as SUCCESS. dag_id=green_taxi_download_csv, task_id=green_csv_to_gcs_job, execution_date=20190902T060000, start_date=20220215T225333, end_date=20220215T225354
[2022-02-15 22:53:54,647] {local_task_job.py:154} INFO - Task exited with return code 0
[2022-02-15 22:53:54,853] {local_task_job.py:264} INFO - 0 downstream tasks scheduled from follow-on schedule check
