[2022-02-15 22:47:37,452] {taskinstance.py:1032} INFO - Dependencies all met for <TaskInstance: green_taxi_download_csv.green_csv_file_url scheduled__2019-03-02T06:00:00+00:00 [queued]>
[2022-02-15 22:47:37,571] {taskinstance.py:1032} INFO - Dependencies all met for <TaskInstance: green_taxi_download_csv.green_csv_file_url scheduled__2019-03-02T06:00:00+00:00 [queued]>
[2022-02-15 22:47:37,573] {taskinstance.py:1238} INFO - 
--------------------------------------------------------------------------------
[2022-02-15 22:47:37,575] {taskinstance.py:1239} INFO - Starting attempt 1 of 1
[2022-02-15 22:47:37,576] {taskinstance.py:1240} INFO - 
--------------------------------------------------------------------------------
[2022-02-15 22:47:37,716] {taskinstance.py:1259} INFO - Executing <Task(BashOperator): green_csv_file_url> on 2019-03-02 06:00:00+00:00
[2022-02-15 22:47:37,739] {standard_task_runner.py:52} INFO - Started process 5275 to run task
[2022-02-15 22:47:37,769] {standard_task_runner.py:76} INFO - Running: ['***', 'tasks', 'run', 'green_taxi_download_csv', 'green_csv_file_url', 'scheduled__2019-03-02T06:00:00+00:00', '--job-id', '750', '--raw', '--subdir', 'DAGS_FOLDER/download_upload_greentaxi_csv.py', '--cfg-path', '/tmp/tmp074d31fx', '--error-file', '/tmp/tmpbzqc1uy_']
[2022-02-15 22:47:37,781] {standard_task_runner.py:77} INFO - Job 750: Subtask green_csv_file_url
[2022-02-15 22:47:38,320] {logging_mixin.py:109} INFO - Running <TaskInstance: green_taxi_download_csv.green_csv_file_url scheduled__2019-03-02T06:00:00+00:00 [running]> on host 29988b24dbed
[2022-02-15 22:47:38,602] {warnings.py:110} WARNING - /home/***/.local/lib/python3.7/site-packages/***/utils/context.py:152: AirflowContextDeprecationWarning: Accessing 'execution_date' from the template is deprecated and will be removed in a future version. Please use 'data_interval_start' or 'logical_date' instead.
  warnings.warn(_create_deprecation_warning(key, self._deprecation_replacements[key]))

[2022-02-15 22:47:38,739] {taskinstance.py:1426} INFO - Exporting the following env vars:
AIRFLOW_CTX_DAG_OWNER=***
AIRFLOW_CTX_DAG_ID=green_taxi_download_csv
AIRFLOW_CTX_TASK_ID=green_csv_file_url
AIRFLOW_CTX_EXECUTION_DATE=2019-03-02T06:00:00+00:00
AIRFLOW_CTX_DAG_RUN_ID=scheduled__2019-03-02T06:00:00+00:00
[2022-02-15 22:47:38,749] {subprocess.py:62} INFO - Tmp dir root location: 
 /tmp
[2022-02-15 22:47:38,753] {subprocess.py:74} INFO - Running command: ['bash', '-c', 'curl -sSL https://s3.amazonaws.com/nyc-tlc/trip+data/green_tripdata_2019-03.csv > /opt/***/output_2019-03.csv']
[2022-02-15 22:47:38,809] {subprocess.py:85} INFO - Output:
[2022-02-15 22:47:42,537] {subprocess.py:93} INFO - Command exited with return code 0
[2022-02-15 22:47:43,128] {taskinstance.py:1277} INFO - Marking task as SUCCESS. dag_id=green_taxi_download_csv, task_id=green_csv_file_url, execution_date=20190302T060000, start_date=20220215T224737, end_date=20220215T224743
[2022-02-15 22:47:43,269] {local_task_job.py:154} INFO - Task exited with return code 0
[2022-02-15 22:47:43,460] {local_task_job.py:264} INFO - 1 downstream tasks scheduled from follow-on schedule check
[2022-02-15 22:51:22,099] {taskinstance.py:1032} INFO - Dependencies all met for <TaskInstance: green_taxi_download_csv.green_csv_file_url scheduled__2019-03-02T06:00:00+00:00 [queued]>
[2022-02-15 22:51:22,230] {taskinstance.py:1032} INFO - Dependencies all met for <TaskInstance: green_taxi_download_csv.green_csv_file_url scheduled__2019-03-02T06:00:00+00:00 [queued]>
[2022-02-15 22:51:22,236] {taskinstance.py:1238} INFO - 
--------------------------------------------------------------------------------
[2022-02-15 22:51:22,240] {taskinstance.py:1239} INFO - Starting attempt 1 of 1
[2022-02-15 22:51:22,243] {taskinstance.py:1240} INFO - 
--------------------------------------------------------------------------------
[2022-02-15 22:51:22,340] {taskinstance.py:1259} INFO - Executing <Task(BashOperator): green_csv_file_url> on 2019-03-02 06:00:00+00:00
[2022-02-15 22:51:22,369] {standard_task_runner.py:52} INFO - Started process 5700 to run task
[2022-02-15 22:51:22,385] {standard_task_runner.py:76} INFO - Running: ['***', 'tasks', 'run', 'green_taxi_download_csv', 'green_csv_file_url', 'scheduled__2019-03-02T06:00:00+00:00', '--job-id', '778', '--raw', '--subdir', 'DAGS_FOLDER/download_upload_greentaxi_csv.py', '--cfg-path', '/tmp/tmp9hn5uoak', '--error-file', '/tmp/tmpx5t8bv82']
[2022-02-15 22:51:22,389] {standard_task_runner.py:77} INFO - Job 778: Subtask green_csv_file_url
[2022-02-15 22:51:22,625] {logging_mixin.py:109} INFO - Running <TaskInstance: green_taxi_download_csv.green_csv_file_url scheduled__2019-03-02T06:00:00+00:00 [running]> on host 29988b24dbed
[2022-02-15 22:51:22,927] {warnings.py:110} WARNING - /home/***/.local/lib/python3.7/site-packages/***/utils/context.py:152: AirflowContextDeprecationWarning: Accessing 'execution_date' from the template is deprecated and will be removed in a future version. Please use 'data_interval_start' or 'logical_date' instead.
  warnings.warn(_create_deprecation_warning(key, self._deprecation_replacements[key]))

[2022-02-15 22:51:23,113] {taskinstance.py:1426} INFO - Exporting the following env vars:
AIRFLOW_CTX_DAG_OWNER=***
AIRFLOW_CTX_DAG_ID=green_taxi_download_csv
AIRFLOW_CTX_TASK_ID=green_csv_file_url
AIRFLOW_CTX_EXECUTION_DATE=2019-03-02T06:00:00+00:00
AIRFLOW_CTX_DAG_RUN_ID=scheduled__2019-03-02T06:00:00+00:00
[2022-02-15 22:51:23,121] {subprocess.py:62} INFO - Tmp dir root location: 
 /tmp
[2022-02-15 22:51:23,125] {subprocess.py:74} INFO - Running command: ['bash', '-c', 'curl -sSL https://s3.amazonaws.com/nyc-tlc/trip+data/green_tripdata_2019-03.csv > /opt/***/output_2019-03.csv']
[2022-02-15 22:51:23,186] {subprocess.py:85} INFO - Output:
[2022-02-15 22:51:27,772] {subprocess.py:93} INFO - Command exited with return code 0
[2022-02-15 22:51:27,929] {taskinstance.py:1277} INFO - Marking task as SUCCESS. dag_id=green_taxi_download_csv, task_id=green_csv_file_url, execution_date=20190302T060000, start_date=20220215T225122, end_date=20220215T225127
[2022-02-15 22:51:28,088] {local_task_job.py:154} INFO - Task exited with return code 0
[2022-02-15 22:51:28,378] {local_task_job.py:264} INFO - 1 downstream tasks scheduled from follow-on schedule check
