[2022-02-15 22:47:31,118] {taskinstance.py:1032} INFO - Dependencies all met for <TaskInstance: green_taxi_download_csv.green_csv_file_url scheduled__2019-02-02T06:00:00+00:00 [queued]>
[2022-02-15 22:47:31,340] {taskinstance.py:1032} INFO - Dependencies all met for <TaskInstance: green_taxi_download_csv.green_csv_file_url scheduled__2019-02-02T06:00:00+00:00 [queued]>
[2022-02-15 22:47:31,343] {taskinstance.py:1238} INFO - 
--------------------------------------------------------------------------------
[2022-02-15 22:47:31,346] {taskinstance.py:1239} INFO - Starting attempt 1 of 1
[2022-02-15 22:47:31,349] {taskinstance.py:1240} INFO - 
--------------------------------------------------------------------------------
[2022-02-15 22:47:31,484] {taskinstance.py:1259} INFO - Executing <Task(BashOperator): green_csv_file_url> on 2019-02-02 06:00:00+00:00
[2022-02-15 22:47:31,514] {standard_task_runner.py:52} INFO - Started process 5256 to run task
[2022-02-15 22:47:31,559] {standard_task_runner.py:76} INFO - Running: ['***', 'tasks', 'run', 'green_taxi_download_csv', 'green_csv_file_url', 'scheduled__2019-02-02T06:00:00+00:00', '--job-id', '749', '--raw', '--subdir', 'DAGS_FOLDER/download_upload_greentaxi_csv.py', '--cfg-path', '/tmp/tmpvi1wlfii', '--error-file', '/tmp/tmpkm4mydvt']
[2022-02-15 22:47:31,567] {standard_task_runner.py:77} INFO - Job 749: Subtask green_csv_file_url
[2022-02-15 22:47:32,295] {logging_mixin.py:109} INFO - Running <TaskInstance: green_taxi_download_csv.green_csv_file_url scheduled__2019-02-02T06:00:00+00:00 [running]> on host 29988b24dbed
[2022-02-15 22:47:32,557] {warnings.py:110} WARNING - /home/***/.local/lib/python3.7/site-packages/***/utils/context.py:152: AirflowContextDeprecationWarning: Accessing 'execution_date' from the template is deprecated and will be removed in a future version. Please use 'data_interval_start' or 'logical_date' instead.
  warnings.warn(_create_deprecation_warning(key, self._deprecation_replacements[key]))

[2022-02-15 22:47:32,717] {taskinstance.py:1426} INFO - Exporting the following env vars:
AIRFLOW_CTX_DAG_OWNER=***
AIRFLOW_CTX_DAG_ID=green_taxi_download_csv
AIRFLOW_CTX_TASK_ID=green_csv_file_url
AIRFLOW_CTX_EXECUTION_DATE=2019-02-02T06:00:00+00:00
AIRFLOW_CTX_DAG_RUN_ID=scheduled__2019-02-02T06:00:00+00:00
[2022-02-15 22:47:32,726] {subprocess.py:62} INFO - Tmp dir root location: 
 /tmp
[2022-02-15 22:47:32,738] {subprocess.py:74} INFO - Running command: ['bash', '-c', 'curl -sSL https://s3.amazonaws.com/nyc-tlc/trip+data/green_tripdata_2019-02.csv > /opt/***/output_2019-02.csv']
[2022-02-15 22:47:32,840] {subprocess.py:85} INFO - Output:
[2022-02-15 22:47:36,866] {subprocess.py:93} INFO - Command exited with return code 0
[2022-02-15 22:47:37,080] {taskinstance.py:1277} INFO - Marking task as SUCCESS. dag_id=green_taxi_download_csv, task_id=green_csv_file_url, execution_date=20190202T060000, start_date=20220215T224731, end_date=20220215T224737
[2022-02-15 22:47:37,328] {local_task_job.py:154} INFO - Task exited with return code 0
[2022-02-15 22:47:37,584] {local_task_job.py:264} INFO - 1 downstream tasks scheduled from follow-on schedule check
[2022-02-15 22:51:20,121] {taskinstance.py:1032} INFO - Dependencies all met for <TaskInstance: green_taxi_download_csv.green_csv_file_url scheduled__2019-02-02T06:00:00+00:00 [queued]>
[2022-02-15 22:51:20,241] {taskinstance.py:1032} INFO - Dependencies all met for <TaskInstance: green_taxi_download_csv.green_csv_file_url scheduled__2019-02-02T06:00:00+00:00 [queued]>
[2022-02-15 22:51:20,244] {taskinstance.py:1238} INFO - 
--------------------------------------------------------------------------------
[2022-02-15 22:51:20,247] {taskinstance.py:1239} INFO - Starting attempt 1 of 1
[2022-02-15 22:51:20,250] {taskinstance.py:1240} INFO - 
--------------------------------------------------------------------------------
[2022-02-15 22:51:20,393] {taskinstance.py:1259} INFO - Executing <Task(BashOperator): green_csv_file_url> on 2019-02-02 06:00:00+00:00
[2022-02-15 22:51:20,405] {standard_task_runner.py:52} INFO - Started process 5691 to run task
[2022-02-15 22:51:20,422] {standard_task_runner.py:76} INFO - Running: ['***', 'tasks', 'run', 'green_taxi_download_csv', 'green_csv_file_url', 'scheduled__2019-02-02T06:00:00+00:00', '--job-id', '777', '--raw', '--subdir', 'DAGS_FOLDER/download_upload_greentaxi_csv.py', '--cfg-path', '/tmp/tmp7bh7ovzo', '--error-file', '/tmp/tmpr5edcr_7']
[2022-02-15 22:51:20,432] {standard_task_runner.py:77} INFO - Job 777: Subtask green_csv_file_url
[2022-02-15 22:51:20,697] {logging_mixin.py:109} INFO - Running <TaskInstance: green_taxi_download_csv.green_csv_file_url scheduled__2019-02-02T06:00:00+00:00 [running]> on host 29988b24dbed
[2022-02-15 22:51:20,970] {warnings.py:110} WARNING - /home/***/.local/lib/python3.7/site-packages/***/utils/context.py:152: AirflowContextDeprecationWarning: Accessing 'execution_date' from the template is deprecated and will be removed in a future version. Please use 'data_interval_start' or 'logical_date' instead.
  warnings.warn(_create_deprecation_warning(key, self._deprecation_replacements[key]))

[2022-02-15 22:51:21,079] {taskinstance.py:1426} INFO - Exporting the following env vars:
AIRFLOW_CTX_DAG_OWNER=***
AIRFLOW_CTX_DAG_ID=green_taxi_download_csv
AIRFLOW_CTX_TASK_ID=green_csv_file_url
AIRFLOW_CTX_EXECUTION_DATE=2019-02-02T06:00:00+00:00
AIRFLOW_CTX_DAG_RUN_ID=scheduled__2019-02-02T06:00:00+00:00
[2022-02-15 22:51:21,092] {subprocess.py:62} INFO - Tmp dir root location: 
 /tmp
[2022-02-15 22:51:21,103] {subprocess.py:74} INFO - Running command: ['bash', '-c', 'curl -sSL https://s3.amazonaws.com/nyc-tlc/trip+data/green_tripdata_2019-02.csv > /opt/***/output_2019-02.csv']
[2022-02-15 22:51:21,178] {subprocess.py:85} INFO - Output:
[2022-02-15 22:51:40,407] {subprocess.py:93} INFO - Command exited with return code 0
[2022-02-15 22:51:40,517] {taskinstance.py:1277} INFO - Marking task as SUCCESS. dag_id=green_taxi_download_csv, task_id=green_csv_file_url, execution_date=20190202T060000, start_date=20220215T225120, end_date=20220215T225140
[2022-02-15 22:51:40,631] {local_task_job.py:154} INFO - Task exited with return code 0
[2022-02-15 22:51:40,841] {local_task_job.py:264} INFO - 1 downstream tasks scheduled from follow-on schedule check
