[2022-02-02 04:14:01,980] {taskinstance.py:1032} INFO - Dependencies all met for <TaskInstance: download_ingest_2_gcs_dag.format_2_parquet_task scheduled__2019-04-02T06:00:00+00:00 [queued]>
[2022-02-02 04:14:02,030] {taskinstance.py:1032} INFO - Dependencies all met for <TaskInstance: download_ingest_2_gcs_dag.format_2_parquet_task scheduled__2019-04-02T06:00:00+00:00 [queued]>
[2022-02-02 04:14:02,032] {taskinstance.py:1238} INFO - 
--------------------------------------------------------------------------------
[2022-02-02 04:14:02,034] {taskinstance.py:1239} INFO - Starting attempt 1 of 1
[2022-02-02 04:14:02,036] {taskinstance.py:1240} INFO - 
--------------------------------------------------------------------------------
[2022-02-02 04:14:02,079] {taskinstance.py:1259} INFO - Executing <Task(PythonOperator): format_2_parquet_task> on 2019-04-02 06:00:00+00:00
[2022-02-02 04:14:02,089] {standard_task_runner.py:52} INFO - Started process 2188 to run task
[2022-02-02 04:14:02,098] {standard_task_runner.py:76} INFO - Running: ['***', 'tasks', 'run', 'download_ingest_2_gcs_dag', 'format_2_parquet_task', 'scheduled__2019-04-02T06:00:00+00:00', '--job-id', '251', '--raw', '--subdir', 'DAGS_FOLDER/load_gsc_assgnment.py', '--cfg-path', '/tmp/tmp_35fkfp4', '--error-file', '/tmp/tmpbw56_hiv']
[2022-02-02 04:14:02,102] {standard_task_runner.py:77} INFO - Job 251: Subtask format_2_parquet_task
[2022-02-02 04:14:02,267] {logging_mixin.py:109} INFO - Running <TaskInstance: download_ingest_2_gcs_dag.format_2_parquet_task scheduled__2019-04-02T06:00:00+00:00 [running]> on host 3082aca3aebc
[2022-02-02 04:14:02,441] {warnings.py:110} WARNING - /home/***/.local/lib/python3.7/site-packages/***/utils/context.py:152: AirflowContextDeprecationWarning: Accessing 'execution_date' from the template is deprecated and will be removed in a future version. Please use 'data_interval_start' or 'logical_date' instead.
  warnings.warn(_create_deprecation_warning(key, self._deprecation_replacements[key]))

[2022-02-02 04:14:02,516] {taskinstance.py:1426} INFO - Exporting the following env vars:
AIRFLOW_CTX_DAG_OWNER=***
AIRFLOW_CTX_DAG_ID=download_ingest_2_gcs_dag
AIRFLOW_CTX_TASK_ID=format_2_parquet_task
AIRFLOW_CTX_EXECUTION_DATE=2019-04-02T06:00:00+00:00
AIRFLOW_CTX_DAG_RUN_ID=scheduled__2019-04-02T06:00:00+00:00
[2022-02-02 04:14:29,593] {python.py:175} INFO - Done. Returned value was: None
[2022-02-02 04:14:29,672] {taskinstance.py:1277} INFO - Marking task as SUCCESS. dag_id=download_ingest_2_gcs_dag, task_id=format_2_parquet_task, execution_date=20190402T060000, start_date=20220202T041401, end_date=20220202T041429
[2022-02-02 04:14:31,650] {local_task_job.py:154} INFO - Task exited with return code 0
[2022-02-02 04:14:31,798] {local_task_job.py:264} INFO - 0 downstream tasks scheduled from follow-on schedule check
[2022-02-02 14:18:39,824] {taskinstance.py:1032} INFO - Dependencies all met for <TaskInstance: download_ingest_2_gcs_dag.format_2_parquet_task scheduled__2019-04-02T06:00:00+00:00 [queued]>
[2022-02-02 14:18:39,886] {taskinstance.py:1032} INFO - Dependencies all met for <TaskInstance: download_ingest_2_gcs_dag.format_2_parquet_task scheduled__2019-04-02T06:00:00+00:00 [queued]>
[2022-02-02 14:18:39,888] {taskinstance.py:1238} INFO - 
--------------------------------------------------------------------------------
[2022-02-02 14:18:39,890] {taskinstance.py:1239} INFO - Starting attempt 1 of 1
[2022-02-02 14:18:39,891] {taskinstance.py:1240} INFO - 
--------------------------------------------------------------------------------
[2022-02-02 14:18:39,940] {taskinstance.py:1259} INFO - Executing <Task(PythonOperator): format_2_parquet_task> on 2019-04-02 06:00:00+00:00
[2022-02-02 14:18:39,958] {standard_task_runner.py:52} INFO - Started process 29532 to run task
[2022-02-02 14:18:39,972] {standard_task_runner.py:76} INFO - Running: ['***', 'tasks', 'run', 'download_ingest_2_gcs_dag', 'format_2_parquet_task', 'scheduled__2019-04-02T06:00:00+00:00', '--job-id', '306', '--raw', '--subdir', 'DAGS_FOLDER/download_ingest_2_gsc_assgnment.py', '--cfg-path', '/tmp/tmp34j34_ew', '--error-file', '/tmp/tmpgrmqadp2']
[2022-02-02 14:18:39,976] {standard_task_runner.py:77} INFO - Job 306: Subtask format_2_parquet_task
[2022-02-02 14:18:40,158] {logging_mixin.py:109} INFO - Running <TaskInstance: download_ingest_2_gcs_dag.format_2_parquet_task scheduled__2019-04-02T06:00:00+00:00 [running]> on host 3082aca3aebc
[2022-02-02 14:18:40,322] {warnings.py:110} WARNING - /home/***/.local/lib/python3.7/site-packages/***/utils/context.py:152: AirflowContextDeprecationWarning: Accessing 'execution_date' from the template is deprecated and will be removed in a future version. Please use 'data_interval_start' or 'logical_date' instead.
  warnings.warn(_create_deprecation_warning(key, self._deprecation_replacements[key]))

[2022-02-02 14:18:40,373] {taskinstance.py:1426} INFO - Exporting the following env vars:
AIRFLOW_CTX_DAG_OWNER=***
AIRFLOW_CTX_DAG_ID=download_ingest_2_gcs_dag
AIRFLOW_CTX_TASK_ID=format_2_parquet_task
AIRFLOW_CTX_EXECUTION_DATE=2019-04-02T06:00:00+00:00
AIRFLOW_CTX_DAG_RUN_ID=scheduled__2019-04-02T06:00:00+00:00
[2022-02-02 14:19:27,666] {python.py:175} INFO - Done. Returned value was: None
[2022-02-02 14:19:27,774] {taskinstance.py:1277} INFO - Marking task as SUCCESS. dag_id=download_ingest_2_gcs_dag, task_id=format_2_parquet_task, execution_date=20190402T060000, start_date=20220202T141839, end_date=20220202T141927
[2022-02-02 14:19:28,096] {local_task_job.py:212} WARNING - State of this instance has been externally set to success. Terminating instance.
[2022-02-02 14:19:28,120] {process_utils.py:124} INFO - Sending Signals.SIGTERM to group 29532. PIDs of all processes in the group: [29532]
[2022-02-02 14:19:28,123] {process_utils.py:75} INFO - Sending the signal Signals.SIGTERM to group 29532
[2022-02-02 14:19:31,675] {process_utils.py:70} INFO - Process psutil.Process(pid=29532, status='terminated', exitcode=0, started='14:18:38') (29532) terminated with exit code 0
