[2022-02-02 21:59:12,878] {taskinstance.py:1032} INFO - Dependencies all met for <TaskInstance: fhv_ingest_2_gcs_dag.fhv_file_url scheduled__2020-12-02T06:00:00+00:00 [queued]>
[2022-02-02 21:59:13,002] {taskinstance.py:1032} INFO - Dependencies all met for <TaskInstance: fhv_ingest_2_gcs_dag.fhv_file_url scheduled__2020-12-02T06:00:00+00:00 [queued]>
[2022-02-02 21:59:13,005] {taskinstance.py:1238} INFO - 
--------------------------------------------------------------------------------
[2022-02-02 21:59:13,010] {taskinstance.py:1239} INFO - Starting attempt 1 of 1
[2022-02-02 21:59:13,012] {taskinstance.py:1240} INFO - 
--------------------------------------------------------------------------------
[2022-02-02 21:59:13,089] {taskinstance.py:1259} INFO - Executing <Task(BashOperator): fhv_file_url> on 2020-12-02 06:00:00+00:00
[2022-02-02 21:59:13,106] {standard_task_runner.py:52} INFO - Started process 2721 to run task
[2022-02-02 21:59:13,129] {standard_task_runner.py:76} INFO - Running: ['***', 'tasks', 'run', 'fhv_ingest_2_gcs_dag', 'fhv_file_url', 'scheduled__2020-12-02T06:00:00+00:00', '--job-id', '506', '--raw', '--subdir', 'DAGS_FOLDER/fhv_download_ingest_gcs.py', '--cfg-path', '/tmp/tmpliigqrrv', '--error-file', '/tmp/tmp65ate3ub']
[2022-02-02 21:59:13,134] {standard_task_runner.py:77} INFO - Job 506: Subtask fhv_file_url
[2022-02-02 21:59:13,423] {logging_mixin.py:109} INFO - Running <TaskInstance: fhv_ingest_2_gcs_dag.fhv_file_url scheduled__2020-12-02T06:00:00+00:00 [running]> on host ee5c3eebd1b1
[2022-02-02 21:59:13,604] {warnings.py:110} WARNING - /home/***/.local/lib/python3.7/site-packages/***/utils/context.py:152: AirflowContextDeprecationWarning: Accessing 'execution_date' from the template is deprecated and will be removed in a future version. Please use 'data_interval_start' or 'logical_date' instead.
  warnings.warn(_create_deprecation_warning(key, self._deprecation_replacements[key]))

[2022-02-02 21:59:13,661] {taskinstance.py:1426} INFO - Exporting the following env vars:
AIRFLOW_CTX_DAG_OWNER=***
AIRFLOW_CTX_DAG_ID=fhv_ingest_2_gcs_dag
AIRFLOW_CTX_TASK_ID=fhv_file_url
AIRFLOW_CTX_EXECUTION_DATE=2020-12-02T06:00:00+00:00
AIRFLOW_CTX_DAG_RUN_ID=scheduled__2020-12-02T06:00:00+00:00
[2022-02-02 21:59:13,666] {subprocess.py:62} INFO - Tmp dir root location: 
 /tmp
[2022-02-02 21:59:13,669] {subprocess.py:74} INFO - Running command: ['bash', '-c', 'curl -sSLf https://nyc-tlc.s3.amazonaws.com/trip+data/fhv_tripdata_2020-12.csv > /opt/***/fhv_output_2020-12.csv']
[2022-02-02 21:59:13,696] {subprocess.py:85} INFO - Output:
[2022-02-02 21:59:17,564] {subprocess.py:93} INFO - Command exited with return code 0
[2022-02-02 21:59:17,950] {taskinstance.py:1277} INFO - Marking task as SUCCESS. dag_id=fhv_ingest_2_gcs_dag, task_id=fhv_file_url, execution_date=20201202T060000, start_date=20220202T215912, end_date=20220202T215917
[2022-02-02 21:59:18,156] {local_task_job.py:154} INFO - Task exited with return code 0
[2022-02-02 21:59:18,316] {local_task_job.py:264} INFO - 1 downstream tasks scheduled from follow-on schedule check
