[2022-02-02 23:19:18,883] {taskinstance.py:1032} INFO - Dependencies all met for <TaskInstance: zone_ingest_2_gcs_dag.zone_file_url scheduled__2022-01-02T06:00:00+00:00 [queued]>
[2022-02-02 23:19:18,936] {taskinstance.py:1032} INFO - Dependencies all met for <TaskInstance: zone_ingest_2_gcs_dag.zone_file_url scheduled__2022-01-02T06:00:00+00:00 [queued]>
[2022-02-02 23:19:18,938] {taskinstance.py:1238} INFO - 
--------------------------------------------------------------------------------
[2022-02-02 23:19:18,940] {taskinstance.py:1239} INFO - Starting attempt 1 of 1
[2022-02-02 23:19:18,942] {taskinstance.py:1240} INFO - 
--------------------------------------------------------------------------------
[2022-02-02 23:19:19,001] {taskinstance.py:1259} INFO - Executing <Task(BashOperator): zone_file_url> on 2022-01-02 06:00:00+00:00
[2022-02-02 23:19:19,015] {standard_task_runner.py:52} INFO - Started process 7023 to run task
[2022-02-02 23:19:19,036] {standard_task_runner.py:76} INFO - Running: ['***', 'tasks', 'run', 'zone_ingest_2_gcs_dag', 'zone_file_url', 'scheduled__2022-01-02T06:00:00+00:00', '--job-id', '512', '--raw', '--subdir', 'DAGS_FOLDER/zone_download_ingest_gcs.py', '--cfg-path', '/tmp/tmp6ptxhv02', '--error-file', '/tmp/tmpyfe4j26l']
[2022-02-02 23:19:19,040] {standard_task_runner.py:77} INFO - Job 512: Subtask zone_file_url
[2022-02-02 23:19:19,226] {logging_mixin.py:109} INFO - Running <TaskInstance: zone_ingest_2_gcs_dag.zone_file_url scheduled__2022-01-02T06:00:00+00:00 [running]> on host ee5c3eebd1b1
[2022-02-02 23:19:19,669] {taskinstance.py:1426} INFO - Exporting the following env vars:
AIRFLOW_CTX_DAG_OWNER=***
AIRFLOW_CTX_DAG_ID=zone_ingest_2_gcs_dag
AIRFLOW_CTX_TASK_ID=zone_file_url
AIRFLOW_CTX_EXECUTION_DATE=2022-01-02T06:00:00+00:00
AIRFLOW_CTX_DAG_RUN_ID=scheduled__2022-01-02T06:00:00+00:00
[2022-02-02 23:19:19,689] {subprocess.py:62} INFO - Tmp dir root location: 
 /tmp
[2022-02-02 23:19:19,693] {subprocess.py:74} INFO - Running command: ['bash', '-c', 'curl -sSLf https://s3.amazonaws.com/nyc-tlc/misc/taxi+_zone_lookup.csv > /opt/***/taxi+_zone_lookup.csv']
[2022-02-02 23:19:19,737] {subprocess.py:85} INFO - Output:
[2022-02-02 23:19:20,455] {subprocess.py:93} INFO - Command exited with return code 0
[2022-02-02 23:19:20,573] {taskinstance.py:1277} INFO - Marking task as SUCCESS. dag_id=zone_ingest_2_gcs_dag, task_id=zone_file_url, execution_date=20220102T060000, start_date=20220202T231918, end_date=20220202T231920
[2022-02-02 23:19:20,702] {local_task_job.py:154} INFO - Task exited with return code 0
[2022-02-02 23:19:20,966] {local_task_job.py:264} INFO - 1 downstream tasks scheduled from follow-on schedule check
