[2022-02-10 17:26:03,156] {taskinstance.py:1032} INFO - Dependencies all met for <TaskInstance: zone_ingest_2_gcs_dag.zone_file_url scheduled__2022-01-02T06:00:00+00:00 [queued]>
[2022-02-10 17:26:03,211] {taskinstance.py:1032} INFO - Dependencies all met for <TaskInstance: zone_ingest_2_gcs_dag.zone_file_url scheduled__2022-01-02T06:00:00+00:00 [queued]>
[2022-02-10 17:26:03,214] {taskinstance.py:1238} INFO - 
--------------------------------------------------------------------------------
[2022-02-10 17:26:03,219] {taskinstance.py:1239} INFO - Starting attempt 3 of 3
[2022-02-10 17:26:03,223] {taskinstance.py:1240} INFO - 
--------------------------------------------------------------------------------
[2022-02-10 17:26:03,289] {taskinstance.py:1259} INFO - Executing <Task(BashOperator): zone_file_url> on 2022-01-02 06:00:00+00:00
[2022-02-10 17:26:03,300] {standard_task_runner.py:52} INFO - Started process 399 to run task
[2022-02-10 17:26:03,329] {standard_task_runner.py:76} INFO - Running: ['***', 'tasks', 'run', 'zone_ingest_2_gcs_dag', 'zone_file_url', 'scheduled__2022-01-02T06:00:00+00:00', '--job-id', '580', '--raw', '--subdir', 'DAGS_FOLDER/zone_download_ingest_gcs.py', '--cfg-path', '/tmp/tmpnviave3x', '--error-file', '/tmp/tmpp6pnomp4']
[2022-02-10 17:26:03,334] {standard_task_runner.py:77} INFO - Job 580: Subtask zone_file_url
[2022-02-10 17:26:03,501] {logging_mixin.py:109} INFO - Running <TaskInstance: zone_ingest_2_gcs_dag.zone_file_url scheduled__2022-01-02T06:00:00+00:00 [running]> on host 2107cbac5c9b
[2022-02-10 17:26:03,655] {taskinstance.py:1426} INFO - Exporting the following env vars:
AIRFLOW_CTX_DAG_OWNER=***
AIRFLOW_CTX_DAG_ID=zone_ingest_2_gcs_dag
AIRFLOW_CTX_TASK_ID=zone_file_url
AIRFLOW_CTX_EXECUTION_DATE=2022-01-02T06:00:00+00:00
AIRFLOW_CTX_DAG_RUN_ID=scheduled__2022-01-02T06:00:00+00:00
[2022-02-10 17:26:03,660] {subprocess.py:62} INFO - Tmp dir root location: 
 /tmp
[2022-02-10 17:26:03,667] {subprocess.py:74} INFO - Running command: ['bash', '-c', 'curl -sSLf https://s3.amazonaws.com/nyc-tlc/misc/taxi+_zone_lookup.csv > /opt/***/taxi+_zone_lookup.csv']
[2022-02-10 17:26:03,685] {subprocess.py:85} INFO - Output:
[2022-02-10 17:26:04,418] {subprocess.py:93} INFO - Command exited with return code 0
[2022-02-10 17:26:04,483] {taskinstance.py:1277} INFO - Marking task as SUCCESS. dag_id=zone_ingest_2_gcs_dag, task_id=zone_file_url, execution_date=20220102T060000, start_date=20220210T172603, end_date=20220210T172604
[2022-02-10 17:26:04,548] {local_task_job.py:154} INFO - Task exited with return code 0
[2022-02-10 17:26:04,674] {local_task_job.py:264} INFO - 1 downstream tasks scheduled from follow-on schedule check
