[2022-02-02 21:45:23,174] {taskinstance.py:1032} INFO - Dependencies all met for <TaskInstance: fhv_ingest_2_gcs_dag.fhv_file_url scheduled__2019-03-02T06:00:00+00:00 [queued]>
[2022-02-02 21:45:23,237] {taskinstance.py:1032} INFO - Dependencies all met for <TaskInstance: fhv_ingest_2_gcs_dag.fhv_file_url scheduled__2019-03-02T06:00:00+00:00 [queued]>
[2022-02-02 21:45:23,242] {taskinstance.py:1238} INFO - 
--------------------------------------------------------------------------------
[2022-02-02 21:45:23,243] {taskinstance.py:1239} INFO - Starting attempt 1 of 1
[2022-02-02 21:45:23,245] {taskinstance.py:1240} INFO - 
--------------------------------------------------------------------------------
[2022-02-02 21:45:23,327] {taskinstance.py:1259} INFO - Executing <Task(BashOperator): fhv_file_url> on 2019-03-02 06:00:00+00:00
[2022-02-02 21:45:23,345] {standard_task_runner.py:52} INFO - Started process 1329 to run task
[2022-02-02 21:45:23,355] {standard_task_runner.py:76} INFO - Running: ['***', 'tasks', 'run', 'fhv_ingest_2_gcs_dag', 'fhv_file_url', 'scheduled__2019-03-02T06:00:00+00:00', '--job-id', '433', '--raw', '--subdir', 'DAGS_FOLDER/fhv_download_ingest_gcs.py', '--cfg-path', '/tmp/tmp41nk4ofu', '--error-file', '/tmp/tmp2rlwubzi']
[2022-02-02 21:45:23,360] {standard_task_runner.py:77} INFO - Job 433: Subtask fhv_file_url
[2022-02-02 21:45:23,566] {logging_mixin.py:109} INFO - Running <TaskInstance: fhv_ingest_2_gcs_dag.fhv_file_url scheduled__2019-03-02T06:00:00+00:00 [running]> on host ee5c3eebd1b1
[2022-02-02 21:45:23,771] {warnings.py:110} WARNING - /home/***/.local/lib/python3.7/site-packages/***/utils/context.py:152: AirflowContextDeprecationWarning: Accessing 'execution_date' from the template is deprecated and will be removed in a future version. Please use 'data_interval_start' or 'logical_date' instead.
  warnings.warn(_create_deprecation_warning(key, self._deprecation_replacements[key]))

[2022-02-02 21:45:23,841] {taskinstance.py:1426} INFO - Exporting the following env vars:
AIRFLOW_CTX_DAG_OWNER=***
AIRFLOW_CTX_DAG_ID=fhv_ingest_2_gcs_dag
AIRFLOW_CTX_TASK_ID=fhv_file_url
AIRFLOW_CTX_EXECUTION_DATE=2019-03-02T06:00:00+00:00
AIRFLOW_CTX_DAG_RUN_ID=scheduled__2019-03-02T06:00:00+00:00
[2022-02-02 21:45:23,847] {subprocess.py:62} INFO - Tmp dir root location: 
 /tmp
[2022-02-02 21:45:23,851] {subprocess.py:74} INFO - Running command: ['bash', '-c', 'curl -sSLf https://nyc-tlc.s3.amazonaws.com/trip+data/fhv_tripdata_2019-03.csv > /opt/***/fhv_output_2019-03.csv']
[2022-02-02 21:45:23,885] {subprocess.py:85} INFO - Output:
[2022-02-02 21:45:33,685] {subprocess.py:93} INFO - Command exited with return code 0
[2022-02-02 21:45:34,751] {taskinstance.py:1277} INFO - Marking task as SUCCESS. dag_id=fhv_ingest_2_gcs_dag, task_id=fhv_file_url, execution_date=20190302T060000, start_date=20220202T214523, end_date=20220202T214534
[2022-02-02 21:45:35,235] {local_task_job.py:154} INFO - Task exited with return code 0
[2022-02-02 21:45:35,659] {local_task_job.py:264} INFO - 1 downstream tasks scheduled from follow-on schedule check
[2022-02-02 21:50:43,580] {taskinstance.py:1032} INFO - Dependencies all met for <TaskInstance: fhv_ingest_2_gcs_dag.fhv_file_url scheduled__2019-03-02T06:00:00+00:00 [queued]>
[2022-02-02 21:50:43,644] {taskinstance.py:1032} INFO - Dependencies all met for <TaskInstance: fhv_ingest_2_gcs_dag.fhv_file_url scheduled__2019-03-02T06:00:00+00:00 [queued]>
[2022-02-02 21:50:43,646] {taskinstance.py:1238} INFO - 
--------------------------------------------------------------------------------
[2022-02-02 21:50:43,648] {taskinstance.py:1239} INFO - Starting attempt 1 of 1
[2022-02-02 21:50:43,649] {taskinstance.py:1240} INFO - 
--------------------------------------------------------------------------------
[2022-02-02 21:50:43,696] {taskinstance.py:1259} INFO - Executing <Task(BashOperator): fhv_file_url> on 2019-03-02 06:00:00+00:00
[2022-02-02 21:50:43,707] {standard_task_runner.py:52} INFO - Started process 1684 to run task
[2022-02-02 21:50:43,716] {standard_task_runner.py:76} INFO - Running: ['***', 'tasks', 'run', 'fhv_ingest_2_gcs_dag', 'fhv_file_url', 'scheduled__2019-03-02T06:00:00+00:00', '--job-id', '441', '--raw', '--subdir', 'DAGS_FOLDER/fhv_download_ingest_gcs.py', '--cfg-path', '/tmp/tmp_fm0ssq5', '--error-file', '/tmp/tmpvf6fl5f6']
[2022-02-02 21:50:43,721] {standard_task_runner.py:77} INFO - Job 441: Subtask fhv_file_url
[2022-02-02 21:50:43,861] {logging_mixin.py:109} INFO - Running <TaskInstance: fhv_ingest_2_gcs_dag.fhv_file_url scheduled__2019-03-02T06:00:00+00:00 [running]> on host ee5c3eebd1b1
[2022-02-02 21:50:43,977] {warnings.py:110} WARNING - /home/***/.local/lib/python3.7/site-packages/***/utils/context.py:152: AirflowContextDeprecationWarning: Accessing 'execution_date' from the template is deprecated and will be removed in a future version. Please use 'data_interval_start' or 'logical_date' instead.
  warnings.warn(_create_deprecation_warning(key, self._deprecation_replacements[key]))

[2022-02-02 21:50:44,020] {taskinstance.py:1426} INFO - Exporting the following env vars:
AIRFLOW_CTX_DAG_OWNER=***
AIRFLOW_CTX_DAG_ID=fhv_ingest_2_gcs_dag
AIRFLOW_CTX_TASK_ID=fhv_file_url
AIRFLOW_CTX_EXECUTION_DATE=2019-03-02T06:00:00+00:00
AIRFLOW_CTX_DAG_RUN_ID=scheduled__2019-03-02T06:00:00+00:00
[2022-02-02 21:50:44,025] {subprocess.py:62} INFO - Tmp dir root location: 
 /tmp
[2022-02-02 21:50:44,028] {subprocess.py:74} INFO - Running command: ['bash', '-c', 'curl -sSLf https://nyc-tlc.s3.amazonaws.com/trip+data/fhv_tripdata_2019-03.csv > /opt/***/fhv_output_2019-03.csv']
[2022-02-02 21:50:44,047] {subprocess.py:85} INFO - Output:
[2022-02-02 21:52:00,398] {subprocess.py:93} INFO - Command exited with return code 0
[2022-02-02 21:52:01,039] {taskinstance.py:1277} INFO - Marking task as SUCCESS. dag_id=fhv_ingest_2_gcs_dag, task_id=fhv_file_url, execution_date=20190302T060000, start_date=20220202T215043, end_date=20220202T215201
[2022-02-02 21:52:01,378] {local_task_job.py:154} INFO - Task exited with return code 0
[2022-02-02 21:52:02,115] {local_task_job.py:264} INFO - 1 downstream tasks scheduled from follow-on schedule check
