[2022-02-02 14:52:58,599] {taskinstance.py:1032} INFO - Dependencies all met for <TaskInstance: download_ingest_2_gcs_dag.format_2_parquet_task scheduled__2020-04-02T06:00:00+00:00 [queued]>
[2022-02-02 14:52:59,168] {taskinstance.py:1032} INFO - Dependencies all met for <TaskInstance: download_ingest_2_gcs_dag.format_2_parquet_task scheduled__2020-04-02T06:00:00+00:00 [queued]>
[2022-02-02 14:52:59,179] {taskinstance.py:1238} INFO - 
--------------------------------------------------------------------------------
[2022-02-02 14:52:59,187] {taskinstance.py:1239} INFO - Starting attempt 1 of 1
[2022-02-02 14:52:59,196] {taskinstance.py:1240} INFO - 
--------------------------------------------------------------------------------
[2022-02-02 14:52:59,937] {taskinstance.py:1259} INFO - Executing <Task(PythonOperator): format_2_parquet_task> on 2020-04-02 06:00:00+00:00
[2022-02-02 14:53:00,116] {standard_task_runner.py:52} INFO - Started process 31824 to run task
[2022-02-02 14:53:00,249] {standard_task_runner.py:76} INFO - Running: ['***', 'tasks', 'run', 'download_ingest_2_gcs_dag', 'format_2_parquet_task', 'scheduled__2020-04-02T06:00:00+00:00', '--job-id', '359', '--raw', '--subdir', 'DAGS_FOLDER/download_ingest_2_gsc_assgnment.py', '--cfg-path', '/tmp/tmpz5w93ipr', '--error-file', '/tmp/tmpou2h8ndp']
[2022-02-02 14:53:00,306] {standard_task_runner.py:77} INFO - Job 359: Subtask format_2_parquet_task
[2022-02-02 14:53:02,021] {logging_mixin.py:109} INFO - Running <TaskInstance: download_ingest_2_gcs_dag.format_2_parquet_task scheduled__2020-04-02T06:00:00+00:00 [running]> on host 3082aca3aebc
[2022-02-02 14:53:02,946] {warnings.py:110} WARNING - /home/***/.local/lib/python3.7/site-packages/***/utils/context.py:152: AirflowContextDeprecationWarning: Accessing 'execution_date' from the template is deprecated and will be removed in a future version. Please use 'data_interval_start' or 'logical_date' instead.
  warnings.warn(_create_deprecation_warning(key, self._deprecation_replacements[key]))

[2022-02-02 14:53:03,195] {taskinstance.py:1426} INFO - Exporting the following env vars:
AIRFLOW_CTX_DAG_OWNER=***
AIRFLOW_CTX_DAG_ID=download_ingest_2_gcs_dag
AIRFLOW_CTX_TASK_ID=format_2_parquet_task
AIRFLOW_CTX_EXECUTION_DATE=2020-04-02T06:00:00+00:00
AIRFLOW_CTX_DAG_RUN_ID=scheduled__2020-04-02T06:00:00+00:00
[2022-02-02 14:53:19,597] {python.py:175} INFO - Done. Returned value was: None
[2022-02-02 14:53:20,739] {taskinstance.py:1277} INFO - Marking task as SUCCESS. dag_id=download_ingest_2_gcs_dag, task_id=format_2_parquet_task, execution_date=20200402T060000, start_date=20220202T145258, end_date=20220202T145320
[2022-02-02 14:53:23,136] {local_task_job.py:154} INFO - Task exited with return code 0
[2022-02-02 14:53:25,162] {local_task_job.py:264} INFO - 0 downstream tasks scheduled from follow-on schedule check
