[2022-02-02 16:48:06,552] {taskinstance.py:1032} INFO - Dependencies all met for <TaskInstance: download_ingest_2_gcs_dag.format_2_parquet_task scheduled__2020-04-02T06:00:00+00:00 [queued]>
[2022-02-02 16:48:06,600] {taskinstance.py:1032} INFO - Dependencies all met for <TaskInstance: download_ingest_2_gcs_dag.format_2_parquet_task scheduled__2020-04-02T06:00:00+00:00 [queued]>
[2022-02-02 16:48:06,602] {taskinstance.py:1238} INFO - 
--------------------------------------------------------------------------------
[2022-02-02 16:48:06,604] {taskinstance.py:1239} INFO - Starting attempt 2 of 2
[2022-02-02 16:48:06,605] {taskinstance.py:1240} INFO - 
--------------------------------------------------------------------------------
[2022-02-02 16:48:06,658] {taskinstance.py:1259} INFO - Executing <Task(PythonOperator): format_2_parquet_task> on 2020-04-02 06:00:00+00:00
[2022-02-02 16:48:06,673] {standard_task_runner.py:52} INFO - Started process 33995 to run task
[2022-02-02 16:48:06,686] {standard_task_runner.py:76} INFO - Running: ['***', 'tasks', 'run', 'download_ingest_2_gcs_dag', 'format_2_parquet_task', 'scheduled__2020-04-02T06:00:00+00:00', '--job-id', '423', '--raw', '--subdir', 'DAGS_FOLDER/download_ingest_2_gsc_assgnment.py', '--cfg-path', '/tmp/tmpglmrw024', '--error-file', '/tmp/tmp1oczo06m']
[2022-02-02 16:48:06,691] {standard_task_runner.py:77} INFO - Job 423: Subtask format_2_parquet_task
[2022-02-02 16:48:06,882] {logging_mixin.py:109} INFO - Running <TaskInstance: download_ingest_2_gcs_dag.format_2_parquet_task scheduled__2020-04-02T06:00:00+00:00 [running]> on host 3082aca3aebc
[2022-02-02 16:48:07,050] {warnings.py:110} WARNING - /home/***/.local/lib/python3.7/site-packages/***/utils/context.py:152: AirflowContextDeprecationWarning: Accessing 'execution_date' from the template is deprecated and will be removed in a future version. Please use 'data_interval_start' or 'logical_date' instead.
  warnings.warn(_create_deprecation_warning(key, self._deprecation_replacements[key]))

[2022-02-02 16:48:07,096] {taskinstance.py:1426} INFO - Exporting the following env vars:
AIRFLOW_CTX_DAG_OWNER=***
AIRFLOW_CTX_DAG_ID=download_ingest_2_gcs_dag
AIRFLOW_CTX_TASK_ID=format_2_parquet_task
AIRFLOW_CTX_EXECUTION_DATE=2020-04-02T06:00:00+00:00
AIRFLOW_CTX_DAG_RUN_ID=scheduled__2020-04-02T06:00:00+00:00
[2022-02-02 16:48:08,377] {python.py:175} INFO - Done. Returned value was: None
[2022-02-02 16:48:08,415] {taskinstance.py:1277} INFO - Marking task as SUCCESS. dag_id=download_ingest_2_gcs_dag, task_id=format_2_parquet_task, execution_date=20200402T060000, start_date=20220202T164806, end_date=20220202T164808
[2022-02-02 16:48:08,525] {local_task_job.py:154} INFO - Task exited with return code 0
[2022-02-02 16:48:08,639] {local_task_job.py:264} INFO - 1 downstream tasks scheduled from follow-on schedule check
