[2022-02-15 21:24:08,562] {taskinstance.py:1032} INFO - Dependencies all met for <TaskInstance: yellow_taxi_download_csv.csv_to_gcs_job scheduled__2019-01-02T06:00:00+00:00 [queued]>
[2022-02-15 21:24:08,612] {taskinstance.py:1032} INFO - Dependencies all met for <TaskInstance: yellow_taxi_download_csv.csv_to_gcs_job scheduled__2019-01-02T06:00:00+00:00 [queued]>
[2022-02-15 21:24:08,614] {taskinstance.py:1238} INFO - 
--------------------------------------------------------------------------------
[2022-02-15 21:24:08,615] {taskinstance.py:1239} INFO - Starting attempt 2 of 2
[2022-02-15 21:24:08,617] {taskinstance.py:1240} INFO - 
--------------------------------------------------------------------------------
[2022-02-15 21:24:08,669] {taskinstance.py:1259} INFO - Executing <Task(PythonOperator): csv_to_gcs_job> on 2019-01-02 06:00:00+00:00
[2022-02-15 21:24:08,683] {standard_task_runner.py:52} INFO - Started process 921 to run task
[2022-02-15 21:24:08,694] {standard_task_runner.py:76} INFO - Running: ['***', 'tasks', 'run', 'yellow_taxi_download_csv', 'csv_to_gcs_job', 'scheduled__2019-01-02T06:00:00+00:00', '--job-id', '692', '--raw', '--subdir', 'DAGS_FOLDER/download_upload_yellowtaxi_csv.py', '--cfg-path', '/tmp/tmpfbtksizm', '--error-file', '/tmp/tmpy7mela4c']
[2022-02-15 21:24:08,698] {standard_task_runner.py:77} INFO - Job 692: Subtask csv_to_gcs_job
[2022-02-15 21:24:08,908] {logging_mixin.py:109} INFO - Running <TaskInstance: yellow_taxi_download_csv.csv_to_gcs_job scheduled__2019-01-02T06:00:00+00:00 [running]> on host 29988b24dbed
[2022-02-15 21:24:09,105] {warnings.py:110} WARNING - /home/***/.local/lib/python3.7/site-packages/***/utils/context.py:152: AirflowContextDeprecationWarning: Accessing 'execution_date' from the template is deprecated and will be removed in a future version. Please use 'data_interval_start' or 'logical_date' instead.
  warnings.warn(_create_deprecation_warning(key, self._deprecation_replacements[key]))

[2022-02-15 21:24:09,194] {taskinstance.py:1426} INFO - Exporting the following env vars:
AIRFLOW_CTX_DAG_OWNER=***
AIRFLOW_CTX_DAG_ID=yellow_taxi_download_csv
AIRFLOW_CTX_TASK_ID=csv_to_gcs_job
AIRFLOW_CTX_EXECUTION_DATE=2019-01-02T06:00:00+00:00
AIRFLOW_CTX_DAG_RUN_ID=scheduled__2019-01-02T06:00:00+00:00
[2022-02-15 21:26:10,861] {python.py:175} INFO - Done. Returned value was: None
[2022-02-15 21:26:10,971] {taskinstance.py:1277} INFO - Marking task as SUCCESS. dag_id=yellow_taxi_download_csv, task_id=csv_to_gcs_job, execution_date=20190102T060000, start_date=20220215T212408, end_date=20220215T212610
[2022-02-15 21:26:11,133] {local_task_job.py:154} INFO - Task exited with return code 0
[2022-02-15 21:26:11,254] {local_task_job.py:264} INFO - 0 downstream tasks scheduled from follow-on schedule check
