[2022-02-10 17:38:19,305] {taskinstance.py:1032} INFO - Dependencies all met for <TaskInstance: green_taxi_download_ingest_2_gcs_dag.format_2_parquet_task scheduled__2020-06-02T06:00:00+00:00 [queued]>
[2022-02-10 17:38:19,423] {taskinstance.py:1032} INFO - Dependencies all met for <TaskInstance: green_taxi_download_ingest_2_gcs_dag.format_2_parquet_task scheduled__2020-06-02T06:00:00+00:00 [queued]>
[2022-02-10 17:38:19,425] {taskinstance.py:1238} INFO - 
--------------------------------------------------------------------------------
[2022-02-10 17:38:19,428] {taskinstance.py:1239} INFO - Starting attempt 1 of 1
[2022-02-10 17:38:19,429] {taskinstance.py:1240} INFO - 
--------------------------------------------------------------------------------
[2022-02-10 17:38:19,534] {taskinstance.py:1259} INFO - Executing <Task(PythonOperator): format_2_parquet_task> on 2020-06-02 06:00:00+00:00
[2022-02-10 17:38:19,557] {standard_task_runner.py:52} INFO - Started process 1688 to run task
[2022-02-10 17:38:19,581] {standard_task_runner.py:76} INFO - Running: ['***', 'tasks', 'run', 'green_taxi_download_ingest_2_gcs_dag', 'format_2_parquet_task', 'scheduled__2020-06-02T06:00:00+00:00', '--job-id', '657', '--raw', '--subdir', 'DAGS_FOLDER/greentaxi_download_2_gcs.py', '--cfg-path', '/tmp/tmpme72rxkd', '--error-file', '/tmp/tmp9up6vdcy']
[2022-02-10 17:38:19,589] {standard_task_runner.py:77} INFO - Job 657: Subtask format_2_parquet_task
[2022-02-10 17:38:19,823] {logging_mixin.py:109} INFO - Running <TaskInstance: green_taxi_download_ingest_2_gcs_dag.format_2_parquet_task scheduled__2020-06-02T06:00:00+00:00 [running]> on host 2107cbac5c9b
[2022-02-10 17:38:20,144] {warnings.py:110} WARNING - /home/***/.local/lib/python3.7/site-packages/***/utils/context.py:152: AirflowContextDeprecationWarning: Accessing 'execution_date' from the template is deprecated and will be removed in a future version. Please use 'data_interval_start' or 'logical_date' instead.
  warnings.warn(_create_deprecation_warning(key, self._deprecation_replacements[key]))

[2022-02-10 17:38:20,348] {taskinstance.py:1426} INFO - Exporting the following env vars:
AIRFLOW_CTX_DAG_OWNER=***
AIRFLOW_CTX_DAG_ID=green_taxi_download_ingest_2_gcs_dag
AIRFLOW_CTX_TASK_ID=format_2_parquet_task
AIRFLOW_CTX_EXECUTION_DATE=2020-06-02T06:00:00+00:00
AIRFLOW_CTX_DAG_RUN_ID=scheduled__2020-06-02T06:00:00+00:00
[2022-02-10 17:38:21,438] {python.py:175} INFO - Done. Returned value was: None
[2022-02-10 17:38:21,599] {taskinstance.py:1277} INFO - Marking task as SUCCESS. dag_id=green_taxi_download_ingest_2_gcs_dag, task_id=format_2_parquet_task, execution_date=20200602T060000, start_date=20220210T173819, end_date=20220210T173821
[2022-02-10 17:38:21,902] {local_task_job.py:154} INFO - Task exited with return code 0
[2022-02-10 17:38:22,253] {local_task_job.py:264} INFO - 1 downstream tasks scheduled from follow-on schedule check
