[2022-02-15 22:55:20,627] {taskinstance.py:1032} INFO - Dependencies all met for <TaskInstance: green_taxi_download_csv.green_csv_to_gcs_job scheduled__2020-06-02T06:00:00+00:00 [queued]>
[2022-02-15 22:55:20,677] {taskinstance.py:1032} INFO - Dependencies all met for <TaskInstance: green_taxi_download_csv.green_csv_to_gcs_job scheduled__2020-06-02T06:00:00+00:00 [queued]>
[2022-02-15 22:55:20,681] {taskinstance.py:1238} INFO - 
--------------------------------------------------------------------------------
[2022-02-15 22:55:20,683] {taskinstance.py:1239} INFO - Starting attempt 1 of 1
[2022-02-15 22:55:20,685] {taskinstance.py:1240} INFO - 
--------------------------------------------------------------------------------
[2022-02-15 22:55:20,741] {taskinstance.py:1259} INFO - Executing <Task(PythonOperator): green_csv_to_gcs_job> on 2020-06-02 06:00:00+00:00
[2022-02-15 22:55:20,752] {standard_task_runner.py:52} INFO - Started process 6183 to run task
[2022-02-15 22:55:20,761] {standard_task_runner.py:76} INFO - Running: ['***', 'tasks', 'run', 'green_taxi_download_csv', 'green_csv_to_gcs_job', 'scheduled__2020-06-02T06:00:00+00:00', '--job-id', '811', '--raw', '--subdir', 'DAGS_FOLDER/download_upload_greentaxi_csv.py', '--cfg-path', '/tmp/tmpbot9_fne', '--error-file', '/tmp/tmphghcysy6']
[2022-02-15 22:55:20,766] {standard_task_runner.py:77} INFO - Job 811: Subtask green_csv_to_gcs_job
[2022-02-15 22:55:20,937] {logging_mixin.py:109} INFO - Running <TaskInstance: green_taxi_download_csv.green_csv_to_gcs_job scheduled__2020-06-02T06:00:00+00:00 [running]> on host 29988b24dbed
[2022-02-15 22:55:21,097] {warnings.py:110} WARNING - /home/***/.local/lib/python3.7/site-packages/***/utils/context.py:152: AirflowContextDeprecationWarning: Accessing 'execution_date' from the template is deprecated and will be removed in a future version. Please use 'data_interval_start' or 'logical_date' instead.
  warnings.warn(_create_deprecation_warning(key, self._deprecation_replacements[key]))

[2022-02-15 22:55:21,170] {taskinstance.py:1426} INFO - Exporting the following env vars:
AIRFLOW_CTX_DAG_OWNER=***
AIRFLOW_CTX_DAG_ID=green_taxi_download_csv
AIRFLOW_CTX_TASK_ID=green_csv_to_gcs_job
AIRFLOW_CTX_EXECUTION_DATE=2020-06-02T06:00:00+00:00
AIRFLOW_CTX_DAG_RUN_ID=scheduled__2020-06-02T06:00:00+00:00
[2022-02-15 22:55:24,520] {python.py:175} INFO - Done. Returned value was: None
[2022-02-15 22:55:24,564] {taskinstance.py:1277} INFO - Marking task as SUCCESS. dag_id=green_taxi_download_csv, task_id=green_csv_to_gcs_job, execution_date=20200602T060000, start_date=20220215T225520, end_date=20220215T225524
[2022-02-15 22:55:24,637] {local_task_job.py:154} INFO - Task exited with return code 0
[2022-02-15 22:55:24,735] {local_task_job.py:264} INFO - 0 downstream tasks scheduled from follow-on schedule check
