[2022-02-02 21:55:34,469] {taskinstance.py:1032} INFO - Dependencies all met for <TaskInstance: fhv_ingest_2_gcs_dag.fhv_file_url scheduled__2019-12-02T06:00:00+00:00 [queued]>
[2022-02-02 21:55:34,541] {taskinstance.py:1032} INFO - Dependencies all met for <TaskInstance: fhv_ingest_2_gcs_dag.fhv_file_url scheduled__2019-12-02T06:00:00+00:00 [queued]>
[2022-02-02 21:55:34,544] {taskinstance.py:1238} INFO - 
--------------------------------------------------------------------------------
[2022-02-02 21:55:34,546] {taskinstance.py:1239} INFO - Starting attempt 1 of 1
[2022-02-02 21:55:34,548] {taskinstance.py:1240} INFO - 
--------------------------------------------------------------------------------
[2022-02-02 21:55:34,602] {taskinstance.py:1259} INFO - Executing <Task(BashOperator): fhv_file_url> on 2019-12-02 06:00:00+00:00
[2022-02-02 21:55:34,612] {standard_task_runner.py:52} INFO - Started process 2209 to run task
[2022-02-02 21:55:34,623] {standard_task_runner.py:76} INFO - Running: ['***', 'tasks', 'run', 'fhv_ingest_2_gcs_dag', 'fhv_file_url', 'scheduled__2019-12-02T06:00:00+00:00', '--job-id', '471', '--raw', '--subdir', 'DAGS_FOLDER/fhv_download_ingest_gcs.py', '--cfg-path', '/tmp/tmpn8ozvvwq', '--error-file', '/tmp/tmp7r0thrc5']
[2022-02-02 21:55:34,627] {standard_task_runner.py:77} INFO - Job 471: Subtask fhv_file_url
[2022-02-02 21:55:34,835] {logging_mixin.py:109} INFO - Running <TaskInstance: fhv_ingest_2_gcs_dag.fhv_file_url scheduled__2019-12-02T06:00:00+00:00 [running]> on host ee5c3eebd1b1
[2022-02-02 21:55:35,006] {warnings.py:110} WARNING - /home/***/.local/lib/python3.7/site-packages/***/utils/context.py:152: AirflowContextDeprecationWarning: Accessing 'execution_date' from the template is deprecated and will be removed in a future version. Please use 'data_interval_start' or 'logical_date' instead.
  warnings.warn(_create_deprecation_warning(key, self._deprecation_replacements[key]))

[2022-02-02 21:55:35,062] {taskinstance.py:1426} INFO - Exporting the following env vars:
AIRFLOW_CTX_DAG_OWNER=***
AIRFLOW_CTX_DAG_ID=fhv_ingest_2_gcs_dag
AIRFLOW_CTX_TASK_ID=fhv_file_url
AIRFLOW_CTX_EXECUTION_DATE=2019-12-02T06:00:00+00:00
AIRFLOW_CTX_DAG_RUN_ID=scheduled__2019-12-02T06:00:00+00:00
[2022-02-02 21:55:35,067] {subprocess.py:62} INFO - Tmp dir root location: 
 /tmp
[2022-02-02 21:55:35,070] {subprocess.py:74} INFO - Running command: ['bash', '-c', 'curl -sSLf https://nyc-tlc.s3.amazonaws.com/trip+data/fhv_tripdata_2019-12.csv > /opt/***/fhv_output_2019-12.csv']
[2022-02-02 21:55:35,095] {subprocess.py:85} INFO - Output:
[2022-02-02 21:55:39,212] {subprocess.py:93} INFO - Command exited with return code 0
[2022-02-02 21:55:39,279] {taskinstance.py:1277} INFO - Marking task as SUCCESS. dag_id=fhv_ingest_2_gcs_dag, task_id=fhv_file_url, execution_date=20191202T060000, start_date=20220202T215534, end_date=20220202T215539
[2022-02-02 21:55:39,350] {local_task_job.py:154} INFO - Task exited with return code 0
[2022-02-02 21:55:39,474] {local_task_job.py:264} INFO - 1 downstream tasks scheduled from follow-on schedule check
