[2022-02-15 21:36:39,736] {taskinstance.py:1032} INFO - Dependencies all met for <TaskInstance: yellow_taxi_download_csv.download_csv_file_url scheduled__2019-08-02T06:00:00+00:00 [queued]>
[2022-02-15 21:36:39,843] {taskinstance.py:1032} INFO - Dependencies all met for <TaskInstance: yellow_taxi_download_csv.download_csv_file_url scheduled__2019-08-02T06:00:00+00:00 [queued]>
[2022-02-15 21:36:39,846] {taskinstance.py:1238} INFO - 
--------------------------------------------------------------------------------
[2022-02-15 21:36:39,850] {taskinstance.py:1239} INFO - Starting attempt 1 of 1
[2022-02-15 21:36:39,852] {taskinstance.py:1240} INFO - 
--------------------------------------------------------------------------------
[2022-02-15 21:36:39,930] {taskinstance.py:1259} INFO - Executing <Task(BashOperator): download_csv_file_url> on 2019-08-02 06:00:00+00:00
[2022-02-15 21:36:39,943] {standard_task_runner.py:52} INFO - Started process 1630 to run task
[2022-02-15 21:36:39,973] {standard_task_runner.py:76} INFO - Running: ['***', 'tasks', 'run', 'yellow_taxi_download_csv', 'download_csv_file_url', 'scheduled__2019-08-02T06:00:00+00:00', '--job-id', '703', '--raw', '--subdir', 'DAGS_FOLDER/download_upload_yellowtaxi_csv.py', '--cfg-path', '/tmp/tmp31rv7o2i', '--error-file', '/tmp/tmpk5w2ca_m']
[2022-02-15 21:36:39,990] {standard_task_runner.py:77} INFO - Job 703: Subtask download_csv_file_url
[2022-02-15 21:36:40,349] {logging_mixin.py:109} INFO - Running <TaskInstance: yellow_taxi_download_csv.download_csv_file_url scheduled__2019-08-02T06:00:00+00:00 [running]> on host 29988b24dbed
[2022-02-15 21:36:40,577] {warnings.py:110} WARNING - /home/***/.local/lib/python3.7/site-packages/***/utils/context.py:152: AirflowContextDeprecationWarning: Accessing 'execution_date' from the template is deprecated and will be removed in a future version. Please use 'data_interval_start' or 'logical_date' instead.
  warnings.warn(_create_deprecation_warning(key, self._deprecation_replacements[key]))

[2022-02-15 21:36:40,668] {taskinstance.py:1426} INFO - Exporting the following env vars:
AIRFLOW_CTX_DAG_OWNER=***
AIRFLOW_CTX_DAG_ID=yellow_taxi_download_csv
AIRFLOW_CTX_TASK_ID=download_csv_file_url
AIRFLOW_CTX_EXECUTION_DATE=2019-08-02T06:00:00+00:00
AIRFLOW_CTX_DAG_RUN_ID=scheduled__2019-08-02T06:00:00+00:00
[2022-02-15 21:36:40,680] {subprocess.py:62} INFO - Tmp dir root location: 
 /tmp
[2022-02-15 21:36:40,687] {subprocess.py:74} INFO - Running command: ['bash', '-c', 'curl -sSL https://s3.amazonaws.com/nyc-tlc/trip+data/yellow_tripdata_2019-08.csv > /opt/***/output_2019-08.csv']
[2022-02-15 21:36:40,752] {subprocess.py:85} INFO - Output:
[2022-02-15 21:37:18,430] {subprocess.py:93} INFO - Command exited with return code 0
[2022-02-15 21:37:19,651] {taskinstance.py:1277} INFO - Marking task as SUCCESS. dag_id=yellow_taxi_download_csv, task_id=download_csv_file_url, execution_date=20190802T060000, start_date=20220215T213639, end_date=20220215T213719
[2022-02-15 21:37:20,520] {local_task_job.py:154} INFO - Task exited with return code 0
[2022-02-15 21:37:20,999] {local_task_job.py:264} INFO - 1 downstream tasks scheduled from follow-on schedule check
