[2022-02-15 22:37:22,196] {processor.py:163} INFO - Started process (PID=10515) to work on /opt/airflow/dags/download_upload_greentaxi_csv.py
[2022-02-15 22:37:22,200] {processor.py:642} INFO - Processing file /opt/airflow/dags/download_upload_greentaxi_csv.py for tasks to queue
[2022-02-15 22:37:22,203] {logging_mixin.py:109} INFO - [2022-02-15 22:37:22,203] {dagbag.py:500} INFO - Filling up the DagBag from /opt/airflow/dags/download_upload_greentaxi_csv.py
[2022-02-15 22:37:25,506] {processor.py:654} INFO - DAG(s) dict_keys(['green_taxi_download_csv']) retrieved from /opt/airflow/dags/download_upload_greentaxi_csv.py
[2022-02-15 22:37:33,510] {logging_mixin.py:109} INFO - [2022-02-15 22:37:33,503] {manager.py:496} INFO - Created Permission View: can read on DAG:green_taxi_download_csv
[2022-02-15 22:37:33,579] {logging_mixin.py:109} INFO - [2022-02-15 22:37:33,579] {manager.py:496} INFO - Created Permission View: can edit on DAG:green_taxi_download_csv
[2022-02-15 22:37:33,583] {logging_mixin.py:109} INFO - [2022-02-15 22:37:33,582] {dag.py:2396} INFO - Sync 1 DAGs
[2022-02-15 22:37:33,652] {logging_mixin.py:109} INFO - [2022-02-15 22:37:33,648] {dag.py:2415} INFO - Creating ORM DAG for green_taxi_download_csv
[2022-02-15 22:37:33,769] {logging_mixin.py:109} INFO - [2022-02-15 22:37:33,768] {dag.py:2935} INFO - Setting next_dagrun for green_taxi_download_csv to 2019-01-02 06:00:00+00:00
[2022-02-15 22:37:33,869] {processor.py:171} INFO - Processing /opt/airflow/dags/download_upload_greentaxi_csv.py took 11.680 seconds
[2022-02-15 22:38:04,156] {processor.py:163} INFO - Started process (PID=10625) to work on /opt/airflow/dags/download_upload_greentaxi_csv.py
[2022-02-15 22:38:04,161] {processor.py:642} INFO - Processing file /opt/airflow/dags/download_upload_greentaxi_csv.py for tasks to queue
[2022-02-15 22:38:04,164] {logging_mixin.py:109} INFO - [2022-02-15 22:38:04,164] {dagbag.py:500} INFO - Filling up the DagBag from /opt/airflow/dags/download_upload_greentaxi_csv.py
[2022-02-15 22:38:10,137] {processor.py:654} INFO - DAG(s) dict_keys(['green_taxi_download_csv']) retrieved from /opt/airflow/dags/download_upload_greentaxi_csv.py
[2022-02-15 22:38:10,184] {logging_mixin.py:109} INFO - [2022-02-15 22:38:10,182] {dag.py:2396} INFO - Sync 1 DAGs
[2022-02-15 22:38:10,305] {logging_mixin.py:109} INFO - [2022-02-15 22:38:10,305] {dag.py:2935} INFO - Setting next_dagrun for green_taxi_download_csv to 2019-01-02 06:00:00+00:00
[2022-02-15 22:38:10,335] {processor.py:171} INFO - Processing /opt/airflow/dags/download_upload_greentaxi_csv.py took 6.190 seconds
[2022-02-15 22:38:40,822] {processor.py:163} INFO - Started process (PID=10715) to work on /opt/airflow/dags/download_upload_greentaxi_csv.py
[2022-02-15 22:38:40,829] {processor.py:642} INFO - Processing file /opt/airflow/dags/download_upload_greentaxi_csv.py for tasks to queue
[2022-02-15 22:38:40,833] {logging_mixin.py:109} INFO - [2022-02-15 22:38:40,832] {dagbag.py:500} INFO - Filling up the DagBag from /opt/airflow/dags/download_upload_greentaxi_csv.py
[2022-02-15 22:38:43,717] {processor.py:654} INFO - DAG(s) dict_keys(['green_taxi_download_csv']) retrieved from /opt/airflow/dags/download_upload_greentaxi_csv.py
[2022-02-15 22:38:43,754] {logging_mixin.py:109} INFO - [2022-02-15 22:38:43,752] {dag.py:2396} INFO - Sync 1 DAGs
[2022-02-15 22:38:43,810] {logging_mixin.py:109} INFO - [2022-02-15 22:38:43,809] {dag.py:2935} INFO - Setting next_dagrun for green_taxi_download_csv to 2019-01-02 06:00:00+00:00
[2022-02-15 22:38:43,837] {processor.py:171} INFO - Processing /opt/airflow/dags/download_upload_greentaxi_csv.py took 3.024 seconds
[2022-02-15 22:39:14,648] {processor.py:163} INFO - Started process (PID=10808) to work on /opt/airflow/dags/download_upload_greentaxi_csv.py
[2022-02-15 22:39:14,655] {processor.py:642} INFO - Processing file /opt/airflow/dags/download_upload_greentaxi_csv.py for tasks to queue
[2022-02-15 22:39:14,663] {logging_mixin.py:109} INFO - [2022-02-15 22:39:14,662] {dagbag.py:500} INFO - Filling up the DagBag from /opt/airflow/dags/download_upload_greentaxi_csv.py
[2022-02-15 22:39:19,249] {processor.py:654} INFO - DAG(s) dict_keys(['green_taxi_download_csv']) retrieved from /opt/airflow/dags/download_upload_greentaxi_csv.py
[2022-02-15 22:39:19,354] {logging_mixin.py:109} INFO - [2022-02-15 22:39:19,352] {dag.py:2396} INFO - Sync 1 DAGs
[2022-02-15 22:39:19,471] {logging_mixin.py:109} INFO - [2022-02-15 22:39:19,471] {dag.py:2935} INFO - Setting next_dagrun for green_taxi_download_csv to 2019-01-02 06:00:00+00:00
[2022-02-15 22:39:19,497] {processor.py:171} INFO - Processing /opt/airflow/dags/download_upload_greentaxi_csv.py took 4.861 seconds
[2022-02-15 22:39:50,230] {processor.py:163} INFO - Started process (PID=10905) to work on /opt/airflow/dags/download_upload_greentaxi_csv.py
[2022-02-15 22:39:50,236] {processor.py:642} INFO - Processing file /opt/airflow/dags/download_upload_greentaxi_csv.py for tasks to queue
[2022-02-15 22:39:50,239] {logging_mixin.py:109} INFO - [2022-02-15 22:39:50,239] {dagbag.py:500} INFO - Filling up the DagBag from /opt/airflow/dags/download_upload_greentaxi_csv.py
[2022-02-15 22:39:54,435] {processor.py:654} INFO - DAG(s) dict_keys(['green_taxi_download_csv']) retrieved from /opt/airflow/dags/download_upload_greentaxi_csv.py
[2022-02-15 22:39:54,478] {logging_mixin.py:109} INFO - [2022-02-15 22:39:54,477] {dag.py:2396} INFO - Sync 1 DAGs
[2022-02-15 22:39:54,551] {logging_mixin.py:109} INFO - [2022-02-15 22:39:54,550] {dag.py:2935} INFO - Setting next_dagrun for green_taxi_download_csv to 2019-01-02 06:00:00+00:00
[2022-02-15 22:39:54,606] {processor.py:171} INFO - Processing /opt/airflow/dags/download_upload_greentaxi_csv.py took 4.396 seconds
[2022-02-15 22:40:24,749] {processor.py:163} INFO - Started process (PID=10994) to work on /opt/airflow/dags/download_upload_greentaxi_csv.py
[2022-02-15 22:40:24,759] {processor.py:642} INFO - Processing file /opt/airflow/dags/download_upload_greentaxi_csv.py for tasks to queue
[2022-02-15 22:40:24,762] {logging_mixin.py:109} INFO - [2022-02-15 22:40:24,762] {dagbag.py:500} INFO - Filling up the DagBag from /opt/airflow/dags/download_upload_greentaxi_csv.py
[2022-02-15 22:40:30,966] {processor.py:654} INFO - DAG(s) dict_keys(['green_taxi_download_csv']) retrieved from /opt/airflow/dags/download_upload_greentaxi_csv.py
[2022-02-15 22:40:31,014] {logging_mixin.py:109} INFO - [2022-02-15 22:40:31,013] {dag.py:2396} INFO - Sync 1 DAGs
[2022-02-15 22:40:31,091] {logging_mixin.py:109} INFO - [2022-02-15 22:40:31,090] {dag.py:2935} INFO - Setting next_dagrun for green_taxi_download_csv to 2019-01-02 06:00:00+00:00
[2022-02-15 22:40:31,161] {processor.py:171} INFO - Processing /opt/airflow/dags/download_upload_greentaxi_csv.py took 6.432 seconds
[2022-02-15 22:41:01,725] {processor.py:163} INFO - Started process (PID=11079) to work on /opt/airflow/dags/download_upload_greentaxi_csv.py
[2022-02-15 22:41:01,730] {processor.py:642} INFO - Processing file /opt/airflow/dags/download_upload_greentaxi_csv.py for tasks to queue
[2022-02-15 22:41:01,733] {logging_mixin.py:109} INFO - [2022-02-15 22:41:01,733] {dagbag.py:500} INFO - Filling up the DagBag from /opt/airflow/dags/download_upload_greentaxi_csv.py
[2022-02-15 22:41:04,773] {processor.py:654} INFO - DAG(s) dict_keys(['green_taxi_download_csv']) retrieved from /opt/airflow/dags/download_upload_greentaxi_csv.py
[2022-02-15 22:41:04,813] {logging_mixin.py:109} INFO - [2022-02-15 22:41:04,811] {dag.py:2396} INFO - Sync 1 DAGs
[2022-02-15 22:41:04,881] {logging_mixin.py:109} INFO - [2022-02-15 22:41:04,881] {dag.py:2935} INFO - Setting next_dagrun for green_taxi_download_csv to 2019-01-02 06:00:00+00:00
[2022-02-15 22:41:04,908] {processor.py:171} INFO - Processing /opt/airflow/dags/download_upload_greentaxi_csv.py took 3.190 seconds
[2022-02-15 22:41:35,094] {processor.py:163} INFO - Started process (PID=11170) to work on /opt/airflow/dags/download_upload_greentaxi_csv.py
[2022-02-15 22:41:35,106] {processor.py:642} INFO - Processing file /opt/airflow/dags/download_upload_greentaxi_csv.py for tasks to queue
[2022-02-15 22:41:35,111] {logging_mixin.py:109} INFO - [2022-02-15 22:41:35,111] {dagbag.py:500} INFO - Filling up the DagBag from /opt/airflow/dags/download_upload_greentaxi_csv.py
[2022-02-15 22:41:39,153] {processor.py:654} INFO - DAG(s) dict_keys(['green_taxi_download_csv']) retrieved from /opt/airflow/dags/download_upload_greentaxi_csv.py
[2022-02-15 22:41:39,194] {logging_mixin.py:109} INFO - [2022-02-15 22:41:39,192] {dag.py:2396} INFO - Sync 1 DAGs
[2022-02-15 22:41:39,250] {logging_mixin.py:109} INFO - [2022-02-15 22:41:39,249] {dag.py:2935} INFO - Setting next_dagrun for green_taxi_download_csv to 2019-01-02 06:00:00+00:00
[2022-02-15 22:41:39,270] {processor.py:171} INFO - Processing /opt/airflow/dags/download_upload_greentaxi_csv.py took 4.190 seconds
[2022-02-15 22:42:09,409] {processor.py:163} INFO - Started process (PID=11260) to work on /opt/airflow/dags/download_upload_greentaxi_csv.py
[2022-02-15 22:42:09,415] {processor.py:642} INFO - Processing file /opt/airflow/dags/download_upload_greentaxi_csv.py for tasks to queue
[2022-02-15 22:42:09,419] {logging_mixin.py:109} INFO - [2022-02-15 22:42:09,418] {dagbag.py:500} INFO - Filling up the DagBag from /opt/airflow/dags/download_upload_greentaxi_csv.py
[2022-02-15 22:42:14,264] {processor.py:654} INFO - DAG(s) dict_keys(['green_taxi_download_csv']) retrieved from /opt/airflow/dags/download_upload_greentaxi_csv.py
[2022-02-15 22:42:14,304] {logging_mixin.py:109} INFO - [2022-02-15 22:42:14,303] {dag.py:2396} INFO - Sync 1 DAGs
[2022-02-15 22:42:14,388] {logging_mixin.py:109} INFO - [2022-02-15 22:42:14,386] {dag.py:2935} INFO - Setting next_dagrun for green_taxi_download_csv to 2019-01-02 06:00:00+00:00
[2022-02-15 22:42:14,425] {processor.py:171} INFO - Processing /opt/airflow/dags/download_upload_greentaxi_csv.py took 5.027 seconds
[2022-02-15 22:42:44,651] {processor.py:163} INFO - Started process (PID=11344) to work on /opt/airflow/dags/download_upload_greentaxi_csv.py
[2022-02-15 22:42:44,663] {processor.py:642} INFO - Processing file /opt/airflow/dags/download_upload_greentaxi_csv.py for tasks to queue
[2022-02-15 22:42:44,667] {logging_mixin.py:109} INFO - [2022-02-15 22:42:44,666] {dagbag.py:500} INFO - Filling up the DagBag from /opt/airflow/dags/download_upload_greentaxi_csv.py
[2022-02-15 22:42:50,985] {processor.py:654} INFO - DAG(s) dict_keys(['green_taxi_download_csv']) retrieved from /opt/airflow/dags/download_upload_greentaxi_csv.py
[2022-02-15 22:42:51,101] {logging_mixin.py:109} INFO - [2022-02-15 22:42:51,099] {dag.py:2396} INFO - Sync 1 DAGs
[2022-02-15 22:42:51,263] {logging_mixin.py:109} INFO - [2022-02-15 22:42:51,262] {dag.py:2935} INFO - Setting next_dagrun for green_taxi_download_csv to 2019-01-02 06:00:00+00:00
[2022-02-15 22:42:51,296] {processor.py:171} INFO - Processing /opt/airflow/dags/download_upload_greentaxi_csv.py took 6.668 seconds
[2022-02-15 22:43:21,537] {processor.py:163} INFO - Started process (PID=11424) to work on /opt/airflow/dags/download_upload_greentaxi_csv.py
[2022-02-15 22:43:21,543] {processor.py:642} INFO - Processing file /opt/airflow/dags/download_upload_greentaxi_csv.py for tasks to queue
[2022-02-15 22:43:21,546] {logging_mixin.py:109} INFO - [2022-02-15 22:43:21,546] {dagbag.py:500} INFO - Filling up the DagBag from /opt/airflow/dags/download_upload_greentaxi_csv.py
[2022-02-15 22:43:26,703] {processor.py:654} INFO - DAG(s) dict_keys(['green_taxi_download_csv']) retrieved from /opt/airflow/dags/download_upload_greentaxi_csv.py
[2022-02-15 22:43:26,770] {logging_mixin.py:109} INFO - [2022-02-15 22:43:26,768] {dag.py:2396} INFO - Sync 1 DAGs
[2022-02-15 22:43:27,042] {logging_mixin.py:109} INFO - [2022-02-15 22:43:27,041] {dag.py:2935} INFO - Setting next_dagrun for green_taxi_download_csv to 2019-01-02 06:00:00+00:00
[2022-02-15 22:43:27,109] {processor.py:171} INFO - Processing /opt/airflow/dags/download_upload_greentaxi_csv.py took 5.590 seconds
[2022-02-15 22:43:57,523] {processor.py:163} INFO - Started process (PID=11518) to work on /opt/airflow/dags/download_upload_greentaxi_csv.py
[2022-02-15 22:43:57,528] {processor.py:642} INFO - Processing file /opt/airflow/dags/download_upload_greentaxi_csv.py for tasks to queue
[2022-02-15 22:43:57,531] {logging_mixin.py:109} INFO - [2022-02-15 22:43:57,531] {dagbag.py:500} INFO - Filling up the DagBag from /opt/airflow/dags/download_upload_greentaxi_csv.py
[2022-02-15 22:44:00,268] {processor.py:654} INFO - DAG(s) dict_keys(['green_taxi_download_csv']) retrieved from /opt/airflow/dags/download_upload_greentaxi_csv.py
[2022-02-15 22:44:00,299] {logging_mixin.py:109} INFO - [2022-02-15 22:44:00,298] {dag.py:2396} INFO - Sync 1 DAGs
[2022-02-15 22:44:00,358] {logging_mixin.py:109} INFO - [2022-02-15 22:44:00,357] {dag.py:2935} INFO - Setting next_dagrun for green_taxi_download_csv to 2019-01-02 06:00:00+00:00
[2022-02-15 22:44:00,381] {processor.py:171} INFO - Processing /opt/airflow/dags/download_upload_greentaxi_csv.py took 2.865 seconds
[2022-02-15 22:44:30,659] {processor.py:163} INFO - Started process (PID=11610) to work on /opt/airflow/dags/download_upload_greentaxi_csv.py
[2022-02-15 22:44:30,664] {processor.py:642} INFO - Processing file /opt/airflow/dags/download_upload_greentaxi_csv.py for tasks to queue
[2022-02-15 22:44:30,668] {logging_mixin.py:109} INFO - [2022-02-15 22:44:30,667] {dagbag.py:500} INFO - Filling up the DagBag from /opt/airflow/dags/download_upload_greentaxi_csv.py
[2022-02-15 22:44:34,265] {processor.py:654} INFO - DAG(s) dict_keys(['green_taxi_download_csv']) retrieved from /opt/airflow/dags/download_upload_greentaxi_csv.py
[2022-02-15 22:44:34,303] {logging_mixin.py:109} INFO - [2022-02-15 22:44:34,302] {dag.py:2396} INFO - Sync 1 DAGs
[2022-02-15 22:44:34,374] {logging_mixin.py:109} INFO - [2022-02-15 22:44:34,374] {dag.py:2935} INFO - Setting next_dagrun for green_taxi_download_csv to 2019-01-02 06:00:00+00:00
[2022-02-15 22:44:34,400] {processor.py:171} INFO - Processing /opt/airflow/dags/download_upload_greentaxi_csv.py took 3.748 seconds
[2022-02-15 22:45:04,700] {processor.py:163} INFO - Started process (PID=11697) to work on /opt/airflow/dags/download_upload_greentaxi_csv.py
[2022-02-15 22:45:04,705] {processor.py:642} INFO - Processing file /opt/airflow/dags/download_upload_greentaxi_csv.py for tasks to queue
[2022-02-15 22:45:04,709] {logging_mixin.py:109} INFO - [2022-02-15 22:45:04,708] {dagbag.py:500} INFO - Filling up the DagBag from /opt/airflow/dags/download_upload_greentaxi_csv.py
[2022-02-15 22:45:08,742] {processor.py:654} INFO - DAG(s) dict_keys(['green_taxi_download_csv']) retrieved from /opt/airflow/dags/download_upload_greentaxi_csv.py
[2022-02-15 22:45:08,793] {logging_mixin.py:109} INFO - [2022-02-15 22:45:08,791] {dag.py:2396} INFO - Sync 1 DAGs
[2022-02-15 22:45:08,868] {logging_mixin.py:109} INFO - [2022-02-15 22:45:08,867] {dag.py:2935} INFO - Setting next_dagrun for green_taxi_download_csv to 2019-01-02 06:00:00+00:00
[2022-02-15 22:45:08,902] {processor.py:171} INFO - Processing /opt/airflow/dags/download_upload_greentaxi_csv.py took 4.208 seconds
[2022-02-15 22:45:37,269] {processor.py:163} INFO - Started process (PID=11779) to work on /opt/airflow/dags/download_upload_greentaxi_csv.py
[2022-02-15 22:45:37,274] {processor.py:642} INFO - Processing file /opt/airflow/dags/download_upload_greentaxi_csv.py for tasks to queue
[2022-02-15 22:45:37,277] {logging_mixin.py:109} INFO - [2022-02-15 22:45:37,277] {dagbag.py:500} INFO - Filling up the DagBag from /opt/airflow/dags/download_upload_greentaxi_csv.py
[2022-02-15 22:45:40,240] {processor.py:654} INFO - DAG(s) dict_keys(['green_taxi_download_csv']) retrieved from /opt/airflow/dags/download_upload_greentaxi_csv.py
[2022-02-15 22:45:41,102] {logging_mixin.py:109} INFO - [2022-02-15 22:45:41,101] {dag.py:2396} INFO - Sync 1 DAGs
[2022-02-15 22:45:41,160] {logging_mixin.py:109} INFO - [2022-02-15 22:45:41,159] {dag.py:2935} INFO - Setting next_dagrun for green_taxi_download_csv to 2019-01-02 06:00:00+00:00
[2022-02-15 22:45:41,327] {processor.py:171} INFO - Processing /opt/airflow/dags/download_upload_greentaxi_csv.py took 4.066 seconds
[2022-02-15 22:45:49,994] {processor.py:163} INFO - Started process (PID=11824) to work on /opt/airflow/dags/download_upload_greentaxi_csv.py
[2022-02-15 22:45:50,004] {processor.py:642} INFO - Processing file /opt/airflow/dags/download_upload_greentaxi_csv.py for tasks to queue
[2022-02-15 22:45:50,013] {logging_mixin.py:109} INFO - [2022-02-15 22:45:50,013] {dagbag.py:500} INFO - Filling up the DagBag from /opt/airflow/dags/download_upload_greentaxi_csv.py
[2022-02-15 22:45:53,699] {processor.py:654} INFO - DAG(s) dict_keys(['green_taxi_download_csv']) retrieved from /opt/airflow/dags/download_upload_greentaxi_csv.py
[2022-02-15 22:45:53,713] {logging_mixin.py:109} INFO - [2022-02-15 22:45:53,711] {dag.py:2396} INFO - Sync 1 DAGs
[2022-02-15 22:45:53,790] {logging_mixin.py:109} INFO - [2022-02-15 22:45:53,789] {dag.py:2935} INFO - Setting next_dagrun for green_taxi_download_csv to 2019-01-02 06:00:00+00:00
[2022-02-15 22:45:53,829] {processor.py:171} INFO - Processing /opt/airflow/dags/download_upload_greentaxi_csv.py took 3.838 seconds
[2022-02-15 22:46:24,219] {processor.py:163} INFO - Started process (PID=11901) to work on /opt/airflow/dags/download_upload_greentaxi_csv.py
[2022-02-15 22:46:24,225] {processor.py:642} INFO - Processing file /opt/airflow/dags/download_upload_greentaxi_csv.py for tasks to queue
[2022-02-15 22:46:24,228] {logging_mixin.py:109} INFO - [2022-02-15 22:46:24,228] {dagbag.py:500} INFO - Filling up the DagBag from /opt/airflow/dags/download_upload_greentaxi_csv.py
[2022-02-15 22:46:27,936] {processor.py:654} INFO - DAG(s) dict_keys(['green_taxi_download_csv']) retrieved from /opt/airflow/dags/download_upload_greentaxi_csv.py
[2022-02-15 22:46:27,978] {logging_mixin.py:109} INFO - [2022-02-15 22:46:27,977] {dag.py:2396} INFO - Sync 1 DAGs
[2022-02-15 22:46:28,057] {logging_mixin.py:109} INFO - [2022-02-15 22:46:28,056] {dag.py:2935} INFO - Setting next_dagrun for green_taxi_download_csv to 2019-01-02 06:00:00+00:00
[2022-02-15 22:46:28,098] {processor.py:171} INFO - Processing /opt/airflow/dags/download_upload_greentaxi_csv.py took 3.887 seconds
[2022-02-15 22:46:58,314] {processor.py:163} INFO - Started process (PID=11992) to work on /opt/airflow/dags/download_upload_greentaxi_csv.py
[2022-02-15 22:46:58,319] {processor.py:642} INFO - Processing file /opt/airflow/dags/download_upload_greentaxi_csv.py for tasks to queue
[2022-02-15 22:46:58,322] {logging_mixin.py:109} INFO - [2022-02-15 22:46:58,322] {dagbag.py:500} INFO - Filling up the DagBag from /opt/airflow/dags/download_upload_greentaxi_csv.py
[2022-02-15 22:47:01,000] {processor.py:654} INFO - DAG(s) dict_keys(['green_taxi_download_csv']) retrieved from /opt/airflow/dags/download_upload_greentaxi_csv.py
[2022-02-15 22:47:01,048] {logging_mixin.py:109} INFO - [2022-02-15 22:47:01,047] {dag.py:2396} INFO - Sync 1 DAGs
[2022-02-15 22:47:01,115] {logging_mixin.py:109} INFO - [2022-02-15 22:47:01,114] {dag.py:2935} INFO - Setting next_dagrun for green_taxi_download_csv to 2019-01-02 06:00:00+00:00
[2022-02-15 22:47:01,139] {processor.py:171} INFO - Processing /opt/airflow/dags/download_upload_greentaxi_csv.py took 2.832 seconds
[2022-02-15 22:47:33,943] {processor.py:163} INFO - Started process (PID=12100) to work on /opt/airflow/dags/download_upload_greentaxi_csv.py
[2022-02-15 22:47:33,952] {processor.py:642} INFO - Processing file /opt/airflow/dags/download_upload_greentaxi_csv.py for tasks to queue
[2022-02-15 22:47:33,956] {logging_mixin.py:109} INFO - [2022-02-15 22:47:33,955] {dagbag.py:500} INFO - Filling up the DagBag from /opt/airflow/dags/download_upload_greentaxi_csv.py
[2022-02-15 22:47:41,055] {processor.py:654} INFO - DAG(s) dict_keys(['green_taxi_download_csv']) retrieved from /opt/airflow/dags/download_upload_greentaxi_csv.py
[2022-02-15 22:47:41,111] {logging_mixin.py:109} INFO - [2022-02-15 22:47:41,110] {dag.py:2396} INFO - Sync 1 DAGs
[2022-02-15 22:47:41,265] {processor.py:171} INFO - Processing /opt/airflow/dags/download_upload_greentaxi_csv.py took 7.340 seconds
[2022-02-15 22:48:14,874] {processor.py:163} INFO - Started process (PID=12218) to work on /opt/airflow/dags/download_upload_greentaxi_csv.py
[2022-02-15 22:48:14,883] {processor.py:642} INFO - Processing file /opt/airflow/dags/download_upload_greentaxi_csv.py for tasks to queue
[2022-02-15 22:48:14,892] {logging_mixin.py:109} INFO - [2022-02-15 22:48:14,891] {dagbag.py:500} INFO - Filling up the DagBag from /opt/airflow/dags/download_upload_greentaxi_csv.py
[2022-02-15 22:48:22,542] {processor.py:654} INFO - DAG(s) dict_keys(['green_taxi_download_csv']) retrieved from /opt/airflow/dags/download_upload_greentaxi_csv.py
[2022-02-15 22:48:22,628] {logging_mixin.py:109} INFO - [2022-02-15 22:48:22,626] {dag.py:2396} INFO - Sync 1 DAGs
[2022-02-15 22:48:22,772] {processor.py:171} INFO - Processing /opt/airflow/dags/download_upload_greentaxi_csv.py took 7.918 seconds
[2022-02-15 22:48:57,138] {processor.py:163} INFO - Started process (PID=12327) to work on /opt/airflow/dags/download_upload_greentaxi_csv.py
[2022-02-15 22:48:57,154] {processor.py:642} INFO - Processing file /opt/airflow/dags/download_upload_greentaxi_csv.py for tasks to queue
[2022-02-15 22:48:57,162] {logging_mixin.py:109} INFO - [2022-02-15 22:48:57,162] {dagbag.py:500} INFO - Filling up the DagBag from /opt/airflow/dags/download_upload_greentaxi_csv.py
[2022-02-15 22:49:03,982] {processor.py:654} INFO - DAG(s) dict_keys(['green_taxi_download_csv']) retrieved from /opt/airflow/dags/download_upload_greentaxi_csv.py
[2022-02-15 22:49:07,387] {logging_mixin.py:109} INFO - [2022-02-15 22:49:07,386] {dag.py:2396} INFO - Sync 1 DAGs
[2022-02-15 22:49:07,722] {processor.py:171} INFO - Processing /opt/airflow/dags/download_upload_greentaxi_csv.py took 10.605 seconds
[2022-02-15 22:49:34,222] {processor.py:163} INFO - Started process (PID=12417) to work on /opt/airflow/dags/download_upload_greentaxi_csv.py
[2022-02-15 22:49:34,231] {processor.py:642} INFO - Processing file /opt/airflow/dags/download_upload_greentaxi_csv.py for tasks to queue
[2022-02-15 22:49:34,238] {logging_mixin.py:109} INFO - [2022-02-15 22:49:34,237] {dagbag.py:500} INFO - Filling up the DagBag from /opt/airflow/dags/download_upload_greentaxi_csv.py
[2022-02-15 22:49:41,341] {processor.py:654} INFO - DAG(s) dict_keys(['green_taxi_download_csv']) retrieved from /opt/airflow/dags/download_upload_greentaxi_csv.py
[2022-02-15 22:49:43,155] {logging_mixin.py:109} INFO - [2022-02-15 22:49:43,154] {dag.py:2396} INFO - Sync 1 DAGs
[2022-02-15 22:49:43,460] {processor.py:171} INFO - Processing /opt/airflow/dags/download_upload_greentaxi_csv.py took 9.269 seconds
[2022-02-15 22:50:14,033] {processor.py:163} INFO - Started process (PID=12506) to work on /opt/airflow/dags/download_upload_greentaxi_csv.py
[2022-02-15 22:50:14,039] {processor.py:642} INFO - Processing file /opt/airflow/dags/download_upload_greentaxi_csv.py for tasks to queue
[2022-02-15 22:50:14,048] {logging_mixin.py:109} INFO - [2022-02-15 22:50:14,047] {dagbag.py:500} INFO - Filling up the DagBag from /opt/airflow/dags/download_upload_greentaxi_csv.py
[2022-02-15 22:50:18,301] {processor.py:654} INFO - DAG(s) dict_keys(['green_taxi_download_csv']) retrieved from /opt/airflow/dags/download_upload_greentaxi_csv.py
[2022-02-15 22:50:18,338] {logging_mixin.py:109} INFO - [2022-02-15 22:50:18,337] {dag.py:2396} INFO - Sync 1 DAGs
[2022-02-15 22:50:18,415] {logging_mixin.py:109} INFO - [2022-02-15 22:50:18,415] {dag.py:2935} INFO - Setting next_dagrun for green_taxi_download_csv to 2019-12-02T06:00:00+00:00
[2022-02-15 22:50:18,444] {processor.py:171} INFO - Processing /opt/airflow/dags/download_upload_greentaxi_csv.py took 4.420 seconds
[2022-02-15 22:50:49,185] {processor.py:163} INFO - Started process (PID=12599) to work on /opt/airflow/dags/download_upload_greentaxi_csv.py
[2022-02-15 22:50:49,193] {processor.py:642} INFO - Processing file /opt/airflow/dags/download_upload_greentaxi_csv.py for tasks to queue
[2022-02-15 22:50:49,199] {logging_mixin.py:109} INFO - [2022-02-15 22:50:49,198] {dagbag.py:500} INFO - Filling up the DagBag from /opt/airflow/dags/download_upload_greentaxi_csv.py
[2022-02-15 22:50:54,790] {processor.py:654} INFO - DAG(s) dict_keys(['green_taxi_download_csv']) retrieved from /opt/airflow/dags/download_upload_greentaxi_csv.py
[2022-02-15 22:50:55,945] {logging_mixin.py:109} INFO - [2022-02-15 22:50:55,943] {dag.py:2396} INFO - Sync 1 DAGs
[2022-02-15 22:50:55,978] {logging_mixin.py:109} INFO - [2022-02-15 22:50:55,976] {dag.py:2415} INFO - Creating ORM DAG for green_taxi_download_csv
[2022-02-15 22:50:56,026] {logging_mixin.py:109} INFO - [2022-02-15 22:50:56,025] {dag.py:2935} INFO - Setting next_dagrun for green_taxi_download_csv to 2019-01-02 06:00:00+00:00
[2022-02-15 22:50:56,069] {processor.py:171} INFO - Processing /opt/airflow/dags/download_upload_greentaxi_csv.py took 6.890 seconds
[2022-02-15 22:51:26,246] {processor.py:163} INFO - Started process (PID=12695) to work on /opt/airflow/dags/download_upload_greentaxi_csv.py
[2022-02-15 22:51:26,252] {processor.py:642} INFO - Processing file /opt/airflow/dags/download_upload_greentaxi_csv.py for tasks to queue
[2022-02-15 22:51:26,258] {logging_mixin.py:109} INFO - [2022-02-15 22:51:26,257] {dagbag.py:500} INFO - Filling up the DagBag from /opt/airflow/dags/download_upload_greentaxi_csv.py
[2022-02-15 22:51:32,703] {processor.py:654} INFO - DAG(s) dict_keys(['green_taxi_download_csv']) retrieved from /opt/airflow/dags/download_upload_greentaxi_csv.py
[2022-02-15 22:51:32,780] {logging_mixin.py:109} INFO - [2022-02-15 22:51:32,779] {dag.py:2396} INFO - Sync 1 DAGs
[2022-02-15 22:51:32,986] {processor.py:171} INFO - Processing /opt/airflow/dags/download_upload_greentaxi_csv.py took 6.756 seconds
[2022-02-15 22:52:03,487] {processor.py:163} INFO - Started process (PID=12767) to work on /opt/airflow/dags/download_upload_greentaxi_csv.py
[2022-02-15 22:52:03,493] {processor.py:642} INFO - Processing file /opt/airflow/dags/download_upload_greentaxi_csv.py for tasks to queue
[2022-02-15 22:52:03,497] {logging_mixin.py:109} INFO - [2022-02-15 22:52:03,496] {dagbag.py:500} INFO - Filling up the DagBag from /opt/airflow/dags/download_upload_greentaxi_csv.py
[2022-02-15 22:52:09,092] {processor.py:654} INFO - DAG(s) dict_keys(['green_taxi_download_csv']) retrieved from /opt/airflow/dags/download_upload_greentaxi_csv.py
[2022-02-15 22:52:09,175] {logging_mixin.py:109} INFO - [2022-02-15 22:52:09,174] {dag.py:2396} INFO - Sync 1 DAGs
[2022-02-15 22:52:09,284] {logging_mixin.py:109} INFO - [2022-02-15 22:52:09,284] {dag.py:2935} INFO - Setting next_dagrun for green_taxi_download_csv to 2019-06-02T06:00:00+00:00
[2022-02-15 22:52:09,338] {processor.py:171} INFO - Processing /opt/airflow/dags/download_upload_greentaxi_csv.py took 5.859 seconds
[2022-02-15 22:52:39,665] {processor.py:163} INFO - Started process (PID=12868) to work on /opt/airflow/dags/download_upload_greentaxi_csv.py
[2022-02-15 22:52:39,697] {processor.py:642} INFO - Processing file /opt/airflow/dags/download_upload_greentaxi_csv.py for tasks to queue
[2022-02-15 22:52:39,714] {logging_mixin.py:109} INFO - [2022-02-15 22:52:39,711] {dagbag.py:500} INFO - Filling up the DagBag from /opt/airflow/dags/download_upload_greentaxi_csv.py
[2022-02-15 22:52:43,423] {processor.py:654} INFO - DAG(s) dict_keys(['green_taxi_download_csv']) retrieved from /opt/airflow/dags/download_upload_greentaxi_csv.py
[2022-02-15 22:52:43,464] {logging_mixin.py:109} INFO - [2022-02-15 22:52:43,462] {dag.py:2396} INFO - Sync 1 DAGs
[2022-02-15 22:52:43,549] {processor.py:171} INFO - Processing /opt/airflow/dags/download_upload_greentaxi_csv.py took 3.950 seconds
[2022-02-15 22:53:13,813] {processor.py:163} INFO - Started process (PID=12958) to work on /opt/airflow/dags/download_upload_greentaxi_csv.py
[2022-02-15 22:53:13,828] {processor.py:642} INFO - Processing file /opt/airflow/dags/download_upload_greentaxi_csv.py for tasks to queue
[2022-02-15 22:53:13,848] {logging_mixin.py:109} INFO - [2022-02-15 22:53:13,847] {dagbag.py:500} INFO - Filling up the DagBag from /opt/airflow/dags/download_upload_greentaxi_csv.py
[2022-02-15 22:53:19,174] {processor.py:654} INFO - DAG(s) dict_keys(['green_taxi_download_csv']) retrieved from /opt/airflow/dags/download_upload_greentaxi_csv.py
[2022-02-15 22:53:19,302] {logging_mixin.py:109} INFO - [2022-02-15 22:53:19,300] {dag.py:2396} INFO - Sync 1 DAGs
[2022-02-15 22:53:19,500] {processor.py:171} INFO - Processing /opt/airflow/dags/download_upload_greentaxi_csv.py took 5.714 seconds
[2022-02-15 22:53:49,730] {processor.py:163} INFO - Started process (PID=13054) to work on /opt/airflow/dags/download_upload_greentaxi_csv.py
[2022-02-15 22:53:49,736] {processor.py:642} INFO - Processing file /opt/airflow/dags/download_upload_greentaxi_csv.py for tasks to queue
[2022-02-15 22:53:49,741] {logging_mixin.py:109} INFO - [2022-02-15 22:53:49,740] {dagbag.py:500} INFO - Filling up the DagBag from /opt/airflow/dags/download_upload_greentaxi_csv.py
[2022-02-15 22:53:55,215] {processor.py:654} INFO - DAG(s) dict_keys(['green_taxi_download_csv']) retrieved from /opt/airflow/dags/download_upload_greentaxi_csv.py
[2022-02-15 22:53:55,276] {logging_mixin.py:109} INFO - [2022-02-15 22:53:55,275] {dag.py:2396} INFO - Sync 1 DAGs
[2022-02-15 22:53:55,452] {logging_mixin.py:109} INFO - [2022-02-15 22:53:55,452] {dag.py:2935} INFO - Setting next_dagrun for green_taxi_download_csv to 2019-11-02T06:00:00+00:00
[2022-02-15 22:53:55,491] {processor.py:171} INFO - Processing /opt/airflow/dags/download_upload_greentaxi_csv.py took 5.769 seconds
[2022-02-15 22:54:25,671] {processor.py:163} INFO - Started process (PID=13141) to work on /opt/airflow/dags/download_upload_greentaxi_csv.py
[2022-02-15 22:54:25,687] {processor.py:642} INFO - Processing file /opt/airflow/dags/download_upload_greentaxi_csv.py for tasks to queue
[2022-02-15 22:54:25,696] {logging_mixin.py:109} INFO - [2022-02-15 22:54:25,695] {dagbag.py:500} INFO - Filling up the DagBag from /opt/airflow/dags/download_upload_greentaxi_csv.py
[2022-02-15 22:54:30,884] {processor.py:654} INFO - DAG(s) dict_keys(['green_taxi_download_csv']) retrieved from /opt/airflow/dags/download_upload_greentaxi_csv.py
[2022-02-15 22:54:30,998] {logging_mixin.py:109} INFO - [2022-02-15 22:54:30,996] {dag.py:2396} INFO - Sync 1 DAGs
[2022-02-15 22:54:31,178] {processor.py:171} INFO - Processing /opt/airflow/dags/download_upload_greentaxi_csv.py took 5.525 seconds
[2022-02-15 22:55:01,389] {processor.py:163} INFO - Started process (PID=13229) to work on /opt/airflow/dags/download_upload_greentaxi_csv.py
[2022-02-15 22:55:01,394] {processor.py:642} INFO - Processing file /opt/airflow/dags/download_upload_greentaxi_csv.py for tasks to queue
[2022-02-15 22:55:01,398] {logging_mixin.py:109} INFO - [2022-02-15 22:55:01,397] {dagbag.py:500} INFO - Filling up the DagBag from /opt/airflow/dags/download_upload_greentaxi_csv.py
[2022-02-15 22:55:05,815] {processor.py:654} INFO - DAG(s) dict_keys(['green_taxi_download_csv']) retrieved from /opt/airflow/dags/download_upload_greentaxi_csv.py
[2022-02-15 22:55:05,910] {logging_mixin.py:109} INFO - [2022-02-15 22:55:05,909] {dag.py:2396} INFO - Sync 1 DAGs
[2022-02-15 22:55:06,016] {logging_mixin.py:109} INFO - [2022-02-15 22:55:06,016] {dag.py:2935} INFO - Setting next_dagrun for green_taxi_download_csv to 2020-06-02T06:00:00+00:00
[2022-02-15 22:55:06,047] {processor.py:171} INFO - Processing /opt/airflow/dags/download_upload_greentaxi_csv.py took 4.666 seconds
[2022-02-15 22:55:38,919] {processor.py:163} INFO - Started process (PID=13327) to work on /opt/airflow/dags/download_upload_greentaxi_csv.py
[2022-02-15 22:55:38,925] {processor.py:642} INFO - Processing file /opt/airflow/dags/download_upload_greentaxi_csv.py for tasks to queue
[2022-02-15 22:55:38,931] {logging_mixin.py:109} INFO - [2022-02-15 22:55:38,931] {dagbag.py:500} INFO - Filling up the DagBag from /opt/airflow/dags/download_upload_greentaxi_csv.py
[2022-02-15 22:55:44,187] {processor.py:654} INFO - DAG(s) dict_keys(['green_taxi_download_csv']) retrieved from /opt/airflow/dags/download_upload_greentaxi_csv.py
[2022-02-15 22:55:44,271] {logging_mixin.py:109} INFO - [2022-02-15 22:55:44,269] {dag.py:2396} INFO - Sync 1 DAGs
[2022-02-15 22:55:44,435] {processor.py:171} INFO - Processing /opt/airflow/dags/download_upload_greentaxi_csv.py took 5.524 seconds
[2022-02-15 22:56:17,856] {processor.py:163} INFO - Started process (PID=13426) to work on /opt/airflow/dags/download_upload_greentaxi_csv.py
[2022-02-15 22:56:17,869] {processor.py:642} INFO - Processing file /opt/airflow/dags/download_upload_greentaxi_csv.py for tasks to queue
[2022-02-15 22:56:17,880] {logging_mixin.py:109} INFO - [2022-02-15 22:56:17,879] {dagbag.py:500} INFO - Filling up the DagBag from /opt/airflow/dags/download_upload_greentaxi_csv.py
[2022-02-15 22:56:23,079] {processor.py:654} INFO - DAG(s) dict_keys(['green_taxi_download_csv']) retrieved from /opt/airflow/dags/download_upload_greentaxi_csv.py
[2022-02-15 22:56:23,119] {logging_mixin.py:109} INFO - [2022-02-15 22:56:23,118] {dag.py:2396} INFO - Sync 1 DAGs
[2022-02-15 22:56:23,189] {logging_mixin.py:109} INFO - [2022-02-15 22:56:23,188] {dag.py:2935} INFO - Setting next_dagrun for green_taxi_download_csv to None
[2022-02-15 22:56:23,217] {processor.py:171} INFO - Processing /opt/airflow/dags/download_upload_greentaxi_csv.py took 5.408 seconds
[2022-02-15 22:56:53,641] {processor.py:163} INFO - Started process (PID=13519) to work on /opt/airflow/dags/download_upload_greentaxi_csv.py
[2022-02-15 22:56:53,648] {processor.py:642} INFO - Processing file /opt/airflow/dags/download_upload_greentaxi_csv.py for tasks to queue
[2022-02-15 22:56:53,651] {logging_mixin.py:109} INFO - [2022-02-15 22:56:53,651] {dagbag.py:500} INFO - Filling up the DagBag from /opt/airflow/dags/download_upload_greentaxi_csv.py
[2022-02-15 22:56:57,728] {processor.py:654} INFO - DAG(s) dict_keys(['green_taxi_download_csv']) retrieved from /opt/airflow/dags/download_upload_greentaxi_csv.py
[2022-02-15 22:56:57,765] {logging_mixin.py:109} INFO - [2022-02-15 22:56:57,764] {dag.py:2396} INFO - Sync 1 DAGs
[2022-02-15 22:56:57,830] {logging_mixin.py:109} INFO - [2022-02-15 22:56:57,829] {dag.py:2935} INFO - Setting next_dagrun for green_taxi_download_csv to None
[2022-02-15 22:56:57,856] {processor.py:171} INFO - Processing /opt/airflow/dags/download_upload_greentaxi_csv.py took 4.223 seconds
[2022-02-15 22:57:28,135] {processor.py:163} INFO - Started process (PID=13611) to work on /opt/airflow/dags/download_upload_greentaxi_csv.py
[2022-02-15 22:57:28,146] {processor.py:642} INFO - Processing file /opt/airflow/dags/download_upload_greentaxi_csv.py for tasks to queue
[2022-02-15 22:57:28,149] {logging_mixin.py:109} INFO - [2022-02-15 22:57:28,149] {dagbag.py:500} INFO - Filling up the DagBag from /opt/airflow/dags/download_upload_greentaxi_csv.py
[2022-02-15 22:57:31,870] {processor.py:654} INFO - DAG(s) dict_keys(['green_taxi_download_csv']) retrieved from /opt/airflow/dags/download_upload_greentaxi_csv.py
[2022-02-15 22:57:31,917] {logging_mixin.py:109} INFO - [2022-02-15 22:57:31,915] {dag.py:2396} INFO - Sync 1 DAGs
[2022-02-15 22:57:31,981] {logging_mixin.py:109} INFO - [2022-02-15 22:57:31,981] {dag.py:2935} INFO - Setting next_dagrun for green_taxi_download_csv to None
[2022-02-15 22:57:32,007] {processor.py:171} INFO - Processing /opt/airflow/dags/download_upload_greentaxi_csv.py took 3.890 seconds
[2022-02-15 22:58:02,725] {processor.py:163} INFO - Started process (PID=13687) to work on /opt/airflow/dags/download_upload_greentaxi_csv.py
[2022-02-15 22:58:02,729] {processor.py:642} INFO - Processing file /opt/airflow/dags/download_upload_greentaxi_csv.py for tasks to queue
[2022-02-15 22:58:02,732] {logging_mixin.py:109} INFO - [2022-02-15 22:58:02,731] {dagbag.py:500} INFO - Filling up the DagBag from /opt/airflow/dags/download_upload_greentaxi_csv.py
[2022-02-15 22:58:05,493] {processor.py:654} INFO - DAG(s) dict_keys(['green_taxi_download_csv']) retrieved from /opt/airflow/dags/download_upload_greentaxi_csv.py
[2022-02-15 22:58:05,570] {logging_mixin.py:109} INFO - [2022-02-15 22:58:05,569] {dag.py:2396} INFO - Sync 1 DAGs
[2022-02-15 22:58:05,703] {logging_mixin.py:109} INFO - [2022-02-15 22:58:05,702] {dag.py:2935} INFO - Setting next_dagrun for green_taxi_download_csv to None
[2022-02-15 22:58:05,749] {processor.py:171} INFO - Processing /opt/airflow/dags/download_upload_greentaxi_csv.py took 3.030 seconds
[2022-02-15 22:58:36,260] {processor.py:163} INFO - Started process (PID=13780) to work on /opt/airflow/dags/download_upload_greentaxi_csv.py
[2022-02-15 22:58:36,268] {processor.py:642} INFO - Processing file /opt/airflow/dags/download_upload_greentaxi_csv.py for tasks to queue
[2022-02-15 22:58:36,272] {logging_mixin.py:109} INFO - [2022-02-15 22:58:36,272] {dagbag.py:500} INFO - Filling up the DagBag from /opt/airflow/dags/download_upload_greentaxi_csv.py
[2022-02-15 22:58:39,891] {processor.py:654} INFO - DAG(s) dict_keys(['green_taxi_download_csv']) retrieved from /opt/airflow/dags/download_upload_greentaxi_csv.py
[2022-02-15 22:58:39,927] {logging_mixin.py:109} INFO - [2022-02-15 22:58:39,926] {dag.py:2396} INFO - Sync 1 DAGs
[2022-02-15 22:58:39,983] {logging_mixin.py:109} INFO - [2022-02-15 22:58:39,983] {dag.py:2935} INFO - Setting next_dagrun for green_taxi_download_csv to None
[2022-02-15 22:58:40,010] {processor.py:171} INFO - Processing /opt/airflow/dags/download_upload_greentaxi_csv.py took 3.759 seconds
[2022-02-15 22:59:10,180] {processor.py:163} INFO - Started process (PID=13876) to work on /opt/airflow/dags/download_upload_greentaxi_csv.py
[2022-02-15 22:59:10,193] {processor.py:642} INFO - Processing file /opt/airflow/dags/download_upload_greentaxi_csv.py for tasks to queue
[2022-02-15 22:59:10,197] {logging_mixin.py:109} INFO - [2022-02-15 22:59:10,197] {dagbag.py:500} INFO - Filling up the DagBag from /opt/airflow/dags/download_upload_greentaxi_csv.py
[2022-02-15 22:59:13,978] {processor.py:654} INFO - DAG(s) dict_keys(['green_taxi_download_csv']) retrieved from /opt/airflow/dags/download_upload_greentaxi_csv.py
[2022-02-15 22:59:14,020] {logging_mixin.py:109} INFO - [2022-02-15 22:59:14,019] {dag.py:2396} INFO - Sync 1 DAGs
[2022-02-15 22:59:14,089] {logging_mixin.py:109} INFO - [2022-02-15 22:59:14,088] {dag.py:2935} INFO - Setting next_dagrun for green_taxi_download_csv to None
[2022-02-15 22:59:14,120] {processor.py:171} INFO - Processing /opt/airflow/dags/download_upload_greentaxi_csv.py took 3.948 seconds
[2022-02-15 22:59:44,432] {processor.py:163} INFO - Started process (PID=13951) to work on /opt/airflow/dags/download_upload_greentaxi_csv.py
[2022-02-15 22:59:44,437] {processor.py:642} INFO - Processing file /opt/airflow/dags/download_upload_greentaxi_csv.py for tasks to queue
[2022-02-15 22:59:44,439] {logging_mixin.py:109} INFO - [2022-02-15 22:59:44,439] {dagbag.py:500} INFO - Filling up the DagBag from /opt/airflow/dags/download_upload_greentaxi_csv.py
[2022-02-15 22:59:47,626] {processor.py:654} INFO - DAG(s) dict_keys(['green_taxi_download_csv']) retrieved from /opt/airflow/dags/download_upload_greentaxi_csv.py
[2022-02-15 22:59:47,663] {logging_mixin.py:109} INFO - [2022-02-15 22:59:47,662] {dag.py:2396} INFO - Sync 1 DAGs
[2022-02-15 22:59:47,801] {logging_mixin.py:109} INFO - [2022-02-15 22:59:47,800] {dag.py:2935} INFO - Setting next_dagrun for green_taxi_download_csv to None
[2022-02-15 22:59:47,852] {processor.py:171} INFO - Processing /opt/airflow/dags/download_upload_greentaxi_csv.py took 3.427 seconds
[2022-02-15 23:00:18,044] {processor.py:163} INFO - Started process (PID=14046) to work on /opt/airflow/dags/download_upload_greentaxi_csv.py
[2022-02-15 23:00:18,049] {processor.py:642} INFO - Processing file /opt/airflow/dags/download_upload_greentaxi_csv.py for tasks to queue
[2022-02-15 23:00:18,052] {logging_mixin.py:109} INFO - [2022-02-15 23:00:18,052] {dagbag.py:500} INFO - Filling up the DagBag from /opt/airflow/dags/download_upload_greentaxi_csv.py
[2022-02-15 23:00:20,784] {processor.py:654} INFO - DAG(s) dict_keys(['green_taxi_download_csv']) retrieved from /opt/airflow/dags/download_upload_greentaxi_csv.py
[2022-02-15 23:00:20,811] {logging_mixin.py:109} INFO - [2022-02-15 23:00:20,810] {dag.py:2396} INFO - Sync 1 DAGs
[2022-02-15 23:00:20,859] {logging_mixin.py:109} INFO - [2022-02-15 23:00:20,859] {dag.py:2935} INFO - Setting next_dagrun for green_taxi_download_csv to None
[2022-02-15 23:00:20,879] {processor.py:171} INFO - Processing /opt/airflow/dags/download_upload_greentaxi_csv.py took 2.842 seconds
[2022-02-15 23:00:50,987] {processor.py:163} INFO - Started process (PID=14138) to work on /opt/airflow/dags/download_upload_greentaxi_csv.py
[2022-02-15 23:00:50,994] {processor.py:642} INFO - Processing file /opt/airflow/dags/download_upload_greentaxi_csv.py for tasks to queue
[2022-02-15 23:00:50,999] {logging_mixin.py:109} INFO - [2022-02-15 23:00:50,998] {dagbag.py:500} INFO - Filling up the DagBag from /opt/airflow/dags/download_upload_greentaxi_csv.py
[2022-02-15 23:00:54,697] {processor.py:654} INFO - DAG(s) dict_keys(['green_taxi_download_csv']) retrieved from /opt/airflow/dags/download_upload_greentaxi_csv.py
[2022-02-15 23:00:54,737] {logging_mixin.py:109} INFO - [2022-02-15 23:00:54,736] {dag.py:2396} INFO - Sync 1 DAGs
[2022-02-15 23:00:54,800] {logging_mixin.py:109} INFO - [2022-02-15 23:00:54,799] {dag.py:2935} INFO - Setting next_dagrun for green_taxi_download_csv to None
[2022-02-15 23:00:54,825] {processor.py:171} INFO - Processing /opt/airflow/dags/download_upload_greentaxi_csv.py took 3.848 seconds
[2022-02-15 23:01:24,895] {processor.py:163} INFO - Started process (PID=14215) to work on /opt/airflow/dags/download_upload_greentaxi_csv.py
[2022-02-15 23:01:24,899] {processor.py:642} INFO - Processing file /opt/airflow/dags/download_upload_greentaxi_csv.py for tasks to queue
[2022-02-15 23:01:24,902] {logging_mixin.py:109} INFO - [2022-02-15 23:01:24,901] {dagbag.py:500} INFO - Filling up the DagBag from /opt/airflow/dags/download_upload_greentaxi_csv.py
[2022-02-15 23:01:28,356] {processor.py:654} INFO - DAG(s) dict_keys(['green_taxi_download_csv']) retrieved from /opt/airflow/dags/download_upload_greentaxi_csv.py
[2022-02-15 23:01:28,399] {logging_mixin.py:109} INFO - [2022-02-15 23:01:28,397] {dag.py:2396} INFO - Sync 1 DAGs
[2022-02-15 23:01:28,463] {logging_mixin.py:109} INFO - [2022-02-15 23:01:28,463] {dag.py:2935} INFO - Setting next_dagrun for green_taxi_download_csv to None
[2022-02-15 23:01:28,489] {processor.py:171} INFO - Processing /opt/airflow/dags/download_upload_greentaxi_csv.py took 3.601 seconds
[2022-02-15 23:01:58,637] {processor.py:163} INFO - Started process (PID=14313) to work on /opt/airflow/dags/download_upload_greentaxi_csv.py
[2022-02-15 23:01:58,643] {processor.py:642} INFO - Processing file /opt/airflow/dags/download_upload_greentaxi_csv.py for tasks to queue
[2022-02-15 23:01:58,647] {logging_mixin.py:109} INFO - [2022-02-15 23:01:58,647] {dagbag.py:500} INFO - Filling up the DagBag from /opt/airflow/dags/download_upload_greentaxi_csv.py
[2022-02-15 23:02:01,450] {processor.py:654} INFO - DAG(s) dict_keys(['green_taxi_download_csv']) retrieved from /opt/airflow/dags/download_upload_greentaxi_csv.py
[2022-02-15 23:02:01,480] {logging_mixin.py:109} INFO - [2022-02-15 23:02:01,479] {dag.py:2396} INFO - Sync 1 DAGs
[2022-02-15 23:02:01,530] {logging_mixin.py:109} INFO - [2022-02-15 23:02:01,529] {dag.py:2935} INFO - Setting next_dagrun for green_taxi_download_csv to None
[2022-02-15 23:02:01,549] {processor.py:171} INFO - Processing /opt/airflow/dags/download_upload_greentaxi_csv.py took 2.920 seconds
[2022-02-15 23:02:31,819] {processor.py:163} INFO - Started process (PID=14404) to work on /opt/airflow/dags/download_upload_greentaxi_csv.py
[2022-02-15 23:02:31,824] {processor.py:642} INFO - Processing file /opt/airflow/dags/download_upload_greentaxi_csv.py for tasks to queue
[2022-02-15 23:02:31,827] {logging_mixin.py:109} INFO - [2022-02-15 23:02:31,826] {dagbag.py:500} INFO - Filling up the DagBag from /opt/airflow/dags/download_upload_greentaxi_csv.py
[2022-02-15 23:02:35,446] {processor.py:654} INFO - DAG(s) dict_keys(['green_taxi_download_csv']) retrieved from /opt/airflow/dags/download_upload_greentaxi_csv.py
[2022-02-15 23:02:35,488] {logging_mixin.py:109} INFO - [2022-02-15 23:02:35,486] {dag.py:2396} INFO - Sync 1 DAGs
[2022-02-15 23:02:35,552] {logging_mixin.py:109} INFO - [2022-02-15 23:02:35,552] {dag.py:2935} INFO - Setting next_dagrun for green_taxi_download_csv to None
[2022-02-15 23:02:35,579] {processor.py:171} INFO - Processing /opt/airflow/dags/download_upload_greentaxi_csv.py took 3.767 seconds
[2022-02-15 23:03:06,133] {processor.py:163} INFO - Started process (PID=14494) to work on /opt/airflow/dags/download_upload_greentaxi_csv.py
[2022-02-15 23:03:06,139] {processor.py:642} INFO - Processing file /opt/airflow/dags/download_upload_greentaxi_csv.py for tasks to queue
[2022-02-15 23:03:06,144] {logging_mixin.py:109} INFO - [2022-02-15 23:03:06,143] {dagbag.py:500} INFO - Filling up the DagBag from /opt/airflow/dags/download_upload_greentaxi_csv.py
[2022-02-15 23:03:09,781] {processor.py:654} INFO - DAG(s) dict_keys(['green_taxi_download_csv']) retrieved from /opt/airflow/dags/download_upload_greentaxi_csv.py
[2022-02-15 23:03:09,908] {logging_mixin.py:109} INFO - [2022-02-15 23:03:09,903] {dag.py:2396} INFO - Sync 1 DAGs
[2022-02-15 23:03:10,009] {logging_mixin.py:109} INFO - [2022-02-15 23:03:10,008] {dag.py:2935} INFO - Setting next_dagrun for green_taxi_download_csv to None
[2022-02-15 23:03:10,033] {processor.py:171} INFO - Processing /opt/airflow/dags/download_upload_greentaxi_csv.py took 3.909 seconds
[2022-02-15 23:03:40,327] {processor.py:163} INFO - Started process (PID=14577) to work on /opt/airflow/dags/download_upload_greentaxi_csv.py
[2022-02-15 23:03:40,333] {processor.py:642} INFO - Processing file /opt/airflow/dags/download_upload_greentaxi_csv.py for tasks to queue
[2022-02-15 23:03:40,338] {logging_mixin.py:109} INFO - [2022-02-15 23:03:40,337] {dagbag.py:500} INFO - Filling up the DagBag from /opt/airflow/dags/download_upload_greentaxi_csv.py
[2022-02-15 23:03:43,224] {processor.py:654} INFO - DAG(s) dict_keys(['green_taxi_download_csv']) retrieved from /opt/airflow/dags/download_upload_greentaxi_csv.py
[2022-02-15 23:03:43,258] {logging_mixin.py:109} INFO - [2022-02-15 23:03:43,257] {dag.py:2396} INFO - Sync 1 DAGs
[2022-02-15 23:03:43,308] {logging_mixin.py:109} INFO - [2022-02-15 23:03:43,308] {dag.py:2935} INFO - Setting next_dagrun for green_taxi_download_csv to None
[2022-02-15 23:03:43,335] {processor.py:171} INFO - Processing /opt/airflow/dags/download_upload_greentaxi_csv.py took 3.019 seconds
[2022-02-15 23:18:51,746] {processor.py:163} INFO - Started process (PID=14614) to work on /opt/airflow/dags/download_upload_greentaxi_csv.py
[2022-02-15 23:18:51,751] {processor.py:642} INFO - Processing file /opt/airflow/dags/download_upload_greentaxi_csv.py for tasks to queue
[2022-02-15 23:18:51,753] {logging_mixin.py:109} INFO - [2022-02-15 23:18:51,753] {dagbag.py:500} INFO - Filling up the DagBag from /opt/airflow/dags/download_upload_greentaxi_csv.py
[2022-02-15 23:18:57,644] {processor.py:654} INFO - DAG(s) dict_keys(['green_taxi_download_csv']) retrieved from /opt/airflow/dags/download_upload_greentaxi_csv.py
[2022-02-15 23:18:57,687] {logging_mixin.py:109} INFO - [2022-02-15 23:18:57,686] {dag.py:2396} INFO - Sync 1 DAGs
[2022-02-15 23:18:57,824] {logging_mixin.py:109} INFO - [2022-02-15 23:18:57,824] {dag.py:2935} INFO - Setting next_dagrun for green_taxi_download_csv to None
[2022-02-15 23:18:57,873] {processor.py:171} INFO - Processing /opt/airflow/dags/download_upload_greentaxi_csv.py took 6.135 seconds
[2022-02-15 23:18:59,527] {processor.py:163} INFO - Started process (PID=14623) to work on /opt/airflow/dags/download_upload_greentaxi_csv.py
[2022-02-15 23:18:59,532] {processor.py:642} INFO - Processing file /opt/airflow/dags/download_upload_greentaxi_csv.py for tasks to queue
[2022-02-15 23:18:59,540] {logging_mixin.py:109} INFO - [2022-02-15 23:18:59,540] {dagbag.py:500} INFO - Filling up the DagBag from /opt/airflow/dags/download_upload_greentaxi_csv.py
[2022-02-15 23:19:03,465] {processor.py:654} INFO - DAG(s) dict_keys(['green_taxi_download_csv']) retrieved from /opt/airflow/dags/download_upload_greentaxi_csv.py
[2022-02-15 23:19:03,511] {logging_mixin.py:109} INFO - [2022-02-15 23:19:03,510] {dag.py:2396} INFO - Sync 1 DAGs
[2022-02-15 23:19:03,640] {logging_mixin.py:109} INFO - [2022-02-15 23:19:03,640] {dag.py:2935} INFO - Setting next_dagrun for green_taxi_download_csv to None
[2022-02-15 23:19:03,705] {processor.py:171} INFO - Processing /opt/airflow/dags/download_upload_greentaxi_csv.py took 4.186 seconds
[2022-02-15 23:19:34,098] {processor.py:163} INFO - Started process (PID=14718) to work on /opt/airflow/dags/download_upload_greentaxi_csv.py
[2022-02-15 23:19:34,118] {processor.py:642} INFO - Processing file /opt/airflow/dags/download_upload_greentaxi_csv.py for tasks to queue
[2022-02-15 23:19:34,128] {logging_mixin.py:109} INFO - [2022-02-15 23:19:34,126] {dagbag.py:500} INFO - Filling up the DagBag from /opt/airflow/dags/download_upload_greentaxi_csv.py
[2022-02-15 23:19:39,791] {processor.py:654} INFO - DAG(s) dict_keys(['green_taxi_download_csv']) retrieved from /opt/airflow/dags/download_upload_greentaxi_csv.py
[2022-02-15 23:19:39,853] {logging_mixin.py:109} INFO - [2022-02-15 23:19:39,852] {dag.py:2396} INFO - Sync 1 DAGs
[2022-02-15 23:19:39,949] {logging_mixin.py:109} INFO - [2022-02-15 23:19:39,949] {dag.py:2935} INFO - Setting next_dagrun for green_taxi_download_csv to None
[2022-02-15 23:19:39,992] {processor.py:171} INFO - Processing /opt/airflow/dags/download_upload_greentaxi_csv.py took 5.913 seconds
[2022-02-15 23:35:53,300] {processor.py:163} INFO - Started process (PID=14770) to work on /opt/airflow/dags/download_upload_greentaxi_csv.py
[2022-02-15 23:35:53,311] {processor.py:642} INFO - Processing file /opt/airflow/dags/download_upload_greentaxi_csv.py for tasks to queue
[2022-02-15 23:35:53,330] {logging_mixin.py:109} INFO - [2022-02-15 23:35:53,329] {dagbag.py:500} INFO - Filling up the DagBag from /opt/airflow/dags/download_upload_greentaxi_csv.py
[2022-02-15 23:35:59,610] {processor.py:654} INFO - DAG(s) dict_keys(['green_taxi_download_csv']) retrieved from /opt/airflow/dags/download_upload_greentaxi_csv.py
[2022-02-15 23:35:59,721] {logging_mixin.py:109} INFO - [2022-02-15 23:35:59,720] {dag.py:2396} INFO - Sync 1 DAGs
[2022-02-15 23:35:59,831] {logging_mixin.py:109} INFO - [2022-02-15 23:35:59,830] {dag.py:2935} INFO - Setting next_dagrun for green_taxi_download_csv to None
[2022-02-15 23:35:59,875] {processor.py:171} INFO - Processing /opt/airflow/dags/download_upload_greentaxi_csv.py took 6.600 seconds
[2022-02-15 23:36:30,414] {processor.py:163} INFO - Started process (PID=14863) to work on /opt/airflow/dags/download_upload_greentaxi_csv.py
[2022-02-15 23:36:30,425] {processor.py:642} INFO - Processing file /opt/airflow/dags/download_upload_greentaxi_csv.py for tasks to queue
[2022-02-15 23:36:30,432] {logging_mixin.py:109} INFO - [2022-02-15 23:36:30,431] {dagbag.py:500} INFO - Filling up the DagBag from /opt/airflow/dags/download_upload_greentaxi_csv.py
[2022-02-15 23:36:37,684] {processor.py:654} INFO - DAG(s) dict_keys(['green_taxi_download_csv']) retrieved from /opt/airflow/dags/download_upload_greentaxi_csv.py
[2022-02-15 23:36:37,762] {logging_mixin.py:109} INFO - [2022-02-15 23:36:37,760] {dag.py:2396} INFO - Sync 1 DAGs
[2022-02-15 23:36:37,895] {logging_mixin.py:109} INFO - [2022-02-15 23:36:37,895] {dag.py:2935} INFO - Setting next_dagrun for green_taxi_download_csv to None
[2022-02-15 23:36:37,931] {processor.py:171} INFO - Processing /opt/airflow/dags/download_upload_greentaxi_csv.py took 7.530 seconds
[2022-02-15 23:37:08,182] {processor.py:163} INFO - Started process (PID=14957) to work on /opt/airflow/dags/download_upload_greentaxi_csv.py
[2022-02-15 23:37:08,187] {processor.py:642} INFO - Processing file /opt/airflow/dags/download_upload_greentaxi_csv.py for tasks to queue
[2022-02-15 23:37:08,191] {logging_mixin.py:109} INFO - [2022-02-15 23:37:08,190] {dagbag.py:500} INFO - Filling up the DagBag from /opt/airflow/dags/download_upload_greentaxi_csv.py
[2022-02-15 23:37:11,881] {processor.py:654} INFO - DAG(s) dict_keys(['green_taxi_download_csv']) retrieved from /opt/airflow/dags/download_upload_greentaxi_csv.py
[2022-02-15 23:37:11,922] {logging_mixin.py:109} INFO - [2022-02-15 23:37:11,921] {dag.py:2396} INFO - Sync 1 DAGs
[2022-02-15 23:37:12,003] {logging_mixin.py:109} INFO - [2022-02-15 23:37:12,002] {dag.py:2935} INFO - Setting next_dagrun for green_taxi_download_csv to None
[2022-02-15 23:37:12,046] {processor.py:171} INFO - Processing /opt/airflow/dags/download_upload_greentaxi_csv.py took 3.872 seconds
[2022-02-15 23:37:42,649] {processor.py:163} INFO - Started process (PID=15032) to work on /opt/airflow/dags/download_upload_greentaxi_csv.py
[2022-02-15 23:37:42,655] {processor.py:642} INFO - Processing file /opt/airflow/dags/download_upload_greentaxi_csv.py for tasks to queue
[2022-02-15 23:37:42,658] {logging_mixin.py:109} INFO - [2022-02-15 23:37:42,657] {dagbag.py:500} INFO - Filling up the DagBag from /opt/airflow/dags/download_upload_greentaxi_csv.py
[2022-02-15 23:37:46,437] {processor.py:654} INFO - DAG(s) dict_keys(['green_taxi_download_csv']) retrieved from /opt/airflow/dags/download_upload_greentaxi_csv.py
[2022-02-15 23:37:46,474] {logging_mixin.py:109} INFO - [2022-02-15 23:37:46,473] {dag.py:2396} INFO - Sync 1 DAGs
[2022-02-15 23:37:46,555] {logging_mixin.py:109} INFO - [2022-02-15 23:37:46,554] {dag.py:2935} INFO - Setting next_dagrun for green_taxi_download_csv to None
[2022-02-15 23:37:46,580] {processor.py:171} INFO - Processing /opt/airflow/dags/download_upload_greentaxi_csv.py took 3.941 seconds
[2022-02-15 23:38:17,362] {processor.py:163} INFO - Started process (PID=15126) to work on /opt/airflow/dags/download_upload_greentaxi_csv.py
[2022-02-15 23:38:17,368] {processor.py:642} INFO - Processing file /opt/airflow/dags/download_upload_greentaxi_csv.py for tasks to queue
[2022-02-15 23:38:17,371] {logging_mixin.py:109} INFO - [2022-02-15 23:38:17,371] {dagbag.py:500} INFO - Filling up the DagBag from /opt/airflow/dags/download_upload_greentaxi_csv.py
[2022-02-15 23:38:20,308] {processor.py:654} INFO - DAG(s) dict_keys(['green_taxi_download_csv']) retrieved from /opt/airflow/dags/download_upload_greentaxi_csv.py
[2022-02-15 23:38:20,343] {logging_mixin.py:109} INFO - [2022-02-15 23:38:20,342] {dag.py:2396} INFO - Sync 1 DAGs
[2022-02-15 23:38:20,395] {logging_mixin.py:109} INFO - [2022-02-15 23:38:20,395] {dag.py:2935} INFO - Setting next_dagrun for green_taxi_download_csv to None
[2022-02-15 23:38:20,419] {processor.py:171} INFO - Processing /opt/airflow/dags/download_upload_greentaxi_csv.py took 3.069 seconds
[2022-02-15 23:38:50,635] {processor.py:163} INFO - Started process (PID=15216) to work on /opt/airflow/dags/download_upload_greentaxi_csv.py
[2022-02-15 23:38:50,641] {processor.py:642} INFO - Processing file /opt/airflow/dags/download_upload_greentaxi_csv.py for tasks to queue
[2022-02-15 23:38:50,644] {logging_mixin.py:109} INFO - [2022-02-15 23:38:50,644] {dagbag.py:500} INFO - Filling up the DagBag from /opt/airflow/dags/download_upload_greentaxi_csv.py
[2022-02-15 23:38:54,386] {processor.py:654} INFO - DAG(s) dict_keys(['green_taxi_download_csv']) retrieved from /opt/airflow/dags/download_upload_greentaxi_csv.py
[2022-02-15 23:38:54,424] {logging_mixin.py:109} INFO - [2022-02-15 23:38:54,423] {dag.py:2396} INFO - Sync 1 DAGs
[2022-02-15 23:38:54,502] {logging_mixin.py:109} INFO - [2022-02-15 23:38:54,501] {dag.py:2935} INFO - Setting next_dagrun for green_taxi_download_csv to None
[2022-02-15 23:38:54,532] {processor.py:171} INFO - Processing /opt/airflow/dags/download_upload_greentaxi_csv.py took 3.905 seconds
[2022-02-15 23:39:24,689] {processor.py:163} INFO - Started process (PID=15309) to work on /opt/airflow/dags/download_upload_greentaxi_csv.py
[2022-02-15 23:39:24,695] {processor.py:642} INFO - Processing file /opt/airflow/dags/download_upload_greentaxi_csv.py for tasks to queue
[2022-02-15 23:39:24,698] {logging_mixin.py:109} INFO - [2022-02-15 23:39:24,697] {dagbag.py:500} INFO - Filling up the DagBag from /opt/airflow/dags/download_upload_greentaxi_csv.py
[2022-02-15 23:39:28,526] {processor.py:654} INFO - DAG(s) dict_keys(['green_taxi_download_csv']) retrieved from /opt/airflow/dags/download_upload_greentaxi_csv.py
[2022-02-15 23:39:28,570] {logging_mixin.py:109} INFO - [2022-02-15 23:39:28,569] {dag.py:2396} INFO - Sync 1 DAGs
[2022-02-15 23:39:28,658] {logging_mixin.py:109} INFO - [2022-02-15 23:39:28,657] {dag.py:2935} INFO - Setting next_dagrun for green_taxi_download_csv to None
[2022-02-15 23:39:28,683] {processor.py:171} INFO - Processing /opt/airflow/dags/download_upload_greentaxi_csv.py took 4.005 seconds
[2022-02-15 23:39:59,561] {processor.py:163} INFO - Started process (PID=15389) to work on /opt/airflow/dags/download_upload_greentaxi_csv.py
[2022-02-15 23:39:59,566] {processor.py:642} INFO - Processing file /opt/airflow/dags/download_upload_greentaxi_csv.py for tasks to queue
[2022-02-15 23:39:59,569] {logging_mixin.py:109} INFO - [2022-02-15 23:39:59,569] {dagbag.py:500} INFO - Filling up the DagBag from /opt/airflow/dags/download_upload_greentaxi_csv.py
[2022-02-15 23:40:02,161] {processor.py:654} INFO - DAG(s) dict_keys(['green_taxi_download_csv']) retrieved from /opt/airflow/dags/download_upload_greentaxi_csv.py
[2022-02-15 23:40:02,188] {logging_mixin.py:109} INFO - [2022-02-15 23:40:02,187] {dag.py:2396} INFO - Sync 1 DAGs
[2022-02-15 23:40:02,240] {logging_mixin.py:109} INFO - [2022-02-15 23:40:02,239] {dag.py:2935} INFO - Setting next_dagrun for green_taxi_download_csv to None
[2022-02-15 23:40:02,260] {processor.py:171} INFO - Processing /opt/airflow/dags/download_upload_greentaxi_csv.py took 2.705 seconds
[2022-02-15 23:40:32,394] {processor.py:163} INFO - Started process (PID=15477) to work on /opt/airflow/dags/download_upload_greentaxi_csv.py
[2022-02-15 23:40:32,400] {processor.py:642} INFO - Processing file /opt/airflow/dags/download_upload_greentaxi_csv.py for tasks to queue
[2022-02-15 23:40:32,403] {logging_mixin.py:109} INFO - [2022-02-15 23:40:32,402] {dagbag.py:500} INFO - Filling up the DagBag from /opt/airflow/dags/download_upload_greentaxi_csv.py
[2022-02-15 23:40:35,882] {processor.py:654} INFO - DAG(s) dict_keys(['green_taxi_download_csv']) retrieved from /opt/airflow/dags/download_upload_greentaxi_csv.py
[2022-02-15 23:40:35,915] {logging_mixin.py:109} INFO - [2022-02-15 23:40:35,914] {dag.py:2396} INFO - Sync 1 DAGs
[2022-02-15 23:40:35,968] {logging_mixin.py:109} INFO - [2022-02-15 23:40:35,967] {dag.py:2935} INFO - Setting next_dagrun for green_taxi_download_csv to None
[2022-02-15 23:40:35,990] {processor.py:171} INFO - Processing /opt/airflow/dags/download_upload_greentaxi_csv.py took 3.604 seconds
[2022-02-15 23:41:06,739] {processor.py:163} INFO - Started process (PID=15577) to work on /opt/airflow/dags/download_upload_greentaxi_csv.py
[2022-02-15 23:41:06,748] {processor.py:642} INFO - Processing file /opt/airflow/dags/download_upload_greentaxi_csv.py for tasks to queue
[2022-02-15 23:41:06,756] {logging_mixin.py:109} INFO - [2022-02-15 23:41:06,756] {dagbag.py:500} INFO - Filling up the DagBag from /opt/airflow/dags/download_upload_greentaxi_csv.py
[2022-02-15 23:41:10,319] {processor.py:654} INFO - DAG(s) dict_keys(['green_taxi_download_csv']) retrieved from /opt/airflow/dags/download_upload_greentaxi_csv.py
[2022-02-15 23:41:10,356] {logging_mixin.py:109} INFO - [2022-02-15 23:41:10,355] {dag.py:2396} INFO - Sync 1 DAGs
[2022-02-15 23:41:10,421] {logging_mixin.py:109} INFO - [2022-02-15 23:41:10,421] {dag.py:2935} INFO - Setting next_dagrun for green_taxi_download_csv to None
[2022-02-15 23:41:10,446] {processor.py:171} INFO - Processing /opt/airflow/dags/download_upload_greentaxi_csv.py took 3.715 seconds
[2022-02-15 23:41:40,680] {processor.py:163} INFO - Started process (PID=15652) to work on /opt/airflow/dags/download_upload_greentaxi_csv.py
[2022-02-15 23:41:40,684] {processor.py:642} INFO - Processing file /opt/airflow/dags/download_upload_greentaxi_csv.py for tasks to queue
[2022-02-15 23:41:40,687] {logging_mixin.py:109} INFO - [2022-02-15 23:41:40,686] {dagbag.py:500} INFO - Filling up the DagBag from /opt/airflow/dags/download_upload_greentaxi_csv.py
[2022-02-15 23:41:43,391] {processor.py:654} INFO - DAG(s) dict_keys(['green_taxi_download_csv']) retrieved from /opt/airflow/dags/download_upload_greentaxi_csv.py
[2022-02-15 23:41:43,431] {logging_mixin.py:109} INFO - [2022-02-15 23:41:43,429] {dag.py:2396} INFO - Sync 1 DAGs
[2022-02-15 23:41:43,498] {logging_mixin.py:109} INFO - [2022-02-15 23:41:43,497] {dag.py:2935} INFO - Setting next_dagrun for green_taxi_download_csv to None
[2022-02-15 23:41:43,522] {processor.py:171} INFO - Processing /opt/airflow/dags/download_upload_greentaxi_csv.py took 2.849 seconds
[2022-02-15 23:42:13,787] {processor.py:163} INFO - Started process (PID=15745) to work on /opt/airflow/dags/download_upload_greentaxi_csv.py
[2022-02-15 23:42:13,797] {processor.py:642} INFO - Processing file /opt/airflow/dags/download_upload_greentaxi_csv.py for tasks to queue
[2022-02-15 23:42:13,802] {logging_mixin.py:109} INFO - [2022-02-15 23:42:13,801] {dagbag.py:500} INFO - Filling up the DagBag from /opt/airflow/dags/download_upload_greentaxi_csv.py
[2022-02-15 23:42:18,226] {processor.py:654} INFO - DAG(s) dict_keys(['green_taxi_download_csv']) retrieved from /opt/airflow/dags/download_upload_greentaxi_csv.py
[2022-02-15 23:42:18,258] {logging_mixin.py:109} INFO - [2022-02-15 23:42:18,257] {dag.py:2396} INFO - Sync 1 DAGs
[2022-02-15 23:42:18,316] {logging_mixin.py:109} INFO - [2022-02-15 23:42:18,315] {dag.py:2935} INFO - Setting next_dagrun for green_taxi_download_csv to None
[2022-02-15 23:42:18,337] {processor.py:171} INFO - Processing /opt/airflow/dags/download_upload_greentaxi_csv.py took 4.561 seconds
[2022-02-15 23:42:48,895] {processor.py:163} INFO - Started process (PID=15841) to work on /opt/airflow/dags/download_upload_greentaxi_csv.py
[2022-02-15 23:42:48,900] {processor.py:642} INFO - Processing file /opt/airflow/dags/download_upload_greentaxi_csv.py for tasks to queue
[2022-02-15 23:42:48,904] {logging_mixin.py:109} INFO - [2022-02-15 23:42:48,904] {dagbag.py:500} INFO - Filling up the DagBag from /opt/airflow/dags/download_upload_greentaxi_csv.py
[2022-02-15 23:42:54,539] {processor.py:654} INFO - DAG(s) dict_keys(['green_taxi_download_csv']) retrieved from /opt/airflow/dags/download_upload_greentaxi_csv.py
[2022-02-15 23:42:54,586] {logging_mixin.py:109} INFO - [2022-02-15 23:42:54,585] {dag.py:2396} INFO - Sync 1 DAGs
[2022-02-15 23:42:54,675] {logging_mixin.py:109} INFO - [2022-02-15 23:42:54,675] {dag.py:2935} INFO - Setting next_dagrun for green_taxi_download_csv to None
[2022-02-15 23:42:54,715] {processor.py:171} INFO - Processing /opt/airflow/dags/download_upload_greentaxi_csv.py took 5.827 seconds
[2022-02-15 23:43:25,016] {processor.py:163} INFO - Started process (PID=15936) to work on /opt/airflow/dags/download_upload_greentaxi_csv.py
[2022-02-15 23:43:25,030] {processor.py:642} INFO - Processing file /opt/airflow/dags/download_upload_greentaxi_csv.py for tasks to queue
[2022-02-15 23:43:25,033] {logging_mixin.py:109} INFO - [2022-02-15 23:43:25,033] {dagbag.py:500} INFO - Filling up the DagBag from /opt/airflow/dags/download_upload_greentaxi_csv.py
[2022-02-15 23:43:28,487] {processor.py:654} INFO - DAG(s) dict_keys(['green_taxi_download_csv']) retrieved from /opt/airflow/dags/download_upload_greentaxi_csv.py
[2022-02-15 23:43:28,522] {logging_mixin.py:109} INFO - [2022-02-15 23:43:28,521] {dag.py:2396} INFO - Sync 1 DAGs
[2022-02-15 23:43:28,583] {logging_mixin.py:109} INFO - [2022-02-15 23:43:28,583] {dag.py:2935} INFO - Setting next_dagrun for green_taxi_download_csv to None
[2022-02-15 23:43:28,608] {processor.py:171} INFO - Processing /opt/airflow/dags/download_upload_greentaxi_csv.py took 3.599 seconds
[2022-02-15 23:43:59,659] {processor.py:163} INFO - Started process (PID=16012) to work on /opt/airflow/dags/download_upload_greentaxi_csv.py
[2022-02-15 23:43:59,663] {processor.py:642} INFO - Processing file /opt/airflow/dags/download_upload_greentaxi_csv.py for tasks to queue
[2022-02-15 23:43:59,666] {logging_mixin.py:109} INFO - [2022-02-15 23:43:59,666] {dagbag.py:500} INFO - Filling up the DagBag from /opt/airflow/dags/download_upload_greentaxi_csv.py
[2022-02-15 23:44:02,434] {processor.py:654} INFO - DAG(s) dict_keys(['green_taxi_download_csv']) retrieved from /opt/airflow/dags/download_upload_greentaxi_csv.py
[2022-02-15 23:44:02,460] {logging_mixin.py:109} INFO - [2022-02-15 23:44:02,459] {dag.py:2396} INFO - Sync 1 DAGs
[2022-02-15 23:44:02,506] {logging_mixin.py:109} INFO - [2022-02-15 23:44:02,506] {dag.py:2935} INFO - Setting next_dagrun for green_taxi_download_csv to None
[2022-02-15 23:44:02,525] {processor.py:171} INFO - Processing /opt/airflow/dags/download_upload_greentaxi_csv.py took 2.873 seconds
[2022-02-15 23:44:33,462] {processor.py:163} INFO - Started process (PID=16103) to work on /opt/airflow/dags/download_upload_greentaxi_csv.py
[2022-02-15 23:44:33,470] {processor.py:642} INFO - Processing file /opt/airflow/dags/download_upload_greentaxi_csv.py for tasks to queue
[2022-02-15 23:44:33,474] {logging_mixin.py:109} INFO - [2022-02-15 23:44:33,473] {dagbag.py:500} INFO - Filling up the DagBag from /opt/airflow/dags/download_upload_greentaxi_csv.py
[2022-02-15 23:44:38,513] {processor.py:654} INFO - DAG(s) dict_keys(['green_taxi_download_csv']) retrieved from /opt/airflow/dags/download_upload_greentaxi_csv.py
[2022-02-15 23:44:38,553] {logging_mixin.py:109} INFO - [2022-02-15 23:44:38,552] {dag.py:2396} INFO - Sync 1 DAGs
[2022-02-15 23:44:38,611] {logging_mixin.py:109} INFO - [2022-02-15 23:44:38,611] {dag.py:2935} INFO - Setting next_dagrun for green_taxi_download_csv to None
[2022-02-15 23:44:38,639] {processor.py:171} INFO - Processing /opt/airflow/dags/download_upload_greentaxi_csv.py took 5.196 seconds
[2022-02-15 23:45:09,136] {processor.py:163} INFO - Started process (PID=16189) to work on /opt/airflow/dags/download_upload_greentaxi_csv.py
[2022-02-15 23:45:09,143] {processor.py:642} INFO - Processing file /opt/airflow/dags/download_upload_greentaxi_csv.py for tasks to queue
[2022-02-15 23:45:09,146] {logging_mixin.py:109} INFO - [2022-02-15 23:45:09,146] {dagbag.py:500} INFO - Filling up the DagBag from /opt/airflow/dags/download_upload_greentaxi_csv.py
[2022-02-15 23:45:14,824] {processor.py:654} INFO - DAG(s) dict_keys(['green_taxi_download_csv']) retrieved from /opt/airflow/dags/download_upload_greentaxi_csv.py
[2022-02-15 23:45:14,877] {logging_mixin.py:109} INFO - [2022-02-15 23:45:14,875] {dag.py:2396} INFO - Sync 1 DAGs
[2022-02-15 23:45:14,977] {logging_mixin.py:109} INFO - [2022-02-15 23:45:14,977] {dag.py:2935} INFO - Setting next_dagrun for green_taxi_download_csv to None
[2022-02-15 23:45:15,011] {processor.py:171} INFO - Processing /opt/airflow/dags/download_upload_greentaxi_csv.py took 5.890 seconds
[2022-02-15 23:45:45,420] {processor.py:163} INFO - Started process (PID=16281) to work on /opt/airflow/dags/download_upload_greentaxi_csv.py
[2022-02-15 23:45:45,430] {processor.py:642} INFO - Processing file /opt/airflow/dags/download_upload_greentaxi_csv.py for tasks to queue
[2022-02-15 23:45:45,435] {logging_mixin.py:109} INFO - [2022-02-15 23:45:45,434] {dagbag.py:500} INFO - Filling up the DagBag from /opt/airflow/dags/download_upload_greentaxi_csv.py
[2022-02-15 23:45:49,976] {processor.py:654} INFO - DAG(s) dict_keys(['green_taxi_download_csv']) retrieved from /opt/airflow/dags/download_upload_greentaxi_csv.py
[2022-02-15 23:45:50,037] {logging_mixin.py:109} INFO - [2022-02-15 23:45:50,035] {dag.py:2396} INFO - Sync 1 DAGs
[2022-02-15 23:45:50,143] {logging_mixin.py:109} INFO - [2022-02-15 23:45:50,142] {dag.py:2935} INFO - Setting next_dagrun for green_taxi_download_csv to None
[2022-02-15 23:45:50,182] {processor.py:171} INFO - Processing /opt/airflow/dags/download_upload_greentaxi_csv.py took 4.775 seconds
[2022-02-15 23:46:20,687] {processor.py:163} INFO - Started process (PID=16362) to work on /opt/airflow/dags/download_upload_greentaxi_csv.py
[2022-02-15 23:46:20,696] {processor.py:642} INFO - Processing file /opt/airflow/dags/download_upload_greentaxi_csv.py for tasks to queue
[2022-02-15 23:46:20,700] {logging_mixin.py:109} INFO - [2022-02-15 23:46:20,700] {dagbag.py:500} INFO - Filling up the DagBag from /opt/airflow/dags/download_upload_greentaxi_csv.py
[2022-02-15 23:46:24,426] {processor.py:654} INFO - DAG(s) dict_keys(['green_taxi_download_csv']) retrieved from /opt/airflow/dags/download_upload_greentaxi_csv.py
[2022-02-15 23:46:24,476] {logging_mixin.py:109} INFO - [2022-02-15 23:46:24,474] {dag.py:2396} INFO - Sync 1 DAGs
[2022-02-15 23:46:24,564] {logging_mixin.py:109} INFO - [2022-02-15 23:46:24,564] {dag.py:2935} INFO - Setting next_dagrun for green_taxi_download_csv to None
[2022-02-15 23:46:24,599] {processor.py:171} INFO - Processing /opt/airflow/dags/download_upload_greentaxi_csv.py took 3.919 seconds
[2022-02-15 23:46:54,840] {processor.py:163} INFO - Started process (PID=16456) to work on /opt/airflow/dags/download_upload_greentaxi_csv.py
[2022-02-15 23:46:54,848] {processor.py:642} INFO - Processing file /opt/airflow/dags/download_upload_greentaxi_csv.py for tasks to queue
[2022-02-15 23:46:54,853] {logging_mixin.py:109} INFO - [2022-02-15 23:46:54,853] {dagbag.py:500} INFO - Filling up the DagBag from /opt/airflow/dags/download_upload_greentaxi_csv.py
[2022-02-15 23:46:59,340] {processor.py:654} INFO - DAG(s) dict_keys(['green_taxi_download_csv']) retrieved from /opt/airflow/dags/download_upload_greentaxi_csv.py
[2022-02-15 23:46:59,369] {logging_mixin.py:109} INFO - [2022-02-15 23:46:59,368] {dag.py:2396} INFO - Sync 1 DAGs
[2022-02-15 23:46:59,420] {logging_mixin.py:109} INFO - [2022-02-15 23:46:59,420] {dag.py:2935} INFO - Setting next_dagrun for green_taxi_download_csv to None
[2022-02-15 23:46:59,441] {processor.py:171} INFO - Processing /opt/airflow/dags/download_upload_greentaxi_csv.py took 4.614 seconds
[2022-02-15 23:47:29,901] {processor.py:163} INFO - Started process (PID=16544) to work on /opt/airflow/dags/download_upload_greentaxi_csv.py
[2022-02-15 23:47:29,909] {processor.py:642} INFO - Processing file /opt/airflow/dags/download_upload_greentaxi_csv.py for tasks to queue
[2022-02-15 23:47:29,914] {logging_mixin.py:109} INFO - [2022-02-15 23:47:29,913] {dagbag.py:500} INFO - Filling up the DagBag from /opt/airflow/dags/download_upload_greentaxi_csv.py
[2022-02-15 23:47:35,447] {processor.py:654} INFO - DAG(s) dict_keys(['green_taxi_download_csv']) retrieved from /opt/airflow/dags/download_upload_greentaxi_csv.py
[2022-02-15 23:47:35,500] {logging_mixin.py:109} INFO - [2022-02-15 23:47:35,498] {dag.py:2396} INFO - Sync 1 DAGs
[2022-02-15 23:47:35,588] {logging_mixin.py:109} INFO - [2022-02-15 23:47:35,587] {dag.py:2935} INFO - Setting next_dagrun for green_taxi_download_csv to None
[2022-02-15 23:47:35,621] {processor.py:171} INFO - Processing /opt/airflow/dags/download_upload_greentaxi_csv.py took 5.732 seconds
[2022-02-15 23:48:05,949] {processor.py:163} INFO - Started process (PID=16639) to work on /opt/airflow/dags/download_upload_greentaxi_csv.py
[2022-02-15 23:48:05,958] {processor.py:642} INFO - Processing file /opt/airflow/dags/download_upload_greentaxi_csv.py for tasks to queue
[2022-02-15 23:48:05,967] {logging_mixin.py:109} INFO - [2022-02-15 23:48:05,967] {dagbag.py:500} INFO - Filling up the DagBag from /opt/airflow/dags/download_upload_greentaxi_csv.py
[2022-02-15 23:48:11,215] {processor.py:654} INFO - DAG(s) dict_keys(['green_taxi_download_csv']) retrieved from /opt/airflow/dags/download_upload_greentaxi_csv.py
[2022-02-15 23:48:11,267] {logging_mixin.py:109} INFO - [2022-02-15 23:48:11,266] {dag.py:2396} INFO - Sync 1 DAGs
[2022-02-15 23:48:11,362] {logging_mixin.py:109} INFO - [2022-02-15 23:48:11,362] {dag.py:2935} INFO - Setting next_dagrun for green_taxi_download_csv to None
[2022-02-15 23:48:11,399] {processor.py:171} INFO - Processing /opt/airflow/dags/download_upload_greentaxi_csv.py took 5.467 seconds
[2022-02-15 23:48:41,655] {processor.py:163} INFO - Started process (PID=16712) to work on /opt/airflow/dags/download_upload_greentaxi_csv.py
[2022-02-15 23:48:41,659] {processor.py:642} INFO - Processing file /opt/airflow/dags/download_upload_greentaxi_csv.py for tasks to queue
[2022-02-15 23:48:41,662] {logging_mixin.py:109} INFO - [2022-02-15 23:48:41,661] {dagbag.py:500} INFO - Filling up the DagBag from /opt/airflow/dags/download_upload_greentaxi_csv.py
[2022-02-15 23:48:45,055] {processor.py:654} INFO - DAG(s) dict_keys(['green_taxi_download_csv']) retrieved from /opt/airflow/dags/download_upload_greentaxi_csv.py
[2022-02-15 23:48:45,105] {logging_mixin.py:109} INFO - [2022-02-15 23:48:45,103] {dag.py:2396} INFO - Sync 1 DAGs
[2022-02-15 23:48:45,192] {logging_mixin.py:109} INFO - [2022-02-15 23:48:45,191] {dag.py:2935} INFO - Setting next_dagrun for green_taxi_download_csv to None
[2022-02-15 23:48:45,227] {processor.py:171} INFO - Processing /opt/airflow/dags/download_upload_greentaxi_csv.py took 3.579 seconds
[2022-02-15 23:49:15,519] {processor.py:163} INFO - Started process (PID=16804) to work on /opt/airflow/dags/download_upload_greentaxi_csv.py
[2022-02-15 23:49:15,532] {processor.py:642} INFO - Processing file /opt/airflow/dags/download_upload_greentaxi_csv.py for tasks to queue
[2022-02-15 23:49:15,544] {logging_mixin.py:109} INFO - [2022-02-15 23:49:15,543] {dagbag.py:500} INFO - Filling up the DagBag from /opt/airflow/dags/download_upload_greentaxi_csv.py
[2022-02-15 23:49:21,127] {processor.py:654} INFO - DAG(s) dict_keys(['green_taxi_download_csv']) retrieved from /opt/airflow/dags/download_upload_greentaxi_csv.py
[2022-02-15 23:49:21,170] {logging_mixin.py:109} INFO - [2022-02-15 23:49:21,168] {dag.py:2396} INFO - Sync 1 DAGs
[2022-02-15 23:49:21,239] {logging_mixin.py:109} INFO - [2022-02-15 23:49:21,238] {dag.py:2935} INFO - Setting next_dagrun for green_taxi_download_csv to None
[2022-02-15 23:49:21,265] {processor.py:171} INFO - Processing /opt/airflow/dags/download_upload_greentaxi_csv.py took 5.755 seconds
[2022-02-15 23:49:51,380] {processor.py:163} INFO - Started process (PID=16897) to work on /opt/airflow/dags/download_upload_greentaxi_csv.py
[2022-02-15 23:49:51,387] {processor.py:642} INFO - Processing file /opt/airflow/dags/download_upload_greentaxi_csv.py for tasks to queue
[2022-02-15 23:49:51,392] {logging_mixin.py:109} INFO - [2022-02-15 23:49:51,391] {dagbag.py:500} INFO - Filling up the DagBag from /opt/airflow/dags/download_upload_greentaxi_csv.py
[2022-02-15 23:49:57,106] {processor.py:654} INFO - DAG(s) dict_keys(['green_taxi_download_csv']) retrieved from /opt/airflow/dags/download_upload_greentaxi_csv.py
[2022-02-15 23:49:57,200] {logging_mixin.py:109} INFO - [2022-02-15 23:49:57,198] {dag.py:2396} INFO - Sync 1 DAGs
[2022-02-15 23:49:57,411] {logging_mixin.py:109} INFO - [2022-02-15 23:49:57,411] {dag.py:2935} INFO - Setting next_dagrun for green_taxi_download_csv to None
[2022-02-15 23:49:57,459] {processor.py:171} INFO - Processing /opt/airflow/dags/download_upload_greentaxi_csv.py took 6.090 seconds
[2022-02-15 23:50:28,537] {processor.py:163} INFO - Started process (PID=16989) to work on /opt/airflow/dags/download_upload_greentaxi_csv.py
[2022-02-15 23:50:28,556] {processor.py:642} INFO - Processing file /opt/airflow/dags/download_upload_greentaxi_csv.py for tasks to queue
[2022-02-15 23:50:28,569] {logging_mixin.py:109} INFO - [2022-02-15 23:50:28,562] {dagbag.py:500} INFO - Filling up the DagBag from /opt/airflow/dags/download_upload_greentaxi_csv.py
[2022-02-15 23:50:34,488] {processor.py:654} INFO - DAG(s) dict_keys(['green_taxi_download_csv']) retrieved from /opt/airflow/dags/download_upload_greentaxi_csv.py
[2022-02-15 23:50:34,547] {logging_mixin.py:109} INFO - [2022-02-15 23:50:34,545] {dag.py:2396} INFO - Sync 1 DAGs
[2022-02-15 23:50:34,714] {logging_mixin.py:109} INFO - [2022-02-15 23:50:34,714] {dag.py:2935} INFO - Setting next_dagrun for green_taxi_download_csv to None
[2022-02-15 23:50:34,757] {processor.py:171} INFO - Processing /opt/airflow/dags/download_upload_greentaxi_csv.py took 6.236 seconds
[2022-02-15 23:51:05,139] {processor.py:163} INFO - Started process (PID=17081) to work on /opt/airflow/dags/download_upload_greentaxi_csv.py
[2022-02-15 23:51:05,155] {processor.py:642} INFO - Processing file /opt/airflow/dags/download_upload_greentaxi_csv.py for tasks to queue
[2022-02-15 23:51:05,161] {logging_mixin.py:109} INFO - [2022-02-15 23:51:05,161] {dagbag.py:500} INFO - Filling up the DagBag from /opt/airflow/dags/download_upload_greentaxi_csv.py
[2022-02-15 23:51:13,006] {processor.py:654} INFO - DAG(s) dict_keys(['green_taxi_download_csv']) retrieved from /opt/airflow/dags/download_upload_greentaxi_csv.py
[2022-02-15 23:51:13,098] {logging_mixin.py:109} INFO - [2022-02-15 23:51:13,096] {dag.py:2396} INFO - Sync 1 DAGs
[2022-02-15 23:51:13,208] {logging_mixin.py:109} INFO - [2022-02-15 23:51:13,208] {dag.py:2935} INFO - Setting next_dagrun for green_taxi_download_csv to None
[2022-02-15 23:51:13,249] {processor.py:171} INFO - Processing /opt/airflow/dags/download_upload_greentaxi_csv.py took 8.127 seconds
[2022-02-15 23:51:43,459] {processor.py:163} INFO - Started process (PID=17156) to work on /opt/airflow/dags/download_upload_greentaxi_csv.py
[2022-02-15 23:51:43,477] {processor.py:642} INFO - Processing file /opt/airflow/dags/download_upload_greentaxi_csv.py for tasks to queue
[2022-02-15 23:51:43,490] {logging_mixin.py:109} INFO - [2022-02-15 23:51:43,487] {dagbag.py:500} INFO - Filling up the DagBag from /opt/airflow/dags/download_upload_greentaxi_csv.py
[2022-02-15 23:51:56,511] {processor.py:654} INFO - DAG(s) dict_keys(['green_taxi_download_csv']) retrieved from /opt/airflow/dags/download_upload_greentaxi_csv.py
[2022-02-15 23:51:56,599] {logging_mixin.py:109} INFO - [2022-02-15 23:51:56,597] {dag.py:2396} INFO - Sync 1 DAGs
[2022-02-15 23:51:56,862] {logging_mixin.py:109} INFO - [2022-02-15 23:51:56,861] {dag.py:2935} INFO - Setting next_dagrun for green_taxi_download_csv to None
[2022-02-15 23:51:56,978] {processor.py:171} INFO - Processing /opt/airflow/dags/download_upload_greentaxi_csv.py took 13.537 seconds
[2022-02-15 23:52:30,173] {processor.py:163} INFO - Started process (PID=17264) to work on /opt/airflow/dags/download_upload_greentaxi_csv.py
[2022-02-15 23:52:30,195] {processor.py:642} INFO - Processing file /opt/airflow/dags/download_upload_greentaxi_csv.py for tasks to queue
[2022-02-15 23:52:30,205] {logging_mixin.py:109} INFO - [2022-02-15 23:52:30,203] {dagbag.py:500} INFO - Filling up the DagBag from /opt/airflow/dags/download_upload_greentaxi_csv.py
[2022-02-15 23:52:40,994] {processor.py:654} INFO - DAG(s) dict_keys(['green_taxi_download_csv']) retrieved from /opt/airflow/dags/download_upload_greentaxi_csv.py
[2022-02-15 23:52:41,125] {logging_mixin.py:109} INFO - [2022-02-15 23:52:41,123] {dag.py:2396} INFO - Sync 1 DAGs
[2022-02-15 23:52:41,280] {logging_mixin.py:109} INFO - [2022-02-15 23:52:41,279] {dag.py:2935} INFO - Setting next_dagrun for green_taxi_download_csv to None
[2022-02-15 23:52:41,366] {processor.py:171} INFO - Processing /opt/airflow/dags/download_upload_greentaxi_csv.py took 11.215 seconds
[2022-02-15 23:53:20,993] {processor.py:163} INFO - Started process (PID=17355) to work on /opt/airflow/dags/download_upload_greentaxi_csv.py
[2022-02-15 23:53:21,008] {processor.py:642} INFO - Processing file /opt/airflow/dags/download_upload_greentaxi_csv.py for tasks to queue
[2022-02-15 23:53:21,017] {logging_mixin.py:109} INFO - [2022-02-15 23:53:21,014] {dagbag.py:500} INFO - Filling up the DagBag from /opt/airflow/dags/download_upload_greentaxi_csv.py
[2022-02-15 23:53:35,597] {processor.py:654} INFO - DAG(s) dict_keys(['green_taxi_download_csv']) retrieved from /opt/airflow/dags/download_upload_greentaxi_csv.py
[2022-02-15 23:53:35,764] {logging_mixin.py:109} INFO - [2022-02-15 23:53:35,762] {dag.py:2396} INFO - Sync 1 DAGs
[2022-02-15 23:53:36,060] {logging_mixin.py:109} INFO - [2022-02-15 23:53:36,059] {dag.py:2935} INFO - Setting next_dagrun for green_taxi_download_csv to None
[2022-02-15 23:53:36,159] {processor.py:171} INFO - Processing /opt/airflow/dags/download_upload_greentaxi_csv.py took 15.198 seconds
[2022-02-15 23:54:18,105] {processor.py:163} INFO - Started process (PID=17470) to work on /opt/airflow/dags/download_upload_greentaxi_csv.py
[2022-02-15 23:54:18,114] {processor.py:642} INFO - Processing file /opt/airflow/dags/download_upload_greentaxi_csv.py for tasks to queue
[2022-02-15 23:54:18,144] {logging_mixin.py:109} INFO - [2022-02-15 23:54:18,143] {dagbag.py:500} INFO - Filling up the DagBag from /opt/airflow/dags/download_upload_greentaxi_csv.py
[2022-02-15 23:54:31,594] {processor.py:654} INFO - DAG(s) dict_keys(['green_taxi_download_csv']) retrieved from /opt/airflow/dags/download_upload_greentaxi_csv.py
[2022-02-15 23:54:31,727] {logging_mixin.py:109} INFO - [2022-02-15 23:54:31,725] {dag.py:2396} INFO - Sync 1 DAGs
[2022-02-15 23:54:32,059] {logging_mixin.py:109} INFO - [2022-02-15 23:54:32,050] {dag.py:2935} INFO - Setting next_dagrun for green_taxi_download_csv to None
[2022-02-15 23:54:32,186] {processor.py:171} INFO - Processing /opt/airflow/dags/download_upload_greentaxi_csv.py took 14.119 seconds
[2022-02-15 23:55:13,283] {processor.py:163} INFO - Started process (PID=17576) to work on /opt/airflow/dags/download_upload_greentaxi_csv.py
[2022-02-15 23:55:13,314] {processor.py:642} INFO - Processing file /opt/airflow/dags/download_upload_greentaxi_csv.py for tasks to queue
[2022-02-15 23:55:13,337] {logging_mixin.py:109} INFO - [2022-02-15 23:55:13,323] {dagbag.py:500} INFO - Filling up the DagBag from /opt/airflow/dags/download_upload_greentaxi_csv.py
[2022-02-15 23:55:21,306] {processor.py:654} INFO - DAG(s) dict_keys(['green_taxi_download_csv']) retrieved from /opt/airflow/dags/download_upload_greentaxi_csv.py
[2022-02-15 23:55:21,347] {logging_mixin.py:109} INFO - [2022-02-15 23:55:21,345] {dag.py:2396} INFO - Sync 1 DAGs
[2022-02-15 23:55:21,471] {logging_mixin.py:109} INFO - [2022-02-15 23:55:21,470] {dag.py:2935} INFO - Setting next_dagrun for green_taxi_download_csv to None
[2022-02-15 23:55:21,535] {processor.py:171} INFO - Processing /opt/airflow/dags/download_upload_greentaxi_csv.py took 8.330 seconds
[2022-02-15 23:55:51,933] {processor.py:163} INFO - Started process (PID=17668) to work on /opt/airflow/dags/download_upload_greentaxi_csv.py
[2022-02-15 23:55:51,944] {processor.py:642} INFO - Processing file /opt/airflow/dags/download_upload_greentaxi_csv.py for tasks to queue
[2022-02-15 23:55:51,950] {logging_mixin.py:109} INFO - [2022-02-15 23:55:51,950] {dagbag.py:500} INFO - Filling up the DagBag from /opt/airflow/dags/download_upload_greentaxi_csv.py
[2022-02-15 23:55:56,402] {processor.py:654} INFO - DAG(s) dict_keys(['green_taxi_download_csv']) retrieved from /opt/airflow/dags/download_upload_greentaxi_csv.py
[2022-02-15 23:55:56,439] {logging_mixin.py:109} INFO - [2022-02-15 23:55:56,438] {dag.py:2396} INFO - Sync 1 DAGs
[2022-02-15 23:55:56,502] {logging_mixin.py:109} INFO - [2022-02-15 23:55:56,502] {dag.py:2935} INFO - Setting next_dagrun for green_taxi_download_csv to None
[2022-02-15 23:55:56,523] {processor.py:171} INFO - Processing /opt/airflow/dags/download_upload_greentaxi_csv.py took 4.600 seconds
[2022-02-15 23:56:04,991] {processor.py:163} INFO - Started process (PID=17724) to work on /opt/airflow/dags/download_upload_greentaxi_csv.py
[2022-02-15 23:56:05,012] {processor.py:642} INFO - Processing file /opt/airflow/dags/download_upload_greentaxi_csv.py for tasks to queue
[2022-02-15 23:56:05,015] {logging_mixin.py:109} INFO - [2022-02-15 23:56:05,015] {dagbag.py:500} INFO - Filling up the DagBag from /opt/airflow/dags/download_upload_greentaxi_csv.py
[2022-02-15 23:56:09,000] {processor.py:654} INFO - DAG(s) dict_keys(['green_taxi_download_csv']) retrieved from /opt/airflow/dags/download_upload_greentaxi_csv.py
[2022-02-15 23:56:10,077] {logging_mixin.py:109} INFO - [2022-02-15 23:56:10,076] {dag.py:2396} INFO - Sync 1 DAGs
[2022-02-15 23:56:10,142] {logging_mixin.py:109} INFO - [2022-02-15 23:56:10,142] {dag.py:2935} INFO - Setting next_dagrun for green_taxi_download_csv to None
[2022-02-15 23:56:10,321] {processor.py:171} INFO - Processing /opt/airflow/dags/download_upload_greentaxi_csv.py took 5.339 seconds
[2022-02-15 23:56:40,463] {processor.py:163} INFO - Started process (PID=17801) to work on /opt/airflow/dags/download_upload_greentaxi_csv.py
[2022-02-15 23:56:40,468] {processor.py:642} INFO - Processing file /opt/airflow/dags/download_upload_greentaxi_csv.py for tasks to queue
[2022-02-15 23:56:40,470] {logging_mixin.py:109} INFO - [2022-02-15 23:56:40,470] {dagbag.py:500} INFO - Filling up the DagBag from /opt/airflow/dags/download_upload_greentaxi_csv.py
[2022-02-15 23:56:43,409] {processor.py:654} INFO - DAG(s) dict_keys(['green_taxi_download_csv']) retrieved from /opt/airflow/dags/download_upload_greentaxi_csv.py
[2022-02-15 23:56:43,453] {logging_mixin.py:109} INFO - [2022-02-15 23:56:43,451] {dag.py:2396} INFO - Sync 1 DAGs
[2022-02-15 23:56:43,518] {logging_mixin.py:109} INFO - [2022-02-15 23:56:43,518] {dag.py:2935} INFO - Setting next_dagrun for green_taxi_download_csv to None
[2022-02-15 23:56:43,543] {processor.py:171} INFO - Processing /opt/airflow/dags/download_upload_greentaxi_csv.py took 3.087 seconds
[2022-02-15 23:57:13,991] {processor.py:163} INFO - Started process (PID=17894) to work on /opt/airflow/dags/download_upload_greentaxi_csv.py
[2022-02-15 23:57:13,996] {processor.py:642} INFO - Processing file /opt/airflow/dags/download_upload_greentaxi_csv.py for tasks to queue
[2022-02-15 23:57:14,001] {logging_mixin.py:109} INFO - [2022-02-15 23:57:14,000] {dagbag.py:500} INFO - Filling up the DagBag from /opt/airflow/dags/download_upload_greentaxi_csv.py
[2022-02-15 23:57:17,969] {processor.py:654} INFO - DAG(s) dict_keys(['green_taxi_download_csv']) retrieved from /opt/airflow/dags/download_upload_greentaxi_csv.py
[2022-02-15 23:57:18,011] {logging_mixin.py:109} INFO - [2022-02-15 23:57:18,010] {dag.py:2396} INFO - Sync 1 DAGs
[2022-02-15 23:57:18,072] {logging_mixin.py:109} INFO - [2022-02-15 23:57:18,072] {dag.py:2935} INFO - Setting next_dagrun for green_taxi_download_csv to None
[2022-02-15 23:57:18,097] {processor.py:171} INFO - Processing /opt/airflow/dags/download_upload_greentaxi_csv.py took 4.114 seconds
[2022-02-15 23:57:48,220] {processor.py:163} INFO - Started process (PID=17989) to work on /opt/airflow/dags/download_upload_greentaxi_csv.py
[2022-02-15 23:57:48,230] {processor.py:642} INFO - Processing file /opt/airflow/dags/download_upload_greentaxi_csv.py for tasks to queue
[2022-02-15 23:57:48,235] {logging_mixin.py:109} INFO - [2022-02-15 23:57:48,235] {dagbag.py:500} INFO - Filling up the DagBag from /opt/airflow/dags/download_upload_greentaxi_csv.py
[2022-02-15 23:57:51,679] {processor.py:654} INFO - DAG(s) dict_keys(['green_taxi_download_csv']) retrieved from /opt/airflow/dags/download_upload_greentaxi_csv.py
[2022-02-15 23:57:51,749] {logging_mixin.py:109} INFO - [2022-02-15 23:57:51,748] {dag.py:2396} INFO - Sync 1 DAGs
[2022-02-15 23:57:51,852] {logging_mixin.py:109} INFO - [2022-02-15 23:57:51,851] {dag.py:2935} INFO - Setting next_dagrun for green_taxi_download_csv to None
[2022-02-15 23:57:51,880] {processor.py:171} INFO - Processing /opt/airflow/dags/download_upload_greentaxi_csv.py took 3.671 seconds
[2022-02-15 23:58:22,241] {processor.py:163} INFO - Started process (PID=18062) to work on /opt/airflow/dags/download_upload_greentaxi_csv.py
[2022-02-15 23:58:22,246] {processor.py:642} INFO - Processing file /opt/airflow/dags/download_upload_greentaxi_csv.py for tasks to queue
[2022-02-15 23:58:22,248] {logging_mixin.py:109} INFO - [2022-02-15 23:58:22,248] {dagbag.py:500} INFO - Filling up the DagBag from /opt/airflow/dags/download_upload_greentaxi_csv.py
[2022-02-15 23:58:25,676] {processor.py:654} INFO - DAG(s) dict_keys(['green_taxi_download_csv']) retrieved from /opt/airflow/dags/download_upload_greentaxi_csv.py
[2022-02-15 23:58:25,765] {logging_mixin.py:109} INFO - [2022-02-15 23:58:25,764] {dag.py:2396} INFO - Sync 1 DAGs
[2022-02-15 23:58:25,869] {logging_mixin.py:109} INFO - [2022-02-15 23:58:25,868] {dag.py:2935} INFO - Setting next_dagrun for green_taxi_download_csv to None
[2022-02-15 23:58:25,895] {processor.py:171} INFO - Processing /opt/airflow/dags/download_upload_greentaxi_csv.py took 3.660 seconds
[2022-02-15 23:58:56,573] {processor.py:163} INFO - Started process (PID=18155) to work on /opt/airflow/dags/download_upload_greentaxi_csv.py
[2022-02-15 23:58:56,578] {processor.py:642} INFO - Processing file /opt/airflow/dags/download_upload_greentaxi_csv.py for tasks to queue
[2022-02-15 23:58:56,581] {logging_mixin.py:109} INFO - [2022-02-15 23:58:56,580] {dagbag.py:500} INFO - Filling up the DagBag from /opt/airflow/dags/download_upload_greentaxi_csv.py
[2022-02-15 23:58:59,373] {processor.py:654} INFO - DAG(s) dict_keys(['green_taxi_download_csv']) retrieved from /opt/airflow/dags/download_upload_greentaxi_csv.py
[2022-02-15 23:58:59,404] {logging_mixin.py:109} INFO - [2022-02-15 23:58:59,403] {dag.py:2396} INFO - Sync 1 DAGs
[2022-02-15 23:58:59,463] {logging_mixin.py:109} INFO - [2022-02-15 23:58:59,463] {dag.py:2935} INFO - Setting next_dagrun for green_taxi_download_csv to None
[2022-02-15 23:58:59,486] {processor.py:171} INFO - Processing /opt/airflow/dags/download_upload_greentaxi_csv.py took 2.920 seconds
[2022-02-15 23:59:29,833] {processor.py:163} INFO - Started process (PID=18248) to work on /opt/airflow/dags/download_upload_greentaxi_csv.py
[2022-02-15 23:59:29,848] {processor.py:642} INFO - Processing file /opt/airflow/dags/download_upload_greentaxi_csv.py for tasks to queue
[2022-02-15 23:59:29,852] {logging_mixin.py:109} INFO - [2022-02-15 23:59:29,851] {dagbag.py:500} INFO - Filling up the DagBag from /opt/airflow/dags/download_upload_greentaxi_csv.py
[2022-02-15 23:59:33,663] {processor.py:654} INFO - DAG(s) dict_keys(['green_taxi_download_csv']) retrieved from /opt/airflow/dags/download_upload_greentaxi_csv.py
[2022-02-15 23:59:33,711] {logging_mixin.py:109} INFO - [2022-02-15 23:59:33,710] {dag.py:2396} INFO - Sync 1 DAGs
[2022-02-15 23:59:33,779] {logging_mixin.py:109} INFO - [2022-02-15 23:59:33,778] {dag.py:2935} INFO - Setting next_dagrun for green_taxi_download_csv to None
[2022-02-15 23:59:33,805] {processor.py:171} INFO - Processing /opt/airflow/dags/download_upload_greentaxi_csv.py took 3.979 seconds
