[2022-02-15 22:48:58,431] {taskinstance.py:1032} INFO - Dependencies all met for <TaskInstance: green_taxi_download_csv.green_csv_file_url scheduled__2019-07-02T06:00:00+00:00 [queued]>
[2022-02-15 22:48:58,629] {taskinstance.py:1032} INFO - Dependencies all met for <TaskInstance: green_taxi_download_csv.green_csv_file_url scheduled__2019-07-02T06:00:00+00:00 [queued]>
[2022-02-15 22:48:58,635] {taskinstance.py:1238} INFO - 
--------------------------------------------------------------------------------
[2022-02-15 22:48:58,639] {taskinstance.py:1239} INFO - Starting attempt 1 of 1
[2022-02-15 22:48:58,642] {taskinstance.py:1240} INFO - 
--------------------------------------------------------------------------------
[2022-02-15 22:48:58,897] {taskinstance.py:1259} INFO - Executing <Task(BashOperator): green_csv_file_url> on 2019-07-02 06:00:00+00:00
[2022-02-15 22:48:58,915] {standard_task_runner.py:52} INFO - Started process 5457 to run task
[2022-02-15 22:48:58,985] {standard_task_runner.py:76} INFO - Running: ['***', 'tasks', 'run', 'green_taxi_download_csv', 'green_csv_file_url', 'scheduled__2019-07-02T06:00:00+00:00', '--job-id', '763', '--raw', '--subdir', 'DAGS_FOLDER/download_upload_greentaxi_csv.py', '--cfg-path', '/tmp/tmpr0kexa3f', '--error-file', '/tmp/tmp3tvozff2']
[2022-02-15 22:48:59,006] {standard_task_runner.py:77} INFO - Job 763: Subtask green_csv_file_url
[2022-02-15 22:48:59,672] {logging_mixin.py:109} INFO - Running <TaskInstance: green_taxi_download_csv.green_csv_file_url scheduled__2019-07-02T06:00:00+00:00 [running]> on host 29988b24dbed
[2022-02-15 22:49:00,023] {warnings.py:110} WARNING - /home/***/.local/lib/python3.7/site-packages/***/utils/context.py:152: AirflowContextDeprecationWarning: Accessing 'execution_date' from the template is deprecated and will be removed in a future version. Please use 'data_interval_start' or 'logical_date' instead.
  warnings.warn(_create_deprecation_warning(key, self._deprecation_replacements[key]))

[2022-02-15 22:49:00,204] {taskinstance.py:1426} INFO - Exporting the following env vars:
AIRFLOW_CTX_DAG_OWNER=***
AIRFLOW_CTX_DAG_ID=green_taxi_download_csv
AIRFLOW_CTX_TASK_ID=green_csv_file_url
AIRFLOW_CTX_EXECUTION_DATE=2019-07-02T06:00:00+00:00
AIRFLOW_CTX_DAG_RUN_ID=scheduled__2019-07-02T06:00:00+00:00
[2022-02-15 22:49:00,219] {subprocess.py:62} INFO - Tmp dir root location: 
 /tmp
[2022-02-15 22:49:00,226] {subprocess.py:74} INFO - Running command: ['bash', '-c', 'curl -sSL https://s3.amazonaws.com/nyc-tlc/trip+data/green_tripdata_2019-07.csv > /opt/***/output_2019-07.csv']
[2022-02-15 22:49:00,329] {subprocess.py:85} INFO - Output:
[2022-02-15 22:49:05,296] {subprocess.py:93} INFO - Command exited with return code 0
[2022-02-15 22:49:05,478] {taskinstance.py:1277} INFO - Marking task as SUCCESS. dag_id=green_taxi_download_csv, task_id=green_csv_file_url, execution_date=20190702T060000, start_date=20220215T224858, end_date=20220215T224905
[2022-02-15 22:49:05,690] {local_task_job.py:154} INFO - Task exited with return code 0
[2022-02-15 22:49:06,120] {local_task_job.py:264} INFO - 1 downstream tasks scheduled from follow-on schedule check
[2022-02-15 22:52:47,704] {taskinstance.py:1032} INFO - Dependencies all met for <TaskInstance: green_taxi_download_csv.green_csv_file_url scheduled__2019-07-02T06:00:00+00:00 [queued]>
[2022-02-15 22:52:47,765] {taskinstance.py:1032} INFO - Dependencies all met for <TaskInstance: green_taxi_download_csv.green_csv_file_url scheduled__2019-07-02T06:00:00+00:00 [queued]>
[2022-02-15 22:52:47,767] {taskinstance.py:1238} INFO - 
--------------------------------------------------------------------------------
[2022-02-15 22:52:47,769] {taskinstance.py:1239} INFO - Starting attempt 1 of 1
[2022-02-15 22:52:47,771] {taskinstance.py:1240} INFO - 
--------------------------------------------------------------------------------
[2022-02-15 22:52:47,834] {taskinstance.py:1259} INFO - Executing <Task(BashOperator): green_csv_file_url> on 2019-07-02 06:00:00+00:00
[2022-02-15 22:52:47,853] {standard_task_runner.py:52} INFO - Started process 5857 to run task
[2022-02-15 22:52:47,874] {standard_task_runner.py:76} INFO - Running: ['***', 'tasks', 'run', 'green_taxi_download_csv', 'green_csv_file_url', 'scheduled__2019-07-02T06:00:00+00:00', '--job-id', '788', '--raw', '--subdir', 'DAGS_FOLDER/download_upload_greentaxi_csv.py', '--cfg-path', '/tmp/tmprh0rrnjd', '--error-file', '/tmp/tmpjl5zmy5z']
[2022-02-15 22:52:47,879] {standard_task_runner.py:77} INFO - Job 788: Subtask green_csv_file_url
[2022-02-15 22:52:48,170] {logging_mixin.py:109} INFO - Running <TaskInstance: green_taxi_download_csv.green_csv_file_url scheduled__2019-07-02T06:00:00+00:00 [running]> on host 29988b24dbed
[2022-02-15 22:52:48,603] {warnings.py:110} WARNING - /home/***/.local/lib/python3.7/site-packages/***/utils/context.py:152: AirflowContextDeprecationWarning: Accessing 'execution_date' from the template is deprecated and will be removed in a future version. Please use 'data_interval_start' or 'logical_date' instead.
  warnings.warn(_create_deprecation_warning(key, self._deprecation_replacements[key]))

[2022-02-15 22:52:48,696] {taskinstance.py:1426} INFO - Exporting the following env vars:
AIRFLOW_CTX_DAG_OWNER=***
AIRFLOW_CTX_DAG_ID=green_taxi_download_csv
AIRFLOW_CTX_TASK_ID=green_csv_file_url
AIRFLOW_CTX_EXECUTION_DATE=2019-07-02T06:00:00+00:00
AIRFLOW_CTX_DAG_RUN_ID=scheduled__2019-07-02T06:00:00+00:00
[2022-02-15 22:52:48,703] {subprocess.py:62} INFO - Tmp dir root location: 
 /tmp
[2022-02-15 22:52:48,708] {subprocess.py:74} INFO - Running command: ['bash', '-c', 'curl -sSL https://s3.amazonaws.com/nyc-tlc/trip+data/green_tripdata_2019-07.csv > /opt/***/output_2019-07.csv']
[2022-02-15 22:52:48,762] {subprocess.py:85} INFO - Output:
[2022-02-15 22:52:51,422] {subprocess.py:93} INFO - Command exited with return code 0
[2022-02-15 22:52:51,521] {taskinstance.py:1277} INFO - Marking task as SUCCESS. dag_id=green_taxi_download_csv, task_id=green_csv_file_url, execution_date=20190702T060000, start_date=20220215T225247, end_date=20220215T225251
[2022-02-15 22:52:51,622] {local_task_job.py:154} INFO - Task exited with return code 0
[2022-02-15 22:52:51,782] {local_task_job.py:264} INFO - 1 downstream tasks scheduled from follow-on schedule check
