[2022-02-02 21:58:03,310] {taskinstance.py:1032} INFO - Dependencies all met for <TaskInstance: fhv_ingest_2_gcs_dag.format_csv_2_parquet_task scheduled__2020-08-02T06:00:00+00:00 [queued]>
[2022-02-02 21:58:03,360] {taskinstance.py:1032} INFO - Dependencies all met for <TaskInstance: fhv_ingest_2_gcs_dag.format_csv_2_parquet_task scheduled__2020-08-02T06:00:00+00:00 [queued]>
[2022-02-02 21:58:03,362] {taskinstance.py:1238} INFO - 
--------------------------------------------------------------------------------
[2022-02-02 21:58:03,364] {taskinstance.py:1239} INFO - Starting attempt 1 of 1
[2022-02-02 21:58:03,365] {taskinstance.py:1240} INFO - 
--------------------------------------------------------------------------------
[2022-02-02 21:58:03,413] {taskinstance.py:1259} INFO - Executing <Task(PythonOperator): format_csv_2_parquet_task> on 2020-08-02 06:00:00+00:00
[2022-02-02 21:58:03,428] {standard_task_runner.py:52} INFO - Started process 2551 to run task
[2022-02-02 21:58:03,438] {standard_task_runner.py:76} INFO - Running: ['***', 'tasks', 'run', 'fhv_ingest_2_gcs_dag', 'format_csv_2_parquet_task', 'scheduled__2020-08-02T06:00:00+00:00', '--job-id', '494', '--raw', '--subdir', 'DAGS_FOLDER/fhv_download_ingest_gcs.py', '--cfg-path', '/tmp/tmp74_t6dms', '--error-file', '/tmp/tmp2g88er8e']
[2022-02-02 21:58:03,442] {standard_task_runner.py:77} INFO - Job 494: Subtask format_csv_2_parquet_task
[2022-02-02 21:58:03,643] {logging_mixin.py:109} INFO - Running <TaskInstance: fhv_ingest_2_gcs_dag.format_csv_2_parquet_task scheduled__2020-08-02T06:00:00+00:00 [running]> on host ee5c3eebd1b1
[2022-02-02 21:58:03,849] {warnings.py:110} WARNING - /home/***/.local/lib/python3.7/site-packages/***/utils/context.py:152: AirflowContextDeprecationWarning: Accessing 'execution_date' from the template is deprecated and will be removed in a future version. Please use 'data_interval_start' or 'logical_date' instead.
  warnings.warn(_create_deprecation_warning(key, self._deprecation_replacements[key]))

[2022-02-02 21:58:03,928] {taskinstance.py:1426} INFO - Exporting the following env vars:
AIRFLOW_CTX_DAG_OWNER=***
AIRFLOW_CTX_DAG_ID=fhv_ingest_2_gcs_dag
AIRFLOW_CTX_TASK_ID=format_csv_2_parquet_task
AIRFLOW_CTX_EXECUTION_DATE=2020-08-02T06:00:00+00:00
AIRFLOW_CTX_DAG_RUN_ID=scheduled__2020-08-02T06:00:00+00:00
[2022-02-02 21:58:06,370] {python.py:175} INFO - Done. Returned value was: None
[2022-02-02 21:58:06,706] {taskinstance.py:1277} INFO - Marking task as SUCCESS. dag_id=fhv_ingest_2_gcs_dag, task_id=format_csv_2_parquet_task, execution_date=20200802T060000, start_date=20220202T215803, end_date=20220202T215806
[2022-02-02 21:58:07,069] {local_task_job.py:154} INFO - Task exited with return code 0
[2022-02-02 21:58:07,201] {local_task_job.py:264} INFO - 1 downstream tasks scheduled from follow-on schedule check
