[2022-02-02 21:45:09,518] {taskinstance.py:1032} INFO - Dependencies all met for <TaskInstance: fhv_ingest_2_gcs_dag.fhv_file_url scheduled__2019-01-02T06:00:00+00:00 [queued]>
[2022-02-02 21:45:09,581] {taskinstance.py:1032} INFO - Dependencies all met for <TaskInstance: fhv_ingest_2_gcs_dag.fhv_file_url scheduled__2019-01-02T06:00:00+00:00 [queued]>
[2022-02-02 21:45:09,584] {taskinstance.py:1238} INFO - 
--------------------------------------------------------------------------------
[2022-02-02 21:45:09,587] {taskinstance.py:1239} INFO - Starting attempt 1 of 1
[2022-02-02 21:45:09,588] {taskinstance.py:1240} INFO - 
--------------------------------------------------------------------------------
[2022-02-02 21:45:09,669] {taskinstance.py:1259} INFO - Executing <Task(BashOperator): fhv_file_url> on 2019-01-02 06:00:00+00:00
[2022-02-02 21:45:09,681] {standard_task_runner.py:52} INFO - Started process 1299 to run task
[2022-02-02 21:45:09,708] {standard_task_runner.py:76} INFO - Running: ['***', 'tasks', 'run', 'fhv_ingest_2_gcs_dag', 'fhv_file_url', 'scheduled__2019-01-02T06:00:00+00:00', '--job-id', '430', '--raw', '--subdir', 'DAGS_FOLDER/fhv_download_ingest_gcs.py', '--cfg-path', '/tmp/tmpdmgh_ua8', '--error-file', '/tmp/tmpphb_swlt']
[2022-02-02 21:45:09,722] {standard_task_runner.py:77} INFO - Job 430: Subtask fhv_file_url
[2022-02-02 21:45:10,041] {logging_mixin.py:109} INFO - Running <TaskInstance: fhv_ingest_2_gcs_dag.fhv_file_url scheduled__2019-01-02T06:00:00+00:00 [running]> on host ee5c3eebd1b1
[2022-02-02 21:45:10,317] {warnings.py:110} WARNING - /home/***/.local/lib/python3.7/site-packages/***/utils/context.py:152: AirflowContextDeprecationWarning: Accessing 'execution_date' from the template is deprecated and will be removed in a future version. Please use 'data_interval_start' or 'logical_date' instead.
  warnings.warn(_create_deprecation_warning(key, self._deprecation_replacements[key]))

[2022-02-02 21:45:10,405] {taskinstance.py:1426} INFO - Exporting the following env vars:
AIRFLOW_CTX_DAG_OWNER=***
AIRFLOW_CTX_DAG_ID=fhv_ingest_2_gcs_dag
AIRFLOW_CTX_TASK_ID=fhv_file_url
AIRFLOW_CTX_EXECUTION_DATE=2019-01-02T06:00:00+00:00
AIRFLOW_CTX_DAG_RUN_ID=scheduled__2019-01-02T06:00:00+00:00
[2022-02-02 21:45:10,413] {subprocess.py:62} INFO - Tmp dir root location: 
 /tmp
[2022-02-02 21:45:10,417] {subprocess.py:74} INFO - Running command: ['bash', '-c', 'curl -sSLf https://nyc-tlc.s3.amazonaws.com/trip+data/fhv_tripdata_2019-01.csv > /opt/***/fhv_output_2019-01.csv']
[2022-02-02 21:45:10,470] {subprocess.py:85} INFO - Output:
[2022-02-02 21:46:23,400] {subprocess.py:93} INFO - Command exited with return code 0
[2022-02-02 21:46:23,512] {taskinstance.py:1277} INFO - Marking task as SUCCESS. dag_id=fhv_ingest_2_gcs_dag, task_id=fhv_file_url, execution_date=20190102T060000, start_date=20220202T214509, end_date=20220202T214623
[2022-02-02 21:46:23,576] {local_task_job.py:212} WARNING - State of this instance has been externally set to success. Terminating instance.
[2022-02-02 21:46:23,591] {process_utils.py:124} INFO - Sending Signals.SIGTERM to group 1299. PIDs of all processes in the group: [1299]
[2022-02-02 21:46:23,593] {process_utils.py:75} INFO - Sending the signal Signals.SIGTERM to group 1299
[2022-02-02 21:46:23,597] {process_utils.py:70} INFO - Process psutil.Process(pid=1299, status='terminated', exitcode=0, started='21:45:09') (1299) terminated with exit code 0
[2022-02-02 21:50:41,924] {taskinstance.py:1032} INFO - Dependencies all met for <TaskInstance: fhv_ingest_2_gcs_dag.fhv_file_url scheduled__2019-01-02T06:00:00+00:00 [queued]>
[2022-02-02 21:50:41,974] {taskinstance.py:1032} INFO - Dependencies all met for <TaskInstance: fhv_ingest_2_gcs_dag.fhv_file_url scheduled__2019-01-02T06:00:00+00:00 [queued]>
[2022-02-02 21:50:41,976] {taskinstance.py:1238} INFO - 
--------------------------------------------------------------------------------
[2022-02-02 21:50:41,977] {taskinstance.py:1239} INFO - Starting attempt 1 of 1
[2022-02-02 21:50:41,979] {taskinstance.py:1240} INFO - 
--------------------------------------------------------------------------------
[2022-02-02 21:50:42,028] {taskinstance.py:1259} INFO - Executing <Task(BashOperator): fhv_file_url> on 2019-01-02 06:00:00+00:00
[2022-02-02 21:50:42,040] {standard_task_runner.py:52} INFO - Started process 1666 to run task
[2022-02-02 21:50:42,049] {standard_task_runner.py:76} INFO - Running: ['***', 'tasks', 'run', 'fhv_ingest_2_gcs_dag', 'fhv_file_url', 'scheduled__2019-01-02T06:00:00+00:00', '--job-id', '439', '--raw', '--subdir', 'DAGS_FOLDER/fhv_download_ingest_gcs.py', '--cfg-path', '/tmp/tmp_p_jfai0', '--error-file', '/tmp/tmphowtcq6i']
[2022-02-02 21:50:42,052] {standard_task_runner.py:77} INFO - Job 439: Subtask fhv_file_url
[2022-02-02 21:50:42,201] {logging_mixin.py:109} INFO - Running <TaskInstance: fhv_ingest_2_gcs_dag.fhv_file_url scheduled__2019-01-02T06:00:00+00:00 [running]> on host ee5c3eebd1b1
[2022-02-02 21:50:42,324] {warnings.py:110} WARNING - /home/***/.local/lib/python3.7/site-packages/***/utils/context.py:152: AirflowContextDeprecationWarning: Accessing 'execution_date' from the template is deprecated and will be removed in a future version. Please use 'data_interval_start' or 'logical_date' instead.
  warnings.warn(_create_deprecation_warning(key, self._deprecation_replacements[key]))

[2022-02-02 21:50:42,370] {taskinstance.py:1426} INFO - Exporting the following env vars:
AIRFLOW_CTX_DAG_OWNER=***
AIRFLOW_CTX_DAG_ID=fhv_ingest_2_gcs_dag
AIRFLOW_CTX_TASK_ID=fhv_file_url
AIRFLOW_CTX_EXECUTION_DATE=2019-01-02T06:00:00+00:00
AIRFLOW_CTX_DAG_RUN_ID=scheduled__2019-01-02T06:00:00+00:00
[2022-02-02 21:50:42,374] {subprocess.py:62} INFO - Tmp dir root location: 
 /tmp
[2022-02-02 21:50:42,379] {subprocess.py:74} INFO - Running command: ['bash', '-c', 'curl -sSLf https://nyc-tlc.s3.amazonaws.com/trip+data/fhv_tripdata_2019-01.csv > /opt/***/fhv_output_2019-01.csv']
[2022-02-02 21:50:42,409] {subprocess.py:85} INFO - Output:
[2022-02-02 21:51:41,555] {subprocess.py:93} INFO - Command exited with return code 0
[2022-02-02 21:51:41,700] {taskinstance.py:1277} INFO - Marking task as SUCCESS. dag_id=fhv_ingest_2_gcs_dag, task_id=fhv_file_url, execution_date=20190102T060000, start_date=20220202T215041, end_date=20220202T215141
[2022-02-02 21:51:41,814] {local_task_job.py:154} INFO - Task exited with return code 0
[2022-02-02 21:51:41,968] {local_task_job.py:264} INFO - 1 downstream tasks scheduled from follow-on schedule check
