[2022-02-02 14:51:03,319] {taskinstance.py:1032} INFO - Dependencies all met for <TaskInstance: download_ingest_2_gcs_dag.download_file_url scheduled__2020-03-02T06:00:00+00:00 [queued]>
[2022-02-02 14:51:03,742] {taskinstance.py:1032} INFO - Dependencies all met for <TaskInstance: download_ingest_2_gcs_dag.download_file_url scheduled__2020-03-02T06:00:00+00:00 [queued]>
[2022-02-02 14:51:03,753] {taskinstance.py:1238} INFO - 
--------------------------------------------------------------------------------
[2022-02-02 14:51:03,757] {taskinstance.py:1239} INFO - Starting attempt 1 of 1
[2022-02-02 14:51:03,771] {taskinstance.py:1240} INFO - 
--------------------------------------------------------------------------------
[2022-02-02 14:51:04,318] {taskinstance.py:1259} INFO - Executing <Task(BashOperator): download_file_url> on 2020-03-02 06:00:00+00:00
[2022-02-02 14:51:04,461] {standard_task_runner.py:52} INFO - Started process 31671 to run task
[2022-02-02 14:51:04,681] {standard_task_runner.py:76} INFO - Running: ['***', 'tasks', 'run', 'download_ingest_2_gcs_dag', 'download_file_url', 'scheduled__2020-03-02T06:00:00+00:00', '--job-id', '355', '--raw', '--subdir', 'DAGS_FOLDER/download_ingest_2_gsc_assgnment.py', '--cfg-path', '/tmp/tmpkkeb1p7i', '--error-file', '/tmp/tmpzg5chj39']
[2022-02-02 14:51:04,741] {standard_task_runner.py:77} INFO - Job 355: Subtask download_file_url
[2022-02-02 14:51:07,002] {logging_mixin.py:109} INFO - Running <TaskInstance: download_ingest_2_gcs_dag.download_file_url scheduled__2020-03-02T06:00:00+00:00 [running]> on host 3082aca3aebc
[2022-02-02 14:51:08,828] {warnings.py:110} WARNING - /home/***/.local/lib/python3.7/site-packages/***/utils/context.py:152: AirflowContextDeprecationWarning: Accessing 'execution_date' from the template is deprecated and will be removed in a future version. Please use 'data_interval_start' or 'logical_date' instead.
  warnings.warn(_create_deprecation_warning(key, self._deprecation_replacements[key]))

[2022-02-02 14:51:09,362] {taskinstance.py:1426} INFO - Exporting the following env vars:
AIRFLOW_CTX_DAG_OWNER=***
AIRFLOW_CTX_DAG_ID=download_ingest_2_gcs_dag
AIRFLOW_CTX_TASK_ID=download_file_url
AIRFLOW_CTX_EXECUTION_DATE=2020-03-02T06:00:00+00:00
AIRFLOW_CTX_DAG_RUN_ID=scheduled__2020-03-02T06:00:00+00:00
[2022-02-02 14:51:09,475] {subprocess.py:62} INFO - Tmp dir root location: 
 /tmp
[2022-02-02 14:51:09,501] {subprocess.py:74} INFO - Running command: ['bash', '-c', 'curl -sSL https://s3.amazonaws.com/nyc-tlc/trip+data/yellow_tripdata_2020-03.csv > /opt/***/output_2020-03.csv']
[2022-02-02 14:51:09,892] {subprocess.py:85} INFO - Output:
[2022-02-02 14:52:18,288] {subprocess.py:93} INFO - Command exited with return code 0
[2022-02-02 14:52:20,264] {taskinstance.py:1277} INFO - Marking task as SUCCESS. dag_id=download_ingest_2_gcs_dag, task_id=download_file_url, execution_date=20200302T060000, start_date=20220202T145103, end_date=20220202T145220
[2022-02-02 14:52:20,918] {local_task_job.py:154} INFO - Task exited with return code 0
[2022-02-02 14:52:21,695] {dagrun.py:628} WARNING - Failed to get task '<TaskInstance: download_ingest_2_gcs_dag.cleanup_csv scheduled__2020-03-02T06:00:00+00:00 [removed]>' for dag 'download_ingest_2_gcs_dag'. Marking it as removed.
[2022-02-02 14:52:22,182] {local_task_job.py:264} INFO - 1 downstream tasks scheduled from follow-on schedule check
