[2022-02-02 23:19:34,398] {taskinstance.py:1032} INFO - Dependencies all met for <TaskInstance: zone_ingest_2_gcs_dag.upload_to_gcs_job_zone manual__2022-02-02T23:19:10.194243+00:00 [queued]>
[2022-02-02 23:19:34,484] {taskinstance.py:1032} INFO - Dependencies all met for <TaskInstance: zone_ingest_2_gcs_dag.upload_to_gcs_job_zone manual__2022-02-02T23:19:10.194243+00:00 [queued]>
[2022-02-02 23:19:34,487] {taskinstance.py:1238} INFO - 
--------------------------------------------------------------------------------
[2022-02-02 23:19:34,490] {taskinstance.py:1239} INFO - Starting attempt 1 of 1
[2022-02-02 23:19:34,492] {taskinstance.py:1240} INFO - 
--------------------------------------------------------------------------------
[2022-02-02 23:19:34,625] {taskinstance.py:1259} INFO - Executing <Task(PythonOperator): upload_to_gcs_job_zone> on 2022-02-02 23:19:10.194243+00:00
[2022-02-02 23:19:34,648] {standard_task_runner.py:52} INFO - Started process 7088 to run task
[2022-02-02 23:19:34,694] {standard_task_runner.py:76} INFO - Running: ['***', 'tasks', 'run', 'zone_ingest_2_gcs_dag', 'upload_to_gcs_job_zone', 'manual__2022-02-02T23:19:10.194243+00:00', '--job-id', '517', '--raw', '--subdir', 'DAGS_FOLDER/zone_download_ingest_gcs.py', '--cfg-path', '/tmp/tmpm668kcpi', '--error-file', '/tmp/tmpmckfo9ff']
[2022-02-02 23:19:34,707] {standard_task_runner.py:77} INFO - Job 517: Subtask upload_to_gcs_job_zone
[2022-02-02 23:19:35,140] {logging_mixin.py:109} INFO - Running <TaskInstance: zone_ingest_2_gcs_dag.upload_to_gcs_job_zone manual__2022-02-02T23:19:10.194243+00:00 [running]> on host ee5c3eebd1b1
[2022-02-02 23:19:35,429] {taskinstance.py:1426} INFO - Exporting the following env vars:
AIRFLOW_CTX_DAG_OWNER=***
AIRFLOW_CTX_DAG_ID=zone_ingest_2_gcs_dag
AIRFLOW_CTX_TASK_ID=upload_to_gcs_job_zone
AIRFLOW_CTX_EXECUTION_DATE=2022-02-02T23:19:10.194243+00:00
AIRFLOW_CTX_DAG_RUN_ID=manual__2022-02-02T23:19:10.194243+00:00
[2022-02-02 23:19:36,563] {python.py:175} INFO - Done. Returned value was: None
[2022-02-02 23:19:36,653] {taskinstance.py:1277} INFO - Marking task as SUCCESS. dag_id=zone_ingest_2_gcs_dag, task_id=upload_to_gcs_job_zone, execution_date=20220202T231910, start_date=20220202T231934, end_date=20220202T231936
[2022-02-02 23:19:36,832] {local_task_job.py:154} INFO - Task exited with return code 0
[2022-02-02 23:19:37,027] {local_task_job.py:264} INFO - 1 downstream tasks scheduled from follow-on schedule check
