[2022-02-04 04:42:02,870] {taskinstance.py:1032} INFO - Dependencies all met for <TaskInstance: ingest_2_postgres_dag.ingest2 scheduled__2022-01-02T06:00:00+00:00 [queued]>
[2022-02-04 04:42:02,912] {taskinstance.py:1032} INFO - Dependencies all met for <TaskInstance: ingest_2_postgres_dag.ingest2 scheduled__2022-01-02T06:00:00+00:00 [queued]>
[2022-02-04 04:42:02,914] {taskinstance.py:1238} INFO - 
--------------------------------------------------------------------------------
[2022-02-04 04:42:02,916] {taskinstance.py:1239} INFO - Starting attempt 1 of 1
[2022-02-04 04:42:02,917] {taskinstance.py:1240} INFO - 
--------------------------------------------------------------------------------
[2022-02-04 04:42:02,961] {taskinstance.py:1259} INFO - Executing <Task(PythonOperator): ingest2> on 2022-01-02 06:00:00+00:00
[2022-02-04 04:42:02,970] {standard_task_runner.py:52} INFO - Started process 3058 to run task
[2022-02-04 04:42:02,979] {standard_task_runner.py:76} INFO - Running: ['***', 'tasks', 'run', 'ingest_2_postgres_dag', 'ingest2', 'scheduled__2022-01-02T06:00:00+00:00', '--job-id', '530', '--raw', '--subdir', 'DAGS_FOLDER/ingest_data_2_postgres.py', '--cfg-path', '/tmp/tmpv1dq66p9', '--error-file', '/tmp/tmp30rlltjs']
[2022-02-04 04:42:02,982] {standard_task_runner.py:77} INFO - Job 530: Subtask ingest2
[2022-02-04 04:42:03,124] {logging_mixin.py:109} INFO - Running <TaskInstance: ingest_2_postgres_dag.ingest2 scheduled__2022-01-02T06:00:00+00:00 [running]> on host 5ef54cb9f374
[2022-02-04 04:42:03,273] {warnings.py:110} WARNING - /home/***/.local/lib/python3.7/site-packages/***/utils/context.py:152: AirflowContextDeprecationWarning: Accessing 'execution_date' from the template is deprecated and will be removed in a future version. Please use 'data_interval_start' or 'logical_date' instead.
  warnings.warn(_create_deprecation_warning(key, self._deprecation_replacements[key]))

[2022-02-04 04:42:03,324] {taskinstance.py:1426} INFO - Exporting the following env vars:
AIRFLOW_CTX_DAG_OWNER=***
AIRFLOW_CTX_DAG_ID=ingest_2_postgres_dag
AIRFLOW_CTX_TASK_ID=ingest2
AIRFLOW_CTX_EXECUTION_DATE=2022-01-02T06:00:00+00:00
AIRFLOW_CTX_DAG_RUN_ID=scheduled__2022-01-02T06:00:00+00:00
[2022-02-04 04:42:03,328] {logging_mixin.py:109} INFO - ?? /opt/***/output_2022-01.csv
[2022-02-04 04:42:03,369] {python.py:175} INFO - Done. Returned value was: None
[2022-02-04 04:42:03,415] {taskinstance.py:1277} INFO - Marking task as SUCCESS. dag_id=ingest_2_postgres_dag, task_id=ingest2, execution_date=20220102T060000, start_date=20220204T044202, end_date=20220204T044203
[2022-02-04 04:42:03,516] {local_task_job.py:154} INFO - Task exited with return code 0
[2022-02-04 04:42:03,608] {local_task_job.py:264} INFO - 0 downstream tasks scheduled from follow-on schedule check
