[2022-02-02 21:58:44,359] {taskinstance.py:1032} INFO - Dependencies all met for <TaskInstance: fhv_ingest_2_gcs_dag.format_csv_2_parquet_task scheduled__2020-10-02T06:00:00+00:00 [queued]>
[2022-02-02 21:58:44,425] {taskinstance.py:1032} INFO - Dependencies all met for <TaskInstance: fhv_ingest_2_gcs_dag.format_csv_2_parquet_task scheduled__2020-10-02T06:00:00+00:00 [queued]>
[2022-02-02 21:58:44,428] {taskinstance.py:1238} INFO - 
--------------------------------------------------------------------------------
[2022-02-02 21:58:44,430] {taskinstance.py:1239} INFO - Starting attempt 1 of 1
[2022-02-02 21:58:44,432] {taskinstance.py:1240} INFO - 
--------------------------------------------------------------------------------
[2022-02-02 21:58:44,508] {taskinstance.py:1259} INFO - Executing <Task(PythonOperator): format_csv_2_parquet_task> on 2020-10-02 06:00:00+00:00
[2022-02-02 21:58:44,531] {standard_task_runner.py:52} INFO - Started process 2655 to run task
[2022-02-02 21:58:44,555] {standard_task_runner.py:76} INFO - Running: ['***', 'tasks', 'run', 'fhv_ingest_2_gcs_dag', 'format_csv_2_parquet_task', 'scheduled__2020-10-02T06:00:00+00:00', '--job-id', '502', '--raw', '--subdir', 'DAGS_FOLDER/fhv_download_ingest_gcs.py', '--cfg-path', '/tmp/tmp3421_ay6', '--error-file', '/tmp/tmpck7mhht6']
[2022-02-02 21:58:44,568] {standard_task_runner.py:77} INFO - Job 502: Subtask format_csv_2_parquet_task
[2022-02-02 21:58:45,002] {logging_mixin.py:109} INFO - Running <TaskInstance: fhv_ingest_2_gcs_dag.format_csv_2_parquet_task scheduled__2020-10-02T06:00:00+00:00 [running]> on host ee5c3eebd1b1
[2022-02-02 21:58:45,187] {warnings.py:110} WARNING - /home/***/.local/lib/python3.7/site-packages/***/utils/context.py:152: AirflowContextDeprecationWarning: Accessing 'execution_date' from the template is deprecated and will be removed in a future version. Please use 'data_interval_start' or 'logical_date' instead.
  warnings.warn(_create_deprecation_warning(key, self._deprecation_replacements[key]))

[2022-02-02 21:58:45,250] {taskinstance.py:1426} INFO - Exporting the following env vars:
AIRFLOW_CTX_DAG_OWNER=***
AIRFLOW_CTX_DAG_ID=fhv_ingest_2_gcs_dag
AIRFLOW_CTX_TASK_ID=format_csv_2_parquet_task
AIRFLOW_CTX_EXECUTION_DATE=2020-10-02T06:00:00+00:00
AIRFLOW_CTX_DAG_RUN_ID=scheduled__2020-10-02T06:00:00+00:00
[2022-02-02 21:58:48,855] {python.py:175} INFO - Done. Returned value was: None
[2022-02-02 21:58:48,976] {taskinstance.py:1277} INFO - Marking task as SUCCESS. dag_id=fhv_ingest_2_gcs_dag, task_id=format_csv_2_parquet_task, execution_date=20201002T060000, start_date=20220202T215844, end_date=20220202T215848
[2022-02-02 21:58:49,218] {local_task_job.py:154} INFO - Task exited with return code 0
[2022-02-02 21:58:49,444] {local_task_job.py:264} INFO - 0 downstream tasks scheduled from follow-on schedule check
