[2022-01-27 14:11:56,443] {taskinstance.py:1032} INFO - Dependencies all met for <TaskInstance: data_ingestion_gcs_dag.local_to_gcs_task manual__2022-01-27T14:11:18.252016+00:00 [queued]>
[2022-01-27 14:11:56,485] {taskinstance.py:1032} INFO - Dependencies all met for <TaskInstance: data_ingestion_gcs_dag.local_to_gcs_task manual__2022-01-27T14:11:18.252016+00:00 [queued]>
[2022-01-27 14:11:56,486] {taskinstance.py:1238} INFO - 
--------------------------------------------------------------------------------
[2022-01-27 14:11:56,488] {taskinstance.py:1239} INFO - Starting attempt 1 of 2
[2022-01-27 14:11:56,490] {taskinstance.py:1240} INFO - 
--------------------------------------------------------------------------------
[2022-01-27 14:11:56,538] {taskinstance.py:1259} INFO - Executing <Task(PythonOperator): local_to_gcs_task> on 2022-01-27 14:11:18.252016+00:00
[2022-01-27 14:11:56,550] {standard_task_runner.py:52} INFO - Started process 691 to run task
[2022-01-27 14:11:56,558] {standard_task_runner.py:76} INFO - Running: ['***', 'tasks', 'run', 'data_ingestion_gcs_dag', 'local_to_gcs_task', 'manual__2022-01-27T14:11:18.252016+00:00', '--job-id', '6', '--raw', '--subdir', 'DAGS_FOLDER/data_ingestion_gcs_dag.py', '--cfg-path', '/tmp/tmp6utw2j3f', '--error-file', '/tmp/tmp2qw12f8j']
[2022-01-27 14:11:56,561] {standard_task_runner.py:77} INFO - Job 6: Subtask local_to_gcs_task
[2022-01-27 14:11:56,707] {logging_mixin.py:109} INFO - Running <TaskInstance: data_ingestion_gcs_dag.local_to_gcs_task manual__2022-01-27T14:11:18.252016+00:00 [running]> on host 7b36948ad079
[2022-01-27 14:11:56,894] {taskinstance.py:1426} INFO - Exporting the following env vars:
AIRFLOW_CTX_DAG_OWNER=***
AIRFLOW_CTX_DAG_ID=data_ingestion_gcs_dag
AIRFLOW_CTX_TASK_ID=local_to_gcs_task
AIRFLOW_CTX_EXECUTION_DATE=2022-01-27T14:11:18.252016+00:00
AIRFLOW_CTX_DAG_RUN_ID=manual__2022-01-27T14:11:18.252016+00:00
[2022-01-27 14:12:15,566] {python.py:175} INFO - Done. Returned value was: None
[2022-01-27 14:12:15,634] {taskinstance.py:1277} INFO - Marking task as SUCCESS. dag_id=data_ingestion_gcs_dag, task_id=local_to_gcs_task, execution_date=20220127T141118, start_date=20220127T141156, end_date=20220127T141215
[2022-01-27 14:12:15,742] {local_task_job.py:154} INFO - Task exited with return code 0
[2022-01-27 14:12:15,832] {local_task_job.py:264} INFO - 0 downstream tasks scheduled from follow-on schedule check
