[2022-02-02 16:41:23,514] {taskinstance.py:1032} INFO - Dependencies all met for <TaskInstance: download_ingest_2_gcs_dag.cleanup_csv scheduled__2019-12-02T06:00:00+00:00 [queued]>
[2022-02-02 16:41:23,572] {taskinstance.py:1032} INFO - Dependencies all met for <TaskInstance: download_ingest_2_gcs_dag.cleanup_csv scheduled__2019-12-02T06:00:00+00:00 [queued]>
[2022-02-02 16:41:23,574] {taskinstance.py:1238} INFO - 
--------------------------------------------------------------------------------
[2022-02-02 16:41:23,576] {taskinstance.py:1239} INFO - Starting attempt 1 of 1
[2022-02-02 16:41:23,577] {taskinstance.py:1240} INFO - 
--------------------------------------------------------------------------------
[2022-02-02 16:41:23,631] {taskinstance.py:1259} INFO - Executing <Task(BashOperator): cleanup_csv> on 2019-12-02 06:00:00+00:00
[2022-02-02 16:41:23,649] {standard_task_runner.py:52} INFO - Started process 33480 to run task
[2022-02-02 16:41:23,658] {standard_task_runner.py:76} INFO - Running: ['***', 'tasks', 'run', 'download_ingest_2_gcs_dag', 'cleanup_csv', 'scheduled__2019-12-02T06:00:00+00:00', '--job-id', '406', '--raw', '--subdir', 'DAGS_FOLDER/download_ingest_2_gsc_assgnment.py', '--cfg-path', '/tmp/tmpiq7but94', '--error-file', '/tmp/tmpx0ooivzc']
[2022-02-02 16:41:23,662] {standard_task_runner.py:77} INFO - Job 406: Subtask cleanup_csv
[2022-02-02 16:41:23,847] {logging_mixin.py:109} INFO - Running <TaskInstance: download_ingest_2_gcs_dag.cleanup_csv scheduled__2019-12-02T06:00:00+00:00 [running]> on host 3082aca3aebc
[2022-02-02 16:41:24,052] {warnings.py:110} WARNING - /home/***/.local/lib/python3.7/site-packages/***/utils/context.py:152: AirflowContextDeprecationWarning: Accessing 'execution_date' from the template is deprecated and will be removed in a future version. Please use 'data_interval_start' or 'logical_date' instead.
  warnings.warn(_create_deprecation_warning(key, self._deprecation_replacements[key]))

[2022-02-02 16:41:24,113] {taskinstance.py:1426} INFO - Exporting the following env vars:
AIRFLOW_CTX_DAG_OWNER=***
AIRFLOW_CTX_DAG_ID=download_ingest_2_gcs_dag
AIRFLOW_CTX_TASK_ID=cleanup_csv
AIRFLOW_CTX_EXECUTION_DATE=2019-12-02T06:00:00+00:00
AIRFLOW_CTX_DAG_RUN_ID=scheduled__2019-12-02T06:00:00+00:00
[2022-02-02 16:41:24,118] {subprocess.py:62} INFO - Tmp dir root location: 
 /tmp
[2022-02-02 16:41:24,122] {subprocess.py:74} INFO - Running command: ['bash', '-c', 'rm /opt/***/output_2019-12.csv']
[2022-02-02 16:41:24,150] {subprocess.py:85} INFO - Output:
[2022-02-02 16:41:25,018] {subprocess.py:93} INFO - Command exited with return code 0
[2022-02-02 16:41:25,112] {taskinstance.py:1277} INFO - Marking task as SUCCESS. dag_id=download_ingest_2_gcs_dag, task_id=cleanup_csv, execution_date=20191202T060000, start_date=20220202T164123, end_date=20220202T164125
[2022-02-02 16:41:25,188] {local_task_job.py:154} INFO - Task exited with return code 0
[2022-02-02 16:41:25,327] {local_task_job.py:264} INFO - 0 downstream tasks scheduled from follow-on schedule check
