[2022-02-15 22:47:27,365] {taskinstance.py:1032} INFO - Dependencies all met for <TaskInstance: green_taxi_download_csv.green_csv_file_url scheduled__2019-01-02T06:00:00+00:00 [queued]>
[2022-02-15 22:47:27,600] {taskinstance.py:1032} INFO - Dependencies all met for <TaskInstance: green_taxi_download_csv.green_csv_file_url scheduled__2019-01-02T06:00:00+00:00 [queued]>
[2022-02-15 22:47:27,607] {taskinstance.py:1238} INFO - 
--------------------------------------------------------------------------------
[2022-02-15 22:47:27,617] {taskinstance.py:1239} INFO - Starting attempt 1 of 1
[2022-02-15 22:47:27,622] {taskinstance.py:1240} INFO - 
--------------------------------------------------------------------------------
[2022-02-15 22:47:27,866] {taskinstance.py:1259} INFO - Executing <Task(BashOperator): green_csv_file_url> on 2019-01-02 06:00:00+00:00
[2022-02-15 22:47:27,925] {standard_task_runner.py:52} INFO - Started process 5239 to run task
[2022-02-15 22:47:27,966] {standard_task_runner.py:76} INFO - Running: ['***', 'tasks', 'run', 'green_taxi_download_csv', 'green_csv_file_url', 'scheduled__2019-01-02T06:00:00+00:00', '--job-id', '747', '--raw', '--subdir', 'DAGS_FOLDER/download_upload_greentaxi_csv.py', '--cfg-path', '/tmp/tmpaesgtfdw', '--error-file', '/tmp/tmpv7tpmw0e']
[2022-02-15 22:47:27,994] {standard_task_runner.py:77} INFO - Job 747: Subtask green_csv_file_url
[2022-02-15 22:47:28,732] {logging_mixin.py:109} INFO - Running <TaskInstance: green_taxi_download_csv.green_csv_file_url scheduled__2019-01-02T06:00:00+00:00 [running]> on host 29988b24dbed
[2022-02-15 22:47:29,341] {warnings.py:110} WARNING - /home/***/.local/lib/python3.7/site-packages/***/utils/context.py:152: AirflowContextDeprecationWarning: Accessing 'execution_date' from the template is deprecated and will be removed in a future version. Please use 'data_interval_start' or 'logical_date' instead.
  warnings.warn(_create_deprecation_warning(key, self._deprecation_replacements[key]))

[2022-02-15 22:47:29,493] {taskinstance.py:1426} INFO - Exporting the following env vars:
AIRFLOW_CTX_DAG_OWNER=***
AIRFLOW_CTX_DAG_ID=green_taxi_download_csv
AIRFLOW_CTX_TASK_ID=green_csv_file_url
AIRFLOW_CTX_EXECUTION_DATE=2019-01-02T06:00:00+00:00
AIRFLOW_CTX_DAG_RUN_ID=scheduled__2019-01-02T06:00:00+00:00
[2022-02-15 22:47:29,505] {subprocess.py:62} INFO - Tmp dir root location: 
 /tmp
[2022-02-15 22:47:29,517] {subprocess.py:74} INFO - Running command: ['bash', '-c', 'curl -sSL https://s3.amazonaws.com/nyc-tlc/trip+data/green_tripdata_2019-01.csv > /opt/***/output_2019-01.csv']
[2022-02-15 22:47:29,611] {subprocess.py:85} INFO - Output:
[2022-02-15 22:48:04,257] {subprocess.py:93} INFO - Command exited with return code 0
[2022-02-15 22:48:04,487] {taskinstance.py:1277} INFO - Marking task as SUCCESS. dag_id=green_taxi_download_csv, task_id=green_csv_file_url, execution_date=20190102T060000, start_date=20220215T224727, end_date=20220215T224804
[2022-02-15 22:48:04,655] {local_task_job.py:212} WARNING - State of this instance has been externally set to success. Terminating instance.
[2022-02-15 22:51:18,537] {taskinstance.py:1032} INFO - Dependencies all met for <TaskInstance: green_taxi_download_csv.green_csv_file_url scheduled__2019-01-02T06:00:00+00:00 [queued]>
[2022-02-15 22:51:18,644] {taskinstance.py:1032} INFO - Dependencies all met for <TaskInstance: green_taxi_download_csv.green_csv_file_url scheduled__2019-01-02T06:00:00+00:00 [queued]>
[2022-02-15 22:51:18,646] {taskinstance.py:1238} INFO - 
--------------------------------------------------------------------------------
[2022-02-15 22:51:18,649] {taskinstance.py:1239} INFO - Starting attempt 1 of 1
[2022-02-15 22:51:18,650] {taskinstance.py:1240} INFO - 
--------------------------------------------------------------------------------
[2022-02-15 22:51:18,747] {taskinstance.py:1259} INFO - Executing <Task(BashOperator): green_csv_file_url> on 2019-01-02 06:00:00+00:00
[2022-02-15 22:51:18,765] {standard_task_runner.py:52} INFO - Started process 5682 to run task
[2022-02-15 22:51:18,794] {standard_task_runner.py:76} INFO - Running: ['***', 'tasks', 'run', 'green_taxi_download_csv', 'green_csv_file_url', 'scheduled__2019-01-02T06:00:00+00:00', '--job-id', '776', '--raw', '--subdir', 'DAGS_FOLDER/download_upload_greentaxi_csv.py', '--cfg-path', '/tmp/tmpjk4hutcr', '--error-file', '/tmp/tmpgwuyj28o']
[2022-02-15 22:51:18,800] {standard_task_runner.py:77} INFO - Job 776: Subtask green_csv_file_url
[2022-02-15 22:51:19,156] {logging_mixin.py:109} INFO - Running <TaskInstance: green_taxi_download_csv.green_csv_file_url scheduled__2019-01-02T06:00:00+00:00 [running]> on host 29988b24dbed
[2022-02-15 22:51:19,462] {warnings.py:110} WARNING - /home/***/.local/lib/python3.7/site-packages/***/utils/context.py:152: AirflowContextDeprecationWarning: Accessing 'execution_date' from the template is deprecated and will be removed in a future version. Please use 'data_interval_start' or 'logical_date' instead.
  warnings.warn(_create_deprecation_warning(key, self._deprecation_replacements[key]))

[2022-02-15 22:51:19,594] {taskinstance.py:1426} INFO - Exporting the following env vars:
AIRFLOW_CTX_DAG_OWNER=***
AIRFLOW_CTX_DAG_ID=green_taxi_download_csv
AIRFLOW_CTX_TASK_ID=green_csv_file_url
AIRFLOW_CTX_EXECUTION_DATE=2019-01-02T06:00:00+00:00
AIRFLOW_CTX_DAG_RUN_ID=scheduled__2019-01-02T06:00:00+00:00
[2022-02-15 22:51:19,602] {subprocess.py:62} INFO - Tmp dir root location: 
 /tmp
[2022-02-15 22:51:19,607] {subprocess.py:74} INFO - Running command: ['bash', '-c', 'curl -sSL https://s3.amazonaws.com/nyc-tlc/trip+data/green_tripdata_2019-01.csv > /opt/***/output_2019-01.csv']
[2022-02-15 22:51:19,663] {subprocess.py:85} INFO - Output:
[2022-02-15 22:51:23,700] {subprocess.py:93} INFO - Command exited with return code 0
[2022-02-15 22:51:23,909] {taskinstance.py:1277} INFO - Marking task as SUCCESS. dag_id=green_taxi_download_csv, task_id=green_csv_file_url, execution_date=20190102T060000, start_date=20220215T225118, end_date=20220215T225123
[2022-02-15 22:51:24,052] {local_task_job.py:154} INFO - Task exited with return code 0
[2022-02-15 22:51:24,189] {local_task_job.py:264} INFO - 1 downstream tasks scheduled from follow-on schedule check
