[2022-02-15 22:01:03,045] {taskinstance.py:1032} INFO - Dependencies all met for <TaskInstance: yellow_taxi_download_csv.csv_to_gcs_job scheduled__2020-10-02T06:00:00+00:00 [queued]>
[2022-02-15 22:01:03,106] {taskinstance.py:1032} INFO - Dependencies all met for <TaskInstance: yellow_taxi_download_csv.csv_to_gcs_job scheduled__2020-10-02T06:00:00+00:00 [queued]>
[2022-02-15 22:01:03,108] {taskinstance.py:1238} INFO - 
--------------------------------------------------------------------------------
[2022-02-15 22:01:03,110] {taskinstance.py:1239} INFO - Starting attempt 1 of 1
[2022-02-15 22:01:03,111] {taskinstance.py:1240} INFO - 
--------------------------------------------------------------------------------
[2022-02-15 22:01:03,196] {taskinstance.py:1259} INFO - Executing <Task(PythonOperator): csv_to_gcs_job> on 2020-10-02 06:00:00+00:00
[2022-02-15 22:01:03,221] {standard_task_runner.py:52} INFO - Started process 2716 to run task
[2022-02-15 22:01:03,247] {standard_task_runner.py:76} INFO - Running: ['***', 'tasks', 'run', 'yellow_taxi_download_csv', 'csv_to_gcs_job', 'scheduled__2020-10-02T06:00:00+00:00', '--job-id', '735', '--raw', '--subdir', 'DAGS_FOLDER/download_upload_yellowtaxi_csv.py', '--cfg-path', '/tmp/tmpyg7zuve9', '--error-file', '/tmp/tmp0r53yd9r']
[2022-02-15 22:01:03,255] {standard_task_runner.py:77} INFO - Job 735: Subtask csv_to_gcs_job
[2022-02-15 22:01:03,505] {logging_mixin.py:109} INFO - Running <TaskInstance: yellow_taxi_download_csv.csv_to_gcs_job scheduled__2020-10-02T06:00:00+00:00 [running]> on host 29988b24dbed
[2022-02-15 22:01:03,723] {warnings.py:110} WARNING - /home/***/.local/lib/python3.7/site-packages/***/utils/context.py:152: AirflowContextDeprecationWarning: Accessing 'execution_date' from the template is deprecated and will be removed in a future version. Please use 'data_interval_start' or 'logical_date' instead.
  warnings.warn(_create_deprecation_warning(key, self._deprecation_replacements[key]))

[2022-02-15 22:01:03,914] {taskinstance.py:1426} INFO - Exporting the following env vars:
AIRFLOW_CTX_DAG_OWNER=***
AIRFLOW_CTX_DAG_ID=yellow_taxi_download_csv
AIRFLOW_CTX_TASK_ID=csv_to_gcs_job
AIRFLOW_CTX_EXECUTION_DATE=2020-10-02T06:00:00+00:00
AIRFLOW_CTX_DAG_RUN_ID=scheduled__2020-10-02T06:00:00+00:00
[2022-02-15 22:01:50,840] {python.py:175} INFO - Done. Returned value was: None
[2022-02-15 22:01:51,010] {taskinstance.py:1277} INFO - Marking task as SUCCESS. dag_id=yellow_taxi_download_csv, task_id=csv_to_gcs_job, execution_date=20201002T060000, start_date=20220215T220103, end_date=20220215T220151
[2022-02-15 22:01:51,312] {local_task_job.py:154} INFO - Task exited with return code 0
[2022-02-15 22:01:51,481] {local_task_job.py:264} INFO - 0 downstream tasks scheduled from follow-on schedule check
