[2022-02-15 22:47:43,328] {taskinstance.py:1032} INFO - Dependencies all met for <TaskInstance: green_taxi_download_csv.green_csv_to_gcs_job scheduled__2019-02-02T06:00:00+00:00 [queued]>
[2022-02-15 22:47:43,444] {taskinstance.py:1032} INFO - Dependencies all met for <TaskInstance: green_taxi_download_csv.green_csv_to_gcs_job scheduled__2019-02-02T06:00:00+00:00 [queued]>
[2022-02-15 22:47:43,448] {taskinstance.py:1238} INFO - 
--------------------------------------------------------------------------------
[2022-02-15 22:47:43,451] {taskinstance.py:1239} INFO - Starting attempt 1 of 1
[2022-02-15 22:47:43,454] {taskinstance.py:1240} INFO - 
--------------------------------------------------------------------------------
[2022-02-15 22:47:43,539] {taskinstance.py:1259} INFO - Executing <Task(PythonOperator): green_csv_to_gcs_job> on 2019-02-02 06:00:00+00:00
[2022-02-15 22:47:43,555] {standard_task_runner.py:52} INFO - Started process 5293 to run task
[2022-02-15 22:47:43,582] {standard_task_runner.py:76} INFO - Running: ['***', 'tasks', 'run', 'green_taxi_download_csv', 'green_csv_to_gcs_job', 'scheduled__2019-02-02T06:00:00+00:00', '--job-id', '752', '--raw', '--subdir', 'DAGS_FOLDER/download_upload_greentaxi_csv.py', '--cfg-path', '/tmp/tmp9px4ym4d', '--error-file', '/tmp/tmpg2ksr0i0']
[2022-02-15 22:47:43,587] {standard_task_runner.py:77} INFO - Job 752: Subtask green_csv_to_gcs_job
[2022-02-15 22:47:43,851] {logging_mixin.py:109} INFO - Running <TaskInstance: green_taxi_download_csv.green_csv_to_gcs_job scheduled__2019-02-02T06:00:00+00:00 [running]> on host 29988b24dbed
[2022-02-15 22:47:44,086] {warnings.py:110} WARNING - /home/***/.local/lib/python3.7/site-packages/***/utils/context.py:152: AirflowContextDeprecationWarning: Accessing 'execution_date' from the template is deprecated and will be removed in a future version. Please use 'data_interval_start' or 'logical_date' instead.
  warnings.warn(_create_deprecation_warning(key, self._deprecation_replacements[key]))

[2022-02-15 22:47:44,189] {taskinstance.py:1426} INFO - Exporting the following env vars:
AIRFLOW_CTX_DAG_OWNER=***
AIRFLOW_CTX_DAG_ID=green_taxi_download_csv
AIRFLOW_CTX_TASK_ID=green_csv_to_gcs_job
AIRFLOW_CTX_EXECUTION_DATE=2019-02-02T06:00:00+00:00
AIRFLOW_CTX_DAG_RUN_ID=scheduled__2019-02-02T06:00:00+00:00
[2022-02-15 22:47:56,557] {python.py:175} INFO - Done. Returned value was: None
[2022-02-15 22:47:56,612] {taskinstance.py:1277} INFO - Marking task as SUCCESS. dag_id=green_taxi_download_csv, task_id=green_csv_to_gcs_job, execution_date=20190202T060000, start_date=20220215T224743, end_date=20220215T224756
[2022-02-15 22:47:56,718] {local_task_job.py:154} INFO - Task exited with return code 0
[2022-02-15 22:47:56,833] {local_task_job.py:264} INFO - 0 downstream tasks scheduled from follow-on schedule check
[2022-02-15 22:51:45,145] {taskinstance.py:1032} INFO - Dependencies all met for <TaskInstance: green_taxi_download_csv.green_csv_to_gcs_job scheduled__2019-02-02T06:00:00+00:00 [queued]>
[2022-02-15 22:51:45,202] {taskinstance.py:1032} INFO - Dependencies all met for <TaskInstance: green_taxi_download_csv.green_csv_to_gcs_job scheduled__2019-02-02T06:00:00+00:00 [queued]>
[2022-02-15 22:51:45,204] {taskinstance.py:1238} INFO - 
--------------------------------------------------------------------------------
[2022-02-15 22:51:45,207] {taskinstance.py:1239} INFO - Starting attempt 1 of 1
[2022-02-15 22:51:45,209] {taskinstance.py:1240} INFO - 
--------------------------------------------------------------------------------
[2022-02-15 22:51:45,269] {taskinstance.py:1259} INFO - Executing <Task(PythonOperator): green_csv_to_gcs_job> on 2019-02-02 06:00:00+00:00
[2022-02-15 22:51:45,281] {standard_task_runner.py:52} INFO - Started process 5749 to run task
[2022-02-15 22:51:45,292] {standard_task_runner.py:76} INFO - Running: ['***', 'tasks', 'run', 'green_taxi_download_csv', 'green_csv_to_gcs_job', 'scheduled__2019-02-02T06:00:00+00:00', '--job-id', '781', '--raw', '--subdir', 'DAGS_FOLDER/download_upload_greentaxi_csv.py', '--cfg-path', '/tmp/tmpp0fnucfg', '--error-file', '/tmp/tmpiwncbd5k']
[2022-02-15 22:51:45,297] {standard_task_runner.py:77} INFO - Job 781: Subtask green_csv_to_gcs_job
[2022-02-15 22:51:45,487] {logging_mixin.py:109} INFO - Running <TaskInstance: green_taxi_download_csv.green_csv_to_gcs_job scheduled__2019-02-02T06:00:00+00:00 [running]> on host 29988b24dbed
[2022-02-15 22:51:45,625] {warnings.py:110} WARNING - /home/***/.local/lib/python3.7/site-packages/***/utils/context.py:152: AirflowContextDeprecationWarning: Accessing 'execution_date' from the template is deprecated and will be removed in a future version. Please use 'data_interval_start' or 'logical_date' instead.
  warnings.warn(_create_deprecation_warning(key, self._deprecation_replacements[key]))

[2022-02-15 22:51:45,689] {taskinstance.py:1426} INFO - Exporting the following env vars:
AIRFLOW_CTX_DAG_OWNER=***
AIRFLOW_CTX_DAG_ID=green_taxi_download_csv
AIRFLOW_CTX_TASK_ID=green_csv_to_gcs_job
AIRFLOW_CTX_EXECUTION_DATE=2019-02-02T06:00:00+00:00
AIRFLOW_CTX_DAG_RUN_ID=scheduled__2019-02-02T06:00:00+00:00
[2022-02-15 22:51:58,259] {python.py:175} INFO - Done. Returned value was: None
[2022-02-15 22:51:58,427] {taskinstance.py:1277} INFO - Marking task as SUCCESS. dag_id=green_taxi_download_csv, task_id=green_csv_to_gcs_job, execution_date=20190202T060000, start_date=20220215T225145, end_date=20220215T225158
[2022-02-15 22:51:58,667] {local_task_job.py:154} INFO - Task exited with return code 0
[2022-02-15 22:51:58,867] {local_task_job.py:264} INFO - 0 downstream tasks scheduled from follow-on schedule check
