[2022-02-15 22:48:41,881] {taskinstance.py:1032} INFO - Dependencies all met for <TaskInstance: green_taxi_download_csv.cleanup_csv scheduled__2019-06-02T06:00:00+00:00 [queued]>
[2022-02-15 22:48:41,945] {taskinstance.py:1032} INFO - Dependencies all met for <TaskInstance: green_taxi_download_csv.cleanup_csv scheduled__2019-06-02T06:00:00+00:00 [queued]>
[2022-02-15 22:48:41,947] {taskinstance.py:1238} INFO - 
--------------------------------------------------------------------------------
[2022-02-15 22:48:41,949] {taskinstance.py:1239} INFO - Starting attempt 1 of 1
[2022-02-15 22:48:41,952] {taskinstance.py:1240} INFO - 
--------------------------------------------------------------------------------
[2022-02-15 22:48:42,036] {taskinstance.py:1259} INFO - Executing <Task(BashOperator): cleanup_csv> on 2019-06-02 06:00:00+00:00
[2022-02-15 22:48:42,054] {standard_task_runner.py:52} INFO - Started process 5415 to run task
[2022-02-15 22:48:42,075] {standard_task_runner.py:76} INFO - Running: ['***', 'tasks', 'run', 'green_taxi_download_csv', 'cleanup_csv', 'scheduled__2019-06-02T06:00:00+00:00', '--job-id', '762', '--raw', '--subdir', 'DAGS_FOLDER/download_upload_greentaxi_csv.py', '--cfg-path', '/tmp/tmpc7wmx_l9', '--error-file', '/tmp/tmp134qh9yn']
[2022-02-15 22:48:42,081] {standard_task_runner.py:77} INFO - Job 762: Subtask cleanup_csv
[2022-02-15 22:48:42,294] {logging_mixin.py:109} INFO - Running <TaskInstance: green_taxi_download_csv.cleanup_csv scheduled__2019-06-02T06:00:00+00:00 [running]> on host 29988b24dbed
[2022-02-15 22:48:42,535] {warnings.py:110} WARNING - /home/***/.local/lib/python3.7/site-packages/***/utils/context.py:152: AirflowContextDeprecationWarning: Accessing 'execution_date' from the template is deprecated and will be removed in a future version. Please use 'data_interval_start' or 'logical_date' instead.
  warnings.warn(_create_deprecation_warning(key, self._deprecation_replacements[key]))

[2022-02-15 22:48:42,622] {taskinstance.py:1426} INFO - Exporting the following env vars:
AIRFLOW_CTX_DAG_OWNER=***
AIRFLOW_CTX_DAG_ID=green_taxi_download_csv
AIRFLOW_CTX_TASK_ID=cleanup_csv
AIRFLOW_CTX_EXECUTION_DATE=2019-06-02T06:00:00+00:00
AIRFLOW_CTX_DAG_RUN_ID=scheduled__2019-06-02T06:00:00+00:00
[2022-02-15 22:48:42,637] {subprocess.py:62} INFO - Tmp dir root location: 
 /tmp
[2022-02-15 22:48:42,645] {subprocess.py:74} INFO - Running command: ['bash', '-c', 'rm /opt/***/output_2019-06.csv']
[2022-02-15 22:48:42,722] {subprocess.py:85} INFO - Output:
[2022-02-15 22:48:42,862] {subprocess.py:93} INFO - Command exited with return code 0
[2022-02-15 22:48:42,973] {taskinstance.py:1277} INFO - Marking task as SUCCESS. dag_id=green_taxi_download_csv, task_id=cleanup_csv, execution_date=20190602T060000, start_date=20220215T224841, end_date=20220215T224842
[2022-02-15 22:48:43,059] {local_task_job.py:154} INFO - Task exited with return code 0
[2022-02-15 22:48:43,173] {local_task_job.py:264} INFO - 0 downstream tasks scheduled from follow-on schedule check
