[2022-01-31 03:07:39,142] {taskinstance.py:1032} INFO - Dependencies all met for <TaskInstance: new_data_ingestion_gcs_dag.local_to_gcs_task scheduled__2022-01-30T00:00:00+00:00 [queued]>
[2022-01-31 03:07:39,206] {taskinstance.py:1032} INFO - Dependencies all met for <TaskInstance: new_data_ingestion_gcs_dag.local_to_gcs_task scheduled__2022-01-30T00:00:00+00:00 [queued]>
[2022-01-31 03:07:39,208] {taskinstance.py:1238} INFO - 
--------------------------------------------------------------------------------
[2022-01-31 03:07:39,209] {taskinstance.py:1239} INFO - Starting attempt 1 of 2
[2022-01-31 03:07:39,211] {taskinstance.py:1240} INFO - 
--------------------------------------------------------------------------------
[2022-01-31 03:07:39,264] {taskinstance.py:1259} INFO - Executing <Task(PythonOperator): local_to_gcs_task> on 2022-01-30 00:00:00+00:00
[2022-01-31 03:07:39,276] {standard_task_runner.py:52} INFO - Started process 1142 to run task
[2022-01-31 03:07:39,287] {standard_task_runner.py:76} INFO - Running: ['***', 'tasks', 'run', 'new_data_ingestion_gcs_dag', 'local_to_gcs_task', 'scheduled__2022-01-30T00:00:00+00:00', '--job-id', '50', '--raw', '--subdir', 'DAGS_FOLDER/ingest_parquet_data_gcs.py', '--cfg-path', '/tmp/tmpxpq_b3f9', '--error-file', '/tmp/tmpcvcrnw2h']
[2022-01-31 03:07:39,292] {standard_task_runner.py:77} INFO - Job 50: Subtask local_to_gcs_task
[2022-01-31 03:07:39,447] {logging_mixin.py:109} INFO - Running <TaskInstance: new_data_ingestion_gcs_dag.local_to_gcs_task scheduled__2022-01-30T00:00:00+00:00 [running]> on host 5beebf73c64a
[2022-01-31 03:07:39,675] {taskinstance.py:1426} INFO - Exporting the following env vars:
AIRFLOW_CTX_DAG_OWNER=***
AIRFLOW_CTX_DAG_ID=new_data_ingestion_gcs_dag
AIRFLOW_CTX_TASK_ID=local_to_gcs_task
AIRFLOW_CTX_EXECUTION_DATE=2022-01-30T00:00:00+00:00
AIRFLOW_CTX_DAG_RUN_ID=scheduled__2022-01-30T00:00:00+00:00
[2022-01-31 03:07:44,452] {python.py:175} INFO - Done. Returned value was: None
[2022-01-31 03:07:44,495] {taskinstance.py:1277} INFO - Marking task as SUCCESS. dag_id=new_data_ingestion_gcs_dag, task_id=local_to_gcs_task, execution_date=20220130T000000, start_date=20220131T030739, end_date=20220131T030744
[2022-01-31 03:07:44,577] {local_task_job.py:154} INFO - Task exited with return code 0
[2022-01-31 03:07:44,688] {local_task_job.py:264} INFO - 1 downstream tasks scheduled from follow-on schedule check
