[2022-02-02 03:49:56,084] {taskinstance.py:1032} INFO - Dependencies all met for <TaskInstance: download_ingest_2_gcs_dag.download_file_url scheduled__2019-02-02T06:00:00+00:00 [queued]>
[2022-02-02 03:49:56,134] {taskinstance.py:1032} INFO - Dependencies all met for <TaskInstance: download_ingest_2_gcs_dag.download_file_url scheduled__2019-02-02T06:00:00+00:00 [queued]>
[2022-02-02 03:49:56,136] {taskinstance.py:1238} INFO - 
--------------------------------------------------------------------------------
[2022-02-02 03:49:56,137] {taskinstance.py:1239} INFO - Starting attempt 1 of 1
[2022-02-02 03:49:56,139] {taskinstance.py:1240} INFO - 
--------------------------------------------------------------------------------
[2022-02-02 03:49:56,198] {taskinstance.py:1259} INFO - Executing <Task(BashOperator): download_file_url> on 2019-02-02 06:00:00+00:00
[2022-02-02 03:49:56,212] {standard_task_runner.py:52} INFO - Started process 803 to run task
[2022-02-02 03:49:56,230] {standard_task_runner.py:76} INFO - Running: ['***', 'tasks', 'run', 'download_ingest_2_gcs_dag', 'download_file_url', 'scheduled__2019-02-02T06:00:00+00:00', '--job-id', '244', '--raw', '--subdir', 'DAGS_FOLDER/load_gsc_assgnment.py', '--cfg-path', '/tmp/tmp44r1oz_n', '--error-file', '/tmp/tmpih4xrhic']
[2022-02-02 03:49:56,235] {standard_task_runner.py:77} INFO - Job 244: Subtask download_file_url
[2022-02-02 03:49:56,502] {logging_mixin.py:109} INFO - Running <TaskInstance: download_ingest_2_gcs_dag.download_file_url scheduled__2019-02-02T06:00:00+00:00 [running]> on host 3082aca3aebc
[2022-02-02 03:49:56,688] {warnings.py:110} WARNING - /home/***/.local/lib/python3.7/site-packages/***/utils/context.py:152: AirflowContextDeprecationWarning: Accessing 'execution_date' from the template is deprecated and will be removed in a future version. Please use 'data_interval_start' or 'logical_date' instead.
  warnings.warn(_create_deprecation_warning(key, self._deprecation_replacements[key]))

[2022-02-02 03:49:56,751] {taskinstance.py:1426} INFO - Exporting the following env vars:
AIRFLOW_CTX_DAG_OWNER=***
AIRFLOW_CTX_DAG_ID=download_ingest_2_gcs_dag
AIRFLOW_CTX_TASK_ID=download_file_url
AIRFLOW_CTX_EXECUTION_DATE=2019-02-02T06:00:00+00:00
AIRFLOW_CTX_DAG_RUN_ID=scheduled__2019-02-02T06:00:00+00:00
[2022-02-02 03:49:56,758] {subprocess.py:62} INFO - Tmp dir root location: 
 /tmp
[2022-02-02 03:49:56,761] {subprocess.py:74} INFO - Running command: ['bash', '-c', 'curl -sSL https://s3.amazonaws.com/nyc-tlc/trip+data/yellow_tripdata_2019-02.csv > /opt/***/output_2019-02.csv']
[2022-02-02 03:49:56,785] {subprocess.py:85} INFO - Output:
[2022-02-02 03:50:29,464] {subprocess.py:93} INFO - Command exited with return code 0
[2022-02-02 03:50:29,697] {taskinstance.py:1277} INFO - Marking task as SUCCESS. dag_id=download_ingest_2_gcs_dag, task_id=download_file_url, execution_date=20190202T060000, start_date=20220202T034956, end_date=20220202T035029
[2022-02-02 03:50:29,984] {local_task_job.py:154} INFO - Task exited with return code 0
[2022-02-02 03:50:30,196] {local_task_job.py:264} INFO - 1 downstream tasks scheduled from follow-on schedule check
[2022-02-02 06:13:33,829] {taskinstance.py:1032} INFO - Dependencies all met for <TaskInstance: download_ingest_2_gcs_dag.download_file_url scheduled__2019-02-02T06:00:00+00:00 [queued]>
[2022-02-02 06:13:33,889] {taskinstance.py:1032} INFO - Dependencies all met for <TaskInstance: download_ingest_2_gcs_dag.download_file_url scheduled__2019-02-02T06:00:00+00:00 [queued]>
[2022-02-02 06:13:33,891] {taskinstance.py:1238} INFO - 
--------------------------------------------------------------------------------
[2022-02-02 06:13:33,893] {taskinstance.py:1239} INFO - Starting attempt 1 of 1
[2022-02-02 06:13:33,896] {taskinstance.py:1240} INFO - 
--------------------------------------------------------------------------------
[2022-02-02 06:13:33,958] {taskinstance.py:1259} INFO - Executing <Task(BashOperator): download_file_url> on 2019-02-02 06:00:00+00:00
[2022-02-02 06:13:33,971] {standard_task_runner.py:52} INFO - Started process 8709 to run task
[2022-02-02 06:13:33,988] {standard_task_runner.py:76} INFO - Running: ['***', 'tasks', 'run', 'download_ingest_2_gcs_dag', 'download_file_url', 'scheduled__2019-02-02T06:00:00+00:00', '--job-id', '279', '--raw', '--subdir', 'DAGS_FOLDER/download_ingest_2_gsc_assgnment.py', '--cfg-path', '/tmp/tmpa1v_o4jy', '--error-file', '/tmp/tmplp2tbsnz']
[2022-02-02 06:13:33,992] {standard_task_runner.py:77} INFO - Job 279: Subtask download_file_url
[2022-02-02 06:13:34,212] {logging_mixin.py:109} INFO - Running <TaskInstance: download_ingest_2_gcs_dag.download_file_url scheduled__2019-02-02T06:00:00+00:00 [running]> on host 3082aca3aebc
[2022-02-02 06:13:34,410] {warnings.py:110} WARNING - /home/***/.local/lib/python3.7/site-packages/***/utils/context.py:152: AirflowContextDeprecationWarning: Accessing 'execution_date' from the template is deprecated and will be removed in a future version. Please use 'data_interval_start' or 'logical_date' instead.
  warnings.warn(_create_deprecation_warning(key, self._deprecation_replacements[key]))

[2022-02-02 06:13:34,559] {taskinstance.py:1426} INFO - Exporting the following env vars:
AIRFLOW_CTX_DAG_OWNER=***
AIRFLOW_CTX_DAG_ID=download_ingest_2_gcs_dag
AIRFLOW_CTX_TASK_ID=download_file_url
AIRFLOW_CTX_EXECUTION_DATE=2019-02-02T06:00:00+00:00
AIRFLOW_CTX_DAG_RUN_ID=scheduled__2019-02-02T06:00:00+00:00
[2022-02-02 06:13:34,565] {subprocess.py:62} INFO - Tmp dir root location: 
 /tmp
[2022-02-02 06:13:34,569] {subprocess.py:74} INFO - Running command: ['bash', '-c', 'curl -sSL https://s3.amazonaws.com/nyc-tlc/trip+data/yellow_tripdata_2019-02.csv > /opt/***/output_2019-02.csv']
[2022-02-02 06:13:34,620] {subprocess.py:85} INFO - Output:
[2022-02-02 06:14:09,991] {subprocess.py:93} INFO - Command exited with return code 0
[2022-02-02 06:14:10,247] {taskinstance.py:1277} INFO - Marking task as SUCCESS. dag_id=download_ingest_2_gcs_dag, task_id=download_file_url, execution_date=20190202T060000, start_date=20220202T061333, end_date=20220202T061410
[2022-02-02 06:14:10,392] {local_task_job.py:154} INFO - Task exited with return code 0
[2022-02-02 06:14:10,576] {local_task_job.py:264} INFO - 1 downstream tasks scheduled from follow-on schedule check
