[2022-02-02 21:45:23,295] {taskinstance.py:1032} INFO - Dependencies all met for <TaskInstance: fhv_ingest_2_gcs_dag.format_csv_2_parquet_task scheduled__2019-02-02T06:00:00+00:00 [queued]>
[2022-02-02 21:45:23,355] {taskinstance.py:1032} INFO - Dependencies all met for <TaskInstance: fhv_ingest_2_gcs_dag.format_csv_2_parquet_task scheduled__2019-02-02T06:00:00+00:00 [queued]>
[2022-02-02 21:45:23,356] {taskinstance.py:1238} INFO - 
--------------------------------------------------------------------------------
[2022-02-02 21:45:23,358] {taskinstance.py:1239} INFO - Starting attempt 1 of 1
[2022-02-02 21:45:23,361] {taskinstance.py:1240} INFO - 
--------------------------------------------------------------------------------
[2022-02-02 21:45:23,423] {taskinstance.py:1259} INFO - Executing <Task(PythonOperator): format_csv_2_parquet_task> on 2019-02-02 06:00:00+00:00
[2022-02-02 21:45:23,444] {standard_task_runner.py:52} INFO - Started process 1331 to run task
[2022-02-02 21:45:23,466] {standard_task_runner.py:76} INFO - Running: ['***', 'tasks', 'run', 'fhv_ingest_2_gcs_dag', 'format_csv_2_parquet_task', 'scheduled__2019-02-02T06:00:00+00:00', '--job-id', '434', '--raw', '--subdir', 'DAGS_FOLDER/fhv_download_ingest_gcs.py', '--cfg-path', '/tmp/tmp1mqn27jp', '--error-file', '/tmp/tmptiixgbw6']
[2022-02-02 21:45:23,471] {standard_task_runner.py:77} INFO - Job 434: Subtask format_csv_2_parquet_task
[2022-02-02 21:45:23,725] {logging_mixin.py:109} INFO - Running <TaskInstance: fhv_ingest_2_gcs_dag.format_csv_2_parquet_task scheduled__2019-02-02T06:00:00+00:00 [running]> on host ee5c3eebd1b1
[2022-02-02 21:45:23,918] {warnings.py:110} WARNING - /home/***/.local/lib/python3.7/site-packages/***/utils/context.py:152: AirflowContextDeprecationWarning: Accessing 'execution_date' from the template is deprecated and will be removed in a future version. Please use 'data_interval_start' or 'logical_date' instead.
  warnings.warn(_create_deprecation_warning(key, self._deprecation_replacements[key]))

[2022-02-02 21:45:23,993] {taskinstance.py:1426} INFO - Exporting the following env vars:
AIRFLOW_CTX_DAG_OWNER=***
AIRFLOW_CTX_DAG_ID=fhv_ingest_2_gcs_dag
AIRFLOW_CTX_TASK_ID=format_csv_2_parquet_task
AIRFLOW_CTX_EXECUTION_DATE=2019-02-02T06:00:00+00:00
AIRFLOW_CTX_DAG_RUN_ID=scheduled__2019-02-02T06:00:00+00:00
[2022-02-02 21:45:28,065] {python.py:175} INFO - Done. Returned value was: None
[2022-02-02 21:45:28,660] {taskinstance.py:1277} INFO - Marking task as SUCCESS. dag_id=fhv_ingest_2_gcs_dag, task_id=format_csv_2_parquet_task, execution_date=20190202T060000, start_date=20220202T214523, end_date=20220202T214528
[2022-02-02 21:45:32,212] {local_task_job.py:154} INFO - Task exited with return code 0
[2022-02-02 21:45:33,112] {local_task_job.py:264} INFO - 0 downstream tasks scheduled from follow-on schedule check
[2022-02-02 21:50:57,324] {taskinstance.py:1032} INFO - Dependencies all met for <TaskInstance: fhv_ingest_2_gcs_dag.format_csv_2_parquet_task scheduled__2019-02-02T06:00:00+00:00 [queued]>
[2022-02-02 21:50:57,379] {taskinstance.py:1032} INFO - Dependencies all met for <TaskInstance: fhv_ingest_2_gcs_dag.format_csv_2_parquet_task scheduled__2019-02-02T06:00:00+00:00 [queued]>
[2022-02-02 21:50:57,381] {taskinstance.py:1238} INFO - 
--------------------------------------------------------------------------------
[2022-02-02 21:50:57,382] {taskinstance.py:1239} INFO - Starting attempt 1 of 1
[2022-02-02 21:50:57,384] {taskinstance.py:1240} INFO - 
--------------------------------------------------------------------------------
[2022-02-02 21:50:57,454] {taskinstance.py:1259} INFO - Executing <Task(PythonOperator): format_csv_2_parquet_task> on 2019-02-02 06:00:00+00:00
[2022-02-02 21:50:57,467] {standard_task_runner.py:52} INFO - Started process 1712 to run task
[2022-02-02 21:50:57,486] {standard_task_runner.py:76} INFO - Running: ['***', 'tasks', 'run', 'fhv_ingest_2_gcs_dag', 'format_csv_2_parquet_task', 'scheduled__2019-02-02T06:00:00+00:00', '--job-id', '442', '--raw', '--subdir', 'DAGS_FOLDER/fhv_download_ingest_gcs.py', '--cfg-path', '/tmp/tmpu9x70jsx', '--error-file', '/tmp/tmpu9tq5lll']
[2022-02-02 21:50:57,500] {standard_task_runner.py:77} INFO - Job 442: Subtask format_csv_2_parquet_task
[2022-02-02 21:50:57,719] {logging_mixin.py:109} INFO - Running <TaskInstance: fhv_ingest_2_gcs_dag.format_csv_2_parquet_task scheduled__2019-02-02T06:00:00+00:00 [running]> on host ee5c3eebd1b1
[2022-02-02 21:50:57,903] {warnings.py:110} WARNING - /home/***/.local/lib/python3.7/site-packages/***/utils/context.py:152: AirflowContextDeprecationWarning: Accessing 'execution_date' from the template is deprecated and will be removed in a future version. Please use 'data_interval_start' or 'logical_date' instead.
  warnings.warn(_create_deprecation_warning(key, self._deprecation_replacements[key]))

[2022-02-02 21:50:57,971] {taskinstance.py:1426} INFO - Exporting the following env vars:
AIRFLOW_CTX_DAG_OWNER=***
AIRFLOW_CTX_DAG_ID=fhv_ingest_2_gcs_dag
AIRFLOW_CTX_TASK_ID=format_csv_2_parquet_task
AIRFLOW_CTX_EXECUTION_DATE=2019-02-02T06:00:00+00:00
AIRFLOW_CTX_DAG_RUN_ID=scheduled__2019-02-02T06:00:00+00:00
[2022-02-02 21:51:01,444] {python.py:175} INFO - Done. Returned value was: None
[2022-02-02 21:51:01,851] {taskinstance.py:1277} INFO - Marking task as SUCCESS. dag_id=fhv_ingest_2_gcs_dag, task_id=format_csv_2_parquet_task, execution_date=20190202T060000, start_date=20220202T215057, end_date=20220202T215101
[2022-02-02 21:51:02,019] {local_task_job.py:154} INFO - Task exited with return code 0
[2022-02-02 21:51:02,143] {local_task_job.py:264} INFO - 1 downstream tasks scheduled from follow-on schedule check
