[2022-02-02 15:02:33,312] {taskinstance.py:1032} INFO - Dependencies all met for <TaskInstance: download_ingest_2_gcs_dag.download_file_url scheduled__2020-07-02T06:00:00+00:00 [queued]>
[2022-02-02 15:02:33,483] {taskinstance.py:1032} INFO - Dependencies all met for <TaskInstance: download_ingest_2_gcs_dag.download_file_url scheduled__2020-07-02T06:00:00+00:00 [queued]>
[2022-02-02 15:02:33,494] {taskinstance.py:1238} INFO - 
--------------------------------------------------------------------------------
[2022-02-02 15:02:33,497] {taskinstance.py:1239} INFO - Starting attempt 1 of 1
[2022-02-02 15:02:33,500] {taskinstance.py:1240} INFO - 
--------------------------------------------------------------------------------
[2022-02-02 15:02:33,657] {taskinstance.py:1259} INFO - Executing <Task(BashOperator): download_file_url> on 2020-07-02 06:00:00+00:00
[2022-02-02 15:02:33,683] {standard_task_runner.py:52} INFO - Started process 32412 to run task
[2022-02-02 15:02:33,723] {standard_task_runner.py:76} INFO - Running: ['***', 'tasks', 'run', 'download_ingest_2_gcs_dag', 'download_file_url', 'scheduled__2020-07-02T06:00:00+00:00', '--job-id', '370', '--raw', '--subdir', 'DAGS_FOLDER/download_ingest_2_gsc_assgnment.py', '--cfg-path', '/tmp/tmp8qm9ojj3', '--error-file', '/tmp/tmp33fb2atp']
[2022-02-02 15:02:33,739] {standard_task_runner.py:77} INFO - Job 370: Subtask download_file_url
[2022-02-02 15:02:34,059] {logging_mixin.py:109} INFO - Running <TaskInstance: download_ingest_2_gcs_dag.download_file_url scheduled__2020-07-02T06:00:00+00:00 [running]> on host 3082aca3aebc
[2022-02-02 15:02:34,381] {warnings.py:110} WARNING - /home/***/.local/lib/python3.7/site-packages/***/utils/context.py:152: AirflowContextDeprecationWarning: Accessing 'execution_date' from the template is deprecated and will be removed in a future version. Please use 'data_interval_start' or 'logical_date' instead.
  warnings.warn(_create_deprecation_warning(key, self._deprecation_replacements[key]))

[2022-02-02 15:02:34,474] {taskinstance.py:1426} INFO - Exporting the following env vars:
AIRFLOW_CTX_DAG_OWNER=***
AIRFLOW_CTX_DAG_ID=download_ingest_2_gcs_dag
AIRFLOW_CTX_TASK_ID=download_file_url
AIRFLOW_CTX_EXECUTION_DATE=2020-07-02T06:00:00+00:00
AIRFLOW_CTX_DAG_RUN_ID=scheduled__2020-07-02T06:00:00+00:00
[2022-02-02 15:02:34,480] {subprocess.py:62} INFO - Tmp dir root location: 
 /tmp
[2022-02-02 15:02:34,488] {subprocess.py:74} INFO - Running command: ['bash', '-c', 'curl -sSL https://s3.amazonaws.com/nyc-tlc/trip+data/yellow_tripdata_2020-07.csv > /opt/***/output_2020-07.csv']
[2022-02-02 15:02:34,558] {subprocess.py:85} INFO - Output:
[2022-02-02 15:02:40,464] {subprocess.py:93} INFO - Command exited with return code 0
[2022-02-02 15:02:40,624] {taskinstance.py:1277} INFO - Marking task as SUCCESS. dag_id=download_ingest_2_gcs_dag, task_id=download_file_url, execution_date=20200702T060000, start_date=20220202T150233, end_date=20220202T150240
[2022-02-02 15:02:40,823] {local_task_job.py:154} INFO - Task exited with return code 0
[2022-02-02 15:02:41,178] {dagrun.py:628} WARNING - Failed to get task '<TaskInstance: download_ingest_2_gcs_dag.cleanup_csv scheduled__2020-07-02T06:00:00+00:00 [removed]>' for dag 'download_ingest_2_gcs_dag'. Marking it as removed.
[2022-02-02 15:02:41,235] {local_task_job.py:264} INFO - 0 downstream tasks scheduled from follow-on schedule check
