[2022-02-02 15:04:09,979] {taskinstance.py:1032} INFO - Dependencies all met for <TaskInstance: download_ingest_2_gcs_dag.local_to_gcs_job scheduled__2020-08-02T06:00:00+00:00 [queued]>
[2022-02-02 15:04:10,262] {taskinstance.py:1032} INFO - Dependencies all met for <TaskInstance: download_ingest_2_gcs_dag.local_to_gcs_job scheduled__2020-08-02T06:00:00+00:00 [queued]>
[2022-02-02 15:04:10,269] {taskinstance.py:1238} INFO - 
--------------------------------------------------------------------------------
[2022-02-02 15:04:10,278] {taskinstance.py:1239} INFO - Starting attempt 1 of 1
[2022-02-02 15:04:10,281] {taskinstance.py:1240} INFO - 
--------------------------------------------------------------------------------
[2022-02-02 15:04:10,729] {taskinstance.py:1259} INFO - Executing <Task(PythonOperator): local_to_gcs_job> on 2020-08-02 06:00:00+00:00
[2022-02-02 15:04:10,781] {standard_task_runner.py:52} INFO - Started process 32613 to run task
[2022-02-02 15:04:10,829] {standard_task_runner.py:76} INFO - Running: ['***', 'tasks', 'run', 'download_ingest_2_gcs_dag', 'local_to_gcs_job', 'scheduled__2020-08-02T06:00:00+00:00', '--job-id', '381', '--raw', '--subdir', 'DAGS_FOLDER/download_ingest_2_gsc_assgnment.py', '--cfg-path', '/tmp/tmp7vh2swfx', '--error-file', '/tmp/tmpin5_irib']
[2022-02-02 15:04:10,844] {standard_task_runner.py:77} INFO - Job 381: Subtask local_to_gcs_job
[2022-02-02 15:04:12,128] {logging_mixin.py:109} INFO - Running <TaskInstance: download_ingest_2_gcs_dag.local_to_gcs_job scheduled__2020-08-02T06:00:00+00:00 [running]> on host 3082aca3aebc
[2022-02-02 15:04:13,540] {warnings.py:110} WARNING - /home/***/.local/lib/python3.7/site-packages/***/utils/context.py:152: AirflowContextDeprecationWarning: Accessing 'execution_date' from the template is deprecated and will be removed in a future version. Please use 'data_interval_start' or 'logical_date' instead.
  warnings.warn(_create_deprecation_warning(key, self._deprecation_replacements[key]))

[2022-02-02 15:04:13,881] {taskinstance.py:1426} INFO - Exporting the following env vars:
AIRFLOW_CTX_DAG_OWNER=***
AIRFLOW_CTX_DAG_ID=download_ingest_2_gcs_dag
AIRFLOW_CTX_TASK_ID=local_to_gcs_job
AIRFLOW_CTX_EXECUTION_DATE=2020-08-02T06:00:00+00:00
AIRFLOW_CTX_DAG_RUN_ID=scheduled__2020-08-02T06:00:00+00:00
[2022-02-02 15:04:24,214] {python.py:175} INFO - Done. Returned value was: None
[2022-02-02 15:04:25,489] {taskinstance.py:1277} INFO - Marking task as SUCCESS. dag_id=download_ingest_2_gcs_dag, task_id=local_to_gcs_job, execution_date=20200802T060000, start_date=20220202T150409, end_date=20220202T150425
[2022-02-02 15:04:26,947] {local_task_job.py:154} INFO - Task exited with return code 0
[2022-02-02 15:04:29,069] {local_task_job.py:264} INFO - 0 downstream tasks scheduled from follow-on schedule check
