[2022-02-02 15:06:38,231] {taskinstance.py:1032} INFO - Dependencies all met for <TaskInstance: download_ingest_2_gcs_dag.format_2_parquet_task scheduled__2020-05-02T06:00:00+00:00 [queued]>
[2022-02-02 15:06:38,937] {taskinstance.py:1032} INFO - Dependencies all met for <TaskInstance: download_ingest_2_gcs_dag.format_2_parquet_task scheduled__2020-05-02T06:00:00+00:00 [queued]>
[2022-02-02 15:06:38,962] {taskinstance.py:1238} INFO - 
--------------------------------------------------------------------------------
[2022-02-02 15:06:38,965] {taskinstance.py:1239} INFO - Starting attempt 1 of 1
[2022-02-02 15:06:38,979] {taskinstance.py:1240} INFO - 
--------------------------------------------------------------------------------
[2022-02-02 15:06:39,784] {taskinstance.py:1259} INFO - Executing <Task(PythonOperator): format_2_parquet_task> on 2020-05-02 06:00:00+00:00
[2022-02-02 15:06:39,944] {standard_task_runner.py:52} INFO - Started process 32807 to run task
[2022-02-02 15:06:40,039] {standard_task_runner.py:76} INFO - Running: ['***', 'tasks', 'run', 'download_ingest_2_gcs_dag', 'format_2_parquet_task', 'scheduled__2020-05-02T06:00:00+00:00', '--job-id', '390', '--raw', '--subdir', 'DAGS_FOLDER/download_ingest_2_gsc_assgnment.py', '--cfg-path', '/tmp/tmp2ohrfgqb', '--error-file', '/tmp/tmpfgwrlst6']
[2022-02-02 15:06:40,067] {standard_task_runner.py:77} INFO - Job 390: Subtask format_2_parquet_task
[2022-02-02 15:06:41,754] {logging_mixin.py:109} INFO - Running <TaskInstance: download_ingest_2_gcs_dag.format_2_parquet_task scheduled__2020-05-02T06:00:00+00:00 [running]> on host 3082aca3aebc
[2022-02-02 15:06:43,260] {warnings.py:110} WARNING - /home/***/.local/lib/python3.7/site-packages/***/utils/context.py:152: AirflowContextDeprecationWarning: Accessing 'execution_date' from the template is deprecated and will be removed in a future version. Please use 'data_interval_start' or 'logical_date' instead.
  warnings.warn(_create_deprecation_warning(key, self._deprecation_replacements[key]))

[2022-02-02 15:06:43,622] {taskinstance.py:1426} INFO - Exporting the following env vars:
AIRFLOW_CTX_DAG_OWNER=***
AIRFLOW_CTX_DAG_ID=download_ingest_2_gcs_dag
AIRFLOW_CTX_TASK_ID=format_2_parquet_task
AIRFLOW_CTX_EXECUTION_DATE=2020-05-02T06:00:00+00:00
AIRFLOW_CTX_DAG_RUN_ID=scheduled__2020-05-02T06:00:00+00:00
[2022-02-02 15:07:02,741] {python.py:175} INFO - Done. Returned value was: None
[2022-02-02 15:07:03,217] {taskinstance.py:1277} INFO - Marking task as SUCCESS. dag_id=download_ingest_2_gcs_dag, task_id=format_2_parquet_task, execution_date=20200502T060000, start_date=20220202T150638, end_date=20220202T150703
[2022-02-02 15:07:03,896] {local_task_job.py:212} WARNING - State of this instance has been externally set to success. Terminating instance.
[2022-02-02 15:07:04,048] {process_utils.py:124} INFO - Sending Signals.SIGTERM to group 32807. PIDs of all processes in the group: [32807]
[2022-02-02 15:07:04,062] {process_utils.py:75} INFO - Sending the signal Signals.SIGTERM to group 32807
[2022-02-02 15:07:05,836] {process_utils.py:70} INFO - Process psutil.Process(pid=32807, status='terminated', exitcode=0, started='15:06:38') (32807) terminated with exit code 0
