[2022-02-10 17:37:03,724] {taskinstance.py:1032} INFO - Dependencies all met for <TaskInstance: green_taxi_download_ingest_2_gcs_dag.local_to_gcs_green scheduled__2020-01-02T06:00:00+00:00 [queued]>
[2022-02-10 17:37:03,874] {taskinstance.py:1032} INFO - Dependencies all met for <TaskInstance: green_taxi_download_ingest_2_gcs_dag.local_to_gcs_green scheduled__2020-01-02T06:00:00+00:00 [queued]>
[2022-02-10 17:37:03,879] {taskinstance.py:1238} INFO - 
--------------------------------------------------------------------------------
[2022-02-10 17:37:03,882] {taskinstance.py:1239} INFO - Starting attempt 1 of 1
[2022-02-10 17:37:03,884] {taskinstance.py:1240} INFO - 
--------------------------------------------------------------------------------
[2022-02-10 17:37:04,004] {taskinstance.py:1259} INFO - Executing <Task(PythonOperator): local_to_gcs_green> on 2020-01-02 06:00:00+00:00
[2022-02-10 17:37:04,020] {standard_task_runner.py:52} INFO - Started process 1461 to run task
[2022-02-10 17:37:04,040] {standard_task_runner.py:76} INFO - Running: ['***', 'tasks', 'run', 'green_taxi_download_ingest_2_gcs_dag', 'local_to_gcs_green', 'scheduled__2020-01-02T06:00:00+00:00', '--job-id', '638', '--raw', '--subdir', 'DAGS_FOLDER/greentaxi_download_2_gcs.py', '--cfg-path', '/tmp/tmpujkbg6_i', '--error-file', '/tmp/tmp2io4ui7s']
[2022-02-10 17:37:04,045] {standard_task_runner.py:77} INFO - Job 638: Subtask local_to_gcs_green
[2022-02-10 17:37:04,424] {logging_mixin.py:109} INFO - Running <TaskInstance: green_taxi_download_ingest_2_gcs_dag.local_to_gcs_green scheduled__2020-01-02T06:00:00+00:00 [running]> on host 2107cbac5c9b
[2022-02-10 17:37:04,602] {warnings.py:110} WARNING - /home/***/.local/lib/python3.7/site-packages/***/utils/context.py:152: AirflowContextDeprecationWarning: Accessing 'execution_date' from the template is deprecated and will be removed in a future version. Please use 'data_interval_start' or 'logical_date' instead.
  warnings.warn(_create_deprecation_warning(key, self._deprecation_replacements[key]))

[2022-02-10 17:37:04,730] {taskinstance.py:1426} INFO - Exporting the following env vars:
AIRFLOW_CTX_DAG_OWNER=***
AIRFLOW_CTX_DAG_ID=green_taxi_download_ingest_2_gcs_dag
AIRFLOW_CTX_TASK_ID=local_to_gcs_green
AIRFLOW_CTX_EXECUTION_DATE=2020-01-02T06:00:00+00:00
AIRFLOW_CTX_DAG_RUN_ID=scheduled__2020-01-02T06:00:00+00:00
[2022-02-10 17:37:07,376] {python.py:175} INFO - Done. Returned value was: None
[2022-02-10 17:37:07,584] {taskinstance.py:1277} INFO - Marking task as SUCCESS. dag_id=green_taxi_download_ingest_2_gcs_dag, task_id=local_to_gcs_green, execution_date=20200102T060000, start_date=20220210T173703, end_date=20220210T173707
[2022-02-10 17:37:07,734] {local_task_job.py:154} INFO - Task exited with return code 0
[2022-02-10 17:37:07,892] {local_task_job.py:264} INFO - 1 downstream tasks scheduled from follow-on schedule check
