[2022-02-10 17:28:06,129] {taskinstance.py:1032} INFO - Dependencies all met for <TaskInstance: green_taxi_download_ingest_2_gcs_dag.download_file_url scheduled__2019-02-02T06:00:00+00:00 [queued]>
[2022-02-10 17:28:06,244] {taskinstance.py:1032} INFO - Dependencies all met for <TaskInstance: green_taxi_download_ingest_2_gcs_dag.download_file_url scheduled__2019-02-02T06:00:00+00:00 [queued]>
[2022-02-10 17:28:06,245] {taskinstance.py:1238} INFO - 
--------------------------------------------------------------------------------
[2022-02-10 17:28:06,252] {taskinstance.py:1239} INFO - Starting attempt 2 of 2
[2022-02-10 17:28:06,254] {taskinstance.py:1240} INFO - 
--------------------------------------------------------------------------------
[2022-02-10 17:28:06,415] {taskinstance.py:1259} INFO - Executing <Task(BashOperator): download_file_url> on 2019-02-02 06:00:00+00:00
[2022-02-10 17:28:06,444] {standard_task_runner.py:52} INFO - Started process 586 to run task
[2022-02-10 17:28:06,472] {standard_task_runner.py:76} INFO - Running: ['***', 'tasks', 'run', 'green_taxi_download_ingest_2_gcs_dag', 'download_file_url', 'scheduled__2019-02-02T06:00:00+00:00', '--job-id', '588', '--raw', '--subdir', 'DAGS_FOLDER/greentaxi_download_2_gcs.py', '--cfg-path', '/tmp/tmpj0so522o', '--error-file', '/tmp/tmpk521uyil']
[2022-02-10 17:28:06,485] {standard_task_runner.py:77} INFO - Job 588: Subtask download_file_url
[2022-02-10 17:28:06,771] {logging_mixin.py:109} INFO - Running <TaskInstance: green_taxi_download_ingest_2_gcs_dag.download_file_url scheduled__2019-02-02T06:00:00+00:00 [running]> on host 2107cbac5c9b
[2022-02-10 17:28:07,013] {warnings.py:110} WARNING - /home/***/.local/lib/python3.7/site-packages/***/utils/context.py:152: AirflowContextDeprecationWarning: Accessing 'execution_date' from the template is deprecated and will be removed in a future version. Please use 'data_interval_start' or 'logical_date' instead.
  warnings.warn(_create_deprecation_warning(key, self._deprecation_replacements[key]))

[2022-02-10 17:28:07,111] {taskinstance.py:1426} INFO - Exporting the following env vars:
AIRFLOW_CTX_DAG_OWNER=***
AIRFLOW_CTX_DAG_ID=green_taxi_download_ingest_2_gcs_dag
AIRFLOW_CTX_TASK_ID=download_file_url
AIRFLOW_CTX_EXECUTION_DATE=2019-02-02T06:00:00+00:00
AIRFLOW_CTX_DAG_RUN_ID=scheduled__2019-02-02T06:00:00+00:00
[2022-02-10 17:28:07,118] {subprocess.py:62} INFO - Tmp dir root location: 
 /tmp
[2022-02-10 17:28:07,122] {subprocess.py:74} INFO - Running command: ['bash', '-c', 'curl -sSL https://s3.amazonaws.com/nyc-tlc/trip+data/green_tripdata_2019-02.csv > /opt/***/output_2019-02.csv']
[2022-02-10 17:28:07,163] {subprocess.py:85} INFO - Output:
[2022-02-10 17:28:11,587] {subprocess.py:93} INFO - Command exited with return code 0
[2022-02-10 17:28:11,664] {taskinstance.py:1277} INFO - Marking task as SUCCESS. dag_id=green_taxi_download_ingest_2_gcs_dag, task_id=download_file_url, execution_date=20190202T060000, start_date=20220210T172806, end_date=20220210T172811
[2022-02-10 17:28:11,728] {local_task_job.py:154} INFO - Task exited with return code 0
[2022-02-10 17:28:11,902] {local_task_job.py:264} INFO - 1 downstream tasks scheduled from follow-on schedule check
