[2022-02-10 17:38:27,979] {taskinstance.py:1032} INFO - Dependencies all met for <TaskInstance: green_taxi_download_ingest_2_gcs_dag.bigquery_external_table_green scheduled__2020-05-02T06:00:00+00:00 [queued]>
[2022-02-10 17:38:28,096] {taskinstance.py:1032} INFO - Dependencies all met for <TaskInstance: green_taxi_download_ingest_2_gcs_dag.bigquery_external_table_green scheduled__2020-05-02T06:00:00+00:00 [queued]>
[2022-02-10 17:38:28,099] {taskinstance.py:1238} INFO - 
--------------------------------------------------------------------------------
[2022-02-10 17:38:28,105] {taskinstance.py:1239} INFO - Starting attempt 1 of 1
[2022-02-10 17:38:28,108] {taskinstance.py:1240} INFO - 
--------------------------------------------------------------------------------
[2022-02-10 17:38:28,212] {taskinstance.py:1259} INFO - Executing <Task(BigQueryCreateExternalTableOperator): bigquery_external_table_green> on 2020-05-02 06:00:00+00:00
[2022-02-10 17:38:28,227] {standard_task_runner.py:52} INFO - Started process 1707 to run task
[2022-02-10 17:38:28,249] {standard_task_runner.py:76} INFO - Running: ['***', 'tasks', 'run', 'green_taxi_download_ingest_2_gcs_dag', 'bigquery_external_table_green', 'scheduled__2020-05-02T06:00:00+00:00', '--job-id', '659', '--raw', '--subdir', 'DAGS_FOLDER/greentaxi_download_2_gcs.py', '--cfg-path', '/tmp/tmp7f4i2c9b', '--error-file', '/tmp/tmpjv6u91gt']
[2022-02-10 17:38:28,259] {standard_task_runner.py:77} INFO - Job 659: Subtask bigquery_external_table_green
[2022-02-10 17:38:28,631] {logging_mixin.py:109} INFO - Running <TaskInstance: green_taxi_download_ingest_2_gcs_dag.bigquery_external_table_green scheduled__2020-05-02T06:00:00+00:00 [running]> on host 2107cbac5c9b
[2022-02-10 17:38:28,856] {warnings.py:110} WARNING - /home/***/.local/lib/python3.7/site-packages/***/utils/context.py:152: AirflowContextDeprecationWarning: Accessing 'execution_date' from the template is deprecated and will be removed in a future version. Please use 'data_interval_start' or 'logical_date' instead.
  warnings.warn(_create_deprecation_warning(key, self._deprecation_replacements[key]))

[2022-02-10 17:38:28,952] {taskinstance.py:1426} INFO - Exporting the following env vars:
AIRFLOW_CTX_DAG_OWNER=***
AIRFLOW_CTX_DAG_ID=green_taxi_download_ingest_2_gcs_dag
AIRFLOW_CTX_TASK_ID=bigquery_external_table_green
AIRFLOW_CTX_EXECUTION_DATE=2020-05-02T06:00:00+00:00
AIRFLOW_CTX_DAG_RUN_ID=scheduled__2020-05-02T06:00:00+00:00
[2022-02-10 17:38:28,960] {crypto.py:82} WARNING - empty cryptography key - values will not be stored encrypted.
[2022-02-10 17:38:30,437] {taskinstance.py:1277} INFO - Marking task as SUCCESS. dag_id=green_taxi_download_ingest_2_gcs_dag, task_id=bigquery_external_table_green, execution_date=20200502T060000, start_date=20220210T173827, end_date=20220210T173830
[2022-02-10 17:38:30,512] {local_task_job.py:154} INFO - Task exited with return code 0
[2022-02-10 17:38:30,611] {local_task_job.py:264} INFO - 0 downstream tasks scheduled from follow-on schedule check
