[2022-02-10 17:36:50,963] {taskinstance.py:1032} INFO - Dependencies all met for <TaskInstance: green_taxi_download_ingest_2_gcs_dag.download_file_url scheduled__2020-02-02T06:00:00+00:00 [queued]>
[2022-02-10 17:36:51,008] {taskinstance.py:1032} INFO - Dependencies all met for <TaskInstance: green_taxi_download_ingest_2_gcs_dag.download_file_url scheduled__2020-02-02T06:00:00+00:00 [queued]>
[2022-02-10 17:36:51,010] {taskinstance.py:1238} INFO - 
--------------------------------------------------------------------------------
[2022-02-10 17:36:51,012] {taskinstance.py:1239} INFO - Starting attempt 1 of 1
[2022-02-10 17:36:51,013] {taskinstance.py:1240} INFO - 
--------------------------------------------------------------------------------
[2022-02-10 17:36:51,061] {taskinstance.py:1259} INFO - Executing <Task(BashOperator): download_file_url> on 2020-02-02 06:00:00+00:00
[2022-02-10 17:36:51,070] {standard_task_runner.py:52} INFO - Started process 1406 to run task
[2022-02-10 17:36:51,079] {standard_task_runner.py:76} INFO - Running: ['***', 'tasks', 'run', 'green_taxi_download_ingest_2_gcs_dag', 'download_file_url', 'scheduled__2020-02-02T06:00:00+00:00', '--job-id', '634', '--raw', '--subdir', 'DAGS_FOLDER/greentaxi_download_2_gcs.py', '--cfg-path', '/tmp/tmpc8n93682', '--error-file', '/tmp/tmp9mpmlwfy']
[2022-02-10 17:36:51,082] {standard_task_runner.py:77} INFO - Job 634: Subtask download_file_url
[2022-02-10 17:36:51,242] {logging_mixin.py:109} INFO - Running <TaskInstance: green_taxi_download_ingest_2_gcs_dag.download_file_url scheduled__2020-02-02T06:00:00+00:00 [running]> on host 2107cbac5c9b
[2022-02-10 17:36:51,392] {warnings.py:110} WARNING - /home/***/.local/lib/python3.7/site-packages/***/utils/context.py:152: AirflowContextDeprecationWarning: Accessing 'execution_date' from the template is deprecated and will be removed in a future version. Please use 'data_interval_start' or 'logical_date' instead.
  warnings.warn(_create_deprecation_warning(key, self._deprecation_replacements[key]))

[2022-02-10 17:36:51,442] {taskinstance.py:1426} INFO - Exporting the following env vars:
AIRFLOW_CTX_DAG_OWNER=***
AIRFLOW_CTX_DAG_ID=green_taxi_download_ingest_2_gcs_dag
AIRFLOW_CTX_TASK_ID=download_file_url
AIRFLOW_CTX_EXECUTION_DATE=2020-02-02T06:00:00+00:00
AIRFLOW_CTX_DAG_RUN_ID=scheduled__2020-02-02T06:00:00+00:00
[2022-02-10 17:36:51,447] {subprocess.py:62} INFO - Tmp dir root location: 
 /tmp
[2022-02-10 17:36:51,450] {subprocess.py:74} INFO - Running command: ['bash', '-c', 'curl -sSL https://s3.amazonaws.com/nyc-tlc/trip+data/green_tripdata_2020-02.csv > /opt/***/output_2020-02.csv']
[2022-02-10 17:36:51,472] {subprocess.py:85} INFO - Output:
[2022-02-10 17:36:54,870] {subprocess.py:93} INFO - Command exited with return code 0
[2022-02-10 17:36:55,010] {taskinstance.py:1277} INFO - Marking task as SUCCESS. dag_id=green_taxi_download_ingest_2_gcs_dag, task_id=download_file_url, execution_date=20200202T060000, start_date=20220210T173650, end_date=20220210T173655
[2022-02-10 17:36:55,170] {local_task_job.py:154} INFO - Task exited with return code 0
[2022-02-10 17:36:55,373] {local_task_job.py:264} INFO - 1 downstream tasks scheduled from follow-on schedule check
