[2022-02-02 03:50:28,039] {taskinstance.py:1032} INFO - Dependencies all met for <TaskInstance: download_ingest_2_gcs_dag.format_2_parquet_task scheduled__2019-01-02T06:00:00+00:00 [queued]>
[2022-02-02 03:50:28,109] {taskinstance.py:1032} INFO - Dependencies all met for <TaskInstance: download_ingest_2_gcs_dag.format_2_parquet_task scheduled__2019-01-02T06:00:00+00:00 [queued]>
[2022-02-02 03:50:28,111] {taskinstance.py:1238} INFO - 
--------------------------------------------------------------------------------
[2022-02-02 03:50:28,113] {taskinstance.py:1239} INFO - Starting attempt 1 of 1
[2022-02-02 03:50:28,114] {taskinstance.py:1240} INFO - 
--------------------------------------------------------------------------------
[2022-02-02 03:50:28,163] {taskinstance.py:1259} INFO - Executing <Task(PythonOperator): format_2_parquet_task> on 2019-01-02 06:00:00+00:00
[2022-02-02 03:50:28,172] {standard_task_runner.py:52} INFO - Started process 833 to run task
[2022-02-02 03:50:28,181] {standard_task_runner.py:76} INFO - Running: ['***', 'tasks', 'run', 'download_ingest_2_gcs_dag', 'format_2_parquet_task', 'scheduled__2019-01-02T06:00:00+00:00', '--job-id', '245', '--raw', '--subdir', 'DAGS_FOLDER/load_gsc_assgnment.py', '--cfg-path', '/tmp/tmp75x4xhki', '--error-file', '/tmp/tmp6iiq9ig1']
[2022-02-02 03:50:28,188] {standard_task_runner.py:77} INFO - Job 245: Subtask format_2_parquet_task
[2022-02-02 03:50:28,351] {logging_mixin.py:109} INFO - Running <TaskInstance: download_ingest_2_gcs_dag.format_2_parquet_task scheduled__2019-01-02T06:00:00+00:00 [running]> on host 3082aca3aebc
[2022-02-02 03:50:28,487] {warnings.py:110} WARNING - /home/***/.local/lib/python3.7/site-packages/***/utils/context.py:152: AirflowContextDeprecationWarning: Accessing 'execution_date' from the template is deprecated and will be removed in a future version. Please use 'data_interval_start' or 'logical_date' instead.
  warnings.warn(_create_deprecation_warning(key, self._deprecation_replacements[key]))

[2022-02-02 03:50:28,575] {taskinstance.py:1426} INFO - Exporting the following env vars:
AIRFLOW_CTX_DAG_OWNER=***
AIRFLOW_CTX_DAG_ID=download_ingest_2_gcs_dag
AIRFLOW_CTX_TASK_ID=format_2_parquet_task
AIRFLOW_CTX_EXECUTION_DATE=2019-01-02T06:00:00+00:00
AIRFLOW_CTX_DAG_RUN_ID=scheduled__2019-01-02T06:00:00+00:00
[2022-02-02 03:51:02,461] {local_task_job.py:154} INFO - Task exited with return code Negsignal.SIGKILL
[2022-02-02 03:51:02,660] {taskinstance.py:1277} INFO - Marking task as FAILED. dag_id=download_ingest_2_gcs_dag, task_id=format_2_parquet_task, execution_date=20190102T060000, start_date=20220202T035028, end_date=20220202T035102
[2022-02-02 03:51:03,004] {local_task_job.py:264} INFO - 0 downstream tasks scheduled from follow-on schedule check
[2022-02-02 04:36:45,926] {taskinstance.py:1032} INFO - Dependencies all met for <TaskInstance: download_ingest_2_gcs_dag.format_2_parquet_task scheduled__2019-01-02T06:00:00+00:00 [queued]>
[2022-02-02 04:36:45,975] {taskinstance.py:1032} INFO - Dependencies all met for <TaskInstance: download_ingest_2_gcs_dag.format_2_parquet_task scheduled__2019-01-02T06:00:00+00:00 [queued]>
[2022-02-02 04:36:45,977] {taskinstance.py:1238} INFO - 
--------------------------------------------------------------------------------
[2022-02-02 04:36:45,979] {taskinstance.py:1239} INFO - Starting attempt 1 of 1
[2022-02-02 04:36:45,980] {taskinstance.py:1240} INFO - 
--------------------------------------------------------------------------------
[2022-02-02 04:36:46,032] {taskinstance.py:1259} INFO - Executing <Task(PythonOperator): format_2_parquet_task> on 2019-01-02 06:00:00+00:00
[2022-02-02 04:36:46,043] {standard_task_runner.py:52} INFO - Started process 3421 to run task
[2022-02-02 04:36:46,053] {standard_task_runner.py:76} INFO - Running: ['***', 'tasks', 'run', 'download_ingest_2_gcs_dag', 'format_2_parquet_task', 'scheduled__2019-01-02T06:00:00+00:00', '--job-id', '254', '--raw', '--subdir', 'DAGS_FOLDER/load_gsc_assgnment.py', '--cfg-path', '/tmp/tmpfy2nctah', '--error-file', '/tmp/tmpydkk1mkb']
[2022-02-02 04:36:46,056] {standard_task_runner.py:77} INFO - Job 254: Subtask format_2_parquet_task
[2022-02-02 04:36:46,214] {logging_mixin.py:109} INFO - Running <TaskInstance: download_ingest_2_gcs_dag.format_2_parquet_task scheduled__2019-01-02T06:00:00+00:00 [running]> on host 3082aca3aebc
[2022-02-02 04:36:46,354] {warnings.py:110} WARNING - /home/***/.local/lib/python3.7/site-packages/***/utils/context.py:152: AirflowContextDeprecationWarning: Accessing 'execution_date' from the template is deprecated and will be removed in a future version. Please use 'data_interval_start' or 'logical_date' instead.
  warnings.warn(_create_deprecation_warning(key, self._deprecation_replacements[key]))

[2022-02-02 04:36:46,409] {taskinstance.py:1426} INFO - Exporting the following env vars:
AIRFLOW_CTX_DAG_OWNER=***
AIRFLOW_CTX_DAG_ID=download_ingest_2_gcs_dag
AIRFLOW_CTX_TASK_ID=format_2_parquet_task
AIRFLOW_CTX_EXECUTION_DATE=2019-01-02T06:00:00+00:00
AIRFLOW_CTX_DAG_RUN_ID=scheduled__2019-01-02T06:00:00+00:00
[2022-02-02 04:37:26,368] {python.py:175} INFO - Done. Returned value was: None
[2022-02-02 04:37:26,437] {taskinstance.py:1277} INFO - Marking task as SUCCESS. dag_id=download_ingest_2_gcs_dag, task_id=format_2_parquet_task, execution_date=20190102T060000, start_date=20220202T043645, end_date=20220202T043726
[2022-02-02 04:37:28,437] {local_task_job.py:154} INFO - Task exited with return code 0
[2022-02-02 04:37:28,577] {local_task_job.py:264} INFO - 0 downstream tasks scheduled from follow-on schedule check
[2022-02-02 04:49:47,152] {taskinstance.py:1032} INFO - Dependencies all met for <TaskInstance: download_ingest_2_gcs_dag.format_2_parquet_task scheduled__2019-01-02T06:00:00+00:00 [queued]>
[2022-02-02 04:49:47,198] {taskinstance.py:1032} INFO - Dependencies all met for <TaskInstance: download_ingest_2_gcs_dag.format_2_parquet_task scheduled__2019-01-02T06:00:00+00:00 [queued]>
[2022-02-02 04:49:47,200] {taskinstance.py:1238} INFO - 
--------------------------------------------------------------------------------
[2022-02-02 04:49:47,202] {taskinstance.py:1239} INFO - Starting attempt 1 of 1
[2022-02-02 04:49:47,203] {taskinstance.py:1240} INFO - 
--------------------------------------------------------------------------------
[2022-02-02 04:49:47,245] {taskinstance.py:1259} INFO - Executing <Task(PythonOperator): format_2_parquet_task> on 2019-01-02 06:00:00+00:00
[2022-02-02 04:49:47,256] {standard_task_runner.py:52} INFO - Started process 4143 to run task
[2022-02-02 04:49:47,266] {standard_task_runner.py:76} INFO - Running: ['***', 'tasks', 'run', 'download_ingest_2_gcs_dag', 'format_2_parquet_task', 'scheduled__2019-01-02T06:00:00+00:00', '--job-id', '258', '--raw', '--subdir', 'DAGS_FOLDER/load_gsc_assgnment.py', '--cfg-path', '/tmp/tmpkxt_7sp0', '--error-file', '/tmp/tmpy9fwati_']
[2022-02-02 04:49:47,269] {standard_task_runner.py:77} INFO - Job 258: Subtask format_2_parquet_task
[2022-02-02 04:49:47,413] {logging_mixin.py:109} INFO - Running <TaskInstance: download_ingest_2_gcs_dag.format_2_parquet_task scheduled__2019-01-02T06:00:00+00:00 [running]> on host 3082aca3aebc
[2022-02-02 04:49:47,525] {warnings.py:110} WARNING - /home/***/.local/lib/python3.7/site-packages/***/utils/context.py:152: AirflowContextDeprecationWarning: Accessing 'execution_date' from the template is deprecated and will be removed in a future version. Please use 'data_interval_start' or 'logical_date' instead.
  warnings.warn(_create_deprecation_warning(key, self._deprecation_replacements[key]))

[2022-02-02 04:49:47,570] {taskinstance.py:1426} INFO - Exporting the following env vars:
AIRFLOW_CTX_DAG_OWNER=***
AIRFLOW_CTX_DAG_ID=download_ingest_2_gcs_dag
AIRFLOW_CTX_TASK_ID=format_2_parquet_task
AIRFLOW_CTX_EXECUTION_DATE=2019-01-02T06:00:00+00:00
AIRFLOW_CTX_DAG_RUN_ID=scheduled__2019-01-02T06:00:00+00:00
[2022-02-02 04:50:17,882] {python.py:175} INFO - Done. Returned value was: None
[2022-02-02 04:50:17,998] {taskinstance.py:1277} INFO - Marking task as SUCCESS. dag_id=download_ingest_2_gcs_dag, task_id=format_2_parquet_task, execution_date=20190102T060000, start_date=20220202T044947, end_date=20220202T045017
[2022-02-02 04:50:18,353] {local_task_job.py:212} WARNING - State of this instance has been externally set to success. Terminating instance.
[2022-02-02 04:50:18,414] {process_utils.py:124} INFO - Sending Signals.SIGTERM to group 4143. PIDs of all processes in the group: [4143]
[2022-02-02 04:50:18,419] {process_utils.py:75} INFO - Sending the signal Signals.SIGTERM to group 4143
[2022-02-02 04:50:20,354] {process_utils.py:70} INFO - Process psutil.Process(pid=4143, status='terminated', exitcode=0, started='04:49:47') (4143) terminated with exit code 0
[2022-02-02 06:14:16,352] {taskinstance.py:1032} INFO - Dependencies all met for <TaskInstance: download_ingest_2_gcs_dag.format_2_parquet_task scheduled__2019-01-02T06:00:00+00:00 [queued]>
[2022-02-02 06:14:16,409] {taskinstance.py:1032} INFO - Dependencies all met for <TaskInstance: download_ingest_2_gcs_dag.format_2_parquet_task scheduled__2019-01-02T06:00:00+00:00 [queued]>
[2022-02-02 06:14:16,411] {taskinstance.py:1238} INFO - 
--------------------------------------------------------------------------------
[2022-02-02 06:14:16,412] {taskinstance.py:1239} INFO - Starting attempt 1 of 1
[2022-02-02 06:14:16,414] {taskinstance.py:1240} INFO - 
--------------------------------------------------------------------------------
[2022-02-02 06:14:16,474] {taskinstance.py:1259} INFO - Executing <Task(PythonOperator): format_2_parquet_task> on 2019-01-02 06:00:00+00:00
[2022-02-02 06:14:16,487] {standard_task_runner.py:52} INFO - Started process 8768 to run task
[2022-02-02 06:14:16,507] {standard_task_runner.py:76} INFO - Running: ['***', 'tasks', 'run', 'download_ingest_2_gcs_dag', 'format_2_parquet_task', 'scheduled__2019-01-02T06:00:00+00:00', '--job-id', '280', '--raw', '--subdir', 'DAGS_FOLDER/download_ingest_2_gsc_assgnment.py', '--cfg-path', '/tmp/tmp4wzrvs3i', '--error-file', '/tmp/tmp8yq3raxw']
[2022-02-02 06:14:16,512] {standard_task_runner.py:77} INFO - Job 280: Subtask format_2_parquet_task
[2022-02-02 06:14:16,818] {logging_mixin.py:109} INFO - Running <TaskInstance: download_ingest_2_gcs_dag.format_2_parquet_task scheduled__2019-01-02T06:00:00+00:00 [running]> on host 3082aca3aebc
[2022-02-02 06:14:17,006] {warnings.py:110} WARNING - /home/***/.local/lib/python3.7/site-packages/***/utils/context.py:152: AirflowContextDeprecationWarning: Accessing 'execution_date' from the template is deprecated and will be removed in a future version. Please use 'data_interval_start' or 'logical_date' instead.
  warnings.warn(_create_deprecation_warning(key, self._deprecation_replacements[key]))

[2022-02-02 06:14:17,074] {taskinstance.py:1426} INFO - Exporting the following env vars:
AIRFLOW_CTX_DAG_OWNER=***
AIRFLOW_CTX_DAG_ID=download_ingest_2_gcs_dag
AIRFLOW_CTX_TASK_ID=format_2_parquet_task
AIRFLOW_CTX_EXECUTION_DATE=2019-01-02T06:00:00+00:00
AIRFLOW_CTX_DAG_RUN_ID=scheduled__2019-01-02T06:00:00+00:00
[2022-02-02 06:15:08,918] {python.py:175} INFO - Done. Returned value was: None
[2022-02-02 06:15:09,010] {taskinstance.py:1277} INFO - Marking task as SUCCESS. dag_id=download_ingest_2_gcs_dag, task_id=format_2_parquet_task, execution_date=20190102T060000, start_date=20220202T061416, end_date=20220202T061509
[2022-02-02 06:15:10,491] {local_task_job.py:212} WARNING - State of this instance has been externally set to success. Terminating instance.
[2022-02-02 06:15:10,517] {process_utils.py:124} INFO - Sending Signals.SIGTERM to group 8768. PIDs of all processes in the group: [8768]
[2022-02-02 06:15:10,523] {process_utils.py:75} INFO - Sending the signal Signals.SIGTERM to group 8768
[2022-02-02 06:15:11,616] {process_utils.py:70} INFO - Process psutil.Process(pid=8768, status='terminated', exitcode=0, started='06:14:16') (8768) terminated with exit code 0
