[2022-02-02 04:01:35,356] {taskinstance.py:1032} INFO - Dependencies all met for <TaskInstance: download_ingest_2_gcs_dag.format_2_parquet_task scheduled__2019-01-02T06:00:00+00:00 [queued]>
[2022-02-02 04:01:35,410] {taskinstance.py:1032} INFO - Dependencies all met for <TaskInstance: download_ingest_2_gcs_dag.format_2_parquet_task scheduled__2019-01-02T06:00:00+00:00 [queued]>
[2022-02-02 04:01:35,412] {taskinstance.py:1238} INFO - 
--------------------------------------------------------------------------------
[2022-02-02 04:01:35,414] {taskinstance.py:1239} INFO - Starting attempt 2 of 2
[2022-02-02 04:01:35,415] {taskinstance.py:1240} INFO - 
--------------------------------------------------------------------------------
[2022-02-02 04:01:35,473] {taskinstance.py:1259} INFO - Executing <Task(PythonOperator): format_2_parquet_task> on 2019-01-02 06:00:00+00:00
[2022-02-02 04:01:35,483] {standard_task_runner.py:52} INFO - Started process 1472 to run task
[2022-02-02 04:01:35,493] {standard_task_runner.py:76} INFO - Running: ['***', 'tasks', 'run', 'download_ingest_2_gcs_dag', 'format_2_parquet_task', 'scheduled__2019-01-02T06:00:00+00:00', '--job-id', '247', '--raw', '--subdir', 'DAGS_FOLDER/load_gsc_assgnment.py', '--cfg-path', '/tmp/tmp__hndbdw', '--error-file', '/tmp/tmpvc4chw2f']
[2022-02-02 04:01:35,496] {standard_task_runner.py:77} INFO - Job 247: Subtask format_2_parquet_task
[2022-02-02 04:01:35,653] {logging_mixin.py:109} INFO - Running <TaskInstance: download_ingest_2_gcs_dag.format_2_parquet_task scheduled__2019-01-02T06:00:00+00:00 [running]> on host 3082aca3aebc
[2022-02-02 04:01:35,823] {warnings.py:110} WARNING - /home/***/.local/lib/python3.7/site-packages/***/utils/context.py:152: AirflowContextDeprecationWarning: Accessing 'execution_date' from the template is deprecated and will be removed in a future version. Please use 'data_interval_start' or 'logical_date' instead.
  warnings.warn(_create_deprecation_warning(key, self._deprecation_replacements[key]))

[2022-02-02 04:01:35,882] {taskinstance.py:1426} INFO - Exporting the following env vars:
AIRFLOW_CTX_DAG_OWNER=***
AIRFLOW_CTX_DAG_ID=download_ingest_2_gcs_dag
AIRFLOW_CTX_TASK_ID=format_2_parquet_task
AIRFLOW_CTX_EXECUTION_DATE=2019-01-02T06:00:00+00:00
AIRFLOW_CTX_DAG_RUN_ID=scheduled__2019-01-02T06:00:00+00:00
[2022-02-02 04:02:10,966] {python.py:175} INFO - Done. Returned value was: None
[2022-02-02 04:02:11,088] {taskinstance.py:1277} INFO - Marking task as SUCCESS. dag_id=download_ingest_2_gcs_dag, task_id=format_2_parquet_task, execution_date=20190102T060000, start_date=20220202T040135, end_date=20220202T040211
[2022-02-02 04:02:12,384] {local_task_job.py:212} WARNING - State of this instance has been externally set to success. Terminating instance.
[2022-02-02 04:02:12,437] {process_utils.py:124} INFO - Sending Signals.SIGTERM to group 1472. PIDs of all processes in the group: [1472]
[2022-02-02 04:02:12,440] {process_utils.py:75} INFO - Sending the signal Signals.SIGTERM to group 1472
[2022-02-02 04:02:13,619] {process_utils.py:70} INFO - Process psutil.Process(pid=1472, status='terminated', exitcode=0, started='04:01:35') (1472) terminated with exit code 0
