[2022-02-15 21:39:12,713] {taskinstance.py:1032} INFO - Dependencies all met for <TaskInstance: yellow_taxi_download_csv.csv_to_gcs_job scheduled__2019-07-02T06:00:00+00:00 [queued]>
[2022-02-15 21:39:12,890] {taskinstance.py:1032} INFO - Dependencies all met for <TaskInstance: yellow_taxi_download_csv.csv_to_gcs_job scheduled__2019-07-02T06:00:00+00:00 [queued]>
[2022-02-15 21:39:12,892] {taskinstance.py:1238} INFO - 
--------------------------------------------------------------------------------
[2022-02-15 21:39:12,900] {taskinstance.py:1239} INFO - Starting attempt 1 of 1
[2022-02-15 21:39:12,901] {taskinstance.py:1240} INFO - 
--------------------------------------------------------------------------------
[2022-02-15 21:39:13,110] {taskinstance.py:1259} INFO - Executing <Task(PythonOperator): csv_to_gcs_job> on 2019-07-02 06:00:00+00:00
[2022-02-15 21:39:13,161] {standard_task_runner.py:52} INFO - Started process 1710 to run task
[2022-02-15 21:39:13,223] {standard_task_runner.py:76} INFO - Running: ['***', 'tasks', 'run', 'yellow_taxi_download_csv', 'csv_to_gcs_job', 'scheduled__2019-07-02T06:00:00+00:00', '--job-id', '705', '--raw', '--subdir', 'DAGS_FOLDER/download_upload_yellowtaxi_csv.py', '--cfg-path', '/tmp/tmp8rvojiun', '--error-file', '/tmp/tmphxtfx1sa']
[2022-02-15 21:39:13,231] {standard_task_runner.py:77} INFO - Job 705: Subtask csv_to_gcs_job
[2022-02-15 21:39:13,808] {logging_mixin.py:109} INFO - Running <TaskInstance: yellow_taxi_download_csv.csv_to_gcs_job scheduled__2019-07-02T06:00:00+00:00 [running]> on host 29988b24dbed
[2022-02-15 21:39:14,349] {warnings.py:110} WARNING - /home/***/.local/lib/python3.7/site-packages/***/utils/context.py:152: AirflowContextDeprecationWarning: Accessing 'execution_date' from the template is deprecated and will be removed in a future version. Please use 'data_interval_start' or 'logical_date' instead.
  warnings.warn(_create_deprecation_warning(key, self._deprecation_replacements[key]))

[2022-02-15 21:39:14,531] {taskinstance.py:1426} INFO - Exporting the following env vars:
AIRFLOW_CTX_DAG_OWNER=***
AIRFLOW_CTX_DAG_ID=yellow_taxi_download_csv
AIRFLOW_CTX_TASK_ID=csv_to_gcs_job
AIRFLOW_CTX_EXECUTION_DATE=2019-07-02T06:00:00+00:00
AIRFLOW_CTX_DAG_RUN_ID=scheduled__2019-07-02T06:00:00+00:00
[2022-02-15 21:41:52,570] {python.py:175} INFO - Done. Returned value was: None
[2022-02-15 21:41:52,784] {taskinstance.py:1277} INFO - Marking task as SUCCESS. dag_id=yellow_taxi_download_csv, task_id=csv_to_gcs_job, execution_date=20190702T060000, start_date=20220215T213912, end_date=20220215T214152
[2022-02-15 21:41:53,080] {local_task_job.py:154} INFO - Task exited with return code 0
[2022-02-15 21:41:53,229] {local_task_job.py:264} INFO - 0 downstream tasks scheduled from follow-on schedule check
