[2022-02-02 14:23:14,913] {taskinstance.py:1032} INFO - Dependencies all met for <TaskInstance: download_ingest_2_gcs_dag.download_file_url scheduled__2019-06-02T06:00:00+00:00 [queued]>
[2022-02-02 14:23:15,041] {taskinstance.py:1032} INFO - Dependencies all met for <TaskInstance: download_ingest_2_gcs_dag.download_file_url scheduled__2019-06-02T06:00:00+00:00 [queued]>
[2022-02-02 14:23:15,043] {taskinstance.py:1238} INFO - 
--------------------------------------------------------------------------------
[2022-02-02 14:23:15,048] {taskinstance.py:1239} INFO - Starting attempt 2 of 2
[2022-02-02 14:23:15,060] {taskinstance.py:1240} INFO - 
--------------------------------------------------------------------------------
[2022-02-02 14:23:15,219] {taskinstance.py:1259} INFO - Executing <Task(BashOperator): download_file_url> on 2019-06-02 06:00:00+00:00
[2022-02-02 14:23:15,266] {standard_task_runner.py:52} INFO - Started process 29908 to run task
[2022-02-02 14:23:15,310] {standard_task_runner.py:76} INFO - Running: ['***', 'tasks', 'run', 'download_ingest_2_gcs_dag', 'download_file_url', 'scheduled__2019-06-02T06:00:00+00:00', '--job-id', '319', '--raw', '--subdir', 'DAGS_FOLDER/download_ingest_2_gsc_assgnment.py', '--cfg-path', '/tmp/tmpxwkeaghe', '--error-file', '/tmp/tmp8xsvcbo0']
[2022-02-02 14:23:15,320] {standard_task_runner.py:77} INFO - Job 319: Subtask download_file_url
[2022-02-02 14:23:16,163] {logging_mixin.py:109} INFO - Running <TaskInstance: download_ingest_2_gcs_dag.download_file_url scheduled__2019-06-02T06:00:00+00:00 [running]> on host 3082aca3aebc
[2022-02-02 14:23:16,676] {warnings.py:110} WARNING - /home/***/.local/lib/python3.7/site-packages/***/utils/context.py:152: AirflowContextDeprecationWarning: Accessing 'execution_date' from the template is deprecated and will be removed in a future version. Please use 'data_interval_start' or 'logical_date' instead.
  warnings.warn(_create_deprecation_warning(key, self._deprecation_replacements[key]))

[2022-02-02 14:23:17,040] {taskinstance.py:1426} INFO - Exporting the following env vars:
AIRFLOW_CTX_DAG_OWNER=***
AIRFLOW_CTX_DAG_ID=download_ingest_2_gcs_dag
AIRFLOW_CTX_TASK_ID=download_file_url
AIRFLOW_CTX_EXECUTION_DATE=2019-06-02T06:00:00+00:00
AIRFLOW_CTX_DAG_RUN_ID=scheduled__2019-06-02T06:00:00+00:00
[2022-02-02 14:23:17,052] {subprocess.py:62} INFO - Tmp dir root location: 
 /tmp
[2022-02-02 14:23:17,056] {subprocess.py:74} INFO - Running command: ['bash', '-c', 'curl -sSL https://s3.amazonaws.com/nyc-tlc/trip+data/yellow_tripdata_2019-06.csv > /opt/***/output_2019-06.csv']
[2022-02-02 14:23:17,126] {subprocess.py:85} INFO - Output:
[2022-02-02 14:24:11,596] {subprocess.py:93} INFO - Command exited with return code 0
[2022-02-02 14:24:12,741] {taskinstance.py:1277} INFO - Marking task as SUCCESS. dag_id=download_ingest_2_gcs_dag, task_id=download_file_url, execution_date=20190602T060000, start_date=20220202T142314, end_date=20220202T142412
[2022-02-02 14:24:13,260] {local_task_job.py:154} INFO - Task exited with return code 0
[2022-02-02 14:24:14,130] {local_task_job.py:264} INFO - 1 downstream tasks scheduled from follow-on schedule check
