[2022-02-10 17:28:40,374] {taskinstance.py:1032} INFO - Dependencies all met for <TaskInstance: green_taxi_download_ingest_2_gcs_dag.bigquery_external_table_green scheduled__2019-02-02T06:00:00+00:00 [queued]>
[2022-02-10 17:28:40,466] {taskinstance.py:1032} INFO - Dependencies all met for <TaskInstance: green_taxi_download_ingest_2_gcs_dag.bigquery_external_table_green scheduled__2019-02-02T06:00:00+00:00 [queued]>
[2022-02-10 17:28:40,475] {taskinstance.py:1238} INFO - 
--------------------------------------------------------------------------------
[2022-02-10 17:28:40,477] {taskinstance.py:1239} INFO - Starting attempt 1 of 1
[2022-02-10 17:28:40,479] {taskinstance.py:1240} INFO - 
--------------------------------------------------------------------------------
[2022-02-10 17:28:40,587] {taskinstance.py:1259} INFO - Executing <Task(BigQueryCreateExternalTableOperator): bigquery_external_table_green> on 2019-02-02 06:00:00+00:00
[2022-02-10 17:28:40,604] {standard_task_runner.py:52} INFO - Started process 703 to run task
[2022-02-10 17:28:40,628] {standard_task_runner.py:76} INFO - Running: ['***', 'tasks', 'run', 'green_taxi_download_ingest_2_gcs_dag', 'bigquery_external_table_green', 'scheduled__2019-02-02T06:00:00+00:00', '--job-id', '597', '--raw', '--subdir', 'DAGS_FOLDER/greentaxi_download_2_gcs.py', '--cfg-path', '/tmp/tmprgvff5fl', '--error-file', '/tmp/tmpm1dhwj11']
[2022-02-10 17:28:40,633] {standard_task_runner.py:77} INFO - Job 597: Subtask bigquery_external_table_green
[2022-02-10 17:28:41,039] {logging_mixin.py:109} INFO - Running <TaskInstance: green_taxi_download_ingest_2_gcs_dag.bigquery_external_table_green scheduled__2019-02-02T06:00:00+00:00 [running]> on host 2107cbac5c9b
[2022-02-10 17:28:41,339] {warnings.py:110} WARNING - /home/***/.local/lib/python3.7/site-packages/***/utils/context.py:152: AirflowContextDeprecationWarning: Accessing 'execution_date' from the template is deprecated and will be removed in a future version. Please use 'data_interval_start' or 'logical_date' instead.
  warnings.warn(_create_deprecation_warning(key, self._deprecation_replacements[key]))

[2022-02-10 17:28:41,439] {taskinstance.py:1426} INFO - Exporting the following env vars:
AIRFLOW_CTX_DAG_OWNER=***
AIRFLOW_CTX_DAG_ID=green_taxi_download_ingest_2_gcs_dag
AIRFLOW_CTX_TASK_ID=bigquery_external_table_green
AIRFLOW_CTX_EXECUTION_DATE=2019-02-02T06:00:00+00:00
AIRFLOW_CTX_DAG_RUN_ID=scheduled__2019-02-02T06:00:00+00:00
[2022-02-10 17:28:41,446] {crypto.py:82} WARNING - empty cryptography key - values will not be stored encrypted.
[2022-02-10 17:28:43,153] {taskinstance.py:1277} INFO - Marking task as SUCCESS. dag_id=green_taxi_download_ingest_2_gcs_dag, task_id=bigquery_external_table_green, execution_date=20190202T060000, start_date=20220210T172840, end_date=20220210T172843
[2022-02-10 17:28:43,261] {local_task_job.py:154} INFO - Task exited with return code 0
[2022-02-10 17:28:43,664] {local_task_job.py:264} INFO - 0 downstream tasks scheduled from follow-on schedule check
