[2022-02-04 04:10:11,753] {processor.py:163} INFO - Started process (PID=3348) to work on /opt/airflow/dags/ingest_data_local.py
[2022-02-04 04:10:11,758] {processor.py:642} INFO - Processing file /opt/airflow/dags/ingest_data_local.py for tasks to queue
[2022-02-04 04:10:11,769] {logging_mixin.py:109} INFO - [2022-02-04 04:10:11,767] {dagbag.py:500} INFO - Filling up the DagBag from /opt/airflow/dags/ingest_data_local.py
[2022-02-04 04:10:14,371] {processor.py:654} INFO - DAG(s) dict_keys(['ingest_2_postgres_dag']) retrieved from /opt/airflow/dags/ingest_data_local.py
[2022-02-04 04:10:31,535] {logging_mixin.py:109} INFO - [2022-02-04 04:10:31,534] {manager.py:496} INFO - Created Permission View: can read on DAG:ingest_2_postgres_dag
[2022-02-04 04:10:31,564] {logging_mixin.py:109} INFO - [2022-02-04 04:10:31,563] {manager.py:496} INFO - Created Permission View: can edit on DAG:ingest_2_postgres_dag
[2022-02-04 04:10:31,566] {logging_mixin.py:109} INFO - [2022-02-04 04:10:31,565] {dag.py:2396} INFO - Sync 1 DAGs
[2022-02-04 04:10:31,597] {logging_mixin.py:109} INFO - [2022-02-04 04:10:31,595] {dag.py:2415} INFO - Creating ORM DAG for ingest_2_postgres_dag
[2022-02-04 04:10:31,640] {logging_mixin.py:109} INFO - [2022-02-04 04:10:31,640] {dag.py:2935} INFO - Setting next_dagrun for ingest_2_postgres_dag to 2019-01-02 06:00:00+00:00
[2022-02-04 04:10:31,680] {processor.py:171} INFO - Processing /opt/airflow/dags/ingest_data_local.py took 19.935 seconds
[2022-02-04 04:11:01,764] {processor.py:163} INFO - Started process (PID=3441) to work on /opt/airflow/dags/ingest_data_local.py
[2022-02-04 04:11:01,769] {processor.py:642} INFO - Processing file /opt/airflow/dags/ingest_data_local.py for tasks to queue
[2022-02-04 04:11:01,772] {logging_mixin.py:109} INFO - [2022-02-04 04:11:01,772] {dagbag.py:500} INFO - Filling up the DagBag from /opt/airflow/dags/ingest_data_local.py
[2022-02-04 04:11:03,978] {processor.py:654} INFO - DAG(s) dict_keys(['ingest_2_postgres_dag']) retrieved from /opt/airflow/dags/ingest_data_local.py
[2022-02-04 04:11:04,009] {logging_mixin.py:109} INFO - [2022-02-04 04:11:04,008] {dag.py:2396} INFO - Sync 1 DAGs
[2022-02-04 04:11:04,065] {logging_mixin.py:109} INFO - [2022-02-04 04:11:04,064] {dag.py:2935} INFO - Setting next_dagrun for ingest_2_postgres_dag to 2019-01-02 06:00:00+00:00
[2022-02-04 04:11:04,086] {processor.py:171} INFO - Processing /opt/airflow/dags/ingest_data_local.py took 2.330 seconds
[2022-02-04 04:11:34,713] {processor.py:163} INFO - Started process (PID=3504) to work on /opt/airflow/dags/ingest_data_local.py
[2022-02-04 04:11:34,718] {processor.py:642} INFO - Processing file /opt/airflow/dags/ingest_data_local.py for tasks to queue
[2022-02-04 04:11:34,721] {logging_mixin.py:109} INFO - [2022-02-04 04:11:34,720] {dagbag.py:500} INFO - Filling up the DagBag from /opt/airflow/dags/ingest_data_local.py
[2022-02-04 04:11:37,735] {processor.py:654} INFO - DAG(s) dict_keys(['ingest_2_postgres_dag']) retrieved from /opt/airflow/dags/ingest_data_local.py
[2022-02-04 04:11:37,778] {logging_mixin.py:109} INFO - [2022-02-04 04:11:37,776] {dag.py:2396} INFO - Sync 1 DAGs
[2022-02-04 04:11:37,856] {logging_mixin.py:109} INFO - [2022-02-04 04:11:37,855] {dag.py:2935} INFO - Setting next_dagrun for ingest_2_postgres_dag to 2019-01-02 06:00:00+00:00
[2022-02-04 04:11:37,886] {processor.py:171} INFO - Processing /opt/airflow/dags/ingest_data_local.py took 3.181 seconds
[2022-02-04 04:12:08,583] {processor.py:163} INFO - Started process (PID=3561) to work on /opt/airflow/dags/ingest_data_local.py
[2022-02-04 04:12:08,587] {processor.py:642} INFO - Processing file /opt/airflow/dags/ingest_data_local.py for tasks to queue
[2022-02-04 04:12:08,590] {logging_mixin.py:109} INFO - [2022-02-04 04:12:08,589] {dagbag.py:500} INFO - Filling up the DagBag from /opt/airflow/dags/ingest_data_local.py
[2022-02-04 04:12:10,951] {processor.py:654} INFO - DAG(s) dict_keys(['ingest_2_postgres_dag']) retrieved from /opt/airflow/dags/ingest_data_local.py
[2022-02-04 04:12:11,038] {logging_mixin.py:109} INFO - [2022-02-04 04:12:11,036] {dag.py:2396} INFO - Sync 1 DAGs
[2022-02-04 04:12:11,187] {logging_mixin.py:109} INFO - [2022-02-04 04:12:11,186] {dag.py:2935} INFO - Setting next_dagrun for ingest_2_postgres_dag to 2019-01-02 06:00:00+00:00
[2022-02-04 04:12:11,215] {processor.py:171} INFO - Processing /opt/airflow/dags/ingest_data_local.py took 2.640 seconds
