[2022-02-01 06:30:05,015] {taskinstance.py:1032} INFO - Dependencies all met for <TaskInstance: assignment_data_ingest_gcs_dag.pull_dataset_task scheduled__2019-04-01T00:00:00+00:00 [queued]>
[2022-02-01 06:30:05,054] {taskinstance.py:1032} INFO - Dependencies all met for <TaskInstance: assignment_data_ingest_gcs_dag.pull_dataset_task scheduled__2019-04-01T00:00:00+00:00 [queued]>
[2022-02-01 06:30:05,056] {taskinstance.py:1238} INFO - 
--------------------------------------------------------------------------------
[2022-02-01 06:30:05,058] {taskinstance.py:1239} INFO - Starting attempt 1 of 2
[2022-02-01 06:30:05,059] {taskinstance.py:1240} INFO - 
--------------------------------------------------------------------------------
[2022-02-01 06:30:05,098] {taskinstance.py:1259} INFO - Executing <Task(BashOperator): pull_dataset_task> on 2019-04-01 00:00:00+00:00
[2022-02-01 06:30:05,109] {standard_task_runner.py:52} INFO - Started process 3851 to run task
[2022-02-01 06:30:05,117] {standard_task_runner.py:76} INFO - Running: ['***', 'tasks', 'run', 'assignment_data_ingest_gcs_dag', 'pull_dataset_task', 'scheduled__2019-04-01T00:00:00+00:00', '--job-id', '184', '--raw', '--subdir', 'DAGS_FOLDER/assignment.py', '--cfg-path', '/tmp/tmpktat0bg8', '--error-file', '/tmp/tmpalldhc5r']
[2022-02-01 06:30:05,120] {standard_task_runner.py:77} INFO - Job 184: Subtask pull_dataset_task
[2022-02-01 06:30:05,270] {logging_mixin.py:109} INFO - Running <TaskInstance: assignment_data_ingest_gcs_dag.pull_dataset_task scheduled__2019-04-01T00:00:00+00:00 [running]> on host efbb872c51c9
[2022-02-01 06:30:05,398] {warnings.py:110} WARNING - /home/***/.local/lib/python3.7/site-packages/***/utils/context.py:152: AirflowContextDeprecationWarning: Accessing 'execution_date' from the template is deprecated and will be removed in a future version. Please use 'data_interval_start' or 'logical_date' instead.
  warnings.warn(_create_deprecation_warning(key, self._deprecation_replacements[key]))

[2022-02-01 06:30:05,441] {taskinstance.py:1426} INFO - Exporting the following env vars:
AIRFLOW_CTX_DAG_OWNER=***
AIRFLOW_CTX_DAG_ID=assignment_data_ingest_gcs_dag
AIRFLOW_CTX_TASK_ID=pull_dataset_task
AIRFLOW_CTX_EXECUTION_DATE=2019-04-01T00:00:00+00:00
AIRFLOW_CTX_DAG_RUN_ID=scheduled__2019-04-01T00:00:00+00:00
[2022-02-01 06:30:05,445] {subprocess.py:62} INFO - Tmp dir root location: 
 /tmp
[2022-02-01 06:30:05,448] {subprocess.py:74} INFO - Running command: ['bash', '-c', 'curl -sSL https://s3.amazonaws.com/nyc-tlc/trip+data/yellow_tripdata_2019-04.csv > /opt/***/output_2019-04.csv']
[2022-02-01 06:30:05,472] {subprocess.py:85} INFO - Output:
[2022-02-01 06:30:27,162] {subprocess.py:93} INFO - Command exited with return code 0
[2022-02-01 06:30:27,254] {taskinstance.py:1277} INFO - Marking task as SUCCESS. dag_id=assignment_data_ingest_gcs_dag, task_id=pull_dataset_task, execution_date=20190401T000000, start_date=20220201T063005, end_date=20220201T063027
[2022-02-01 06:30:27,350] {local_task_job.py:154} INFO - Task exited with return code 0
[2022-02-01 06:30:27,439] {local_task_job.py:264} INFO - 0 downstream tasks scheduled from follow-on schedule check
