[2022-02-15 22:48:41,561] {taskinstance.py:1032} INFO - Dependencies all met for <TaskInstance: green_taxi_download_csv.green_csv_file_url scheduled__2019-06-02T06:00:00+00:00 [queued]>
[2022-02-15 22:48:41,631] {taskinstance.py:1032} INFO - Dependencies all met for <TaskInstance: green_taxi_download_csv.green_csv_file_url scheduled__2019-06-02T06:00:00+00:00 [queued]>
[2022-02-15 22:48:41,642] {taskinstance.py:1238} INFO - 
--------------------------------------------------------------------------------
[2022-02-15 22:48:41,645] {taskinstance.py:1239} INFO - Starting attempt 1 of 1
[2022-02-15 22:48:41,647] {taskinstance.py:1240} INFO - 
--------------------------------------------------------------------------------
[2022-02-15 22:48:41,705] {taskinstance.py:1259} INFO - Executing <Task(BashOperator): green_csv_file_url> on 2019-06-02 06:00:00+00:00
[2022-02-15 22:48:41,720] {standard_task_runner.py:52} INFO - Started process 5413 to run task
[2022-02-15 22:48:41,740] {standard_task_runner.py:76} INFO - Running: ['***', 'tasks', 'run', 'green_taxi_download_csv', 'green_csv_file_url', 'scheduled__2019-06-02T06:00:00+00:00', '--job-id', '761', '--raw', '--subdir', 'DAGS_FOLDER/download_upload_greentaxi_csv.py', '--cfg-path', '/tmp/tmpdyz628j3', '--error-file', '/tmp/tmpdcwu_xp9']
[2022-02-15 22:48:41,744] {standard_task_runner.py:77} INFO - Job 761: Subtask green_csv_file_url
[2022-02-15 22:48:41,941] {logging_mixin.py:109} INFO - Running <TaskInstance: green_taxi_download_csv.green_csv_file_url scheduled__2019-06-02T06:00:00+00:00 [running]> on host 29988b24dbed
[2022-02-15 22:48:42,120] {warnings.py:110} WARNING - /home/***/.local/lib/python3.7/site-packages/***/utils/context.py:152: AirflowContextDeprecationWarning: Accessing 'execution_date' from the template is deprecated and will be removed in a future version. Please use 'data_interval_start' or 'logical_date' instead.
  warnings.warn(_create_deprecation_warning(key, self._deprecation_replacements[key]))

[2022-02-15 22:48:42,184] {taskinstance.py:1426} INFO - Exporting the following env vars:
AIRFLOW_CTX_DAG_OWNER=***
AIRFLOW_CTX_DAG_ID=green_taxi_download_csv
AIRFLOW_CTX_TASK_ID=green_csv_file_url
AIRFLOW_CTX_EXECUTION_DATE=2019-06-02T06:00:00+00:00
AIRFLOW_CTX_DAG_RUN_ID=scheduled__2019-06-02T06:00:00+00:00
[2022-02-15 22:48:42,193] {subprocess.py:62} INFO - Tmp dir root location: 
 /tmp
[2022-02-15 22:48:42,197] {subprocess.py:74} INFO - Running command: ['bash', '-c', 'curl -sSL https://s3.amazonaws.com/nyc-tlc/trip+data/green_tripdata_2019-06.csv > /opt/***/output_2019-06.csv']
[2022-02-15 22:48:42,246] {subprocess.py:85} INFO - Output:
[2022-02-15 22:48:59,451] {subprocess.py:93} INFO - Command exited with return code 0
[2022-02-15 22:48:59,818] {taskinstance.py:1277} INFO - Marking task as SUCCESS. dag_id=green_taxi_download_csv, task_id=green_csv_file_url, execution_date=20190602T060000, start_date=20220215T224841, end_date=20220215T224859
[2022-02-15 22:49:00,007] {local_task_job.py:154} INFO - Task exited with return code 0
[2022-02-15 22:49:00,375] {local_task_job.py:264} INFO - 1 downstream tasks scheduled from follow-on schedule check
[2022-02-15 22:52:14,617] {taskinstance.py:1032} INFO - Dependencies all met for <TaskInstance: green_taxi_download_csv.green_csv_file_url scheduled__2019-06-02T06:00:00+00:00 [queued]>
[2022-02-15 22:52:14,671] {taskinstance.py:1032} INFO - Dependencies all met for <TaskInstance: green_taxi_download_csv.green_csv_file_url scheduled__2019-06-02T06:00:00+00:00 [queued]>
[2022-02-15 22:52:14,675] {taskinstance.py:1238} INFO - 
--------------------------------------------------------------------------------
[2022-02-15 22:52:14,677] {taskinstance.py:1239} INFO - Starting attempt 1 of 1
[2022-02-15 22:52:14,678] {taskinstance.py:1240} INFO - 
--------------------------------------------------------------------------------
[2022-02-15 22:52:14,755] {taskinstance.py:1259} INFO - Executing <Task(BashOperator): green_csv_file_url> on 2019-06-02 06:00:00+00:00
[2022-02-15 22:52:14,766] {standard_task_runner.py:52} INFO - Started process 5806 to run task
[2022-02-15 22:52:14,809] {standard_task_runner.py:76} INFO - Running: ['***', 'tasks', 'run', 'green_taxi_download_csv', 'green_csv_file_url', 'scheduled__2019-06-02T06:00:00+00:00', '--job-id', '785', '--raw', '--subdir', 'DAGS_FOLDER/download_upload_greentaxi_csv.py', '--cfg-path', '/tmp/tmpxzww0_r8', '--error-file', '/tmp/tmpi39kf9gd']
[2022-02-15 22:52:14,813] {standard_task_runner.py:77} INFO - Job 785: Subtask green_csv_file_url
[2022-02-15 22:52:15,038] {logging_mixin.py:109} INFO - Running <TaskInstance: green_taxi_download_csv.green_csv_file_url scheduled__2019-06-02T06:00:00+00:00 [running]> on host 29988b24dbed
[2022-02-15 22:52:15,224] {warnings.py:110} WARNING - /home/***/.local/lib/python3.7/site-packages/***/utils/context.py:152: AirflowContextDeprecationWarning: Accessing 'execution_date' from the template is deprecated and will be removed in a future version. Please use 'data_interval_start' or 'logical_date' instead.
  warnings.warn(_create_deprecation_warning(key, self._deprecation_replacements[key]))

[2022-02-15 22:52:15,324] {taskinstance.py:1426} INFO - Exporting the following env vars:
AIRFLOW_CTX_DAG_OWNER=***
AIRFLOW_CTX_DAG_ID=green_taxi_download_csv
AIRFLOW_CTX_TASK_ID=green_csv_file_url
AIRFLOW_CTX_EXECUTION_DATE=2019-06-02T06:00:00+00:00
AIRFLOW_CTX_DAG_RUN_ID=scheduled__2019-06-02T06:00:00+00:00
[2022-02-15 22:52:15,330] {subprocess.py:62} INFO - Tmp dir root location: 
 /tmp
[2022-02-15 22:52:15,333] {subprocess.py:74} INFO - Running command: ['bash', '-c', 'curl -sSL https://s3.amazonaws.com/nyc-tlc/trip+data/green_tripdata_2019-06.csv > /opt/***/output_2019-06.csv']
[2022-02-15 22:52:15,377] {subprocess.py:85} INFO - Output:
[2022-02-15 22:52:18,989] {subprocess.py:93} INFO - Command exited with return code 0
[2022-02-15 22:52:19,520] {taskinstance.py:1277} INFO - Marking task as SUCCESS. dag_id=green_taxi_download_csv, task_id=green_csv_file_url, execution_date=20190602T060000, start_date=20220215T225214, end_date=20220215T225219
[2022-02-15 22:52:19,671] {local_task_job.py:154} INFO - Task exited with return code 0
[2022-02-15 22:52:19,828] {local_task_job.py:264} INFO - 1 downstream tasks scheduled from follow-on schedule check
