[2022-02-02 21:56:59,160] {taskinstance.py:1032} INFO - Dependencies all met for <TaskInstance: fhv_ingest_2_gcs_dag.format_csv_2_parquet_task scheduled__2020-03-02T06:00:00+00:00 [queued]>
[2022-02-02 21:56:59,213] {taskinstance.py:1032} INFO - Dependencies all met for <TaskInstance: fhv_ingest_2_gcs_dag.format_csv_2_parquet_task scheduled__2020-03-02T06:00:00+00:00 [queued]>
[2022-02-02 21:56:59,216] {taskinstance.py:1238} INFO - 
--------------------------------------------------------------------------------
[2022-02-02 21:56:59,218] {taskinstance.py:1239} INFO - Starting attempt 1 of 1
[2022-02-02 21:56:59,221] {taskinstance.py:1240} INFO - 
--------------------------------------------------------------------------------
[2022-02-02 21:56:59,274] {taskinstance.py:1259} INFO - Executing <Task(PythonOperator): format_csv_2_parquet_task> on 2020-03-02 06:00:00+00:00
[2022-02-02 21:56:59,288] {standard_task_runner.py:52} INFO - Started process 2399 to run task
[2022-02-02 21:56:59,309] {standard_task_runner.py:76} INFO - Running: ['***', 'tasks', 'run', 'fhv_ingest_2_gcs_dag', 'format_csv_2_parquet_task', 'scheduled__2020-03-02T06:00:00+00:00', '--job-id', '484', '--raw', '--subdir', 'DAGS_FOLDER/fhv_download_ingest_gcs.py', '--cfg-path', '/tmp/tmp87wq3m38', '--error-file', '/tmp/tmpuea_ktw4']
[2022-02-02 21:56:59,313] {standard_task_runner.py:77} INFO - Job 484: Subtask format_csv_2_parquet_task
[2022-02-02 21:56:59,604] {logging_mixin.py:109} INFO - Running <TaskInstance: fhv_ingest_2_gcs_dag.format_csv_2_parquet_task scheduled__2020-03-02T06:00:00+00:00 [running]> on host ee5c3eebd1b1
[2022-02-02 21:56:59,965] {warnings.py:110} WARNING - /home/***/.local/lib/python3.7/site-packages/***/utils/context.py:152: AirflowContextDeprecationWarning: Accessing 'execution_date' from the template is deprecated and will be removed in a future version. Please use 'data_interval_start' or 'logical_date' instead.
  warnings.warn(_create_deprecation_warning(key, self._deprecation_replacements[key]))

[2022-02-02 21:57:00,041] {taskinstance.py:1426} INFO - Exporting the following env vars:
AIRFLOW_CTX_DAG_OWNER=***
AIRFLOW_CTX_DAG_ID=fhv_ingest_2_gcs_dag
AIRFLOW_CTX_TASK_ID=format_csv_2_parquet_task
AIRFLOW_CTX_EXECUTION_DATE=2020-03-02T06:00:00+00:00
AIRFLOW_CTX_DAG_RUN_ID=scheduled__2020-03-02T06:00:00+00:00
[2022-02-02 21:57:03,811] {python.py:175} INFO - Done. Returned value was: None
[2022-02-02 21:57:03,870] {taskinstance.py:1277} INFO - Marking task as SUCCESS. dag_id=fhv_ingest_2_gcs_dag, task_id=format_csv_2_parquet_task, execution_date=20200302T060000, start_date=20220202T215659, end_date=20220202T215703
[2022-02-02 21:57:04,106] {local_task_job.py:154} INFO - Task exited with return code 0
[2022-02-02 21:57:04,517] {local_task_job.py:264} INFO - 0 downstream tasks scheduled from follow-on schedule check
