[2022-01-29 01:03:59,300] {taskinstance.py:1032} INFO - Dependencies all met for <TaskInstance: new_data_ingestion_gcs_dag.download_dataset_task scheduled__2022-01-28T00:00:00+00:00 [queued]>
[2022-01-29 01:03:59,383] {taskinstance.py:1032} INFO - Dependencies all met for <TaskInstance: new_data_ingestion_gcs_dag.download_dataset_task scheduled__2022-01-28T00:00:00+00:00 [queued]>
[2022-01-29 01:03:59,386] {taskinstance.py:1238} INFO - 
--------------------------------------------------------------------------------
[2022-01-29 01:03:59,387] {taskinstance.py:1239} INFO - Starting attempt 2 of 2
[2022-01-29 01:03:59,389] {taskinstance.py:1240} INFO - 
--------------------------------------------------------------------------------
[2022-01-29 01:03:59,469] {taskinstance.py:1259} INFO - Executing <Task(BashOperator): download_dataset_task> on 2022-01-28 00:00:00+00:00
[2022-01-29 01:03:59,486] {standard_task_runner.py:52} INFO - Started process 21582 to run task
[2022-01-29 01:03:59,513] {standard_task_runner.py:76} INFO - Running: ['***', 'tasks', 'run', 'new_data_ingestion_gcs_dag', 'download_dataset_task', 'scheduled__2022-01-28T00:00:00+00:00', '--job-id', '32', '--raw', '--subdir', 'DAGS_FOLDER/ingest_parquet_data_gcs.py', '--cfg-path', '/tmp/tmp2_snw0rx', '--error-file', '/tmp/tmp_5zwyp7x']
[2022-01-29 01:03:59,521] {standard_task_runner.py:77} INFO - Job 32: Subtask download_dataset_task
[2022-01-29 01:03:59,935] {logging_mixin.py:109} INFO - Running <TaskInstance: new_data_ingestion_gcs_dag.download_dataset_task scheduled__2022-01-28T00:00:00+00:00 [running]> on host eb911b0bf7cc
[2022-01-29 01:04:00,260] {taskinstance.py:1426} INFO - Exporting the following env vars:
AIRFLOW_CTX_DAG_OWNER=***
AIRFLOW_CTX_DAG_ID=new_data_ingestion_gcs_dag
AIRFLOW_CTX_TASK_ID=download_dataset_task
AIRFLOW_CTX_EXECUTION_DATE=2022-01-28T00:00:00+00:00
AIRFLOW_CTX_DAG_RUN_ID=scheduled__2022-01-28T00:00:00+00:00
[2022-01-29 01:04:00,266] {subprocess.py:62} INFO - Tmp dir root location: 
 /tmp
[2022-01-29 01:04:00,278] {subprocess.py:74} INFO - Running command: ['bash', '-c', 'curl -sS https://s3.amazonaws.com/nyc-tlc/trip+data/yellow_tripdata_2021-01.csv > /opt/***/yellow_tripdata_2021-01.csv']
[2022-01-29 01:04:00,328] {subprocess.py:85} INFO - Output:
[2022-01-29 01:04:07,631] {subprocess.py:93} INFO - Command exited with return code 0
[2022-01-29 01:04:07,794] {taskinstance.py:1277} INFO - Marking task as SUCCESS. dag_id=new_data_ingestion_gcs_dag, task_id=download_dataset_task, execution_date=20220128T000000, start_date=20220129T010359, end_date=20220129T010407
[2022-01-29 01:04:07,988] {local_task_job.py:154} INFO - Task exited with return code 0
[2022-01-29 01:04:08,260] {local_task_job.py:264} INFO - 1 downstream tasks scheduled from follow-on schedule check
