[2022-01-31 02:58:59,504] {taskinstance.py:1032} INFO - Dependencies all met for <TaskInstance: new_data_ingestion_gcs_dag.download_dataset_task manual__2022-01-31T02:56:55.164539+00:00 [queued]>
[2022-01-31 02:58:59,553] {taskinstance.py:1032} INFO - Dependencies all met for <TaskInstance: new_data_ingestion_gcs_dag.download_dataset_task manual__2022-01-31T02:56:55.164539+00:00 [queued]>
[2022-01-31 02:58:59,556] {taskinstance.py:1238} INFO - 
--------------------------------------------------------------------------------
[2022-01-31 02:58:59,557] {taskinstance.py:1239} INFO - Starting attempt 1 of 2
[2022-01-31 02:58:59,559] {taskinstance.py:1240} INFO - 
--------------------------------------------------------------------------------
[2022-01-31 02:58:59,610] {taskinstance.py:1259} INFO - Executing <Task(BashOperator): download_dataset_task> on 2022-01-31 02:56:55.164539+00:00
[2022-01-31 02:58:59,620] {standard_task_runner.py:52} INFO - Started process 622 to run task
[2022-01-31 02:58:59,630] {standard_task_runner.py:76} INFO - Running: ['***', 'tasks', 'run', 'new_data_ingestion_gcs_dag', 'download_dataset_task', 'manual__2022-01-31T02:56:55.164539+00:00', '--job-id', '43', '--raw', '--subdir', 'DAGS_FOLDER/ingest_parquet_data_gcs.py', '--cfg-path', '/tmp/tmpentls7f0', '--error-file', '/tmp/tmpaek64a1u']
[2022-01-31 02:58:59,634] {standard_task_runner.py:77} INFO - Job 43: Subtask download_dataset_task
[2022-01-31 02:58:59,782] {logging_mixin.py:109} INFO - Running <TaskInstance: new_data_ingestion_gcs_dag.download_dataset_task manual__2022-01-31T02:56:55.164539+00:00 [running]> on host 5beebf73c64a
[2022-01-31 02:58:59,978] {taskinstance.py:1426} INFO - Exporting the following env vars:
AIRFLOW_CTX_DAG_OWNER=***
AIRFLOW_CTX_DAG_ID=new_data_ingestion_gcs_dag
AIRFLOW_CTX_TASK_ID=download_dataset_task
AIRFLOW_CTX_EXECUTION_DATE=2022-01-31T02:56:55.164539+00:00
AIRFLOW_CTX_DAG_RUN_ID=manual__2022-01-31T02:56:55.164539+00:00
[2022-01-31 02:58:59,985] {subprocess.py:62} INFO - Tmp dir root location: 
 /tmp
[2022-01-31 02:58:59,989] {subprocess.py:74} INFO - Running command: ['bash', '-c', 'curl -sS https://s3.amazonaws.com/nyc-tlc/trip+data/yellow_tripdata_2021-01.csv > /opt/***/yellow_tripdata_2021-01.csv']
[2022-01-31 02:59:00,013] {subprocess.py:85} INFO - Output:
[2022-01-31 02:59:05,845] {subprocess.py:93} INFO - Command exited with return code 0
[2022-01-31 02:59:05,965] {taskinstance.py:1277} INFO - Marking task as SUCCESS. dag_id=new_data_ingestion_gcs_dag, task_id=download_dataset_task, execution_date=20220131T025655, start_date=20220131T025859, end_date=20220131T025905
[2022-01-31 02:59:06,049] {local_task_job.py:154} INFO - Task exited with return code 0
[2022-01-31 02:59:06,187] {local_task_job.py:264} INFO - 1 downstream tasks scheduled from follow-on schedule check
