[2022-02-15 22:48:06,659] {taskinstance.py:1032} INFO - Dependencies all met for <TaskInstance: green_taxi_download_csv.green_csv_file_url scheduled__2019-04-02T06:00:00+00:00 [queued]>
[2022-02-15 22:48:07,013] {taskinstance.py:1032} INFO - Dependencies all met for <TaskInstance: green_taxi_download_csv.green_csv_file_url scheduled__2019-04-02T06:00:00+00:00 [queued]>
[2022-02-15 22:48:07,032] {taskinstance.py:1238} INFO - 
--------------------------------------------------------------------------------
[2022-02-15 22:48:07,046] {taskinstance.py:1239} INFO - Starting attempt 1 of 1
[2022-02-15 22:48:07,065] {taskinstance.py:1240} INFO - 
--------------------------------------------------------------------------------
[2022-02-15 22:48:07,440] {taskinstance.py:1259} INFO - Executing <Task(BashOperator): green_csv_file_url> on 2019-04-02 06:00:00+00:00
[2022-02-15 22:48:07,512] {standard_task_runner.py:52} INFO - Started process 5342 to run task
[2022-02-15 22:48:07,575] {standard_task_runner.py:76} INFO - Running: ['***', 'tasks', 'run', 'green_taxi_download_csv', 'green_csv_file_url', 'scheduled__2019-04-02T06:00:00+00:00', '--job-id', '754', '--raw', '--subdir', 'DAGS_FOLDER/download_upload_greentaxi_csv.py', '--cfg-path', '/tmp/tmpx9qci358', '--error-file', '/tmp/tmpcok0q84y']
[2022-02-15 22:48:07,583] {standard_task_runner.py:77} INFO - Job 754: Subtask green_csv_file_url
[2022-02-15 22:48:08,572] {logging_mixin.py:109} INFO - Running <TaskInstance: green_taxi_download_csv.green_csv_file_url scheduled__2019-04-02T06:00:00+00:00 [running]> on host 29988b24dbed
[2022-02-15 22:48:09,282] {warnings.py:110} WARNING - /home/***/.local/lib/python3.7/site-packages/***/utils/context.py:152: AirflowContextDeprecationWarning: Accessing 'execution_date' from the template is deprecated and will be removed in a future version. Please use 'data_interval_start' or 'logical_date' instead.
  warnings.warn(_create_deprecation_warning(key, self._deprecation_replacements[key]))

[2022-02-15 22:48:09,514] {taskinstance.py:1426} INFO - Exporting the following env vars:
AIRFLOW_CTX_DAG_OWNER=***
AIRFLOW_CTX_DAG_ID=green_taxi_download_csv
AIRFLOW_CTX_TASK_ID=green_csv_file_url
AIRFLOW_CTX_EXECUTION_DATE=2019-04-02T06:00:00+00:00
AIRFLOW_CTX_DAG_RUN_ID=scheduled__2019-04-02T06:00:00+00:00
[2022-02-15 22:48:09,547] {subprocess.py:62} INFO - Tmp dir root location: 
 /tmp
[2022-02-15 22:48:09,580] {subprocess.py:74} INFO - Running command: ['bash', '-c', 'curl -sSL https://s3.amazonaws.com/nyc-tlc/trip+data/green_tripdata_2019-04.csv > /opt/***/output_2019-04.csv']
[2022-02-15 22:48:09,692] {subprocess.py:85} INFO - Output:
[2022-02-15 22:48:15,947] {subprocess.py:93} INFO - Command exited with return code 0
[2022-02-15 22:48:17,293] {taskinstance.py:1277} INFO - Marking task as SUCCESS. dag_id=green_taxi_download_csv, task_id=green_csv_file_url, execution_date=20190402T060000, start_date=20220215T224806, end_date=20220215T224817
[2022-02-15 22:48:17,679] {local_task_job.py:154} INFO - Task exited with return code 0
[2022-02-15 22:48:18,028] {local_task_job.py:264} INFO - 1 downstream tasks scheduled from follow-on schedule check
[2022-02-15 22:52:01,550] {taskinstance.py:1032} INFO - Dependencies all met for <TaskInstance: green_taxi_download_csv.green_csv_file_url scheduled__2019-04-02T06:00:00+00:00 [queued]>
[2022-02-15 22:52:01,613] {taskinstance.py:1032} INFO - Dependencies all met for <TaskInstance: green_taxi_download_csv.green_csv_file_url scheduled__2019-04-02T06:00:00+00:00 [queued]>
[2022-02-15 22:52:01,615] {taskinstance.py:1238} INFO - 
--------------------------------------------------------------------------------
[2022-02-15 22:52:01,618] {taskinstance.py:1239} INFO - Starting attempt 1 of 1
[2022-02-15 22:52:01,619] {taskinstance.py:1240} INFO - 
--------------------------------------------------------------------------------
[2022-02-15 22:52:01,693] {taskinstance.py:1259} INFO - Executing <Task(BashOperator): green_csv_file_url> on 2019-04-02 06:00:00+00:00
[2022-02-15 22:52:01,709] {standard_task_runner.py:52} INFO - Started process 5763 to run task
[2022-02-15 22:52:01,728] {standard_task_runner.py:76} INFO - Running: ['***', 'tasks', 'run', 'green_taxi_download_csv', 'green_csv_file_url', 'scheduled__2019-04-02T06:00:00+00:00', '--job-id', '782', '--raw', '--subdir', 'DAGS_FOLDER/download_upload_greentaxi_csv.py', '--cfg-path', '/tmp/tmpbhec_5l8', '--error-file', '/tmp/tmplykvx6ay']
[2022-02-15 22:52:01,746] {standard_task_runner.py:77} INFO - Job 782: Subtask green_csv_file_url
[2022-02-15 22:52:01,989] {logging_mixin.py:109} INFO - Running <TaskInstance: green_taxi_download_csv.green_csv_file_url scheduled__2019-04-02T06:00:00+00:00 [running]> on host 29988b24dbed
[2022-02-15 22:52:02,144] {warnings.py:110} WARNING - /home/***/.local/lib/python3.7/site-packages/***/utils/context.py:152: AirflowContextDeprecationWarning: Accessing 'execution_date' from the template is deprecated and will be removed in a future version. Please use 'data_interval_start' or 'logical_date' instead.
  warnings.warn(_create_deprecation_warning(key, self._deprecation_replacements[key]))

[2022-02-15 22:52:02,191] {taskinstance.py:1426} INFO - Exporting the following env vars:
AIRFLOW_CTX_DAG_OWNER=***
AIRFLOW_CTX_DAG_ID=green_taxi_download_csv
AIRFLOW_CTX_TASK_ID=green_csv_file_url
AIRFLOW_CTX_EXECUTION_DATE=2019-04-02T06:00:00+00:00
AIRFLOW_CTX_DAG_RUN_ID=scheduled__2019-04-02T06:00:00+00:00
[2022-02-15 22:52:02,196] {subprocess.py:62} INFO - Tmp dir root location: 
 /tmp
[2022-02-15 22:52:02,199] {subprocess.py:74} INFO - Running command: ['bash', '-c', 'curl -sSL https://s3.amazonaws.com/nyc-tlc/trip+data/green_tripdata_2019-04.csv > /opt/***/output_2019-04.csv']
[2022-02-15 22:52:02,230] {subprocess.py:85} INFO - Output:
[2022-02-15 22:52:04,893] {subprocess.py:93} INFO - Command exited with return code 0
[2022-02-15 22:52:05,004] {taskinstance.py:1277} INFO - Marking task as SUCCESS. dag_id=green_taxi_download_csv, task_id=green_csv_file_url, execution_date=20190402T060000, start_date=20220215T225201, end_date=20220215T225205
[2022-02-15 22:52:05,119] {local_task_job.py:154} INFO - Task exited with return code 0
[2022-02-15 22:52:05,266] {local_task_job.py:264} INFO - 1 downstream tasks scheduled from follow-on schedule check
