[2022-02-15 21:58:44,979] {taskinstance.py:1032} INFO - Dependencies all met for <TaskInstance: yellow_taxi_download_csv.download_csv_file_url scheduled__2020-07-02T06:00:00+00:00 [queued]>
[2022-02-15 21:58:45,063] {taskinstance.py:1032} INFO - Dependencies all met for <TaskInstance: yellow_taxi_download_csv.download_csv_file_url scheduled__2020-07-02T06:00:00+00:00 [queued]>
[2022-02-15 21:58:45,066] {taskinstance.py:1238} INFO - 
--------------------------------------------------------------------------------
[2022-02-15 21:58:45,068] {taskinstance.py:1239} INFO - Starting attempt 1 of 1
[2022-02-15 21:58:45,070] {taskinstance.py:1240} INFO - 
--------------------------------------------------------------------------------
[2022-02-15 21:58:45,140] {taskinstance.py:1259} INFO - Executing <Task(BashOperator): download_csv_file_url> on 2020-07-02 06:00:00+00:00
[2022-02-15 21:58:45,154] {standard_task_runner.py:52} INFO - Started process 2528 to run task
[2022-02-15 21:58:45,176] {standard_task_runner.py:76} INFO - Running: ['***', 'tasks', 'run', 'yellow_taxi_download_csv', 'download_csv_file_url', 'scheduled__2020-07-02T06:00:00+00:00', '--job-id', '725', '--raw', '--subdir', 'DAGS_FOLDER/download_upload_yellowtaxi_csv.py', '--cfg-path', '/tmp/tmpugycg_ua', '--error-file', '/tmp/tmpks7_e8nb']
[2022-02-15 21:58:45,180] {standard_task_runner.py:77} INFO - Job 725: Subtask download_csv_file_url
[2022-02-15 21:58:45,403] {logging_mixin.py:109} INFO - Running <TaskInstance: yellow_taxi_download_csv.download_csv_file_url scheduled__2020-07-02T06:00:00+00:00 [running]> on host 29988b24dbed
[2022-02-15 21:58:45,598] {warnings.py:110} WARNING - /home/***/.local/lib/python3.7/site-packages/***/utils/context.py:152: AirflowContextDeprecationWarning: Accessing 'execution_date' from the template is deprecated and will be removed in a future version. Please use 'data_interval_start' or 'logical_date' instead.
  warnings.warn(_create_deprecation_warning(key, self._deprecation_replacements[key]))

[2022-02-15 21:58:45,671] {taskinstance.py:1426} INFO - Exporting the following env vars:
AIRFLOW_CTX_DAG_OWNER=***
AIRFLOW_CTX_DAG_ID=yellow_taxi_download_csv
AIRFLOW_CTX_TASK_ID=download_csv_file_url
AIRFLOW_CTX_EXECUTION_DATE=2020-07-02T06:00:00+00:00
AIRFLOW_CTX_DAG_RUN_ID=scheduled__2020-07-02T06:00:00+00:00
[2022-02-15 21:58:45,692] {subprocess.py:62} INFO - Tmp dir root location: 
 /tmp
[2022-02-15 21:58:45,706] {subprocess.py:74} INFO - Running command: ['bash', '-c', 'curl -sSL https://s3.amazonaws.com/nyc-tlc/trip+data/yellow_tripdata_2020-07.csv > /opt/***/output_2020-07.csv']
[2022-02-15 21:58:45,774] {subprocess.py:85} INFO - Output:
[2022-02-15 21:58:51,030] {subprocess.py:93} INFO - Command exited with return code 0
[2022-02-15 21:58:51,216] {taskinstance.py:1277} INFO - Marking task as SUCCESS. dag_id=yellow_taxi_download_csv, task_id=download_csv_file_url, execution_date=20200702T060000, start_date=20220215T215844, end_date=20220215T215851
[2022-02-15 21:58:51,438] {local_task_job.py:154} INFO - Task exited with return code 0
[2022-02-15 21:58:51,712] {local_task_job.py:264} INFO - 1 downstream tasks scheduled from follow-on schedule check
