[2022-02-10 17:35:00,043] {taskinstance.py:1032} INFO - Dependencies all met for <TaskInstance: green_taxi_download_ingest_2_gcs_dag.format_2_parquet_task scheduled__2019-04-02T06:00:00+00:00 [queued]>
[2022-02-10 17:35:00,103] {taskinstance.py:1032} INFO - Dependencies all met for <TaskInstance: green_taxi_download_ingest_2_gcs_dag.format_2_parquet_task scheduled__2019-04-02T06:00:00+00:00 [queued]>
[2022-02-10 17:35:00,110] {taskinstance.py:1238} INFO - 
--------------------------------------------------------------------------------
[2022-02-10 17:35:00,124] {taskinstance.py:1239} INFO - Starting attempt 1 of 1
[2022-02-10 17:35:00,126] {taskinstance.py:1240} INFO - 
--------------------------------------------------------------------------------
[2022-02-10 17:35:00,260] {taskinstance.py:1259} INFO - Executing <Task(PythonOperator): format_2_parquet_task> on 2019-04-02 06:00:00+00:00
[2022-02-10 17:35:00,288] {standard_task_runner.py:52} INFO - Started process 1102 to run task
[2022-02-10 17:35:00,305] {standard_task_runner.py:76} INFO - Running: ['***', 'tasks', 'run', 'green_taxi_download_ingest_2_gcs_dag', 'format_2_parquet_task', 'scheduled__2019-04-02T06:00:00+00:00', '--job-id', '607', '--raw', '--subdir', 'DAGS_FOLDER/greentaxi_download_2_gcs.py', '--cfg-path', '/tmp/tmpnuicr14n', '--error-file', '/tmp/tmpgv90_8kw']
[2022-02-10 17:35:00,310] {standard_task_runner.py:77} INFO - Job 607: Subtask format_2_parquet_task
[2022-02-10 17:35:00,531] {logging_mixin.py:109} INFO - Running <TaskInstance: green_taxi_download_ingest_2_gcs_dag.format_2_parquet_task scheduled__2019-04-02T06:00:00+00:00 [running]> on host 2107cbac5c9b
[2022-02-10 17:35:01,028] {warnings.py:110} WARNING - /home/***/.local/lib/python3.7/site-packages/***/utils/context.py:152: AirflowContextDeprecationWarning: Accessing 'execution_date' from the template is deprecated and will be removed in a future version. Please use 'data_interval_start' or 'logical_date' instead.
  warnings.warn(_create_deprecation_warning(key, self._deprecation_replacements[key]))

[2022-02-10 17:35:01,148] {taskinstance.py:1426} INFO - Exporting the following env vars:
AIRFLOW_CTX_DAG_OWNER=***
AIRFLOW_CTX_DAG_ID=green_taxi_download_ingest_2_gcs_dag
AIRFLOW_CTX_TASK_ID=format_2_parquet_task
AIRFLOW_CTX_EXECUTION_DATE=2019-04-02T06:00:00+00:00
AIRFLOW_CTX_DAG_RUN_ID=scheduled__2019-04-02T06:00:00+00:00
[2022-02-10 17:35:04,650] {python.py:175} INFO - Done. Returned value was: None
[2022-02-10 17:35:04,690] {taskinstance.py:1277} INFO - Marking task as SUCCESS. dag_id=green_taxi_download_ingest_2_gcs_dag, task_id=format_2_parquet_task, execution_date=20190402T060000, start_date=20220210T173500, end_date=20220210T173504
[2022-02-10 17:35:04,801] {local_task_job.py:154} INFO - Task exited with return code 0
[2022-02-10 17:35:04,950] {local_task_job.py:264} INFO - 1 downstream tasks scheduled from follow-on schedule check
