[2022-02-02 15:04:14,206] {taskinstance.py:1032} INFO - Dependencies all met for <TaskInstance: download_ingest_2_gcs_dag.download_file_url scheduled__2020-12-02T06:00:00+00:00 [queued]>
[2022-02-02 15:04:14,650] {taskinstance.py:1032} INFO - Dependencies all met for <TaskInstance: download_ingest_2_gcs_dag.download_file_url scheduled__2020-12-02T06:00:00+00:00 [queued]>
[2022-02-02 15:04:14,655] {taskinstance.py:1238} INFO - 
--------------------------------------------------------------------------------
[2022-02-02 15:04:14,670] {taskinstance.py:1239} INFO - Starting attempt 1 of 1
[2022-02-02 15:04:14,692] {taskinstance.py:1240} INFO - 
--------------------------------------------------------------------------------
[2022-02-02 15:04:15,104] {taskinstance.py:1259} INFO - Executing <Task(BashOperator): download_file_url> on 2020-12-02 06:00:00+00:00
[2022-02-02 15:04:15,142] {standard_task_runner.py:52} INFO - Started process 32617 to run task
[2022-02-02 15:04:15,193] {standard_task_runner.py:76} INFO - Running: ['***', 'tasks', 'run', 'download_ingest_2_gcs_dag', 'download_file_url', 'scheduled__2020-12-02T06:00:00+00:00', '--job-id', '383', '--raw', '--subdir', 'DAGS_FOLDER/download_ingest_2_gsc_assgnment.py', '--cfg-path', '/tmp/tmpt1mud8yv', '--error-file', '/tmp/tmpuv3o3onu']
[2022-02-02 15:04:15,213] {standard_task_runner.py:77} INFO - Job 383: Subtask download_file_url
[2022-02-02 15:04:15,542] {logging_mixin.py:109} INFO - Running <TaskInstance: download_ingest_2_gcs_dag.download_file_url scheduled__2020-12-02T06:00:00+00:00 [running]> on host 3082aca3aebc
[2022-02-02 15:04:16,599] {warnings.py:110} WARNING - /home/***/.local/lib/python3.7/site-packages/***/utils/context.py:152: AirflowContextDeprecationWarning: Accessing 'execution_date' from the template is deprecated and will be removed in a future version. Please use 'data_interval_start' or 'logical_date' instead.
  warnings.warn(_create_deprecation_warning(key, self._deprecation_replacements[key]))

[2022-02-02 15:04:16,926] {taskinstance.py:1426} INFO - Exporting the following env vars:
AIRFLOW_CTX_DAG_OWNER=***
AIRFLOW_CTX_DAG_ID=download_ingest_2_gcs_dag
AIRFLOW_CTX_TASK_ID=download_file_url
AIRFLOW_CTX_EXECUTION_DATE=2020-12-02T06:00:00+00:00
AIRFLOW_CTX_DAG_RUN_ID=scheduled__2020-12-02T06:00:00+00:00
[2022-02-02 15:04:16,934] {subprocess.py:62} INFO - Tmp dir root location: 
 /tmp
[2022-02-02 15:04:16,941] {subprocess.py:74} INFO - Running command: ['bash', '-c', 'curl -sSL https://s3.amazonaws.com/nyc-tlc/trip+data/yellow_tripdata_2020-12.csv > /opt/***/output_2020-12.csv']
[2022-02-02 15:04:17,015] {subprocess.py:85} INFO - Output:
[2022-02-02 15:04:44,519] {subprocess.py:93} INFO - Command exited with return code 0
[2022-02-02 15:04:46,052] {taskinstance.py:1277} INFO - Marking task as SUCCESS. dag_id=download_ingest_2_gcs_dag, task_id=download_file_url, execution_date=20201202T060000, start_date=20220202T150414, end_date=20220202T150446
[2022-02-02 15:04:46,479] {local_task_job.py:154} INFO - Task exited with return code 0
[2022-02-02 15:04:47,004] {dagrun.py:628} WARNING - Failed to get task '<TaskInstance: download_ingest_2_gcs_dag.cleanup_csv scheduled__2020-12-02T06:00:00+00:00 [removed]>' for dag 'download_ingest_2_gcs_dag'. Marking it as removed.
[2022-02-02 15:04:47,257] {local_task_job.py:264} INFO - 1 downstream tasks scheduled from follow-on schedule check
