[2022-02-10 13:58:17,273] {taskinstance.py:1032} INFO - Dependencies all met for <TaskInstance: zone_ingest_2_gcs_dag.format_csv_2_parquet_task_zone scheduled__2022-01-02T06:00:00+00:00 [queued]>
[2022-02-10 13:58:17,319] {taskinstance.py:1032} INFO - Dependencies all met for <TaskInstance: zone_ingest_2_gcs_dag.format_csv_2_parquet_task_zone scheduled__2022-01-02T06:00:00+00:00 [queued]>
[2022-02-10 13:58:17,321] {taskinstance.py:1238} INFO - 
--------------------------------------------------------------------------------
[2022-02-10 13:58:17,323] {taskinstance.py:1239} INFO - Starting attempt 2 of 2
[2022-02-10 13:58:17,324] {taskinstance.py:1240} INFO - 
--------------------------------------------------------------------------------
[2022-02-10 13:58:17,365] {taskinstance.py:1259} INFO - Executing <Task(PythonOperator): format_csv_2_parquet_task_zone> on 2022-01-02 06:00:00+00:00
[2022-02-10 13:58:17,376] {standard_task_runner.py:52} INFO - Started process 1062 to run task
[2022-02-10 13:58:17,386] {standard_task_runner.py:76} INFO - Running: ['***', 'tasks', 'run', 'zone_ingest_2_gcs_dag', 'format_csv_2_parquet_task_zone', 'scheduled__2022-01-02T06:00:00+00:00', '--job-id', '548', '--raw', '--subdir', 'DAGS_FOLDER/zone_download_ingest_gcs.py', '--cfg-path', '/tmp/tmpgf_n5be0', '--error-file', '/tmp/tmp2capt7zk']
[2022-02-10 13:58:17,390] {standard_task_runner.py:77} INFO - Job 548: Subtask format_csv_2_parquet_task_zone
[2022-02-10 13:58:17,516] {logging_mixin.py:109} INFO - Running <TaskInstance: zone_ingest_2_gcs_dag.format_csv_2_parquet_task_zone scheduled__2022-01-02T06:00:00+00:00 [running]> on host e30cdf5fe267
[2022-02-10 13:58:17,649] {taskinstance.py:1426} INFO - Exporting the following env vars:
AIRFLOW_CTX_DAG_OWNER=***
AIRFLOW_CTX_DAG_ID=zone_ingest_2_gcs_dag
AIRFLOW_CTX_TASK_ID=format_csv_2_parquet_task_zone
AIRFLOW_CTX_EXECUTION_DATE=2022-01-02T06:00:00+00:00
AIRFLOW_CTX_DAG_RUN_ID=scheduled__2022-01-02T06:00:00+00:00
[2022-02-10 13:58:18,016] {python.py:175} INFO - Done. Returned value was: None
[2022-02-10 13:58:18,049] {taskinstance.py:1277} INFO - Marking task as SUCCESS. dag_id=zone_ingest_2_gcs_dag, task_id=format_csv_2_parquet_task_zone, execution_date=20220102T060000, start_date=20220210T135817, end_date=20220210T135818
[2022-02-10 13:58:18,140] {local_task_job.py:154} INFO - Task exited with return code 0
[2022-02-10 13:58:18,252] {local_task_job.py:264} INFO - 1 downstream tasks scheduled from follow-on schedule check
