[2022-02-02 04:03:13,133] {taskinstance.py:1032} INFO - Dependencies all met for <TaskInstance: download_ingest_2_gcs_dag.format_2_parquet_task scheduled__2019-03-02T06:00:00+00:00 [queued]>
[2022-02-02 04:03:13,186] {taskinstance.py:1032} INFO - Dependencies all met for <TaskInstance: download_ingest_2_gcs_dag.format_2_parquet_task scheduled__2019-03-02T06:00:00+00:00 [queued]>
[2022-02-02 04:03:13,188] {taskinstance.py:1238} INFO - 
--------------------------------------------------------------------------------
[2022-02-02 04:03:13,189] {taskinstance.py:1239} INFO - Starting attempt 1 of 1
[2022-02-02 04:03:13,191] {taskinstance.py:1240} INFO - 
--------------------------------------------------------------------------------
[2022-02-02 04:03:13,241] {taskinstance.py:1259} INFO - Executing <Task(PythonOperator): format_2_parquet_task> on 2019-03-02 06:00:00+00:00
[2022-02-02 04:03:13,251] {standard_task_runner.py:52} INFO - Started process 1597 to run task
[2022-02-02 04:03:13,262] {standard_task_runner.py:76} INFO - Running: ['***', 'tasks', 'run', 'download_ingest_2_gcs_dag', 'format_2_parquet_task', 'scheduled__2019-03-02T06:00:00+00:00', '--job-id', '250', '--raw', '--subdir', 'DAGS_FOLDER/load_gsc_assgnment.py', '--cfg-path', '/tmp/tmpk50klaaz', '--error-file', '/tmp/tmpt4lykg7b']
[2022-02-02 04:03:13,266] {standard_task_runner.py:77} INFO - Job 250: Subtask format_2_parquet_task
[2022-02-02 04:03:13,444] {logging_mixin.py:109} INFO - Running <TaskInstance: download_ingest_2_gcs_dag.format_2_parquet_task scheduled__2019-03-02T06:00:00+00:00 [running]> on host 3082aca3aebc
[2022-02-02 04:03:13,628] {warnings.py:110} WARNING - /home/***/.local/lib/python3.7/site-packages/***/utils/context.py:152: AirflowContextDeprecationWarning: Accessing 'execution_date' from the template is deprecated and will be removed in a future version. Please use 'data_interval_start' or 'logical_date' instead.
  warnings.warn(_create_deprecation_warning(key, self._deprecation_replacements[key]))

[2022-02-02 04:03:13,719] {taskinstance.py:1426} INFO - Exporting the following env vars:
AIRFLOW_CTX_DAG_OWNER=***
AIRFLOW_CTX_DAG_ID=download_ingest_2_gcs_dag
AIRFLOW_CTX_TASK_ID=format_2_parquet_task
AIRFLOW_CTX_EXECUTION_DATE=2019-03-02T06:00:00+00:00
AIRFLOW_CTX_DAG_RUN_ID=scheduled__2019-03-02T06:00:00+00:00
[2022-02-02 04:03:52,528] {python.py:175} INFO - Done. Returned value was: None
[2022-02-02 04:03:52,659] {taskinstance.py:1277} INFO - Marking task as SUCCESS. dag_id=download_ingest_2_gcs_dag, task_id=format_2_parquet_task, execution_date=20190302T060000, start_date=20220202T040313, end_date=20220202T040352
[2022-02-02 04:03:55,066] {local_task_job.py:154} INFO - Task exited with return code 0
[2022-02-02 04:03:55,160] {local_task_job.py:264} INFO - 0 downstream tasks scheduled from follow-on schedule check
[2022-02-02 14:18:18,321] {taskinstance.py:1032} INFO - Dependencies all met for <TaskInstance: download_ingest_2_gcs_dag.format_2_parquet_task scheduled__2019-03-02T06:00:00+00:00 [queued]>
[2022-02-02 14:18:18,359] {taskinstance.py:1032} INFO - Dependencies all met for <TaskInstance: download_ingest_2_gcs_dag.format_2_parquet_task scheduled__2019-03-02T06:00:00+00:00 [queued]>
[2022-02-02 14:18:18,361] {taskinstance.py:1238} INFO - 
--------------------------------------------------------------------------------
[2022-02-02 14:18:18,362] {taskinstance.py:1239} INFO - Starting attempt 1 of 1
[2022-02-02 14:18:18,364] {taskinstance.py:1240} INFO - 
--------------------------------------------------------------------------------
[2022-02-02 14:18:18,401] {taskinstance.py:1259} INFO - Executing <Task(PythonOperator): format_2_parquet_task> on 2019-03-02 06:00:00+00:00
[2022-02-02 14:18:18,412] {standard_task_runner.py:52} INFO - Started process 29505 to run task
[2022-02-02 14:18:18,421] {standard_task_runner.py:76} INFO - Running: ['***', 'tasks', 'run', 'download_ingest_2_gcs_dag', 'format_2_parquet_task', 'scheduled__2019-03-02T06:00:00+00:00', '--job-id', '305', '--raw', '--subdir', 'DAGS_FOLDER/download_ingest_2_gsc_assgnment.py', '--cfg-path', '/tmp/tmp4jikzxc0', '--error-file', '/tmp/tmp18r8yagi']
[2022-02-02 14:18:18,426] {standard_task_runner.py:77} INFO - Job 305: Subtask format_2_parquet_task
[2022-02-02 14:18:18,568] {logging_mixin.py:109} INFO - Running <TaskInstance: download_ingest_2_gcs_dag.format_2_parquet_task scheduled__2019-03-02T06:00:00+00:00 [running]> on host 3082aca3aebc
[2022-02-02 14:18:18,688] {warnings.py:110} WARNING - /home/***/.local/lib/python3.7/site-packages/***/utils/context.py:152: AirflowContextDeprecationWarning: Accessing 'execution_date' from the template is deprecated and will be removed in a future version. Please use 'data_interval_start' or 'logical_date' instead.
  warnings.warn(_create_deprecation_warning(key, self._deprecation_replacements[key]))

[2022-02-02 14:18:18,729] {taskinstance.py:1426} INFO - Exporting the following env vars:
AIRFLOW_CTX_DAG_OWNER=***
AIRFLOW_CTX_DAG_ID=download_ingest_2_gcs_dag
AIRFLOW_CTX_TASK_ID=format_2_parquet_task
AIRFLOW_CTX_EXECUTION_DATE=2019-03-02T06:00:00+00:00
AIRFLOW_CTX_DAG_RUN_ID=scheduled__2019-03-02T06:00:00+00:00
[2022-02-02 14:18:51,968] {local_task_job.py:154} INFO - Task exited with return code Negsignal.SIGKILL
[2022-02-02 14:18:52,416] {taskinstance.py:1277} INFO - Marking task as FAILED. dag_id=download_ingest_2_gcs_dag, task_id=format_2_parquet_task, execution_date=20190302T060000, start_date=20220202T141818, end_date=20220202T141852
[2022-02-02 14:18:53,348] {local_task_job.py:264} INFO - 0 downstream tasks scheduled from follow-on schedule check
