[2022-02-02 14:20:19,887] {taskinstance.py:1032} INFO - Dependencies all met for <TaskInstance: download_ingest_2_gcs_dag.format_2_parquet_task scheduled__2019-03-02T06:00:00+00:00 [queued]>
[2022-02-02 14:20:19,927] {taskinstance.py:1032} INFO - Dependencies all met for <TaskInstance: download_ingest_2_gcs_dag.format_2_parquet_task scheduled__2019-03-02T06:00:00+00:00 [queued]>
[2022-02-02 14:20:19,928] {taskinstance.py:1238} INFO - 
--------------------------------------------------------------------------------
[2022-02-02 14:20:19,930] {taskinstance.py:1239} INFO - Starting attempt 2 of 2
[2022-02-02 14:20:19,931] {taskinstance.py:1240} INFO - 
--------------------------------------------------------------------------------
[2022-02-02 14:20:19,971] {taskinstance.py:1259} INFO - Executing <Task(PythonOperator): format_2_parquet_task> on 2019-03-02 06:00:00+00:00
[2022-02-02 14:20:19,982] {standard_task_runner.py:52} INFO - Started process 29650 to run task
[2022-02-02 14:20:19,992] {standard_task_runner.py:76} INFO - Running: ['***', 'tasks', 'run', 'download_ingest_2_gcs_dag', 'format_2_parquet_task', 'scheduled__2019-03-02T06:00:00+00:00', '--job-id', '310', '--raw', '--subdir', 'DAGS_FOLDER/download_ingest_2_gsc_assgnment.py', '--cfg-path', '/tmp/tmpconafddp', '--error-file', '/tmp/tmprvlr3ks7']
[2022-02-02 14:20:19,995] {standard_task_runner.py:77} INFO - Job 310: Subtask format_2_parquet_task
[2022-02-02 14:20:20,165] {logging_mixin.py:109} INFO - Running <TaskInstance: download_ingest_2_gcs_dag.format_2_parquet_task scheduled__2019-03-02T06:00:00+00:00 [running]> on host 3082aca3aebc
[2022-02-02 14:20:20,322] {warnings.py:110} WARNING - /home/***/.local/lib/python3.7/site-packages/***/utils/context.py:152: AirflowContextDeprecationWarning: Accessing 'execution_date' from the template is deprecated and will be removed in a future version. Please use 'data_interval_start' or 'logical_date' instead.
  warnings.warn(_create_deprecation_warning(key, self._deprecation_replacements[key]))

[2022-02-02 14:20:20,365] {taskinstance.py:1426} INFO - Exporting the following env vars:
AIRFLOW_CTX_DAG_OWNER=***
AIRFLOW_CTX_DAG_ID=download_ingest_2_gcs_dag
AIRFLOW_CTX_TASK_ID=format_2_parquet_task
AIRFLOW_CTX_EXECUTION_DATE=2019-03-02T06:00:00+00:00
AIRFLOW_CTX_DAG_RUN_ID=scheduled__2019-03-02T06:00:00+00:00
[2022-02-02 14:20:51,430] {local_task_job.py:154} INFO - Task exited with return code Negsignal.SIGKILL
[2022-02-02 14:20:52,105] {taskinstance.py:1277} INFO - Marking task as FAILED. dag_id=download_ingest_2_gcs_dag, task_id=format_2_parquet_task, execution_date=20190302T060000, start_date=20220202T142019, end_date=20220202T142052
[2022-02-02 14:20:53,233] {local_task_job.py:264} INFO - 0 downstream tasks scheduled from follow-on schedule check
