[2022-02-15 22:49:00,460] {taskinstance.py:1032} INFO - Dependencies all met for <TaskInstance: green_taxi_download_csv.green_csv_file_url scheduled__2019-08-02T06:00:00+00:00 [queued]>
[2022-02-15 22:49:00,540] {taskinstance.py:1032} INFO - Dependencies all met for <TaskInstance: green_taxi_download_csv.green_csv_file_url scheduled__2019-08-02T06:00:00+00:00 [queued]>
[2022-02-15 22:49:00,551] {taskinstance.py:1238} INFO - 
--------------------------------------------------------------------------------
[2022-02-15 22:49:00,555] {taskinstance.py:1239} INFO - Starting attempt 1 of 1
[2022-02-15 22:49:00,559] {taskinstance.py:1240} INFO - 
--------------------------------------------------------------------------------
[2022-02-15 22:49:00,736] {taskinstance.py:1259} INFO - Executing <Task(BashOperator): green_csv_file_url> on 2019-08-02 06:00:00+00:00
[2022-02-15 22:49:00,765] {standard_task_runner.py:52} INFO - Started process 5468 to run task
[2022-02-15 22:49:00,790] {standard_task_runner.py:76} INFO - Running: ['***', 'tasks', 'run', 'green_taxi_download_csv', 'green_csv_file_url', 'scheduled__2019-08-02T06:00:00+00:00', '--job-id', '765', '--raw', '--subdir', 'DAGS_FOLDER/download_upload_greentaxi_csv.py', '--cfg-path', '/tmp/tmp2yjrj2q6', '--error-file', '/tmp/tmpw58v3ap2']
[2022-02-15 22:49:00,798] {standard_task_runner.py:77} INFO - Job 765: Subtask green_csv_file_url
[2022-02-15 22:49:01,276] {logging_mixin.py:109} INFO - Running <TaskInstance: green_taxi_download_csv.green_csv_file_url scheduled__2019-08-02T06:00:00+00:00 [running]> on host 29988b24dbed
[2022-02-15 22:49:01,564] {warnings.py:110} WARNING - /home/***/.local/lib/python3.7/site-packages/***/utils/context.py:152: AirflowContextDeprecationWarning: Accessing 'execution_date' from the template is deprecated and will be removed in a future version. Please use 'data_interval_start' or 'logical_date' instead.
  warnings.warn(_create_deprecation_warning(key, self._deprecation_replacements[key]))

[2022-02-15 22:49:01,674] {taskinstance.py:1426} INFO - Exporting the following env vars:
AIRFLOW_CTX_DAG_OWNER=***
AIRFLOW_CTX_DAG_ID=green_taxi_download_csv
AIRFLOW_CTX_TASK_ID=green_csv_file_url
AIRFLOW_CTX_EXECUTION_DATE=2019-08-02T06:00:00+00:00
AIRFLOW_CTX_DAG_RUN_ID=scheduled__2019-08-02T06:00:00+00:00
[2022-02-15 22:49:01,689] {subprocess.py:62} INFO - Tmp dir root location: 
 /tmp
[2022-02-15 22:49:01,699] {subprocess.py:74} INFO - Running command: ['bash', '-c', 'curl -sSL https://s3.amazonaws.com/nyc-tlc/trip+data/green_tripdata_2019-08.csv > /opt/***/output_2019-08.csv']
[2022-02-15 22:49:01,767] {subprocess.py:85} INFO - Output:
[2022-02-15 22:49:09,313] {subprocess.py:93} INFO - Command exited with return code 0
[2022-02-15 22:49:10,364] {taskinstance.py:1277} INFO - Marking task as SUCCESS. dag_id=green_taxi_download_csv, task_id=green_csv_file_url, execution_date=20190802T060000, start_date=20220215T224900, end_date=20220215T224910
[2022-02-15 22:49:10,621] {local_task_job.py:154} INFO - Task exited with return code 0
[2022-02-15 22:49:10,772] {local_task_job.py:264} INFO - 1 downstream tasks scheduled from follow-on schedule check
[2022-02-15 22:52:48,503] {taskinstance.py:1032} INFO - Dependencies all met for <TaskInstance: green_taxi_download_csv.green_csv_file_url scheduled__2019-08-02T06:00:00+00:00 [queued]>
[2022-02-15 22:52:48,648] {taskinstance.py:1032} INFO - Dependencies all met for <TaskInstance: green_taxi_download_csv.green_csv_file_url scheduled__2019-08-02T06:00:00+00:00 [queued]>
[2022-02-15 22:52:48,650] {taskinstance.py:1238} INFO - 
--------------------------------------------------------------------------------
[2022-02-15 22:52:48,651] {taskinstance.py:1239} INFO - Starting attempt 1 of 1
[2022-02-15 22:52:48,654] {taskinstance.py:1240} INFO - 
--------------------------------------------------------------------------------
[2022-02-15 22:52:48,728] {taskinstance.py:1259} INFO - Executing <Task(BashOperator): green_csv_file_url> on 2019-08-02 06:00:00+00:00
[2022-02-15 22:52:48,745] {standard_task_runner.py:52} INFO - Started process 5867 to run task
[2022-02-15 22:52:48,767] {standard_task_runner.py:76} INFO - Running: ['***', 'tasks', 'run', 'green_taxi_download_csv', 'green_csv_file_url', 'scheduled__2019-08-02T06:00:00+00:00', '--job-id', '789', '--raw', '--subdir', 'DAGS_FOLDER/download_upload_greentaxi_csv.py', '--cfg-path', '/tmp/tmp8t69xtto', '--error-file', '/tmp/tmpy81vml6w']
[2022-02-15 22:52:48,773] {standard_task_runner.py:77} INFO - Job 789: Subtask green_csv_file_url
[2022-02-15 22:52:49,019] {logging_mixin.py:109} INFO - Running <TaskInstance: green_taxi_download_csv.green_csv_file_url scheduled__2019-08-02T06:00:00+00:00 [running]> on host 29988b24dbed
[2022-02-15 22:52:49,287] {warnings.py:110} WARNING - /home/***/.local/lib/python3.7/site-packages/***/utils/context.py:152: AirflowContextDeprecationWarning: Accessing 'execution_date' from the template is deprecated and will be removed in a future version. Please use 'data_interval_start' or 'logical_date' instead.
  warnings.warn(_create_deprecation_warning(key, self._deprecation_replacements[key]))

[2022-02-15 22:52:49,349] {taskinstance.py:1426} INFO - Exporting the following env vars:
AIRFLOW_CTX_DAG_OWNER=***
AIRFLOW_CTX_DAG_ID=green_taxi_download_csv
AIRFLOW_CTX_TASK_ID=green_csv_file_url
AIRFLOW_CTX_EXECUTION_DATE=2019-08-02T06:00:00+00:00
AIRFLOW_CTX_DAG_RUN_ID=scheduled__2019-08-02T06:00:00+00:00
[2022-02-15 22:52:49,354] {subprocess.py:62} INFO - Tmp dir root location: 
 /tmp
[2022-02-15 22:52:49,358] {subprocess.py:74} INFO - Running command: ['bash', '-c', 'curl -sSL https://s3.amazonaws.com/nyc-tlc/trip+data/green_tripdata_2019-08.csv > /opt/***/output_2019-08.csv']
[2022-02-15 22:52:49,394] {subprocess.py:85} INFO - Output:
[2022-02-15 22:53:23,795] {subprocess.py:93} INFO - Command exited with return code 0
[2022-02-15 22:53:23,888] {taskinstance.py:1277} INFO - Marking task as SUCCESS. dag_id=green_taxi_download_csv, task_id=green_csv_file_url, execution_date=20190802T060000, start_date=20220215T225248, end_date=20220215T225323
[2022-02-15 22:53:24,005] {local_task_job.py:154} INFO - Task exited with return code 0
[2022-02-15 22:53:24,143] {local_task_job.py:264} INFO - 1 downstream tasks scheduled from follow-on schedule check
