[2022-02-15 21:58:19,667] {taskinstance.py:1032} INFO - Dependencies all met for <TaskInstance: yellow_taxi_download_csv.csv_to_gcs_job scheduled__2020-04-02T06:00:00+00:00 [queued]>
[2022-02-15 21:58:19,820] {taskinstance.py:1032} INFO - Dependencies all met for <TaskInstance: yellow_taxi_download_csv.csv_to_gcs_job scheduled__2020-04-02T06:00:00+00:00 [queued]>
[2022-02-15 21:58:19,825] {taskinstance.py:1238} INFO - 
--------------------------------------------------------------------------------
[2022-02-15 21:58:19,828] {taskinstance.py:1239} INFO - Starting attempt 1 of 1
[2022-02-15 21:58:19,834] {taskinstance.py:1240} INFO - 
--------------------------------------------------------------------------------
[2022-02-15 21:58:20,014] {taskinstance.py:1259} INFO - Executing <Task(PythonOperator): csv_to_gcs_job> on 2020-04-02 06:00:00+00:00
[2022-02-15 21:58:20,064] {standard_task_runner.py:52} INFO - Started process 2482 to run task
[2022-02-15 21:58:20,103] {standard_task_runner.py:76} INFO - Running: ['***', 'tasks', 'run', 'yellow_taxi_download_csv', 'csv_to_gcs_job', 'scheduled__2020-04-02T06:00:00+00:00', '--job-id', '722', '--raw', '--subdir', 'DAGS_FOLDER/download_upload_yellowtaxi_csv.py', '--cfg-path', '/tmp/tmpplyqqiek', '--error-file', '/tmp/tmpu8w56owr']
[2022-02-15 21:58:20,115] {standard_task_runner.py:77} INFO - Job 722: Subtask csv_to_gcs_job
[2022-02-15 21:58:20,602] {logging_mixin.py:109} INFO - Running <TaskInstance: yellow_taxi_download_csv.csv_to_gcs_job scheduled__2020-04-02T06:00:00+00:00 [running]> on host 29988b24dbed
[2022-02-15 21:58:21,009] {warnings.py:110} WARNING - /home/***/.local/lib/python3.7/site-packages/***/utils/context.py:152: AirflowContextDeprecationWarning: Accessing 'execution_date' from the template is deprecated and will be removed in a future version. Please use 'data_interval_start' or 'logical_date' instead.
  warnings.warn(_create_deprecation_warning(key, self._deprecation_replacements[key]))

[2022-02-15 21:58:21,082] {taskinstance.py:1426} INFO - Exporting the following env vars:
AIRFLOW_CTX_DAG_OWNER=***
AIRFLOW_CTX_DAG_ID=yellow_taxi_download_csv
AIRFLOW_CTX_TASK_ID=csv_to_gcs_job
AIRFLOW_CTX_EXECUTION_DATE=2020-04-02T06:00:00+00:00
AIRFLOW_CTX_DAG_RUN_ID=scheduled__2020-04-02T06:00:00+00:00
[2022-02-15 21:58:26,894] {python.py:175} INFO - Done. Returned value was: None
[2022-02-15 21:58:26,997] {taskinstance.py:1277} INFO - Marking task as SUCCESS. dag_id=yellow_taxi_download_csv, task_id=csv_to_gcs_job, execution_date=20200402T060000, start_date=20220215T215819, end_date=20220215T215826
[2022-02-15 21:58:27,188] {local_task_job.py:154} INFO - Task exited with return code 0
[2022-02-15 21:58:27,534] {local_task_job.py:264} INFO - 0 downstream tasks scheduled from follow-on schedule check
