[2022-02-02 14:27:00,034] {taskinstance.py:1032} INFO - Dependencies all met for <TaskInstance: download_ingest_2_gcs_dag.cleanup_csv scheduled__2019-06-02T06:00:00+00:00 [queued]>
[2022-02-02 14:27:00,087] {taskinstance.py:1032} INFO - Dependencies all met for <TaskInstance: download_ingest_2_gcs_dag.cleanup_csv scheduled__2019-06-02T06:00:00+00:00 [queued]>
[2022-02-02 14:27:00,089] {taskinstance.py:1238} INFO - 
--------------------------------------------------------------------------------
[2022-02-02 14:27:00,090] {taskinstance.py:1239} INFO - Starting attempt 1 of 1
[2022-02-02 14:27:00,092] {taskinstance.py:1240} INFO - 
--------------------------------------------------------------------------------
[2022-02-02 14:27:00,141] {taskinstance.py:1259} INFO - Executing <Task(BashOperator): cleanup_csv> on 2019-06-02 06:00:00+00:00
[2022-02-02 14:27:00,151] {standard_task_runner.py:52} INFO - Started process 30154 to run task
[2022-02-02 14:27:00,161] {standard_task_runner.py:76} INFO - Running: ['***', 'tasks', 'run', 'download_ingest_2_gcs_dag', 'cleanup_csv', 'scheduled__2019-06-02T06:00:00+00:00', '--job-id', '327', '--raw', '--subdir', 'DAGS_FOLDER/download_ingest_2_gsc_assgnment.py', '--cfg-path', '/tmp/tmpfypmkpqp', '--error-file', '/tmp/tmpmqtep17b']
[2022-02-02 14:27:00,164] {standard_task_runner.py:77} INFO - Job 327: Subtask cleanup_csv
[2022-02-02 14:27:00,327] {logging_mixin.py:109} INFO - Running <TaskInstance: download_ingest_2_gcs_dag.cleanup_csv scheduled__2019-06-02T06:00:00+00:00 [running]> on host 3082aca3aebc
[2022-02-02 14:27:00,476] {warnings.py:110} WARNING - /home/***/.local/lib/python3.7/site-packages/***/utils/context.py:152: AirflowContextDeprecationWarning: Accessing 'execution_date' from the template is deprecated and will be removed in a future version. Please use 'data_interval_start' or 'logical_date' instead.
  warnings.warn(_create_deprecation_warning(key, self._deprecation_replacements[key]))

[2022-02-02 14:27:00,525] {taskinstance.py:1426} INFO - Exporting the following env vars:
AIRFLOW_CTX_DAG_OWNER=***
AIRFLOW_CTX_DAG_ID=download_ingest_2_gcs_dag
AIRFLOW_CTX_TASK_ID=cleanup_csv
AIRFLOW_CTX_EXECUTION_DATE=2019-06-02T06:00:00+00:00
AIRFLOW_CTX_DAG_RUN_ID=scheduled__2019-06-02T06:00:00+00:00
[2022-02-02 14:27:00,530] {subprocess.py:62} INFO - Tmp dir root location: 
 /tmp
[2022-02-02 14:27:00,533] {subprocess.py:74} INFO - Running command: ['bash', '-c', 'rm /opt/***/output_2019-06.csv']
[2022-02-02 14:27:00,561] {subprocess.py:85} INFO - Output:
[2022-02-02 14:27:00,642] {subprocess.py:93} INFO - Command exited with return code 0
[2022-02-02 14:27:00,718] {taskinstance.py:1277} INFO - Marking task as SUCCESS. dag_id=download_ingest_2_gcs_dag, task_id=cleanup_csv, execution_date=20190602T060000, start_date=20220202T142700, end_date=20220202T142700
[2022-02-02 14:27:00,821] {local_task_job.py:154} INFO - Task exited with return code 0
[2022-02-02 14:27:00,902] {local_task_job.py:264} INFO - 0 downstream tasks scheduled from follow-on schedule check
