[2022-02-15 22:49:29,450] {taskinstance.py:1032} INFO - Dependencies all met for <TaskInstance: green_taxi_download_csv.green_csv_file_url scheduled__2019-09-02T06:00:00+00:00 [queued]>
[2022-02-15 22:49:29,570] {taskinstance.py:1032} INFO - Dependencies all met for <TaskInstance: green_taxi_download_csv.green_csv_file_url scheduled__2019-09-02T06:00:00+00:00 [queued]>
[2022-02-15 22:49:29,573] {taskinstance.py:1238} INFO - 
--------------------------------------------------------------------------------
[2022-02-15 22:49:29,575] {taskinstance.py:1239} INFO - Starting attempt 1 of 1
[2022-02-15 22:49:29,577] {taskinstance.py:1240} INFO - 
--------------------------------------------------------------------------------
[2022-02-15 22:49:29,689] {taskinstance.py:1259} INFO - Executing <Task(BashOperator): green_csv_file_url> on 2019-09-02 06:00:00+00:00
[2022-02-15 22:49:29,711] {standard_task_runner.py:52} INFO - Started process 5538 to run task
[2022-02-15 22:49:29,749] {standard_task_runner.py:76} INFO - Running: ['***', 'tasks', 'run', 'green_taxi_download_csv', 'green_csv_file_url', 'scheduled__2019-09-02T06:00:00+00:00', '--job-id', '770', '--raw', '--subdir', 'DAGS_FOLDER/download_upload_greentaxi_csv.py', '--cfg-path', '/tmp/tmpghc5392k', '--error-file', '/tmp/tmpzhydmga2']
[2022-02-15 22:49:29,756] {standard_task_runner.py:77} INFO - Job 770: Subtask green_csv_file_url
[2022-02-15 22:49:30,311] {logging_mixin.py:109} INFO - Running <TaskInstance: green_taxi_download_csv.green_csv_file_url scheduled__2019-09-02T06:00:00+00:00 [running]> on host 29988b24dbed
[2022-02-15 22:49:30,684] {warnings.py:110} WARNING - /home/***/.local/lib/python3.7/site-packages/***/utils/context.py:152: AirflowContextDeprecationWarning: Accessing 'execution_date' from the template is deprecated and will be removed in a future version. Please use 'data_interval_start' or 'logical_date' instead.
  warnings.warn(_create_deprecation_warning(key, self._deprecation_replacements[key]))

[2022-02-15 22:49:30,863] {taskinstance.py:1426} INFO - Exporting the following env vars:
AIRFLOW_CTX_DAG_OWNER=***
AIRFLOW_CTX_DAG_ID=green_taxi_download_csv
AIRFLOW_CTX_TASK_ID=green_csv_file_url
AIRFLOW_CTX_EXECUTION_DATE=2019-09-02T06:00:00+00:00
AIRFLOW_CTX_DAG_RUN_ID=scheduled__2019-09-02T06:00:00+00:00
[2022-02-15 22:49:30,873] {subprocess.py:62} INFO - Tmp dir root location: 
 /tmp
[2022-02-15 22:49:30,886] {subprocess.py:74} INFO - Running command: ['bash', '-c', 'curl -sSL https://s3.amazonaws.com/nyc-tlc/trip+data/green_tripdata_2019-09.csv > /opt/***/output_2019-09.csv']
[2022-02-15 22:49:30,945] {subprocess.py:85} INFO - Output:
[2022-02-15 22:49:37,387] {subprocess.py:93} INFO - Command exited with return code 0
[2022-02-15 22:49:37,499] {taskinstance.py:1277} INFO - Marking task as SUCCESS. dag_id=green_taxi_download_csv, task_id=green_csv_file_url, execution_date=20190902T060000, start_date=20220215T224929, end_date=20220215T224937
[2022-02-15 22:49:37,630] {local_task_job.py:154} INFO - Task exited with return code 0
[2022-02-15 22:49:37,865] {local_task_job.py:264} INFO - 1 downstream tasks scheduled from follow-on schedule check
[2022-02-15 22:53:22,402] {taskinstance.py:1032} INFO - Dependencies all met for <TaskInstance: green_taxi_download_csv.green_csv_file_url scheduled__2019-09-02T06:00:00+00:00 [queued]>
[2022-02-15 22:53:22,456] {taskinstance.py:1032} INFO - Dependencies all met for <TaskInstance: green_taxi_download_csv.green_csv_file_url scheduled__2019-09-02T06:00:00+00:00 [queued]>
[2022-02-15 22:53:22,459] {taskinstance.py:1238} INFO - 
--------------------------------------------------------------------------------
[2022-02-15 22:53:22,460] {taskinstance.py:1239} INFO - Starting attempt 1 of 1
[2022-02-15 22:53:22,461] {taskinstance.py:1240} INFO - 
--------------------------------------------------------------------------------
[2022-02-15 22:53:22,512] {taskinstance.py:1259} INFO - Executing <Task(BashOperator): green_csv_file_url> on 2019-09-02 06:00:00+00:00
[2022-02-15 22:53:22,526] {standard_task_runner.py:52} INFO - Started process 5909 to run task
[2022-02-15 22:53:22,540] {standard_task_runner.py:76} INFO - Running: ['***', 'tasks', 'run', 'green_taxi_download_csv', 'green_csv_file_url', 'scheduled__2019-09-02T06:00:00+00:00', '--job-id', '791', '--raw', '--subdir', 'DAGS_FOLDER/download_upload_greentaxi_csv.py', '--cfg-path', '/tmp/tmp2568obax', '--error-file', '/tmp/tmp9qu8sl1u']
[2022-02-15 22:53:22,545] {standard_task_runner.py:77} INFO - Job 791: Subtask green_csv_file_url
[2022-02-15 22:53:22,729] {logging_mixin.py:109} INFO - Running <TaskInstance: green_taxi_download_csv.green_csv_file_url scheduled__2019-09-02T06:00:00+00:00 [running]> on host 29988b24dbed
[2022-02-15 22:53:22,898] {warnings.py:110} WARNING - /home/***/.local/lib/python3.7/site-packages/***/utils/context.py:152: AirflowContextDeprecationWarning: Accessing 'execution_date' from the template is deprecated and will be removed in a future version. Please use 'data_interval_start' or 'logical_date' instead.
  warnings.warn(_create_deprecation_warning(key, self._deprecation_replacements[key]))

[2022-02-15 22:53:22,944] {taskinstance.py:1426} INFO - Exporting the following env vars:
AIRFLOW_CTX_DAG_OWNER=***
AIRFLOW_CTX_DAG_ID=green_taxi_download_csv
AIRFLOW_CTX_TASK_ID=green_csv_file_url
AIRFLOW_CTX_EXECUTION_DATE=2019-09-02T06:00:00+00:00
AIRFLOW_CTX_DAG_RUN_ID=scheduled__2019-09-02T06:00:00+00:00
[2022-02-15 22:53:22,951] {subprocess.py:62} INFO - Tmp dir root location: 
 /tmp
[2022-02-15 22:53:22,953] {subprocess.py:74} INFO - Running command: ['bash', '-c', 'curl -sSL https://s3.amazonaws.com/nyc-tlc/trip+data/green_tripdata_2019-09.csv > /opt/***/output_2019-09.csv']
[2022-02-15 22:53:22,972] {subprocess.py:85} INFO - Output:
[2022-02-15 22:53:25,951] {subprocess.py:93} INFO - Command exited with return code 0
[2022-02-15 22:53:26,071] {taskinstance.py:1277} INFO - Marking task as SUCCESS. dag_id=green_taxi_download_csv, task_id=green_csv_file_url, execution_date=20190902T060000, start_date=20220215T225322, end_date=20220215T225326
[2022-02-15 22:53:26,191] {local_task_job.py:154} INFO - Task exited with return code 0
[2022-02-15 22:53:26,381] {local_task_job.py:264} INFO - 1 downstream tasks scheduled from follow-on schedule check
