[2022-01-28 05:43:39,716] {processor.py:163} INFO - Started process (PID=1190) to work on /opt/airflow/dags/example_data_ingestion_gcs_dag.py
[2022-01-28 05:43:39,721] {processor.py:642} INFO - Processing file /opt/airflow/dags/example_data_ingestion_gcs_dag.py for tasks to queue
[2022-01-28 05:43:39,741] {logging_mixin.py:109} INFO - [2022-01-28 05:43:39,740] {dagbag.py:500} INFO - Filling up the DagBag from /opt/airflow/dags/example_data_ingestion_gcs_dag.py
[2022-01-28 05:43:43,790] {processor.py:654} INFO - DAG(s) dict_keys(['data_ingestion_gcs_dag']) retrieved from /opt/airflow/dags/example_data_ingestion_gcs_dag.py
[2022-01-28 05:43:45,015] {logging_mixin.py:109} INFO - [2022-01-28 05:43:45,014] {dag.py:2396} INFO - Sync 1 DAGs
[2022-01-28 05:43:45,096] {logging_mixin.py:109} INFO - [2022-01-28 05:43:45,095] {dag.py:2935} INFO - Setting next_dagrun for data_ingestion_gcs_dag to 2022-01-28T00:00:00+00:00
[2022-01-28 05:43:45,142] {processor.py:171} INFO - Processing /opt/airflow/dags/example_data_ingestion_gcs_dag.py took 5.437 seconds
[2022-01-28 05:44:15,738] {processor.py:163} INFO - Started process (PID=1224) to work on /opt/airflow/dags/example_data_ingestion_gcs_dag.py
[2022-01-28 05:44:15,744] {processor.py:642} INFO - Processing file /opt/airflow/dags/example_data_ingestion_gcs_dag.py for tasks to queue
[2022-01-28 05:44:15,747] {logging_mixin.py:109} INFO - [2022-01-28 05:44:15,747] {dagbag.py:500} INFO - Filling up the DagBag from /opt/airflow/dags/example_data_ingestion_gcs_dag.py
[2022-01-28 05:44:19,260] {processor.py:654} INFO - DAG(s) dict_keys(['data_ingestion_gcs_dag']) retrieved from /opt/airflow/dags/example_data_ingestion_gcs_dag.py
[2022-01-28 05:44:19,308] {logging_mixin.py:109} INFO - [2022-01-28 05:44:19,307] {dag.py:2396} INFO - Sync 1 DAGs
[2022-01-28 05:44:19,400] {logging_mixin.py:109} INFO - [2022-01-28 05:44:19,399] {dag.py:2935} INFO - Setting next_dagrun for data_ingestion_gcs_dag to 2022-01-28T00:00:00+00:00
[2022-01-28 05:44:19,438] {processor.py:171} INFO - Processing /opt/airflow/dags/example_data_ingestion_gcs_dag.py took 3.711 seconds
[2022-01-28 05:44:50,107] {processor.py:163} INFO - Started process (PID=1278) to work on /opt/airflow/dags/example_data_ingestion_gcs_dag.py
[2022-01-28 05:44:50,111] {processor.py:642} INFO - Processing file /opt/airflow/dags/example_data_ingestion_gcs_dag.py for tasks to queue
[2022-01-28 05:44:50,114] {logging_mixin.py:109} INFO - [2022-01-28 05:44:50,113] {dagbag.py:500} INFO - Filling up the DagBag from /opt/airflow/dags/example_data_ingestion_gcs_dag.py
[2022-01-28 05:44:52,998] {processor.py:654} INFO - DAG(s) dict_keys(['data_ingestion_gcs_dag']) retrieved from /opt/airflow/dags/example_data_ingestion_gcs_dag.py
[2022-01-28 05:44:53,786] {logging_mixin.py:109} INFO - [2022-01-28 05:44:53,785] {dag.py:2396} INFO - Sync 1 DAGs
[2022-01-28 05:44:53,844] {logging_mixin.py:109} INFO - [2022-01-28 05:44:53,844] {dag.py:2935} INFO - Setting next_dagrun for data_ingestion_gcs_dag to 2022-01-28T00:00:00+00:00
[2022-01-28 05:44:53,880] {processor.py:171} INFO - Processing /opt/airflow/dags/example_data_ingestion_gcs_dag.py took 3.780 seconds
[2022-01-28 05:45:24,329] {processor.py:163} INFO - Started process (PID=1333) to work on /opt/airflow/dags/example_data_ingestion_gcs_dag.py
[2022-01-28 05:45:24,335] {processor.py:642} INFO - Processing file /opt/airflow/dags/example_data_ingestion_gcs_dag.py for tasks to queue
[2022-01-28 05:45:24,339] {logging_mixin.py:109} INFO - [2022-01-28 05:45:24,339] {dagbag.py:500} INFO - Filling up the DagBag from /opt/airflow/dags/example_data_ingestion_gcs_dag.py
[2022-01-28 05:45:28,677] {processor.py:654} INFO - DAG(s) dict_keys(['data_ingestion_gcs_dag']) retrieved from /opt/airflow/dags/example_data_ingestion_gcs_dag.py
[2022-01-28 05:45:28,741] {logging_mixin.py:109} INFO - [2022-01-28 05:45:28,739] {dag.py:2396} INFO - Sync 1 DAGs
[2022-01-28 05:45:28,818] {logging_mixin.py:109} INFO - [2022-01-28 05:45:28,818] {dag.py:2935} INFO - Setting next_dagrun for data_ingestion_gcs_dag to 2022-01-28T00:00:00+00:00
[2022-01-28 05:45:28,891] {processor.py:171} INFO - Processing /opt/airflow/dags/example_data_ingestion_gcs_dag.py took 4.572 seconds
[2022-01-28 05:45:58,986] {processor.py:163} INFO - Started process (PID=1383) to work on /opt/airflow/dags/example_data_ingestion_gcs_dag.py
[2022-01-28 05:45:58,991] {processor.py:642} INFO - Processing file /opt/airflow/dags/example_data_ingestion_gcs_dag.py for tasks to queue
[2022-01-28 05:45:58,995] {logging_mixin.py:109} INFO - [2022-01-28 05:45:58,994] {dagbag.py:500} INFO - Filling up the DagBag from /opt/airflow/dags/example_data_ingestion_gcs_dag.py
[2022-01-28 05:46:03,151] {processor.py:654} INFO - DAG(s) dict_keys(['data_ingestion_gcs_dag']) retrieved from /opt/airflow/dags/example_data_ingestion_gcs_dag.py
[2022-01-28 05:46:04,313] {logging_mixin.py:109} INFO - [2022-01-28 05:46:04,311] {dag.py:2396} INFO - Sync 1 DAGs
[2022-01-28 05:46:04,388] {logging_mixin.py:109} INFO - [2022-01-28 05:46:04,388] {dag.py:2935} INFO - Setting next_dagrun for data_ingestion_gcs_dag to 2022-01-28T00:00:00+00:00
[2022-01-28 05:46:04,431] {processor.py:171} INFO - Processing /opt/airflow/dags/example_data_ingestion_gcs_dag.py took 5.454 seconds
[2022-01-28 05:46:34,681] {processor.py:163} INFO - Started process (PID=1425) to work on /opt/airflow/dags/example_data_ingestion_gcs_dag.py
[2022-01-28 05:46:34,689] {processor.py:642} INFO - Processing file /opt/airflow/dags/example_data_ingestion_gcs_dag.py for tasks to queue
[2022-01-28 05:46:34,694] {logging_mixin.py:109} INFO - [2022-01-28 05:46:34,693] {dagbag.py:500} INFO - Filling up the DagBag from /opt/airflow/dags/example_data_ingestion_gcs_dag.py
[2022-01-28 05:46:37,700] {processor.py:654} INFO - DAG(s) dict_keys(['data_ingestion_gcs_dag']) retrieved from /opt/airflow/dags/example_data_ingestion_gcs_dag.py
[2022-01-28 05:46:37,735] {logging_mixin.py:109} INFO - [2022-01-28 05:46:37,734] {dag.py:2396} INFO - Sync 1 DAGs
[2022-01-28 05:46:37,803] {logging_mixin.py:109} INFO - [2022-01-28 05:46:37,802] {dag.py:2935} INFO - Setting next_dagrun for data_ingestion_gcs_dag to 2022-01-28T00:00:00+00:00
[2022-01-28 05:46:37,833] {processor.py:171} INFO - Processing /opt/airflow/dags/example_data_ingestion_gcs_dag.py took 3.164 seconds
[2022-01-28 05:47:08,055] {processor.py:163} INFO - Started process (PID=1475) to work on /opt/airflow/dags/example_data_ingestion_gcs_dag.py
[2022-01-28 05:47:08,060] {processor.py:642} INFO - Processing file /opt/airflow/dags/example_data_ingestion_gcs_dag.py for tasks to queue
[2022-01-28 05:47:08,063] {logging_mixin.py:109} INFO - [2022-01-28 05:47:08,062] {dagbag.py:500} INFO - Filling up the DagBag from /opt/airflow/dags/example_data_ingestion_gcs_dag.py
[2022-01-28 05:47:11,598] {processor.py:654} INFO - DAG(s) dict_keys(['data_ingestion_gcs_dag']) retrieved from /opt/airflow/dags/example_data_ingestion_gcs_dag.py
[2022-01-28 05:47:12,481] {logging_mixin.py:109} INFO - [2022-01-28 05:47:12,480] {dag.py:2396} INFO - Sync 1 DAGs
[2022-01-28 05:47:12,547] {logging_mixin.py:109} INFO - [2022-01-28 05:47:12,546] {dag.py:2935} INFO - Setting next_dagrun for data_ingestion_gcs_dag to 2022-01-28T00:00:00+00:00
[2022-01-28 05:47:12,586] {processor.py:171} INFO - Processing /opt/airflow/dags/example_data_ingestion_gcs_dag.py took 4.538 seconds
[2022-01-28 05:47:42,846] {processor.py:163} INFO - Started process (PID=1528) to work on /opt/airflow/dags/example_data_ingestion_gcs_dag.py
[2022-01-28 05:47:42,852] {processor.py:642} INFO - Processing file /opt/airflow/dags/example_data_ingestion_gcs_dag.py for tasks to queue
[2022-01-28 05:47:42,856] {logging_mixin.py:109} INFO - [2022-01-28 05:47:42,856] {dagbag.py:500} INFO - Filling up the DagBag from /opt/airflow/dags/example_data_ingestion_gcs_dag.py
[2022-01-28 05:47:46,879] {processor.py:654} INFO - DAG(s) dict_keys(['data_ingestion_gcs_dag']) retrieved from /opt/airflow/dags/example_data_ingestion_gcs_dag.py
[2022-01-28 05:47:46,922] {logging_mixin.py:109} INFO - [2022-01-28 05:47:46,921] {dag.py:2396} INFO - Sync 1 DAGs
[2022-01-28 05:47:47,021] {logging_mixin.py:109} INFO - [2022-01-28 05:47:47,020] {dag.py:2935} INFO - Setting next_dagrun for data_ingestion_gcs_dag to 2022-01-28T00:00:00+00:00
[2022-01-28 05:47:47,064] {processor.py:171} INFO - Processing /opt/airflow/dags/example_data_ingestion_gcs_dag.py took 4.226 seconds
[2022-01-28 05:51:50,511] {processor.py:163} INFO - Started process (PID=180) to work on /opt/airflow/dags/example_data_ingestion_gcs_dag.py
[2022-01-28 05:51:50,533] {processor.py:642} INFO - Processing file /opt/airflow/dags/example_data_ingestion_gcs_dag.py for tasks to queue
[2022-01-28 05:51:50,537] {logging_mixin.py:109} INFO - [2022-01-28 05:51:50,537] {dagbag.py:500} INFO - Filling up the DagBag from /opt/airflow/dags/example_data_ingestion_gcs_dag.py
[2022-01-28 05:52:15,904] {processor.py:654} INFO - DAG(s) dict_keys(['data_ingestion_gcs_dag']) retrieved from /opt/airflow/dags/example_data_ingestion_gcs_dag.py
[2022-01-28 05:52:24,257] {logging_mixin.py:109} INFO - [2022-01-28 05:52:24,255] {dag.py:2396} INFO - Sync 1 DAGs
[2022-01-28 05:52:24,535] {logging_mixin.py:109} INFO - [2022-01-28 05:52:24,534] {dag.py:2935} INFO - Setting next_dagrun for data_ingestion_gcs_dag to 2022-01-28T00:00:00+00:00
[2022-01-28 05:52:24,686] {processor.py:171} INFO - Processing /opt/airflow/dags/example_data_ingestion_gcs_dag.py took 34.217 seconds
[2022-01-28 05:52:55,443] {processor.py:163} INFO - Started process (PID=265) to work on /opt/airflow/dags/example_data_ingestion_gcs_dag.py
[2022-01-28 05:52:55,453] {processor.py:642} INFO - Processing file /opt/airflow/dags/example_data_ingestion_gcs_dag.py for tasks to queue
[2022-01-28 05:52:55,458] {logging_mixin.py:109} INFO - [2022-01-28 05:52:55,457] {dagbag.py:500} INFO - Filling up the DagBag from /opt/airflow/dags/example_data_ingestion_gcs_dag.py
[2022-01-28 05:52:59,777] {processor.py:654} INFO - DAG(s) dict_keys(['data_ingestion_gcs_dag']) retrieved from /opt/airflow/dags/example_data_ingestion_gcs_dag.py
[2022-01-28 05:52:59,791] {logging_mixin.py:109} INFO - [2022-01-28 05:52:59,790] {dag.py:2396} INFO - Sync 1 DAGs
[2022-01-28 05:52:59,876] {logging_mixin.py:109} INFO - [2022-01-28 05:52:59,875] {dag.py:2935} INFO - Setting next_dagrun for data_ingestion_gcs_dag to 2022-01-28T00:00:00+00:00
[2022-01-28 05:52:59,915] {processor.py:171} INFO - Processing /opt/airflow/dags/example_data_ingestion_gcs_dag.py took 4.479 seconds
[2022-01-28 05:53:30,234] {processor.py:163} INFO - Started process (PID=311) to work on /opt/airflow/dags/example_data_ingestion_gcs_dag.py
[2022-01-28 05:53:30,240] {processor.py:642} INFO - Processing file /opt/airflow/dags/example_data_ingestion_gcs_dag.py for tasks to queue
[2022-01-28 05:53:30,244] {logging_mixin.py:109} INFO - [2022-01-28 05:53:30,244] {dagbag.py:500} INFO - Filling up the DagBag from /opt/airflow/dags/example_data_ingestion_gcs_dag.py
[2022-01-28 05:53:33,800] {processor.py:654} INFO - DAG(s) dict_keys(['data_ingestion_gcs_dag']) retrieved from /opt/airflow/dags/example_data_ingestion_gcs_dag.py
[2022-01-28 05:53:34,946] {logging_mixin.py:109} INFO - [2022-01-28 05:53:34,944] {dag.py:2396} INFO - Sync 1 DAGs
[2022-01-28 05:53:35,016] {logging_mixin.py:109} INFO - [2022-01-28 05:53:35,015] {dag.py:2935} INFO - Setting next_dagrun for data_ingestion_gcs_dag to 2022-01-28T00:00:00+00:00
[2022-01-28 05:53:35,057] {processor.py:171} INFO - Processing /opt/airflow/dags/example_data_ingestion_gcs_dag.py took 4.830 seconds
[2022-01-28 05:54:05,287] {processor.py:163} INFO - Started process (PID=351) to work on /opt/airflow/dags/example_data_ingestion_gcs_dag.py
[2022-01-28 05:54:05,292] {processor.py:642} INFO - Processing file /opt/airflow/dags/example_data_ingestion_gcs_dag.py for tasks to queue
[2022-01-28 05:54:05,294] {logging_mixin.py:109} INFO - [2022-01-28 05:54:05,294] {dagbag.py:500} INFO - Filling up the DagBag from /opt/airflow/dags/example_data_ingestion_gcs_dag.py
[2022-01-28 05:54:07,885] {processor.py:654} INFO - DAG(s) dict_keys(['data_ingestion_gcs_dag']) retrieved from /opt/airflow/dags/example_data_ingestion_gcs_dag.py
[2022-01-28 05:54:07,915] {logging_mixin.py:109} INFO - [2022-01-28 05:54:07,914] {dag.py:2396} INFO - Sync 1 DAGs
[2022-01-28 05:54:07,975] {logging_mixin.py:109} INFO - [2022-01-28 05:54:07,974] {dag.py:2935} INFO - Setting next_dagrun for data_ingestion_gcs_dag to 2022-01-28T00:00:00+00:00
[2022-01-28 05:54:08,006] {processor.py:171} INFO - Processing /opt/airflow/dags/example_data_ingestion_gcs_dag.py took 2.727 seconds
[2022-01-28 05:54:38,187] {processor.py:163} INFO - Started process (PID=400) to work on /opt/airflow/dags/example_data_ingestion_gcs_dag.py
[2022-01-28 05:54:38,192] {processor.py:642} INFO - Processing file /opt/airflow/dags/example_data_ingestion_gcs_dag.py for tasks to queue
[2022-01-28 05:54:38,196] {logging_mixin.py:109} INFO - [2022-01-28 05:54:38,195] {dagbag.py:500} INFO - Filling up the DagBag from /opt/airflow/dags/example_data_ingestion_gcs_dag.py
[2022-01-28 05:54:41,783] {processor.py:654} INFO - DAG(s) dict_keys(['data_ingestion_gcs_dag']) retrieved from /opt/airflow/dags/example_data_ingestion_gcs_dag.py
[2022-01-28 05:54:41,807] {logging_mixin.py:109} INFO - [2022-01-28 05:54:41,805] {dag.py:2396} INFO - Sync 1 DAGs
[2022-01-28 05:54:41,903] {logging_mixin.py:109} INFO - [2022-01-28 05:54:41,902] {dag.py:2935} INFO - Setting next_dagrun for data_ingestion_gcs_dag to 2022-01-28T00:00:00+00:00
[2022-01-28 05:54:41,944] {processor.py:171} INFO - Processing /opt/airflow/dags/example_data_ingestion_gcs_dag.py took 3.766 seconds
[2022-01-28 05:55:12,342] {processor.py:163} INFO - Started process (PID=450) to work on /opt/airflow/dags/example_data_ingestion_gcs_dag.py
[2022-01-28 05:55:12,347] {processor.py:642} INFO - Processing file /opt/airflow/dags/example_data_ingestion_gcs_dag.py for tasks to queue
[2022-01-28 05:55:12,351] {logging_mixin.py:109} INFO - [2022-01-28 05:55:12,351] {dagbag.py:500} INFO - Filling up the DagBag from /opt/airflow/dags/example_data_ingestion_gcs_dag.py
[2022-01-28 05:55:16,095] {processor.py:654} INFO - DAG(s) dict_keys(['data_ingestion_gcs_dag']) retrieved from /opt/airflow/dags/example_data_ingestion_gcs_dag.py
[2022-01-28 05:55:17,081] {logging_mixin.py:109} INFO - [2022-01-28 05:55:17,080] {dag.py:2396} INFO - Sync 1 DAGs
[2022-01-28 05:55:17,157] {logging_mixin.py:109} INFO - [2022-01-28 05:55:17,156] {dag.py:2935} INFO - Setting next_dagrun for data_ingestion_gcs_dag to 2022-01-28T00:00:00+00:00
[2022-01-28 05:55:17,202] {processor.py:171} INFO - Processing /opt/airflow/dags/example_data_ingestion_gcs_dag.py took 4.868 seconds
[2022-01-28 05:55:47,325] {processor.py:163} INFO - Started process (PID=482) to work on /opt/airflow/dags/example_data_ingestion_gcs_dag.py
[2022-01-28 05:55:47,331] {processor.py:642} INFO - Processing file /opt/airflow/dags/example_data_ingestion_gcs_dag.py for tasks to queue
[2022-01-28 05:55:47,334] {logging_mixin.py:109} INFO - [2022-01-28 05:55:47,334] {dagbag.py:500} INFO - Filling up the DagBag from /opt/airflow/dags/example_data_ingestion_gcs_dag.py
[2022-01-28 05:55:50,068] {processor.py:654} INFO - DAG(s) dict_keys(['data_ingestion_gcs_dag']) retrieved from /opt/airflow/dags/example_data_ingestion_gcs_dag.py
[2022-01-28 05:55:50,109] {logging_mixin.py:109} INFO - [2022-01-28 05:55:50,108] {dag.py:2396} INFO - Sync 1 DAGs
[2022-01-28 05:55:50,194] {logging_mixin.py:109} INFO - [2022-01-28 05:55:50,194] {dag.py:2935} INFO - Setting next_dagrun for data_ingestion_gcs_dag to 2022-01-28T00:00:00+00:00
[2022-01-28 05:55:50,231] {processor.py:171} INFO - Processing /opt/airflow/dags/example_data_ingestion_gcs_dag.py took 2.916 seconds
[2022-01-28 05:56:20,423] {processor.py:163} INFO - Started process (PID=531) to work on /opt/airflow/dags/example_data_ingestion_gcs_dag.py
[2022-01-28 05:56:20,429] {processor.py:642} INFO - Processing file /opt/airflow/dags/example_data_ingestion_gcs_dag.py for tasks to queue
[2022-01-28 05:56:20,432] {logging_mixin.py:109} INFO - [2022-01-28 05:56:20,432] {dagbag.py:500} INFO - Filling up the DagBag from /opt/airflow/dags/example_data_ingestion_gcs_dag.py
[2022-01-28 05:56:24,097] {processor.py:654} INFO - DAG(s) dict_keys(['data_ingestion_gcs_dag']) retrieved from /opt/airflow/dags/example_data_ingestion_gcs_dag.py
[2022-01-28 05:56:24,110] {logging_mixin.py:109} INFO - [2022-01-28 05:56:24,109] {dag.py:2396} INFO - Sync 1 DAGs
[2022-01-28 05:56:24,174] {logging_mixin.py:109} INFO - [2022-01-28 05:56:24,174] {dag.py:2935} INFO - Setting next_dagrun for data_ingestion_gcs_dag to 2022-01-28T00:00:00+00:00
[2022-01-28 05:56:24,204] {processor.py:171} INFO - Processing /opt/airflow/dags/example_data_ingestion_gcs_dag.py took 3.788 seconds
[2022-01-28 05:56:54,359] {processor.py:163} INFO - Started process (PID=582) to work on /opt/airflow/dags/example_data_ingestion_gcs_dag.py
[2022-01-28 05:56:54,364] {processor.py:642} INFO - Processing file /opt/airflow/dags/example_data_ingestion_gcs_dag.py for tasks to queue
[2022-01-28 05:56:54,367] {logging_mixin.py:109} INFO - [2022-01-28 05:56:54,367] {dagbag.py:500} INFO - Filling up the DagBag from /opt/airflow/dags/example_data_ingestion_gcs_dag.py
[2022-01-28 05:56:58,413] {processor.py:654} INFO - DAG(s) dict_keys(['data_ingestion_gcs_dag']) retrieved from /opt/airflow/dags/example_data_ingestion_gcs_dag.py
[2022-01-28 05:56:59,428] {logging_mixin.py:109} INFO - [2022-01-28 05:56:59,427] {dag.py:2396} INFO - Sync 1 DAGs
[2022-01-28 05:56:59,504] {logging_mixin.py:109} INFO - [2022-01-28 05:56:59,504] {dag.py:2935} INFO - Setting next_dagrun for data_ingestion_gcs_dag to 2022-01-28T00:00:00+00:00
[2022-01-28 05:56:59,549] {processor.py:171} INFO - Processing /opt/airflow/dags/example_data_ingestion_gcs_dag.py took 5.197 seconds
[2022-01-28 05:57:29,904] {processor.py:163} INFO - Started process (PID=614) to work on /opt/airflow/dags/example_data_ingestion_gcs_dag.py
[2022-01-28 05:57:29,909] {processor.py:642} INFO - Processing file /opt/airflow/dags/example_data_ingestion_gcs_dag.py for tasks to queue
[2022-01-28 05:57:29,912] {logging_mixin.py:109} INFO - [2022-01-28 05:57:29,912] {dagbag.py:500} INFO - Filling up the DagBag from /opt/airflow/dags/example_data_ingestion_gcs_dag.py
[2022-01-28 05:57:33,625] {processor.py:654} INFO - DAG(s) dict_keys(['data_ingestion_gcs_dag']) retrieved from /opt/airflow/dags/example_data_ingestion_gcs_dag.py
[2022-01-28 05:57:33,666] {logging_mixin.py:109} INFO - [2022-01-28 05:57:33,665] {dag.py:2396} INFO - Sync 1 DAGs
[2022-01-28 05:57:33,736] {logging_mixin.py:109} INFO - [2022-01-28 05:57:33,736] {dag.py:2935} INFO - Setting next_dagrun for data_ingestion_gcs_dag to 2022-01-28T00:00:00+00:00
[2022-01-28 05:57:33,769] {processor.py:171} INFO - Processing /opt/airflow/dags/example_data_ingestion_gcs_dag.py took 3.872 seconds
