[2022-01-27 14:07:57,251] {taskinstance.py:1032} INFO - Dependencies all met for <TaskInstance: data_ingestion_gcs_dag.download_dataset_task scheduled__2022-01-26T00:00:00+00:00 [queued]>
[2022-01-27 14:07:57,331] {taskinstance.py:1032} INFO - Dependencies all met for <TaskInstance: data_ingestion_gcs_dag.download_dataset_task scheduled__2022-01-26T00:00:00+00:00 [queued]>
[2022-01-27 14:07:57,334] {taskinstance.py:1238} INFO - 
--------------------------------------------------------------------------------
[2022-01-27 14:07:57,336] {taskinstance.py:1239} INFO - Starting attempt 1 of 2
[2022-01-27 14:07:57,338] {taskinstance.py:1240} INFO - 
--------------------------------------------------------------------------------
[2022-01-27 14:07:57,426] {taskinstance.py:1259} INFO - Executing <Task(BashOperator): download_dataset_task> on 2022-01-26 00:00:00+00:00
[2022-01-27 14:07:57,445] {standard_task_runner.py:52} INFO - Started process 461 to run task
[2022-01-27 14:07:57,467] {standard_task_runner.py:76} INFO - Running: ['***', 'tasks', 'run', 'data_ingestion_gcs_dag', 'download_dataset_task', 'scheduled__2022-01-26T00:00:00+00:00', '--job-id', '3', '--raw', '--subdir', 'DAGS_FOLDER/data_ingestion_gcs_dag.py', '--cfg-path', '/tmp/tmpkopdfoj2', '--error-file', '/tmp/tmpwy2b2q94']
[2022-01-27 14:07:57,473] {standard_task_runner.py:77} INFO - Job 3: Subtask download_dataset_task
[2022-01-27 14:07:57,627] {logging_mixin.py:109} INFO - Running <TaskInstance: data_ingestion_gcs_dag.download_dataset_task scheduled__2022-01-26T00:00:00+00:00 [running]> on host 7b36948ad079
[2022-01-27 14:07:57,799] {taskinstance.py:1426} INFO - Exporting the following env vars:
AIRFLOW_CTX_DAG_OWNER=***
AIRFLOW_CTX_DAG_ID=data_ingestion_gcs_dag
AIRFLOW_CTX_TASK_ID=download_dataset_task
AIRFLOW_CTX_EXECUTION_DATE=2022-01-26T00:00:00+00:00
AIRFLOW_CTX_DAG_RUN_ID=scheduled__2022-01-26T00:00:00+00:00
[2022-01-27 14:07:57,806] {subprocess.py:62} INFO - Tmp dir root location: 
 /tmp
[2022-01-27 14:07:57,809] {subprocess.py:74} INFO - Running command: ['bash', '-c', 'curl -sS https://s3.amazonaws.com/nyc-tlc/trip+data/yellow_tripdata_2021-01.csv > /opt/***/yellow_tripdata_2021-01.csv']
[2022-01-27 14:07:57,832] {subprocess.py:85} INFO - Output:
[2022-01-27 14:08:02,724] {subprocess.py:93} INFO - Command exited with return code 0
[2022-01-27 14:08:02,799] {taskinstance.py:1277} INFO - Marking task as SUCCESS. dag_id=data_ingestion_gcs_dag, task_id=download_dataset_task, execution_date=20220126T000000, start_date=20220127T140757, end_date=20220127T140802
[2022-01-27 14:08:02,893] {local_task_job.py:154} INFO - Task exited with return code 0
[2022-01-27 14:08:03,023] {local_task_job.py:264} INFO - 1 downstream tasks scheduled from follow-on schedule check
