[2022-02-01 05:17:17,401] {taskinstance.py:1032} INFO - Dependencies all met for <TaskInstance: new_data_ingestion_gcs_dag.download_dataset_task scheduled__2022-01-31T00:00:00+00:00 [queued]>
[2022-02-01 05:17:17,523] {taskinstance.py:1032} INFO - Dependencies all met for <TaskInstance: new_data_ingestion_gcs_dag.download_dataset_task scheduled__2022-01-31T00:00:00+00:00 [queued]>
[2022-02-01 05:17:17,525] {taskinstance.py:1238} INFO - 
--------------------------------------------------------------------------------
[2022-02-01 05:17:17,527] {taskinstance.py:1239} INFO - Starting attempt 1 of 2
[2022-02-01 05:17:17,528] {taskinstance.py:1240} INFO - 
--------------------------------------------------------------------------------
[2022-02-01 05:17:17,650] {taskinstance.py:1259} INFO - Executing <Task(BashOperator): download_dataset_task> on 2022-01-31 00:00:00+00:00
[2022-02-01 05:17:17,673] {standard_task_runner.py:52} INFO - Started process 254 to run task
[2022-02-01 05:17:17,698] {standard_task_runner.py:76} INFO - Running: ['***', 'tasks', 'run', 'new_data_ingestion_gcs_dag', 'download_dataset_task', 'scheduled__2022-01-31T00:00:00+00:00', '--job-id', '170', '--raw', '--subdir', 'DAGS_FOLDER/ingest_parquet_data_gcs.py', '--cfg-path', '/tmp/tmpo4xnugxr', '--error-file', '/tmp/tmpn8bukjri']
[2022-02-01 05:17:17,708] {standard_task_runner.py:77} INFO - Job 170: Subtask download_dataset_task
[2022-02-01 05:17:18,010] {logging_mixin.py:109} INFO - Running <TaskInstance: new_data_ingestion_gcs_dag.download_dataset_task scheduled__2022-01-31T00:00:00+00:00 [running]> on host efbb872c51c9
[2022-02-01 05:17:18,391] {taskinstance.py:1426} INFO - Exporting the following env vars:
AIRFLOW_CTX_DAG_OWNER=***
AIRFLOW_CTX_DAG_ID=new_data_ingestion_gcs_dag
AIRFLOW_CTX_TASK_ID=download_dataset_task
AIRFLOW_CTX_EXECUTION_DATE=2022-01-31T00:00:00+00:00
AIRFLOW_CTX_DAG_RUN_ID=scheduled__2022-01-31T00:00:00+00:00
[2022-02-01 05:17:18,399] {subprocess.py:62} INFO - Tmp dir root location: 
 /tmp
[2022-02-01 05:17:18,404] {subprocess.py:74} INFO - Running command: ['bash', '-c', 'curl -sS https://s3.amazonaws.com/nyc-tlc/trip+data/yellow_tripdata_2021-01.csv > /opt/***/yellow_tripdata_2021-01.csv']
[2022-02-01 05:17:18,459] {subprocess.py:85} INFO - Output:
[2022-02-01 05:17:24,374] {subprocess.py:93} INFO - Command exited with return code 0
[2022-02-01 05:17:24,480] {taskinstance.py:1277} INFO - Marking task as SUCCESS. dag_id=new_data_ingestion_gcs_dag, task_id=download_dataset_task, execution_date=20220131T000000, start_date=20220201T051717, end_date=20220201T051724
[2022-02-01 05:17:24,584] {local_task_job.py:154} INFO - Task exited with return code 0
[2022-02-01 05:17:24,751] {local_task_job.py:264} INFO - 1 downstream tasks scheduled from follow-on schedule check
