[2022-01-27 14:45:22,042] {taskinstance.py:1032} INFO - Dependencies all met for <TaskInstance: data_ingestion_gcs_dag.download_dataset_task manual__2022-01-27T14:45:16.671236+00:00 [queued]>
[2022-01-27 14:45:22,094] {taskinstance.py:1032} INFO - Dependencies all met for <TaskInstance: data_ingestion_gcs_dag.download_dataset_task manual__2022-01-27T14:45:16.671236+00:00 [queued]>
[2022-01-27 14:45:22,097] {taskinstance.py:1238} INFO - 
--------------------------------------------------------------------------------
[2022-01-27 14:45:22,098] {taskinstance.py:1239} INFO - Starting attempt 1 of 2
[2022-01-27 14:45:22,100] {taskinstance.py:1240} INFO - 
--------------------------------------------------------------------------------
[2022-01-27 14:45:22,157] {taskinstance.py:1259} INFO - Executing <Task(BashOperator): download_dataset_task> on 2022-01-27 14:45:16.671236+00:00
[2022-01-27 14:45:22,181] {standard_task_runner.py:52} INFO - Started process 2491 to run task
[2022-01-27 14:45:22,208] {standard_task_runner.py:76} INFO - Running: ['***', 'tasks', 'run', 'data_ingestion_gcs_dag', 'download_dataset_task', 'manual__2022-01-27T14:45:16.671236+00:00', '--job-id', '9', '--raw', '--subdir', 'DAGS_FOLDER/data_ingestion_gcs_dag.py', '--cfg-path', '/tmp/tmpzbnp33an', '--error-file', '/tmp/tmpkqd2z1_h']
[2022-01-27 14:45:22,222] {standard_task_runner.py:77} INFO - Job 9: Subtask download_dataset_task
[2022-01-27 14:45:22,504] {logging_mixin.py:109} INFO - Running <TaskInstance: data_ingestion_gcs_dag.download_dataset_task manual__2022-01-27T14:45:16.671236+00:00 [running]> on host 7b36948ad079
[2022-01-27 14:45:22,719] {taskinstance.py:1426} INFO - Exporting the following env vars:
AIRFLOW_CTX_DAG_OWNER=***
AIRFLOW_CTX_DAG_ID=data_ingestion_gcs_dag
AIRFLOW_CTX_TASK_ID=download_dataset_task
AIRFLOW_CTX_EXECUTION_DATE=2022-01-27T14:45:16.671236+00:00
AIRFLOW_CTX_DAG_RUN_ID=manual__2022-01-27T14:45:16.671236+00:00
[2022-01-27 14:45:22,727] {subprocess.py:62} INFO - Tmp dir root location: 
 /tmp
[2022-01-27 14:45:22,731] {subprocess.py:74} INFO - Running command: ['bash', '-c', 'curl -sS https://s3.amazonaws.com/nyc-tlc/trip+data/yellow_tripdata_2021-01.csv > /opt/***/yellow_tripdata_2021-01.csv']
[2022-01-27 14:45:22,761] {subprocess.py:85} INFO - Output:
[2022-01-27 14:47:16,708] {subprocess.py:93} INFO - Command exited with return code 0
[2022-01-27 14:47:16,801] {taskinstance.py:1277} INFO - Marking task as SUCCESS. dag_id=data_ingestion_gcs_dag, task_id=download_dataset_task, execution_date=20220127T144516, start_date=20220127T144522, end_date=20220127T144716
[2022-01-27 14:47:16,870] {local_task_job.py:154} INFO - Task exited with return code 0
[2022-01-27 14:47:16,965] {local_task_job.py:264} INFO - 1 downstream tasks scheduled from follow-on schedule check
