[2022-02-02 15:10:39,924] {taskinstance.py:1032} INFO - Dependencies all met for <TaskInstance: download_ingest_2_gcs_dag.local_to_gcs_job scheduled__2020-12-02T06:00:00+00:00 [queued]>
[2022-02-02 15:10:39,986] {taskinstance.py:1032} INFO - Dependencies all met for <TaskInstance: download_ingest_2_gcs_dag.local_to_gcs_job scheduled__2020-12-02T06:00:00+00:00 [queued]>
[2022-02-02 15:10:39,988] {taskinstance.py:1238} INFO - 
--------------------------------------------------------------------------------
[2022-02-02 15:10:39,990] {taskinstance.py:1239} INFO - Starting attempt 1 of 1
[2022-02-02 15:10:39,992] {taskinstance.py:1240} INFO - 
--------------------------------------------------------------------------------
[2022-02-02 15:10:40,145] {taskinstance.py:1259} INFO - Executing <Task(PythonOperator): local_to_gcs_job> on 2020-12-02 06:00:00+00:00
[2022-02-02 15:10:40,317] {standard_task_runner.py:52} INFO - Started process 33074 to run task
[2022-02-02 15:10:40,344] {standard_task_runner.py:76} INFO - Running: ['***', 'tasks', 'run', 'download_ingest_2_gcs_dag', 'local_to_gcs_job', 'scheduled__2020-12-02T06:00:00+00:00', '--job-id', '397', '--raw', '--subdir', 'DAGS_FOLDER/download_ingest_2_gsc_assgnment.py', '--cfg-path', '/tmp/tmp77oaa8s3', '--error-file', '/tmp/tmpcv8xge55']
[2022-02-02 15:10:40,349] {standard_task_runner.py:77} INFO - Job 397: Subtask local_to_gcs_job
[2022-02-02 15:10:41,500] {logging_mixin.py:109} INFO - Running <TaskInstance: download_ingest_2_gcs_dag.local_to_gcs_job scheduled__2020-12-02T06:00:00+00:00 [running]> on host 3082aca3aebc
[2022-02-02 15:10:42,021] {warnings.py:110} WARNING - /home/***/.local/lib/python3.7/site-packages/***/utils/context.py:152: AirflowContextDeprecationWarning: Accessing 'execution_date' from the template is deprecated and will be removed in a future version. Please use 'data_interval_start' or 'logical_date' instead.
  warnings.warn(_create_deprecation_warning(key, self._deprecation_replacements[key]))

[2022-02-02 15:10:42,131] {taskinstance.py:1426} INFO - Exporting the following env vars:
AIRFLOW_CTX_DAG_OWNER=***
AIRFLOW_CTX_DAG_ID=download_ingest_2_gcs_dag
AIRFLOW_CTX_TASK_ID=local_to_gcs_job
AIRFLOW_CTX_EXECUTION_DATE=2020-12-02T06:00:00+00:00
AIRFLOW_CTX_DAG_RUN_ID=scheduled__2020-12-02T06:00:00+00:00
[2022-02-02 15:10:49,445] {python.py:175} INFO - Done. Returned value was: None
[2022-02-02 15:10:50,042] {taskinstance.py:1277} INFO - Marking task as SUCCESS. dag_id=download_ingest_2_gcs_dag, task_id=local_to_gcs_job, execution_date=20201202T060000, start_date=20220202T151039, end_date=20220202T151050
[2022-02-02 15:10:50,623] {local_task_job.py:154} INFO - Task exited with return code 0
[2022-02-02 15:10:51,164] {local_task_job.py:264} INFO - 1 downstream tasks scheduled from follow-on schedule check
