[2022-02-02 16:47:59,150] {taskinstance.py:1032} INFO - Dependencies all met for <TaskInstance: download_ingest_2_gcs_dag.download_file_url scheduled__2020-04-02T06:00:00+00:00 [queued]>
[2022-02-02 16:47:59,210] {taskinstance.py:1032} INFO - Dependencies all met for <TaskInstance: download_ingest_2_gcs_dag.download_file_url scheduled__2020-04-02T06:00:00+00:00 [queued]>
[2022-02-02 16:47:59,212] {taskinstance.py:1238} INFO - 
--------------------------------------------------------------------------------
[2022-02-02 16:47:59,214] {taskinstance.py:1239} INFO - Starting attempt 2 of 2
[2022-02-02 16:47:59,215] {taskinstance.py:1240} INFO - 
--------------------------------------------------------------------------------
[2022-02-02 16:47:59,275] {taskinstance.py:1259} INFO - Executing <Task(BashOperator): download_file_url> on 2020-04-02 06:00:00+00:00
[2022-02-02 16:47:59,297] {standard_task_runner.py:52} INFO - Started process 33974 to run task
[2022-02-02 16:47:59,300] {standard_task_runner.py:76} INFO - Running: ['***', 'tasks', 'run', 'download_ingest_2_gcs_dag', 'download_file_url', 'scheduled__2020-04-02T06:00:00+00:00', '--job-id', '422', '--raw', '--subdir', 'DAGS_FOLDER/download_ingest_2_gsc_assgnment.py', '--cfg-path', '/tmp/tmpn2y75cyk', '--error-file', '/tmp/tmpgo39yp0w']
[2022-02-02 16:47:59,305] {standard_task_runner.py:77} INFO - Job 422: Subtask download_file_url
[2022-02-02 16:47:59,505] {logging_mixin.py:109} INFO - Running <TaskInstance: download_ingest_2_gcs_dag.download_file_url scheduled__2020-04-02T06:00:00+00:00 [running]> on host 3082aca3aebc
[2022-02-02 16:47:59,670] {warnings.py:110} WARNING - /home/***/.local/lib/python3.7/site-packages/***/utils/context.py:152: AirflowContextDeprecationWarning: Accessing 'execution_date' from the template is deprecated and will be removed in a future version. Please use 'data_interval_start' or 'logical_date' instead.
  warnings.warn(_create_deprecation_warning(key, self._deprecation_replacements[key]))

[2022-02-02 16:47:59,716] {taskinstance.py:1426} INFO - Exporting the following env vars:
AIRFLOW_CTX_DAG_OWNER=***
AIRFLOW_CTX_DAG_ID=download_ingest_2_gcs_dag
AIRFLOW_CTX_TASK_ID=download_file_url
AIRFLOW_CTX_EXECUTION_DATE=2020-04-02T06:00:00+00:00
AIRFLOW_CTX_DAG_RUN_ID=scheduled__2020-04-02T06:00:00+00:00
[2022-02-02 16:47:59,721] {subprocess.py:62} INFO - Tmp dir root location: 
 /tmp
[2022-02-02 16:47:59,724] {subprocess.py:74} INFO - Running command: ['bash', '-c', 'curl -sSL https://s3.amazonaws.com/nyc-tlc/trip+data/yellow_tripdata_2020-04.csv > /opt/***/output_2020-04.csv']
[2022-02-02 16:47:59,746] {subprocess.py:85} INFO - Output:
[2022-02-02 16:48:01,680] {subprocess.py:93} INFO - Command exited with return code 0
[2022-02-02 16:48:01,765] {taskinstance.py:1277} INFO - Marking task as SUCCESS. dag_id=download_ingest_2_gcs_dag, task_id=download_file_url, execution_date=20200402T060000, start_date=20220202T164759, end_date=20220202T164801
[2022-02-02 16:48:01,835] {local_task_job.py:154} INFO - Task exited with return code 0
[2022-02-02 16:48:01,981] {local_task_job.py:264} INFO - 1 downstream tasks scheduled from follow-on schedule check
