[2022-02-15 21:33:06,199] {taskinstance.py:1032} INFO - Dependencies all met for <TaskInstance: yellow_taxi_download_csv.download_csv_file_url scheduled__2019-06-02T06:00:00+00:00 [queued]>
[2022-02-15 21:33:06,317] {taskinstance.py:1032} INFO - Dependencies all met for <TaskInstance: yellow_taxi_download_csv.download_csv_file_url scheduled__2019-06-02T06:00:00+00:00 [queued]>
[2022-02-15 21:33:06,320] {taskinstance.py:1238} INFO - 
--------------------------------------------------------------------------------
[2022-02-15 21:33:06,322] {taskinstance.py:1239} INFO - Starting attempt 1 of 1
[2022-02-15 21:33:06,324] {taskinstance.py:1240} INFO - 
--------------------------------------------------------------------------------
[2022-02-15 21:33:06,457] {taskinstance.py:1259} INFO - Executing <Task(BashOperator): download_csv_file_url> on 2019-06-02 06:00:00+00:00
[2022-02-15 21:33:06,487] {standard_task_runner.py:52} INFO - Started process 1417 to run task
[2022-02-15 21:33:06,513] {standard_task_runner.py:76} INFO - Running: ['***', 'tasks', 'run', 'yellow_taxi_download_csv', 'download_csv_file_url', 'scheduled__2019-06-02T06:00:00+00:00', '--job-id', '699', '--raw', '--subdir', 'DAGS_FOLDER/download_upload_yellowtaxi_csv.py', '--cfg-path', '/tmp/tmpw2ros6l7', '--error-file', '/tmp/tmpz1bc88s6']
[2022-02-15 21:33:06,522] {standard_task_runner.py:77} INFO - Job 699: Subtask download_csv_file_url
[2022-02-15 21:33:07,108] {logging_mixin.py:109} INFO - Running <TaskInstance: yellow_taxi_download_csv.download_csv_file_url scheduled__2019-06-02T06:00:00+00:00 [running]> on host 29988b24dbed
[2022-02-15 21:33:07,346] {warnings.py:110} WARNING - /home/***/.local/lib/python3.7/site-packages/***/utils/context.py:152: AirflowContextDeprecationWarning: Accessing 'execution_date' from the template is deprecated and will be removed in a future version. Please use 'data_interval_start' or 'logical_date' instead.
  warnings.warn(_create_deprecation_warning(key, self._deprecation_replacements[key]))

[2022-02-15 21:33:07,410] {taskinstance.py:1426} INFO - Exporting the following env vars:
AIRFLOW_CTX_DAG_OWNER=***
AIRFLOW_CTX_DAG_ID=yellow_taxi_download_csv
AIRFLOW_CTX_TASK_ID=download_csv_file_url
AIRFLOW_CTX_EXECUTION_DATE=2019-06-02T06:00:00+00:00
AIRFLOW_CTX_DAG_RUN_ID=scheduled__2019-06-02T06:00:00+00:00
[2022-02-15 21:33:07,415] {subprocess.py:62} INFO - Tmp dir root location: 
 /tmp
[2022-02-15 21:33:07,419] {subprocess.py:74} INFO - Running command: ['bash', '-c', 'curl -sSL https://s3.amazonaws.com/nyc-tlc/trip+data/yellow_tripdata_2019-06.csv > /opt/***/output_2019-06.csv']
[2022-02-15 21:33:07,450] {subprocess.py:85} INFO - Output:
[2022-02-15 21:33:42,277] {subprocess.py:93} INFO - Command exited with return code 0
[2022-02-15 21:33:42,528] {taskinstance.py:1277} INFO - Marking task as SUCCESS. dag_id=yellow_taxi_download_csv, task_id=download_csv_file_url, execution_date=20190602T060000, start_date=20220215T213306, end_date=20220215T213342
[2022-02-15 21:33:42,683] {local_task_job.py:154} INFO - Task exited with return code 0
[2022-02-15 21:33:42,900] {local_task_job.py:264} INFO - 1 downstream tasks scheduled from follow-on schedule check
