[2022-02-02 15:05:05,000] {taskinstance.py:1032} INFO - Dependencies all met for <TaskInstance: download_ingest_2_gcs_dag.format_2_parquet_task scheduled__2020-11-02T06:00:00+00:00 [queued]>
[2022-02-02 15:05:06,113] {taskinstance.py:1032} INFO - Dependencies all met for <TaskInstance: download_ingest_2_gcs_dag.format_2_parquet_task scheduled__2020-11-02T06:00:00+00:00 [queued]>
[2022-02-02 15:05:06,176] {taskinstance.py:1238} INFO - 
--------------------------------------------------------------------------------
[2022-02-02 15:05:06,202] {taskinstance.py:1239} INFO - Starting attempt 1 of 1
[2022-02-02 15:05:06,212] {taskinstance.py:1240} INFO - 
--------------------------------------------------------------------------------
[2022-02-02 15:05:07,003] {taskinstance.py:1259} INFO - Executing <Task(PythonOperator): format_2_parquet_task> on 2020-11-02 06:00:00+00:00
[2022-02-02 15:05:07,141] {standard_task_runner.py:52} INFO - Started process 32699 to run task
[2022-02-02 15:05:07,276] {standard_task_runner.py:76} INFO - Running: ['***', 'tasks', 'run', 'download_ingest_2_gcs_dag', 'format_2_parquet_task', 'scheduled__2020-11-02T06:00:00+00:00', '--job-id', '385', '--raw', '--subdir', 'DAGS_FOLDER/download_ingest_2_gsc_assgnment.py', '--cfg-path', '/tmp/tmpn9p0yrn0', '--error-file', '/tmp/tmpbggeaf35']
[2022-02-02 15:05:07,325] {standard_task_runner.py:77} INFO - Job 385: Subtask format_2_parquet_task
[2022-02-02 15:05:08,415] {logging_mixin.py:109} INFO - Running <TaskInstance: download_ingest_2_gcs_dag.format_2_parquet_task scheduled__2020-11-02T06:00:00+00:00 [running]> on host 3082aca3aebc
[2022-02-02 15:05:10,835] {warnings.py:110} WARNING - /home/***/.local/lib/python3.7/site-packages/***/utils/context.py:152: AirflowContextDeprecationWarning: Accessing 'execution_date' from the template is deprecated and will be removed in a future version. Please use 'data_interval_start' or 'logical_date' instead.
  warnings.warn(_create_deprecation_warning(key, self._deprecation_replacements[key]))

[2022-02-02 15:05:11,242] {taskinstance.py:1426} INFO - Exporting the following env vars:
AIRFLOW_CTX_DAG_OWNER=***
AIRFLOW_CTX_DAG_ID=download_ingest_2_gcs_dag
AIRFLOW_CTX_TASK_ID=format_2_parquet_task
AIRFLOW_CTX_EXECUTION_DATE=2020-11-02T06:00:00+00:00
AIRFLOW_CTX_DAG_RUN_ID=scheduled__2020-11-02T06:00:00+00:00
[2022-02-02 15:06:04,557] {python.py:175} INFO - Done. Returned value was: None
[2022-02-02 15:06:06,182] {taskinstance.py:1277} INFO - Marking task as SUCCESS. dag_id=download_ingest_2_gcs_dag, task_id=format_2_parquet_task, execution_date=20201102T060000, start_date=20220202T150505, end_date=20220202T150606
[2022-02-02 15:06:12,419] {local_task_job.py:212} WARNING - State of this instance has been externally set to success. Terminating instance.
[2022-02-02 15:06:12,657] {process_utils.py:124} INFO - Sending Signals.SIGTERM to group 32699. PIDs of all processes in the group: [32699]
[2022-02-02 15:06:12,685] {process_utils.py:75} INFO - Sending the signal Signals.SIGTERM to group 32699
[2022-02-02 15:06:12,736] {process_utils.py:70} INFO - Process psutil.Process(pid=32699, status='terminated', exitcode=0, started='15:05:06') (32699) terminated with exit code 0
