[2022-02-01 06:30:40,543] {taskinstance.py:1032} INFO - Dependencies all met for <TaskInstance: assignment_data_ingest_gcs_dag.pull_dataset_task scheduled__2019-05-01T00:00:00+00:00 [queued]>
[2022-02-01 06:30:40,579] {taskinstance.py:1032} INFO - Dependencies all met for <TaskInstance: assignment_data_ingest_gcs_dag.pull_dataset_task scheduled__2019-05-01T00:00:00+00:00 [queued]>
[2022-02-01 06:30:40,582] {taskinstance.py:1238} INFO - 
--------------------------------------------------------------------------------
[2022-02-01 06:30:40,583] {taskinstance.py:1239} INFO - Starting attempt 1 of 2
[2022-02-01 06:30:40,584] {taskinstance.py:1240} INFO - 
--------------------------------------------------------------------------------
[2022-02-01 06:30:40,638] {taskinstance.py:1259} INFO - Executing <Task(BashOperator): pull_dataset_task> on 2019-05-01 00:00:00+00:00
[2022-02-01 06:30:40,649] {standard_task_runner.py:52} INFO - Started process 3897 to run task
[2022-02-01 06:30:40,660] {standard_task_runner.py:76} INFO - Running: ['***', 'tasks', 'run', 'assignment_data_ingest_gcs_dag', 'pull_dataset_task', 'scheduled__2019-05-01T00:00:00+00:00', '--job-id', '185', '--raw', '--subdir', 'DAGS_FOLDER/assignment.py', '--cfg-path', '/tmp/tmp83gegmas', '--error-file', '/tmp/tmp2o6r8jjj']
[2022-02-01 06:30:40,664] {standard_task_runner.py:77} INFO - Job 185: Subtask pull_dataset_task
[2022-02-01 06:30:40,810] {logging_mixin.py:109} INFO - Running <TaskInstance: assignment_data_ingest_gcs_dag.pull_dataset_task scheduled__2019-05-01T00:00:00+00:00 [running]> on host efbb872c51c9
[2022-02-01 06:30:40,949] {warnings.py:110} WARNING - /home/***/.local/lib/python3.7/site-packages/***/utils/context.py:152: AirflowContextDeprecationWarning: Accessing 'execution_date' from the template is deprecated and will be removed in a future version. Please use 'data_interval_start' or 'logical_date' instead.
  warnings.warn(_create_deprecation_warning(key, self._deprecation_replacements[key]))

[2022-02-01 06:30:40,999] {taskinstance.py:1426} INFO - Exporting the following env vars:
AIRFLOW_CTX_DAG_OWNER=***
AIRFLOW_CTX_DAG_ID=assignment_data_ingest_gcs_dag
AIRFLOW_CTX_TASK_ID=pull_dataset_task
AIRFLOW_CTX_EXECUTION_DATE=2019-05-01T00:00:00+00:00
AIRFLOW_CTX_DAG_RUN_ID=scheduled__2019-05-01T00:00:00+00:00
[2022-02-01 06:30:41,004] {subprocess.py:62} INFO - Tmp dir root location: 
 /tmp
[2022-02-01 06:30:41,007] {subprocess.py:74} INFO - Running command: ['bash', '-c', 'curl -sSL https://s3.amazonaws.com/nyc-tlc/trip+data/yellow_tripdata_2019-05.csv > /opt/***/output_2019-05.csv']
[2022-02-01 06:30:41,032] {subprocess.py:85} INFO - Output:
[2022-02-01 06:43:29,617] {subprocess.py:93} INFO - Command exited with return code 0
[2022-02-01 06:43:29,780] {taskinstance.py:1277} INFO - Marking task as SUCCESS. dag_id=assignment_data_ingest_gcs_dag, task_id=pull_dataset_task, execution_date=20190501T000000, start_date=20220201T063040, end_date=20220201T064329
[2022-02-01 06:43:29,924] {local_task_job.py:154} INFO - Task exited with return code 0
[2022-02-01 06:43:30,053] {local_task_job.py:264} INFO - 0 downstream tasks scheduled from follow-on schedule check
[2022-02-01 06:43:30,109] {dagrun.py:545} INFO - Marking run <DagRun assignment_data_ingest_gcs_dag @ 2019-05-01 00:00:00+00:00: scheduled__2019-05-01T00:00:00+00:00, externally triggered: False> successful
[2022-02-01 06:43:30,117] {dagrun.py:605} INFO - DagRun Finished: dag_id=assignment_data_ingest_gcs_dag, execution_date=2019-05-01 00:00:00+00:00, run_id=scheduled__2019-05-01T00:00:00+00:00, run_start_date=2022-02-01 06:30:36.953835+00:00, run_end_date=2022-02-01 06:43:30.116668+00:00, run_duration=773.162833, state=success, external_trigger=False, run_type=scheduled, data_interval_start=2019-05-01 00:00:00+00:00, data_interval_end=2019-06-01 00:00:00+00:00, dag_hash=c44ed6da33aefa058ca07bf1c384844c
