[2022-02-02 14:52:58,745] {taskinstance.py:1032} INFO - Dependencies all met for <TaskInstance: download_ingest_2_gcs_dag.format_2_parquet_task scheduled__2020-03-02T06:00:00+00:00 [queued]>
[2022-02-02 14:52:59,352] {taskinstance.py:1032} INFO - Dependencies all met for <TaskInstance: download_ingest_2_gcs_dag.format_2_parquet_task scheduled__2020-03-02T06:00:00+00:00 [queued]>
[2022-02-02 14:52:59,357] {taskinstance.py:1238} INFO - 
--------------------------------------------------------------------------------
[2022-02-02 14:52:59,373] {taskinstance.py:1239} INFO - Starting attempt 1 of 1
[2022-02-02 14:52:59,377] {taskinstance.py:1240} INFO - 
--------------------------------------------------------------------------------
[2022-02-02 14:52:59,828] {taskinstance.py:1259} INFO - Executing <Task(PythonOperator): format_2_parquet_task> on 2020-03-02 06:00:00+00:00
[2022-02-02 14:52:59,946] {standard_task_runner.py:52} INFO - Started process 31822 to run task
[2022-02-02 14:53:00,153] {standard_task_runner.py:76} INFO - Running: ['***', 'tasks', 'run', 'download_ingest_2_gcs_dag', 'format_2_parquet_task', 'scheduled__2020-03-02T06:00:00+00:00', '--job-id', '360', '--raw', '--subdir', 'DAGS_FOLDER/download_ingest_2_gsc_assgnment.py', '--cfg-path', '/tmp/tmpp50g5jd2', '--error-file', '/tmp/tmpojkxhhjm']
[2022-02-02 14:53:00,196] {standard_task_runner.py:77} INFO - Job 360: Subtask format_2_parquet_task
[2022-02-02 14:53:02,137] {logging_mixin.py:109} INFO - Running <TaskInstance: download_ingest_2_gcs_dag.format_2_parquet_task scheduled__2020-03-02T06:00:00+00:00 [running]> on host 3082aca3aebc
[2022-02-02 14:53:03,325] {warnings.py:110} WARNING - /home/***/.local/lib/python3.7/site-packages/***/utils/context.py:152: AirflowContextDeprecationWarning: Accessing 'execution_date' from the template is deprecated and will be removed in a future version. Please use 'data_interval_start' or 'logical_date' instead.
  warnings.warn(_create_deprecation_warning(key, self._deprecation_replacements[key]))

[2022-02-02 14:53:03,632] {taskinstance.py:1426} INFO - Exporting the following env vars:
AIRFLOW_CTX_DAG_OWNER=***
AIRFLOW_CTX_DAG_ID=download_ingest_2_gcs_dag
AIRFLOW_CTX_TASK_ID=format_2_parquet_task
AIRFLOW_CTX_EXECUTION_DATE=2020-03-02T06:00:00+00:00
AIRFLOW_CTX_DAG_RUN_ID=scheduled__2020-03-02T06:00:00+00:00
[2022-02-02 14:54:04,938] {python.py:175} INFO - Done. Returned value was: None
[2022-02-02 14:54:05,473] {taskinstance.py:1277} INFO - Marking task as SUCCESS. dag_id=download_ingest_2_gcs_dag, task_id=format_2_parquet_task, execution_date=20200302T060000, start_date=20220202T145258, end_date=20220202T145405
[2022-02-02 14:54:09,000] {local_task_job.py:212} WARNING - State of this instance has been externally set to success. Terminating instance.
[2022-02-02 14:54:09,108] {process_utils.py:124} INFO - Sending Signals.SIGTERM to group 31822. PIDs of all processes in the group: [31822]
[2022-02-02 14:54:09,118] {process_utils.py:75} INFO - Sending the signal Signals.SIGTERM to group 31822
[2022-02-02 14:54:11,347] {process_utils.py:70} INFO - Process psutil.Process(pid=31822, status='terminated', exitcode=0, started='14:52:58') (31822) terminated with exit code 0
