[2022-02-15 21:41:42,836] {taskinstance.py:1032} INFO - Dependencies all met for <TaskInstance: yellow_taxi_download_csv.csv_to_gcs_job scheduled__2019-04-02T06:00:00+00:00 [queued]>
[2022-02-15 21:41:42,877] {taskinstance.py:1032} INFO - Dependencies all met for <TaskInstance: yellow_taxi_download_csv.csv_to_gcs_job scheduled__2019-04-02T06:00:00+00:00 [queued]>
[2022-02-15 21:41:42,879] {taskinstance.py:1238} INFO - 
--------------------------------------------------------------------------------
[2022-02-15 21:41:42,880] {taskinstance.py:1239} INFO - Starting attempt 1 of 1
[2022-02-15 21:41:42,882] {taskinstance.py:1240} INFO - 
--------------------------------------------------------------------------------
[2022-02-15 21:41:42,921] {taskinstance.py:1259} INFO - Executing <Task(PythonOperator): csv_to_gcs_job> on 2019-04-02 06:00:00+00:00
[2022-02-15 21:41:42,938] {standard_task_runner.py:52} INFO - Started process 1834 to run task
[2022-02-15 21:41:42,948] {standard_task_runner.py:76} INFO - Running: ['***', 'tasks', 'run', 'yellow_taxi_download_csv', 'csv_to_gcs_job', 'scheduled__2019-04-02T06:00:00+00:00', '--job-id', '706', '--raw', '--subdir', 'DAGS_FOLDER/download_upload_yellowtaxi_csv.py', '--cfg-path', '/tmp/tmp4enc99os', '--error-file', '/tmp/tmp8bilurxh']
[2022-02-15 21:41:42,951] {standard_task_runner.py:77} INFO - Job 706: Subtask csv_to_gcs_job
[2022-02-15 21:41:43,147] {logging_mixin.py:109} INFO - Running <TaskInstance: yellow_taxi_download_csv.csv_to_gcs_job scheduled__2019-04-02T06:00:00+00:00 [running]> on host 29988b24dbed
[2022-02-15 21:41:43,295] {warnings.py:110} WARNING - /home/***/.local/lib/python3.7/site-packages/***/utils/context.py:152: AirflowContextDeprecationWarning: Accessing 'execution_date' from the template is deprecated and will be removed in a future version. Please use 'data_interval_start' or 'logical_date' instead.
  warnings.warn(_create_deprecation_warning(key, self._deprecation_replacements[key]))

[2022-02-15 21:41:43,367] {taskinstance.py:1426} INFO - Exporting the following env vars:
AIRFLOW_CTX_DAG_OWNER=***
AIRFLOW_CTX_DAG_ID=yellow_taxi_download_csv
AIRFLOW_CTX_TASK_ID=csv_to_gcs_job
AIRFLOW_CTX_EXECUTION_DATE=2019-04-02T06:00:00+00:00
AIRFLOW_CTX_DAG_RUN_ID=scheduled__2019-04-02T06:00:00+00:00
[2022-02-15 21:49:39,141] {local_task_job.py:212} WARNING - State of this instance has been externally set to failed. Terminating instance.
[2022-02-15 21:49:39,183] {process_utils.py:124} INFO - Sending Signals.SIGTERM to group 1834. PIDs of all processes in the group: [1834]
[2022-02-15 21:49:39,193] {process_utils.py:75} INFO - Sending the signal Signals.SIGTERM to group 1834
[2022-02-15 21:49:39,257] {taskinstance.py:1408} ERROR - Received SIGTERM. Terminating subprocesses.
[2022-02-15 21:49:40,522] {process_utils.py:70} INFO - Process psutil.Process(pid=1834, status='terminated', exitcode=0, started='21:41:42') (1834) terminated with exit code 0
