[2022-02-15 21:14:42,354] {taskinstance.py:1032} INFO - Dependencies all met for <TaskInstance: yellow_taxi_download_csv.download_csv_file_url scheduled__2019-01-02T06:00:00+00:00 [queued]>
[2022-02-15 21:14:42,534] {taskinstance.py:1032} INFO - Dependencies all met for <TaskInstance: yellow_taxi_download_csv.download_csv_file_url scheduled__2019-01-02T06:00:00+00:00 [queued]>
[2022-02-15 21:14:42,539] {taskinstance.py:1238} INFO - 
--------------------------------------------------------------------------------
[2022-02-15 21:14:42,542] {taskinstance.py:1239} INFO - Starting attempt 1 of 1
[2022-02-15 21:14:42,545] {taskinstance.py:1240} INFO - 
--------------------------------------------------------------------------------
[2022-02-15 21:14:42,757] {taskinstance.py:1259} INFO - Executing <Task(BashOperator): download_csv_file_url> on 2019-01-02 06:00:00+00:00
[2022-02-15 21:14:42,800] {standard_task_runner.py:52} INFO - Started process 380 to run task
[2022-02-15 21:14:42,866] {standard_task_runner.py:76} INFO - Running: ['***', 'tasks', 'run', 'yellow_taxi_download_csv', 'download_csv_file_url', 'scheduled__2019-01-02T06:00:00+00:00', '--job-id', '687', '--raw', '--subdir', 'DAGS_FOLDER/download_upload_yellowtaxi_csv.py', '--cfg-path', '/tmp/tmpn9iprwsg', '--error-file', '/tmp/tmpr8_7j3tn']
[2022-02-15 21:14:42,888] {standard_task_runner.py:77} INFO - Job 687: Subtask download_csv_file_url
[2022-02-15 21:14:43,204] {logging_mixin.py:109} INFO - Running <TaskInstance: yellow_taxi_download_csv.download_csv_file_url scheduled__2019-01-02T06:00:00+00:00 [running]> on host 29988b24dbed
[2022-02-15 21:14:43,664] {warnings.py:110} WARNING - /home/***/.local/lib/python3.7/site-packages/***/utils/context.py:152: AirflowContextDeprecationWarning: Accessing 'execution_date' from the template is deprecated and will be removed in a future version. Please use 'data_interval_start' or 'logical_date' instead.
  warnings.warn(_create_deprecation_warning(key, self._deprecation_replacements[key]))

[2022-02-15 21:14:43,765] {taskinstance.py:1426} INFO - Exporting the following env vars:
AIRFLOW_CTX_DAG_OWNER=***
AIRFLOW_CTX_DAG_ID=yellow_taxi_download_csv
AIRFLOW_CTX_TASK_ID=download_csv_file_url
AIRFLOW_CTX_EXECUTION_DATE=2019-01-02T06:00:00+00:00
AIRFLOW_CTX_DAG_RUN_ID=scheduled__2019-01-02T06:00:00+00:00
[2022-02-15 21:14:43,771] {subprocess.py:62} INFO - Tmp dir root location: 
 /tmp
[2022-02-15 21:14:43,785] {subprocess.py:74} INFO - Running command: ['bash', '-c', 'curl -sSL https://s3.amazonaws.com/nyc-tlc/trip+data/yellow_tripdata_2019-01.csv > /opt/***/output_2019-01.csv']
[2022-02-15 21:14:43,866] {subprocess.py:85} INFO - Output:
[2022-02-15 21:15:43,455] {subprocess.py:93} INFO - Command exited with return code 0
[2022-02-15 21:15:43,980] {taskinstance.py:1277} INFO - Marking task as SUCCESS. dag_id=yellow_taxi_download_csv, task_id=download_csv_file_url, execution_date=20190102T060000, start_date=20220215T211442, end_date=20220215T211543
[2022-02-15 21:15:44,333] {local_task_job.py:154} INFO - Task exited with return code 0
[2022-02-15 21:15:45,435] {local_task_job.py:264} INFO - 0 downstream tasks scheduled from follow-on schedule check
