[2022-02-15 21:23:35,787] {taskinstance.py:1032} INFO - Dependencies all met for <TaskInstance: yellow_taxi_download_csv.download_csv_file_url scheduled__2019-01-02T06:00:00+00:00 [queued]>
[2022-02-15 21:23:35,836] {taskinstance.py:1032} INFO - Dependencies all met for <TaskInstance: yellow_taxi_download_csv.download_csv_file_url scheduled__2019-01-02T06:00:00+00:00 [queued]>
[2022-02-15 21:23:35,838] {taskinstance.py:1238} INFO - 
--------------------------------------------------------------------------------
[2022-02-15 21:23:35,840] {taskinstance.py:1239} INFO - Starting attempt 2 of 2
[2022-02-15 21:23:35,842] {taskinstance.py:1240} INFO - 
--------------------------------------------------------------------------------
[2022-02-15 21:23:35,893] {taskinstance.py:1259} INFO - Executing <Task(BashOperator): download_csv_file_url> on 2019-01-02 06:00:00+00:00
[2022-02-15 21:23:35,905] {standard_task_runner.py:52} INFO - Started process 877 to run task
[2022-02-15 21:23:35,915] {standard_task_runner.py:76} INFO - Running: ['***', 'tasks', 'run', 'yellow_taxi_download_csv', 'download_csv_file_url', 'scheduled__2019-01-02T06:00:00+00:00', '--job-id', '691', '--raw', '--subdir', 'DAGS_FOLDER/download_upload_yellowtaxi_csv.py', '--cfg-path', '/tmp/tmpq0luursz', '--error-file', '/tmp/tmpfc4761_0']
[2022-02-15 21:23:35,918] {standard_task_runner.py:77} INFO - Job 691: Subtask download_csv_file_url
[2022-02-15 21:23:36,106] {logging_mixin.py:109} INFO - Running <TaskInstance: yellow_taxi_download_csv.download_csv_file_url scheduled__2019-01-02T06:00:00+00:00 [running]> on host 29988b24dbed
[2022-02-15 21:23:36,246] {warnings.py:110} WARNING - /home/***/.local/lib/python3.7/site-packages/***/utils/context.py:152: AirflowContextDeprecationWarning: Accessing 'execution_date' from the template is deprecated and will be removed in a future version. Please use 'data_interval_start' or 'logical_date' instead.
  warnings.warn(_create_deprecation_warning(key, self._deprecation_replacements[key]))

[2022-02-15 21:23:36,290] {taskinstance.py:1426} INFO - Exporting the following env vars:
AIRFLOW_CTX_DAG_OWNER=***
AIRFLOW_CTX_DAG_ID=yellow_taxi_download_csv
AIRFLOW_CTX_TASK_ID=download_csv_file_url
AIRFLOW_CTX_EXECUTION_DATE=2019-01-02T06:00:00+00:00
AIRFLOW_CTX_DAG_RUN_ID=scheduled__2019-01-02T06:00:00+00:00
[2022-02-15 21:23:36,295] {subprocess.py:62} INFO - Tmp dir root location: 
 /tmp
[2022-02-15 21:23:36,298] {subprocess.py:74} INFO - Running command: ['bash', '-c', 'curl -sSL https://s3.amazonaws.com/nyc-tlc/trip+data/yellow_tripdata_2019-01.csv > /opt/***/output_2019-01.csv']
[2022-02-15 21:23:36,322] {subprocess.py:85} INFO - Output:
[2022-02-15 21:24:03,237] {subprocess.py:93} INFO - Command exited with return code 0
[2022-02-15 21:24:03,567] {taskinstance.py:1277} INFO - Marking task as SUCCESS. dag_id=yellow_taxi_download_csv, task_id=download_csv_file_url, execution_date=20190102T060000, start_date=20220215T212335, end_date=20220215T212403
[2022-02-15 21:24:03,816] {local_task_job.py:154} INFO - Task exited with return code 0
[2022-02-15 21:24:03,969] {local_task_job.py:264} INFO - 1 downstream tasks scheduled from follow-on schedule check
