[2022-02-02 06:27:29,870] {taskinstance.py:1032} INFO - Dependencies all met for <TaskInstance: download_ingest_2_gcs_dag.format_2_parquet_task scheduled__2019-11-02T06:00:00+00:00 [queued]>
[2022-02-02 06:27:30,254] {taskinstance.py:1032} INFO - Dependencies all met for <TaskInstance: download_ingest_2_gcs_dag.format_2_parquet_task scheduled__2019-11-02T06:00:00+00:00 [queued]>
[2022-02-02 06:27:30,258] {taskinstance.py:1238} INFO - 
--------------------------------------------------------------------------------
[2022-02-02 06:27:30,261] {taskinstance.py:1239} INFO - Starting attempt 1 of 1
[2022-02-02 06:27:30,267] {taskinstance.py:1240} INFO - 
--------------------------------------------------------------------------------
[2022-02-02 06:27:30,902] {taskinstance.py:1259} INFO - Executing <Task(PythonOperator): format_2_parquet_task> on 2019-11-02 06:00:00+00:00
[2022-02-02 06:27:31,212] {standard_task_runner.py:52} INFO - Started process 9706 to run task
[2022-02-02 06:27:31,433] {standard_task_runner.py:76} INFO - Running: ['***', 'tasks', 'run', 'download_ingest_2_gcs_dag', 'format_2_parquet_task', 'scheduled__2019-11-02T06:00:00+00:00', '--job-id', '301', '--raw', '--subdir', 'DAGS_FOLDER/download_ingest_2_gsc_assgnment.py', '--cfg-path', '/tmp/tmp20djq03_', '--error-file', '/tmp/tmp72qptr9l']
[2022-02-02 06:27:31,467] {standard_task_runner.py:77} INFO - Job 301: Subtask format_2_parquet_task
[2022-02-02 06:27:32,486] {logging_mixin.py:109} INFO - Running <TaskInstance: download_ingest_2_gcs_dag.format_2_parquet_task scheduled__2019-11-02T06:00:00+00:00 [running]> on host 3082aca3aebc
[2022-02-02 06:27:33,512] {warnings.py:110} WARNING - /home/***/.local/lib/python3.7/site-packages/***/utils/context.py:152: AirflowContextDeprecationWarning: Accessing 'execution_date' from the template is deprecated and will be removed in a future version. Please use 'data_interval_start' or 'logical_date' instead.
  warnings.warn(_create_deprecation_warning(key, self._deprecation_replacements[key]))

[2022-02-02 06:27:33,965] {taskinstance.py:1426} INFO - Exporting the following env vars:
AIRFLOW_CTX_DAG_OWNER=***
AIRFLOW_CTX_DAG_ID=download_ingest_2_gcs_dag
AIRFLOW_CTX_TASK_ID=format_2_parquet_task
AIRFLOW_CTX_EXECUTION_DATE=2019-11-02T06:00:00+00:00
AIRFLOW_CTX_DAG_RUN_ID=scheduled__2019-11-02T06:00:00+00:00
[2022-02-02 06:29:39,884] {python.py:175} INFO - Done. Returned value was: None
[2022-02-02 06:29:40,088] {taskinstance.py:1277} INFO - Marking task as SUCCESS. dag_id=download_ingest_2_gcs_dag, task_id=format_2_parquet_task, execution_date=20191102T060000, start_date=20220202T062729, end_date=20220202T062940
[2022-02-02 06:29:43,941] {local_task_job.py:212} WARNING - State of this instance has been externally set to success. Terminating instance.
[2022-02-02 06:29:43,975] {process_utils.py:124} INFO - Sending Signals.SIGTERM to group 9706. PIDs of all processes in the group: [9706]
[2022-02-02 06:29:43,981] {process_utils.py:75} INFO - Sending the signal Signals.SIGTERM to group 9706
[2022-02-02 06:29:45,763] {process_utils.py:70} INFO - Process psutil.Process(pid=9706, status='terminated', exitcode=0, started='06:27:30') (9706) terminated with exit code 0
