[2022-02-10 13:46:35,194] {taskinstance.py:1032} INFO - Dependencies all met for <TaskInstance: green_taxi_download_ingest_2_gcs_dag.download_file_url scheduled__2019-01-02T06:00:00+00:00 [queued]>
[2022-02-10 13:46:35,281] {taskinstance.py:1032} INFO - Dependencies all met for <TaskInstance: green_taxi_download_ingest_2_gcs_dag.download_file_url scheduled__2019-01-02T06:00:00+00:00 [queued]>
[2022-02-10 13:46:35,284] {taskinstance.py:1238} INFO - 
--------------------------------------------------------------------------------
[2022-02-10 13:46:35,287] {taskinstance.py:1239} INFO - Starting attempt 1 of 1
[2022-02-10 13:46:35,290] {taskinstance.py:1240} INFO - 
--------------------------------------------------------------------------------
[2022-02-10 13:46:35,386] {taskinstance.py:1259} INFO - Executing <Task(BashOperator): download_file_url> on 2019-01-02 06:00:00+00:00
[2022-02-10 13:46:35,398] {standard_task_runner.py:52} INFO - Started process 352 to run task
[2022-02-10 13:46:35,426] {standard_task_runner.py:76} INFO - Running: ['***', 'tasks', 'run', 'green_taxi_download_ingest_2_gcs_dag', 'download_file_url', 'scheduled__2019-01-02T06:00:00+00:00', '--job-id', '539', '--raw', '--subdir', 'DAGS_FOLDER/greentaxi_download_2_gcs.py', '--cfg-path', '/tmp/tmphns837o3', '--error-file', '/tmp/tmpq9hnoprn']
[2022-02-10 13:46:35,436] {standard_task_runner.py:77} INFO - Job 539: Subtask download_file_url
[2022-02-10 13:46:35,757] {logging_mixin.py:109} INFO - Running <TaskInstance: green_taxi_download_ingest_2_gcs_dag.download_file_url scheduled__2019-01-02T06:00:00+00:00 [running]> on host e30cdf5fe267
[2022-02-10 13:46:35,949] {warnings.py:110} WARNING - /home/***/.local/lib/python3.7/site-packages/***/utils/context.py:152: AirflowContextDeprecationWarning: Accessing 'execution_date' from the template is deprecated and will be removed in a future version. Please use 'data_interval_start' or 'logical_date' instead.
  warnings.warn(_create_deprecation_warning(key, self._deprecation_replacements[key]))

[2022-02-10 13:46:36,070] {taskinstance.py:1426} INFO - Exporting the following env vars:
AIRFLOW_CTX_DAG_OWNER=***
AIRFLOW_CTX_DAG_ID=green_taxi_download_ingest_2_gcs_dag
AIRFLOW_CTX_TASK_ID=download_file_url
AIRFLOW_CTX_EXECUTION_DATE=2019-01-02T06:00:00+00:00
AIRFLOW_CTX_DAG_RUN_ID=scheduled__2019-01-02T06:00:00+00:00
[2022-02-10 13:46:36,076] {subprocess.py:62} INFO - Tmp dir root location: 
 /tmp
[2022-02-10 13:46:36,088] {subprocess.py:74} INFO - Running command: ['bash', '-c', 'curl -sSL https://s3.amazonaws.com/nyc-tlc/trip+data/green_tripdata_2019-01.csv > /opt/***/output_2019-01.csv']
[2022-02-10 13:46:36,127] {subprocess.py:85} INFO - Output:
[2022-02-10 13:46:41,128] {subprocess.py:93} INFO - Command exited with return code 0
[2022-02-10 13:46:41,302] {taskinstance.py:1277} INFO - Marking task as SUCCESS. dag_id=green_taxi_download_ingest_2_gcs_dag, task_id=download_file_url, execution_date=20190102T060000, start_date=20220210T134635, end_date=20220210T134641
[2022-02-10 13:46:41,520] {local_task_job.py:154} INFO - Task exited with return code 0
[2022-02-10 13:46:42,327] {local_task_job.py:264} INFO - 0 downstream tasks scheduled from follow-on schedule check
