[2022-02-02 03:50:33,760] {taskinstance.py:1032} INFO - Dependencies all met for <TaskInstance: download_ingest_2_gcs_dag.format_2_parquet_task scheduled__2019-02-02T06:00:00+00:00 [queued]>
[2022-02-02 03:50:34,043] {taskinstance.py:1032} INFO - Dependencies all met for <TaskInstance: download_ingest_2_gcs_dag.format_2_parquet_task scheduled__2019-02-02T06:00:00+00:00 [queued]>
[2022-02-02 03:50:34,046] {taskinstance.py:1238} INFO - 
--------------------------------------------------------------------------------
[2022-02-02 03:50:34,048] {taskinstance.py:1239} INFO - Starting attempt 1 of 1
[2022-02-02 03:50:34,051] {taskinstance.py:1240} INFO - 
--------------------------------------------------------------------------------
[2022-02-02 03:50:34,262] {taskinstance.py:1259} INFO - Executing <Task(PythonOperator): format_2_parquet_task> on 2019-02-02 06:00:00+00:00
[2022-02-02 03:50:34,296] {standard_task_runner.py:52} INFO - Started process 854 to run task
[2022-02-02 03:50:34,357] {standard_task_runner.py:76} INFO - Running: ['***', 'tasks', 'run', 'download_ingest_2_gcs_dag', 'format_2_parquet_task', 'scheduled__2019-02-02T06:00:00+00:00', '--job-id', '246', '--raw', '--subdir', 'DAGS_FOLDER/load_gsc_assgnment.py', '--cfg-path', '/tmp/tmpup61mqzf', '--error-file', '/tmp/tmparcmqjts']
[2022-02-02 03:50:34,367] {standard_task_runner.py:77} INFO - Job 246: Subtask format_2_parquet_task
[2022-02-02 03:50:34,930] {logging_mixin.py:109} INFO - Running <TaskInstance: download_ingest_2_gcs_dag.format_2_parquet_task scheduled__2019-02-02T06:00:00+00:00 [running]> on host 3082aca3aebc
[2022-02-02 03:50:35,557] {warnings.py:110} WARNING - /home/***/.local/lib/python3.7/site-packages/***/utils/context.py:152: AirflowContextDeprecationWarning: Accessing 'execution_date' from the template is deprecated and will be removed in a future version. Please use 'data_interval_start' or 'logical_date' instead.
  warnings.warn(_create_deprecation_warning(key, self._deprecation_replacements[key]))

[2022-02-02 03:50:35,695] {taskinstance.py:1426} INFO - Exporting the following env vars:
AIRFLOW_CTX_DAG_OWNER=***
AIRFLOW_CTX_DAG_ID=download_ingest_2_gcs_dag
AIRFLOW_CTX_TASK_ID=format_2_parquet_task
AIRFLOW_CTX_EXECUTION_DATE=2019-02-02T06:00:00+00:00
AIRFLOW_CTX_DAG_RUN_ID=scheduled__2019-02-02T06:00:00+00:00
[2022-02-02 03:51:26,421] {python.py:175} INFO - Done. Returned value was: None
[2022-02-02 03:51:26,476] {taskinstance.py:1277} INFO - Marking task as SUCCESS. dag_id=download_ingest_2_gcs_dag, task_id=format_2_parquet_task, execution_date=20190202T060000, start_date=20220202T035033, end_date=20220202T035126
[2022-02-02 03:51:28,295] {local_task_job.py:154} INFO - Task exited with return code 0
[2022-02-02 03:51:28,417] {local_task_job.py:264} INFO - 0 downstream tasks scheduled from follow-on schedule check
[2022-02-02 06:14:16,328] {taskinstance.py:1032} INFO - Dependencies all met for <TaskInstance: download_ingest_2_gcs_dag.format_2_parquet_task scheduled__2019-02-02T06:00:00+00:00 [queued]>
[2022-02-02 06:14:16,386] {taskinstance.py:1032} INFO - Dependencies all met for <TaskInstance: download_ingest_2_gcs_dag.format_2_parquet_task scheduled__2019-02-02T06:00:00+00:00 [queued]>
[2022-02-02 06:14:16,388] {taskinstance.py:1238} INFO - 
--------------------------------------------------------------------------------
[2022-02-02 06:14:16,390] {taskinstance.py:1239} INFO - Starting attempt 1 of 1
[2022-02-02 06:14:16,392] {taskinstance.py:1240} INFO - 
--------------------------------------------------------------------------------
[2022-02-02 06:14:16,450] {taskinstance.py:1259} INFO - Executing <Task(PythonOperator): format_2_parquet_task> on 2019-02-02 06:00:00+00:00
[2022-02-02 06:14:16,482] {standard_task_runner.py:52} INFO - Started process 8766 to run task
[2022-02-02 06:14:16,488] {standard_task_runner.py:76} INFO - Running: ['***', 'tasks', 'run', 'download_ingest_2_gcs_dag', 'format_2_parquet_task', 'scheduled__2019-02-02T06:00:00+00:00', '--job-id', '281', '--raw', '--subdir', 'DAGS_FOLDER/download_ingest_2_gsc_assgnment.py', '--cfg-path', '/tmp/tmpjsbgscvs', '--error-file', '/tmp/tmps5wrjkqr']
[2022-02-02 06:14:16,500] {standard_task_runner.py:77} INFO - Job 281: Subtask format_2_parquet_task
[2022-02-02 06:14:16,783] {logging_mixin.py:109} INFO - Running <TaskInstance: download_ingest_2_gcs_dag.format_2_parquet_task scheduled__2019-02-02T06:00:00+00:00 [running]> on host 3082aca3aebc
[2022-02-02 06:14:17,035] {warnings.py:110} WARNING - /home/***/.local/lib/python3.7/site-packages/***/utils/context.py:152: AirflowContextDeprecationWarning: Accessing 'execution_date' from the template is deprecated and will be removed in a future version. Please use 'data_interval_start' or 'logical_date' instead.
  warnings.warn(_create_deprecation_warning(key, self._deprecation_replacements[key]))

[2022-02-02 06:14:17,103] {taskinstance.py:1426} INFO - Exporting the following env vars:
AIRFLOW_CTX_DAG_OWNER=***
AIRFLOW_CTX_DAG_ID=download_ingest_2_gcs_dag
AIRFLOW_CTX_TASK_ID=format_2_parquet_task
AIRFLOW_CTX_EXECUTION_DATE=2019-02-02T06:00:00+00:00
AIRFLOW_CTX_DAG_RUN_ID=scheduled__2019-02-02T06:00:00+00:00
[2022-02-02 06:14:43,291] {local_task_job.py:154} INFO - Task exited with return code Negsignal.SIGKILL
[2022-02-02 06:14:44,124] {taskinstance.py:1277} INFO - Marking task as FAILED. dag_id=download_ingest_2_gcs_dag, task_id=format_2_parquet_task, execution_date=20190202T060000, start_date=20220202T061416, end_date=20220202T061444
[2022-02-02 06:14:45,035] {local_task_job.py:264} INFO - 0 downstream tasks scheduled from follow-on schedule check
