[2022-02-02 06:15:34,772] {taskinstance.py:1032} INFO - Dependencies all met for <TaskInstance: download_ingest_2_gcs_dag.format_2_parquet_task scheduled__2019-02-02T06:00:00+00:00 [queued]>
[2022-02-02 06:15:34,833] {taskinstance.py:1032} INFO - Dependencies all met for <TaskInstance: download_ingest_2_gcs_dag.format_2_parquet_task scheduled__2019-02-02T06:00:00+00:00 [queued]>
[2022-02-02 06:15:34,835] {taskinstance.py:1238} INFO - 
--------------------------------------------------------------------------------
[2022-02-02 06:15:34,837] {taskinstance.py:1239} INFO - Starting attempt 2 of 2
[2022-02-02 06:15:34,838] {taskinstance.py:1240} INFO - 
--------------------------------------------------------------------------------
[2022-02-02 06:15:34,890] {taskinstance.py:1259} INFO - Executing <Task(PythonOperator): format_2_parquet_task> on 2019-02-02 06:00:00+00:00
[2022-02-02 06:15:34,901] {standard_task_runner.py:52} INFO - Started process 8850 to run task
[2022-02-02 06:15:34,910] {standard_task_runner.py:76} INFO - Running: ['***', 'tasks', 'run', 'download_ingest_2_gcs_dag', 'format_2_parquet_task', 'scheduled__2019-02-02T06:00:00+00:00', '--job-id', '283', '--raw', '--subdir', 'DAGS_FOLDER/download_ingest_2_gsc_assgnment.py', '--cfg-path', '/tmp/tmpnml69e_b', '--error-file', '/tmp/tmpylqcxmri']
[2022-02-02 06:15:34,914] {standard_task_runner.py:77} INFO - Job 283: Subtask format_2_parquet_task
[2022-02-02 06:15:35,074] {logging_mixin.py:109} INFO - Running <TaskInstance: download_ingest_2_gcs_dag.format_2_parquet_task scheduled__2019-02-02T06:00:00+00:00 [running]> on host 3082aca3aebc
[2022-02-02 06:15:35,208] {warnings.py:110} WARNING - /home/***/.local/lib/python3.7/site-packages/***/utils/context.py:152: AirflowContextDeprecationWarning: Accessing 'execution_date' from the template is deprecated and will be removed in a future version. Please use 'data_interval_start' or 'logical_date' instead.
  warnings.warn(_create_deprecation_warning(key, self._deprecation_replacements[key]))

[2022-02-02 06:15:35,253] {taskinstance.py:1426} INFO - Exporting the following env vars:
AIRFLOW_CTX_DAG_OWNER=***
AIRFLOW_CTX_DAG_ID=download_ingest_2_gcs_dag
AIRFLOW_CTX_TASK_ID=format_2_parquet_task
AIRFLOW_CTX_EXECUTION_DATE=2019-02-02T06:00:00+00:00
AIRFLOW_CTX_DAG_RUN_ID=scheduled__2019-02-02T06:00:00+00:00
[2022-02-02 06:16:15,513] {python.py:175} INFO - Done. Returned value was: None
[2022-02-02 06:16:15,608] {taskinstance.py:1277} INFO - Marking task as SUCCESS. dag_id=download_ingest_2_gcs_dag, task_id=format_2_parquet_task, execution_date=20190202T060000, start_date=20220202T061534, end_date=20220202T061615
[2022-02-02 06:16:17,324] {local_task_job.py:212} WARNING - State of this instance has been externally set to success. Terminating instance.
[2022-02-02 06:16:17,381] {process_utils.py:124} INFO - Sending Signals.SIGTERM to group 8850. PIDs of all processes in the group: [8850]
[2022-02-02 06:16:17,389] {process_utils.py:75} INFO - Sending the signal Signals.SIGTERM to group 8850
[2022-02-02 06:16:18,314] {process_utils.py:70} INFO - Process psutil.Process(pid=8850, status='terminated', exitcode=0, started='06:15:34') (8850) terminated with exit code 0
