[2022-02-02 15:05:04,956] {taskinstance.py:1032} INFO - Dependencies all met for <TaskInstance: download_ingest_2_gcs_dag.bigquery_external_table_job scheduled__2020-08-02T06:00:00+00:00 [queued]>
[2022-02-02 15:05:06,118] {taskinstance.py:1032} INFO - Dependencies all met for <TaskInstance: download_ingest_2_gcs_dag.bigquery_external_table_job scheduled__2020-08-02T06:00:00+00:00 [queued]>
[2022-02-02 15:05:06,122] {taskinstance.py:1238} INFO - 
--------------------------------------------------------------------------------
[2022-02-02 15:05:06,124] {taskinstance.py:1239} INFO - Starting attempt 1 of 1
[2022-02-02 15:05:06,129] {taskinstance.py:1240} INFO - 
--------------------------------------------------------------------------------
[2022-02-02 15:05:07,195] {taskinstance.py:1259} INFO - Executing <Task(BigQueryCreateExternalTableOperator): bigquery_external_table_job> on 2020-08-02 06:00:00+00:00
[2022-02-02 15:05:07,383] {standard_task_runner.py:52} INFO - Started process 32701 to run task
[2022-02-02 15:05:07,512] {standard_task_runner.py:76} INFO - Running: ['***', 'tasks', 'run', 'download_ingest_2_gcs_dag', 'bigquery_external_table_job', 'scheduled__2020-08-02T06:00:00+00:00', '--job-id', '386', '--raw', '--subdir', 'DAGS_FOLDER/download_ingest_2_gsc_assgnment.py', '--cfg-path', '/tmp/tmp82pd9haz', '--error-file', '/tmp/tmpbz94k9p_']
[2022-02-02 15:05:07,557] {standard_task_runner.py:77} INFO - Job 386: Subtask bigquery_external_table_job
[2022-02-02 15:05:09,445] {logging_mixin.py:109} INFO - Running <TaskInstance: download_ingest_2_gcs_dag.bigquery_external_table_job scheduled__2020-08-02T06:00:00+00:00 [running]> on host 3082aca3aebc
[2022-02-02 15:05:11,985] {warnings.py:110} WARNING - /home/***/.local/lib/python3.7/site-packages/***/utils/context.py:152: AirflowContextDeprecationWarning: Accessing 'execution_date' from the template is deprecated and will be removed in a future version. Please use 'data_interval_start' or 'logical_date' instead.
  warnings.warn(_create_deprecation_warning(key, self._deprecation_replacements[key]))

[2022-02-02 15:05:12,936] {taskinstance.py:1426} INFO - Exporting the following env vars:
AIRFLOW_CTX_DAG_OWNER=***
AIRFLOW_CTX_DAG_ID=download_ingest_2_gcs_dag
AIRFLOW_CTX_TASK_ID=bigquery_external_table_job
AIRFLOW_CTX_EXECUTION_DATE=2020-08-02T06:00:00+00:00
AIRFLOW_CTX_DAG_RUN_ID=scheduled__2020-08-02T06:00:00+00:00
[2022-02-02 15:05:12,998] {crypto.py:82} WARNING - empty cryptography key - values will not be stored encrypted.
[2022-02-02 15:05:19,694] {taskinstance.py:1277} INFO - Marking task as SUCCESS. dag_id=download_ingest_2_gcs_dag, task_id=bigquery_external_table_job, execution_date=20200802T060000, start_date=20220202T150505, end_date=20220202T150519
[2022-02-02 15:05:21,468] {local_task_job.py:154} INFO - Task exited with return code 0
[2022-02-02 15:05:22,107] {local_task_job.py:264} INFO - 0 downstream tasks scheduled from follow-on schedule check
