[2022-01-29 00:00:20,101] {processor.py:163} INFO - Started process (PID=26554) to work on /opt/airflow/dags/ingest_parquet_data_gcs.py
[2022-01-29 00:00:20,107] {processor.py:642} INFO - Processing file /opt/airflow/dags/ingest_parquet_data_gcs.py for tasks to queue
[2022-01-29 00:00:20,112] {logging_mixin.py:109} INFO - [2022-01-29 00:00:20,112] {dagbag.py:500} INFO - Filling up the DagBag from /opt/airflow/dags/ingest_parquet_data_gcs.py
[2022-01-29 00:00:27,542] {processor.py:654} INFO - DAG(s) dict_keys(['new_data_ingestion_gcs_dag']) retrieved from /opt/airflow/dags/ingest_parquet_data_gcs.py
[2022-01-29 00:00:29,371] {logging_mixin.py:109} INFO - [2022-01-29 00:00:29,370] {dag.py:2396} INFO - Sync 1 DAGs
[2022-01-29 00:00:29,546] {processor.py:171} INFO - Processing /opt/airflow/dags/ingest_parquet_data_gcs.py took 9.465 seconds
[2022-01-29 01:03:54,803] {processor.py:163} INFO - Started process (PID=26583) to work on /opt/airflow/dags/ingest_parquet_data_gcs.py
[2022-01-29 01:03:54,808] {processor.py:642} INFO - Processing file /opt/airflow/dags/ingest_parquet_data_gcs.py for tasks to queue
[2022-01-29 01:03:54,816] {logging_mixin.py:109} INFO - [2022-01-29 01:03:54,815] {dagbag.py:500} INFO - Filling up the DagBag from /opt/airflow/dags/ingest_parquet_data_gcs.py
[2022-01-29 01:04:00,117] {processor.py:654} INFO - DAG(s) dict_keys(['new_data_ingestion_gcs_dag']) retrieved from /opt/airflow/dags/ingest_parquet_data_gcs.py
[2022-01-29 01:04:00,205] {logging_mixin.py:109} INFO - [2022-01-29 01:04:00,200] {dag.py:2396} INFO - Sync 1 DAGs
[2022-01-29 01:04:00,407] {processor.py:171} INFO - Processing /opt/airflow/dags/ingest_parquet_data_gcs.py took 5.617 seconds
[2022-01-29 01:04:40,507] {processor.py:163} INFO - Started process (PID=26626) to work on /opt/airflow/dags/ingest_parquet_data_gcs.py
[2022-01-29 01:04:40,517] {processor.py:642} INFO - Processing file /opt/airflow/dags/ingest_parquet_data_gcs.py for tasks to queue
[2022-01-29 01:04:40,527] {logging_mixin.py:109} INFO - [2022-01-29 01:04:40,526] {dagbag.py:500} INFO - Filling up the DagBag from /opt/airflow/dags/ingest_parquet_data_gcs.py
[2022-01-29 01:04:47,602] {processor.py:654} INFO - DAG(s) dict_keys(['new_data_ingestion_gcs_dag']) retrieved from /opt/airflow/dags/ingest_parquet_data_gcs.py
[2022-01-29 01:04:47,671] {logging_mixin.py:109} INFO - [2022-01-29 01:04:47,670] {dag.py:2396} INFO - Sync 1 DAGs
[2022-01-29 01:04:47,827] {processor.py:171} INFO - Processing /opt/airflow/dags/ingest_parquet_data_gcs.py took 7.349 seconds
[2022-01-29 02:15:35,298] {processor.py:163} INFO - Started process (PID=26649) to work on /opt/airflow/dags/ingest_parquet_data_gcs.py
[2022-01-29 02:15:35,304] {processor.py:642} INFO - Processing file /opt/airflow/dags/ingest_parquet_data_gcs.py for tasks to queue
[2022-01-29 02:15:35,311] {logging_mixin.py:109} INFO - [2022-01-29 02:15:35,310] {dagbag.py:500} INFO - Filling up the DagBag from /opt/airflow/dags/ingest_parquet_data_gcs.py
[2022-01-29 02:15:41,523] {processor.py:654} INFO - DAG(s) dict_keys(['new_data_ingestion_gcs_dag']) retrieved from /opt/airflow/dags/ingest_parquet_data_gcs.py
[2022-01-29 02:15:41,592] {logging_mixin.py:109} INFO - [2022-01-29 02:15:41,590] {dag.py:2396} INFO - Sync 1 DAGs
[2022-01-29 02:15:41,739] {processor.py:171} INFO - Processing /opt/airflow/dags/ingest_parquet_data_gcs.py took 6.456 seconds
[2022-01-29 03:35:15,041] {processor.py:163} INFO - Started process (PID=26689) to work on /opt/airflow/dags/ingest_parquet_data_gcs.py
[2022-01-29 03:35:15,047] {processor.py:642} INFO - Processing file /opt/airflow/dags/ingest_parquet_data_gcs.py for tasks to queue
[2022-01-29 03:35:15,051] {logging_mixin.py:109} INFO - [2022-01-29 03:35:15,051] {dagbag.py:500} INFO - Filling up the DagBag from /opt/airflow/dags/ingest_parquet_data_gcs.py
[2022-01-29 03:35:21,081] {processor.py:654} INFO - DAG(s) dict_keys(['new_data_ingestion_gcs_dag']) retrieved from /opt/airflow/dags/ingest_parquet_data_gcs.py
[2022-01-29 03:35:21,176] {logging_mixin.py:109} INFO - [2022-01-29 03:35:21,173] {dag.py:2396} INFO - Sync 1 DAGs
[2022-01-29 03:35:21,357] {logging_mixin.py:109} INFO - [2022-01-29 03:35:21,356] {dag.py:2935} INFO - Setting next_dagrun for new_data_ingestion_gcs_dag to 2022-01-29T00:00:00+00:00
[2022-01-29 03:35:21,407] {processor.py:171} INFO - Processing /opt/airflow/dags/ingest_parquet_data_gcs.py took 6.389 seconds
[2022-01-29 04:55:32,913] {processor.py:163} INFO - Started process (PID=26717) to work on /opt/airflow/dags/ingest_parquet_data_gcs.py
[2022-01-29 04:55:32,918] {processor.py:642} INFO - Processing file /opt/airflow/dags/ingest_parquet_data_gcs.py for tasks to queue
[2022-01-29 04:55:32,922] {logging_mixin.py:109} INFO - [2022-01-29 04:55:32,922] {dagbag.py:500} INFO - Filling up the DagBag from /opt/airflow/dags/ingest_parquet_data_gcs.py
[2022-01-29 04:55:38,142] {processor.py:654} INFO - DAG(s) dict_keys(['new_data_ingestion_gcs_dag']) retrieved from /opt/airflow/dags/ingest_parquet_data_gcs.py
[2022-01-29 04:55:38,240] {logging_mixin.py:109} INFO - [2022-01-29 04:55:38,239] {dag.py:2396} INFO - Sync 1 DAGs
[2022-01-29 04:55:38,375] {logging_mixin.py:109} INFO - [2022-01-29 04:55:38,374] {dag.py:2935} INFO - Setting next_dagrun for new_data_ingestion_gcs_dag to 2022-01-29T00:00:00+00:00
[2022-01-29 04:55:38,418] {processor.py:171} INFO - Processing /opt/airflow/dags/ingest_parquet_data_gcs.py took 5.512 seconds
[2022-01-29 06:18:51,733] {processor.py:163} INFO - Started process (PID=26763) to work on /opt/airflow/dags/ingest_parquet_data_gcs.py
[2022-01-29 06:18:51,738] {processor.py:642} INFO - Processing file /opt/airflow/dags/ingest_parquet_data_gcs.py for tasks to queue
[2022-01-29 06:18:51,743] {logging_mixin.py:109} INFO - [2022-01-29 06:18:51,742] {dagbag.py:500} INFO - Filling up the DagBag from /opt/airflow/dags/ingest_parquet_data_gcs.py
[2022-01-29 06:18:57,744] {processor.py:654} INFO - DAG(s) dict_keys(['new_data_ingestion_gcs_dag']) retrieved from /opt/airflow/dags/ingest_parquet_data_gcs.py
[2022-01-29 06:18:57,817] {logging_mixin.py:109} INFO - [2022-01-29 06:18:57,816] {dag.py:2396} INFO - Sync 1 DAGs
[2022-01-29 06:18:57,945] {logging_mixin.py:109} INFO - [2022-01-29 06:18:57,944] {dag.py:2935} INFO - Setting next_dagrun for new_data_ingestion_gcs_dag to 2022-01-29T00:00:00+00:00
[2022-01-29 06:18:57,987] {processor.py:171} INFO - Processing /opt/airflow/dags/ingest_parquet_data_gcs.py took 6.293 seconds
[2022-01-29 07:42:11,066] {processor.py:163} INFO - Started process (PID=26792) to work on /opt/airflow/dags/ingest_parquet_data_gcs.py
[2022-01-29 07:42:11,070] {processor.py:642} INFO - Processing file /opt/airflow/dags/ingest_parquet_data_gcs.py for tasks to queue
[2022-01-29 07:42:11,073] {logging_mixin.py:109} INFO - [2022-01-29 07:42:11,073] {dagbag.py:500} INFO - Filling up the DagBag from /opt/airflow/dags/ingest_parquet_data_gcs.py
[2022-01-29 07:42:15,817] {processor.py:654} INFO - DAG(s) dict_keys(['new_data_ingestion_gcs_dag']) retrieved from /opt/airflow/dags/ingest_parquet_data_gcs.py
[2022-01-29 07:42:15,885] {logging_mixin.py:109} INFO - [2022-01-29 07:42:15,883] {dag.py:2396} INFO - Sync 1 DAGs
[2022-01-29 07:42:16,000] {logging_mixin.py:109} INFO - [2022-01-29 07:42:15,999] {dag.py:2935} INFO - Setting next_dagrun for new_data_ingestion_gcs_dag to 2022-01-29T00:00:00+00:00
[2022-01-29 07:42:16,043] {processor.py:171} INFO - Processing /opt/airflow/dags/ingest_parquet_data_gcs.py took 4.993 seconds
[2022-01-29 08:49:17,959] {processor.py:163} INFO - Started process (PID=26832) to work on /opt/airflow/dags/ingest_parquet_data_gcs.py
[2022-01-29 08:49:17,966] {processor.py:642} INFO - Processing file /opt/airflow/dags/ingest_parquet_data_gcs.py for tasks to queue
[2022-01-29 08:49:17,971] {logging_mixin.py:109} INFO - [2022-01-29 08:49:17,971] {dagbag.py:500} INFO - Filling up the DagBag from /opt/airflow/dags/ingest_parquet_data_gcs.py
[2022-01-29 08:49:23,110] {processor.py:654} INFO - DAG(s) dict_keys(['new_data_ingestion_gcs_dag']) retrieved from /opt/airflow/dags/ingest_parquet_data_gcs.py
[2022-01-29 08:49:23,185] {logging_mixin.py:109} INFO - [2022-01-29 08:49:23,183] {dag.py:2396} INFO - Sync 1 DAGs
[2022-01-29 08:49:23,312] {logging_mixin.py:109} INFO - [2022-01-29 08:49:23,312] {dag.py:2935} INFO - Setting next_dagrun for new_data_ingestion_gcs_dag to 2022-01-29T00:00:00+00:00
[2022-01-29 08:49:23,356] {processor.py:171} INFO - Processing /opt/airflow/dags/ingest_parquet_data_gcs.py took 5.405 seconds
[2022-01-29 10:12:27,019] {processor.py:163} INFO - Started process (PID=26854) to work on /opt/airflow/dags/ingest_parquet_data_gcs.py
[2022-01-29 10:12:27,024] {processor.py:642} INFO - Processing file /opt/airflow/dags/ingest_parquet_data_gcs.py for tasks to queue
[2022-01-29 10:12:27,032] {logging_mixin.py:109} INFO - [2022-01-29 10:12:27,031] {dagbag.py:500} INFO - Filling up the DagBag from /opt/airflow/dags/ingest_parquet_data_gcs.py
[2022-01-29 10:12:32,700] {processor.py:654} INFO - DAG(s) dict_keys(['new_data_ingestion_gcs_dag']) retrieved from /opt/airflow/dags/ingest_parquet_data_gcs.py
[2022-01-29 10:12:32,846] {logging_mixin.py:109} INFO - [2022-01-29 10:12:32,845] {dag.py:2396} INFO - Sync 1 DAGs
[2022-01-29 10:12:32,986] {logging_mixin.py:109} INFO - [2022-01-29 10:12:32,985] {dag.py:2935} INFO - Setting next_dagrun for new_data_ingestion_gcs_dag to 2022-01-29T00:00:00+00:00
[2022-01-29 10:12:33,031] {processor.py:171} INFO - Processing /opt/airflow/dags/ingest_parquet_data_gcs.py took 6.028 seconds
[2022-01-29 11:39:07,159] {processor.py:163} INFO - Started process (PID=26897) to work on /opt/airflow/dags/ingest_parquet_data_gcs.py
[2022-01-29 11:39:07,165] {processor.py:642} INFO - Processing file /opt/airflow/dags/ingest_parquet_data_gcs.py for tasks to queue
[2022-01-29 11:39:07,170] {logging_mixin.py:109} INFO - [2022-01-29 11:39:07,169] {dagbag.py:500} INFO - Filling up the DagBag from /opt/airflow/dags/ingest_parquet_data_gcs.py
[2022-01-29 11:39:13,558] {processor.py:654} INFO - DAG(s) dict_keys(['new_data_ingestion_gcs_dag']) retrieved from /opt/airflow/dags/ingest_parquet_data_gcs.py
[2022-01-29 11:39:13,630] {logging_mixin.py:109} INFO - [2022-01-29 11:39:13,629] {dag.py:2396} INFO - Sync 1 DAGs
[2022-01-29 11:39:13,755] {logging_mixin.py:109} INFO - [2022-01-29 11:39:13,755] {dag.py:2935} INFO - Setting next_dagrun for new_data_ingestion_gcs_dag to 2022-01-29T00:00:00+00:00
[2022-01-29 11:39:13,802] {processor.py:171} INFO - Processing /opt/airflow/dags/ingest_parquet_data_gcs.py took 6.663 seconds
[2022-01-29 13:01:37,064] {processor.py:163} INFO - Started process (PID=26924) to work on /opt/airflow/dags/ingest_parquet_data_gcs.py
[2022-01-29 13:01:37,070] {processor.py:642} INFO - Processing file /opt/airflow/dags/ingest_parquet_data_gcs.py for tasks to queue
[2022-01-29 13:01:37,074] {logging_mixin.py:109} INFO - [2022-01-29 13:01:37,074] {dagbag.py:500} INFO - Filling up the DagBag from /opt/airflow/dags/ingest_parquet_data_gcs.py
[2022-01-29 13:01:42,462] {processor.py:654} INFO - DAG(s) dict_keys(['new_data_ingestion_gcs_dag']) retrieved from /opt/airflow/dags/ingest_parquet_data_gcs.py
[2022-01-29 13:01:42,596] {logging_mixin.py:109} INFO - [2022-01-29 13:01:42,595] {dag.py:2396} INFO - Sync 1 DAGs
[2022-01-29 13:01:42,770] {logging_mixin.py:109} INFO - [2022-01-29 13:01:42,769] {dag.py:2935} INFO - Setting next_dagrun for new_data_ingestion_gcs_dag to 2022-01-29T00:00:00+00:00
[2022-01-29 13:01:42,817] {processor.py:171} INFO - Processing /opt/airflow/dags/ingest_parquet_data_gcs.py took 5.774 seconds
[2022-01-29 14:25:10,899] {processor.py:163} INFO - Started process (PID=26969) to work on /opt/airflow/dags/ingest_parquet_data_gcs.py
[2022-01-29 14:25:10,905] {processor.py:642} INFO - Processing file /opt/airflow/dags/ingest_parquet_data_gcs.py for tasks to queue
[2022-01-29 14:25:10,908] {logging_mixin.py:109} INFO - [2022-01-29 14:25:10,908] {dagbag.py:500} INFO - Filling up the DagBag from /opt/airflow/dags/ingest_parquet_data_gcs.py
[2022-01-29 14:25:17,138] {processor.py:654} INFO - DAG(s) dict_keys(['new_data_ingestion_gcs_dag']) retrieved from /opt/airflow/dags/ingest_parquet_data_gcs.py
[2022-01-29 14:25:17,258] {logging_mixin.py:109} INFO - [2022-01-29 14:25:17,256] {dag.py:2396} INFO - Sync 1 DAGs
[2022-01-29 14:25:17,380] {logging_mixin.py:109} INFO - [2022-01-29 14:25:17,380] {dag.py:2935} INFO - Setting next_dagrun for new_data_ingestion_gcs_dag to 2022-01-29T00:00:00+00:00
[2022-01-29 14:25:17,421] {processor.py:171} INFO - Processing /opt/airflow/dags/ingest_parquet_data_gcs.py took 6.537 seconds
[2022-01-29 14:35:02,734] {processor.py:163} INFO - Started process (PID=26993) to work on /opt/airflow/dags/ingest_parquet_data_gcs.py
[2022-01-29 14:35:02,741] {processor.py:642} INFO - Processing file /opt/airflow/dags/ingest_parquet_data_gcs.py for tasks to queue
[2022-01-29 14:35:02,746] {logging_mixin.py:109} INFO - [2022-01-29 14:35:02,745] {dagbag.py:500} INFO - Filling up the DagBag from /opt/airflow/dags/ingest_parquet_data_gcs.py
[2022-01-29 14:35:07,679] {processor.py:654} INFO - DAG(s) dict_keys(['new_data_ingestion_gcs_dag']) retrieved from /opt/airflow/dags/ingest_parquet_data_gcs.py
[2022-01-29 14:35:07,755] {logging_mixin.py:109} INFO - [2022-01-29 14:35:07,754] {dag.py:2396} INFO - Sync 1 DAGs
[2022-01-29 14:35:07,892] {logging_mixin.py:109} INFO - [2022-01-29 14:35:07,891] {dag.py:2935} INFO - Setting next_dagrun for new_data_ingestion_gcs_dag to 2022-01-29T00:00:00+00:00
[2022-01-29 14:35:07,946] {processor.py:171} INFO - Processing /opt/airflow/dags/ingest_parquet_data_gcs.py took 5.221 seconds
[2022-01-29 14:35:38,515] {processor.py:163} INFO - Started process (PID=27033) to work on /opt/airflow/dags/ingest_parquet_data_gcs.py
[2022-01-29 14:35:38,531] {processor.py:642} INFO - Processing file /opt/airflow/dags/ingest_parquet_data_gcs.py for tasks to queue
[2022-01-29 14:35:38,538] {logging_mixin.py:109} INFO - [2022-01-29 14:35:38,537] {dagbag.py:500} INFO - Filling up the DagBag from /opt/airflow/dags/ingest_parquet_data_gcs.py
[2022-01-29 14:35:42,671] {processor.py:654} INFO - DAG(s) dict_keys(['new_data_ingestion_gcs_dag']) retrieved from /opt/airflow/dags/ingest_parquet_data_gcs.py
[2022-01-29 14:35:42,715] {logging_mixin.py:109} INFO - [2022-01-29 14:35:42,714] {dag.py:2396} INFO - Sync 1 DAGs
[2022-01-29 14:35:42,796] {logging_mixin.py:109} INFO - [2022-01-29 14:35:42,796] {dag.py:2935} INFO - Setting next_dagrun for new_data_ingestion_gcs_dag to 2022-01-29T00:00:00+00:00
[2022-01-29 14:35:42,825] {processor.py:171} INFO - Processing /opt/airflow/dags/ingest_parquet_data_gcs.py took 4.349 seconds
[2022-01-29 14:36:13,053] {processor.py:163} INFO - Started process (PID=27077) to work on /opt/airflow/dags/ingest_parquet_data_gcs.py
[2022-01-29 14:36:13,058] {processor.py:642} INFO - Processing file /opt/airflow/dags/ingest_parquet_data_gcs.py for tasks to queue
[2022-01-29 14:36:13,061] {logging_mixin.py:109} INFO - [2022-01-29 14:36:13,061] {dagbag.py:500} INFO - Filling up the DagBag from /opt/airflow/dags/ingest_parquet_data_gcs.py
