[2022-02-10 17:37:49,387] {taskinstance.py:1032} INFO - Dependencies all met for <TaskInstance: green_taxi_download_ingest_2_gcs_dag.bigquery_external_table_green scheduled__2020-03-02T06:00:00+00:00 [queued]>
[2022-02-10 17:37:49,435] {taskinstance.py:1032} INFO - Dependencies all met for <TaskInstance: green_taxi_download_ingest_2_gcs_dag.bigquery_external_table_green scheduled__2020-03-02T06:00:00+00:00 [queued]>
[2022-02-10 17:37:49,437] {taskinstance.py:1238} INFO - 
--------------------------------------------------------------------------------
[2022-02-10 17:37:49,438] {taskinstance.py:1239} INFO - Starting attempt 1 of 1
[2022-02-10 17:37:49,440] {taskinstance.py:1240} INFO - 
--------------------------------------------------------------------------------
[2022-02-10 17:37:49,489] {taskinstance.py:1259} INFO - Executing <Task(BigQueryCreateExternalTableOperator): bigquery_external_table_green> on 2020-03-02 06:00:00+00:00
[2022-02-10 17:37:49,499] {standard_task_runner.py:52} INFO - Started process 1584 to run task
[2022-02-10 17:37:49,508] {standard_task_runner.py:76} INFO - Running: ['***', 'tasks', 'run', 'green_taxi_download_ingest_2_gcs_dag', 'bigquery_external_table_green', 'scheduled__2020-03-02T06:00:00+00:00', '--job-id', '649', '--raw', '--subdir', 'DAGS_FOLDER/greentaxi_download_2_gcs.py', '--cfg-path', '/tmp/tmpbw61e5bq', '--error-file', '/tmp/tmpwmd8bnfl']
[2022-02-10 17:37:49,511] {standard_task_runner.py:77} INFO - Job 649: Subtask bigquery_external_table_green
[2022-02-10 17:37:49,682] {logging_mixin.py:109} INFO - Running <TaskInstance: green_taxi_download_ingest_2_gcs_dag.bigquery_external_table_green scheduled__2020-03-02T06:00:00+00:00 [running]> on host 2107cbac5c9b
[2022-02-10 17:37:49,861] {warnings.py:110} WARNING - /home/***/.local/lib/python3.7/site-packages/***/utils/context.py:152: AirflowContextDeprecationWarning: Accessing 'execution_date' from the template is deprecated and will be removed in a future version. Please use 'data_interval_start' or 'logical_date' instead.
  warnings.warn(_create_deprecation_warning(key, self._deprecation_replacements[key]))

[2022-02-10 17:37:49,926] {taskinstance.py:1426} INFO - Exporting the following env vars:
AIRFLOW_CTX_DAG_OWNER=***
AIRFLOW_CTX_DAG_ID=green_taxi_download_ingest_2_gcs_dag
AIRFLOW_CTX_TASK_ID=bigquery_external_table_green
AIRFLOW_CTX_EXECUTION_DATE=2020-03-02T06:00:00+00:00
AIRFLOW_CTX_DAG_RUN_ID=scheduled__2020-03-02T06:00:00+00:00
[2022-02-10 17:37:49,931] {crypto.py:82} WARNING - empty cryptography key - values will not be stored encrypted.
[2022-02-10 17:37:51,238] {taskinstance.py:1277} INFO - Marking task as SUCCESS. dag_id=green_taxi_download_ingest_2_gcs_dag, task_id=bigquery_external_table_green, execution_date=20200302T060000, start_date=20220210T173749, end_date=20220210T173751
[2022-02-10 17:37:51,301] {local_task_job.py:154} INFO - Task exited with return code 0
[2022-02-10 17:37:51,391] {local_task_job.py:264} INFO - 0 downstream tasks scheduled from follow-on schedule check
