[2022-02-02 14:42:01,158] {taskinstance.py:1032} INFO - Dependencies all met for <TaskInstance: download_ingest_2_gcs_dag.format_2_parquet_task scheduled__2020-01-02T06:00:00+00:00 [queued]>
[2022-02-02 14:42:01,797] {taskinstance.py:1032} INFO - Dependencies all met for <TaskInstance: download_ingest_2_gcs_dag.format_2_parquet_task scheduled__2020-01-02T06:00:00+00:00 [queued]>
[2022-02-02 14:42:01,824] {taskinstance.py:1238} INFO - 
--------------------------------------------------------------------------------
[2022-02-02 14:42:01,831] {taskinstance.py:1239} INFO - Starting attempt 1 of 1
[2022-02-02 14:42:01,833] {taskinstance.py:1240} INFO - 
--------------------------------------------------------------------------------
[2022-02-02 14:42:02,189] {taskinstance.py:1259} INFO - Executing <Task(PythonOperator): format_2_parquet_task> on 2020-01-02 06:00:00+00:00
[2022-02-02 14:42:02,305] {standard_task_runner.py:52} INFO - Started process 31143 to run task
[2022-02-02 14:42:02,482] {standard_task_runner.py:76} INFO - Running: ['***', 'tasks', 'run', 'download_ingest_2_gcs_dag', 'format_2_parquet_task', 'scheduled__2020-01-02T06:00:00+00:00', '--job-id', '349', '--raw', '--subdir', 'DAGS_FOLDER/download_ingest_2_gsc_assgnment.py', '--cfg-path', '/tmp/tmpj505xxme', '--error-file', '/tmp/tmpa3762wjm']
[2022-02-02 14:42:02,500] {standard_task_runner.py:77} INFO - Job 349: Subtask format_2_parquet_task
[2022-02-02 14:42:05,309] {logging_mixin.py:109} INFO - Running <TaskInstance: download_ingest_2_gcs_dag.format_2_parquet_task scheduled__2020-01-02T06:00:00+00:00 [running]> on host 3082aca3aebc
[2022-02-02 14:42:06,966] {warnings.py:110} WARNING - /home/***/.local/lib/python3.7/site-packages/***/utils/context.py:152: AirflowContextDeprecationWarning: Accessing 'execution_date' from the template is deprecated and will be removed in a future version. Please use 'data_interval_start' or 'logical_date' instead.
  warnings.warn(_create_deprecation_warning(key, self._deprecation_replacements[key]))

[2022-02-02 14:42:07,335] {taskinstance.py:1426} INFO - Exporting the following env vars:
AIRFLOW_CTX_DAG_OWNER=***
AIRFLOW_CTX_DAG_ID=download_ingest_2_gcs_dag
AIRFLOW_CTX_TASK_ID=format_2_parquet_task
AIRFLOW_CTX_EXECUTION_DATE=2020-01-02T06:00:00+00:00
AIRFLOW_CTX_DAG_RUN_ID=scheduled__2020-01-02T06:00:00+00:00
[2022-02-02 14:43:23,121] {python.py:175} INFO - Done. Returned value was: None
[2022-02-02 14:43:23,204] {taskinstance.py:1277} INFO - Marking task as SUCCESS. dag_id=download_ingest_2_gcs_dag, task_id=format_2_parquet_task, execution_date=20200102T060000, start_date=20220202T144201, end_date=20220202T144323
[2022-02-02 14:43:27,136] {local_task_job.py:154} INFO - Task exited with return code 0
[2022-02-02 14:43:27,515] {local_task_job.py:264} INFO - 0 downstream tasks scheduled from follow-on schedule check
