[2022-02-02 23:19:26,385] {taskinstance.py:1032} INFO - Dependencies all met for <TaskInstance: zone_ingest_2_gcs_dag.format_csv_2_parquet_task_zone manual__2022-02-02T23:19:10.194243+00:00 [queued]>
[2022-02-02 23:19:26,440] {taskinstance.py:1032} INFO - Dependencies all met for <TaskInstance: zone_ingest_2_gcs_dag.format_csv_2_parquet_task_zone manual__2022-02-02T23:19:10.194243+00:00 [queued]>
[2022-02-02 23:19:26,442] {taskinstance.py:1238} INFO - 
--------------------------------------------------------------------------------
[2022-02-02 23:19:26,444] {taskinstance.py:1239} INFO - Starting attempt 1 of 1
[2022-02-02 23:19:26,446] {taskinstance.py:1240} INFO - 
--------------------------------------------------------------------------------
[2022-02-02 23:19:26,501] {taskinstance.py:1259} INFO - Executing <Task(PythonOperator): format_csv_2_parquet_task_zone> on 2022-02-02 23:19:10.194243+00:00
[2022-02-02 23:19:26,515] {standard_task_runner.py:52} INFO - Started process 7049 to run task
[2022-02-02 23:19:26,527] {standard_task_runner.py:76} INFO - Running: ['***', 'tasks', 'run', 'zone_ingest_2_gcs_dag', 'format_csv_2_parquet_task_zone', 'manual__2022-02-02T23:19:10.194243+00:00', '--job-id', '515', '--raw', '--subdir', 'DAGS_FOLDER/zone_download_ingest_gcs.py', '--cfg-path', '/tmp/tmpwl2wvqpd', '--error-file', '/tmp/tmp44bzsk9q']
[2022-02-02 23:19:26,531] {standard_task_runner.py:77} INFO - Job 515: Subtask format_csv_2_parquet_task_zone
[2022-02-02 23:19:26,729] {logging_mixin.py:109} INFO - Running <TaskInstance: zone_ingest_2_gcs_dag.format_csv_2_parquet_task_zone manual__2022-02-02T23:19:10.194243+00:00 [running]> on host ee5c3eebd1b1
[2022-02-02 23:19:26,927] {taskinstance.py:1426} INFO - Exporting the following env vars:
AIRFLOW_CTX_DAG_OWNER=***
AIRFLOW_CTX_DAG_ID=zone_ingest_2_gcs_dag
AIRFLOW_CTX_TASK_ID=format_csv_2_parquet_task_zone
AIRFLOW_CTX_EXECUTION_DATE=2022-02-02T23:19:10.194243+00:00
AIRFLOW_CTX_DAG_RUN_ID=manual__2022-02-02T23:19:10.194243+00:00
[2022-02-02 23:19:27,404] {python.py:175} INFO - Done. Returned value was: None
[2022-02-02 23:19:27,453] {taskinstance.py:1277} INFO - Marking task as SUCCESS. dag_id=zone_ingest_2_gcs_dag, task_id=format_csv_2_parquet_task_zone, execution_date=20220202T231910, start_date=20220202T231926, end_date=20220202T231927
[2022-02-02 23:19:27,545] {local_task_job.py:154} INFO - Task exited with return code 0
[2022-02-02 23:19:27,678] {local_task_job.py:264} INFO - 1 downstream tasks scheduled from follow-on schedule check
