[2022-02-10 17:39:37,313] {taskinstance.py:1032} INFO - Dependencies all met for <TaskInstance: green_taxi_download_ingest_2_gcs_dag.local_to_gcs_green scheduled__2020-10-02T06:00:00+00:00 [queued]>
[2022-02-10 17:39:37,424] {taskinstance.py:1032} INFO - Dependencies all met for <TaskInstance: green_taxi_download_ingest_2_gcs_dag.local_to_gcs_green scheduled__2020-10-02T06:00:00+00:00 [queued]>
[2022-02-10 17:39:37,441] {taskinstance.py:1238} INFO - 
--------------------------------------------------------------------------------
[2022-02-10 17:39:37,444] {taskinstance.py:1239} INFO - Starting attempt 1 of 1
[2022-02-10 17:39:37,446] {taskinstance.py:1240} INFO - 
--------------------------------------------------------------------------------
[2022-02-10 17:39:37,569] {taskinstance.py:1259} INFO - Executing <Task(PythonOperator): local_to_gcs_green> on 2020-10-02 06:00:00+00:00
[2022-02-10 17:39:37,579] {standard_task_runner.py:52} INFO - Started process 1931 to run task
[2022-02-10 17:39:37,596] {standard_task_runner.py:76} INFO - Running: ['***', 'tasks', 'run', 'green_taxi_download_ingest_2_gcs_dag', 'local_to_gcs_green', 'scheduled__2020-10-02T06:00:00+00:00', '--job-id', '679', '--raw', '--subdir', 'DAGS_FOLDER/greentaxi_download_2_gcs.py', '--cfg-path', '/tmp/tmpxyzfe4xs', '--error-file', '/tmp/tmpks_di_v2']
[2022-02-10 17:39:37,600] {standard_task_runner.py:77} INFO - Job 679: Subtask local_to_gcs_green
[2022-02-10 17:39:37,904] {logging_mixin.py:109} INFO - Running <TaskInstance: green_taxi_download_ingest_2_gcs_dag.local_to_gcs_green scheduled__2020-10-02T06:00:00+00:00 [running]> on host 2107cbac5c9b
[2022-02-10 17:39:38,347] {warnings.py:110} WARNING - /home/***/.local/lib/python3.7/site-packages/***/utils/context.py:152: AirflowContextDeprecationWarning: Accessing 'execution_date' from the template is deprecated and will be removed in a future version. Please use 'data_interval_start' or 'logical_date' instead.
  warnings.warn(_create_deprecation_warning(key, self._deprecation_replacements[key]))

[2022-02-10 17:39:38,454] {taskinstance.py:1426} INFO - Exporting the following env vars:
AIRFLOW_CTX_DAG_OWNER=***
AIRFLOW_CTX_DAG_ID=green_taxi_download_ingest_2_gcs_dag
AIRFLOW_CTX_TASK_ID=local_to_gcs_green
AIRFLOW_CTX_EXECUTION_DATE=2020-10-02T06:00:00+00:00
AIRFLOW_CTX_DAG_RUN_ID=scheduled__2020-10-02T06:00:00+00:00
[2022-02-10 17:39:39,953] {python.py:175} INFO - Done. Returned value was: None
[2022-02-10 17:39:40,198] {taskinstance.py:1277} INFO - Marking task as SUCCESS. dag_id=green_taxi_download_ingest_2_gcs_dag, task_id=local_to_gcs_green, execution_date=20201002T060000, start_date=20220210T173937, end_date=20220210T173940
[2022-02-10 17:39:40,364] {local_task_job.py:154} INFO - Task exited with return code 0
[2022-02-10 17:39:40,543] {local_task_job.py:264} INFO - 1 downstream tasks scheduled from follow-on schedule check
