[2022-02-10 17:35:41,459] {taskinstance.py:1032} INFO - Dependencies all met for <TaskInstance: green_taxi_download_ingest_2_gcs_dag.local_to_gcs_green scheduled__2019-07-02T06:00:00+00:00 [queued]>
[2022-02-10 17:35:41,567] {taskinstance.py:1032} INFO - Dependencies all met for <TaskInstance: green_taxi_download_ingest_2_gcs_dag.local_to_gcs_green scheduled__2019-07-02T06:00:00+00:00 [queued]>
[2022-02-10 17:35:41,571] {taskinstance.py:1238} INFO - 
--------------------------------------------------------------------------------
[2022-02-10 17:35:41,574] {taskinstance.py:1239} INFO - Starting attempt 1 of 1
[2022-02-10 17:35:41,575] {taskinstance.py:1240} INFO - 
--------------------------------------------------------------------------------
[2022-02-10 17:35:41,681] {taskinstance.py:1259} INFO - Executing <Task(PythonOperator): local_to_gcs_green> on 2019-07-02 06:00:00+00:00
[2022-02-10 17:35:41,691] {standard_task_runner.py:52} INFO - Started process 1213 to run task
[2022-02-10 17:35:41,720] {standard_task_runner.py:76} INFO - Running: ['***', 'tasks', 'run', 'green_taxi_download_ingest_2_gcs_dag', 'local_to_gcs_green', 'scheduled__2019-07-02T06:00:00+00:00', '--job-id', '615', '--raw', '--subdir', 'DAGS_FOLDER/greentaxi_download_2_gcs.py', '--cfg-path', '/tmp/tmp83_lflje', '--error-file', '/tmp/tmpgoz38qaj']
[2022-02-10 17:35:41,724] {standard_task_runner.py:77} INFO - Job 615: Subtask local_to_gcs_green
[2022-02-10 17:35:42,120] {logging_mixin.py:109} INFO - Running <TaskInstance: green_taxi_download_ingest_2_gcs_dag.local_to_gcs_green scheduled__2019-07-02T06:00:00+00:00 [running]> on host 2107cbac5c9b
[2022-02-10 17:35:42,451] {warnings.py:110} WARNING - /home/***/.local/lib/python3.7/site-packages/***/utils/context.py:152: AirflowContextDeprecationWarning: Accessing 'execution_date' from the template is deprecated and will be removed in a future version. Please use 'data_interval_start' or 'logical_date' instead.
  warnings.warn(_create_deprecation_warning(key, self._deprecation_replacements[key]))

[2022-02-10 17:35:42,544] {taskinstance.py:1426} INFO - Exporting the following env vars:
AIRFLOW_CTX_DAG_OWNER=***
AIRFLOW_CTX_DAG_ID=green_taxi_download_ingest_2_gcs_dag
AIRFLOW_CTX_TASK_ID=local_to_gcs_green
AIRFLOW_CTX_EXECUTION_DATE=2019-07-02T06:00:00+00:00
AIRFLOW_CTX_DAG_RUN_ID=scheduled__2019-07-02T06:00:00+00:00
[2022-02-10 17:35:45,205] {python.py:175} INFO - Done. Returned value was: None
[2022-02-10 17:35:45,349] {taskinstance.py:1277} INFO - Marking task as SUCCESS. dag_id=green_taxi_download_ingest_2_gcs_dag, task_id=local_to_gcs_green, execution_date=20190702T060000, start_date=20220210T173541, end_date=20220210T173545
[2022-02-10 17:35:45,449] {local_task_job.py:154} INFO - Task exited with return code 0
[2022-02-10 17:35:45,559] {local_task_job.py:264} INFO - 1 downstream tasks scheduled from follow-on schedule check
