[2022-02-15 22:56:03,595] {taskinstance.py:1032} INFO - Dependencies all met for <TaskInstance: green_taxi_download_csv.green_csv_file_url scheduled__2020-11-02T06:00:00+00:00 [queued]>
[2022-02-15 22:56:03,643] {taskinstance.py:1032} INFO - Dependencies all met for <TaskInstance: green_taxi_download_csv.green_csv_file_url scheduled__2020-11-02T06:00:00+00:00 [queued]>
[2022-02-15 22:56:03,645] {taskinstance.py:1238} INFO - 
--------------------------------------------------------------------------------
[2022-02-15 22:56:03,647] {taskinstance.py:1239} INFO - Starting attempt 1 of 1
[2022-02-15 22:56:03,648] {taskinstance.py:1240} INFO - 
--------------------------------------------------------------------------------
[2022-02-15 22:56:03,700] {taskinstance.py:1259} INFO - Executing <Task(BashOperator): green_csv_file_url> on 2020-11-02 06:00:00+00:00
[2022-02-15 22:56:03,711] {standard_task_runner.py:52} INFO - Started process 6288 to run task
[2022-02-15 22:56:03,722] {standard_task_runner.py:76} INFO - Running: ['***', 'tasks', 'run', 'green_taxi_download_csv', 'green_csv_file_url', 'scheduled__2020-11-02T06:00:00+00:00', '--job-id', '819', '--raw', '--subdir', 'DAGS_FOLDER/download_upload_greentaxi_csv.py', '--cfg-path', '/tmp/tmpwwxg9cbo', '--error-file', '/tmp/tmpb2figjeu']
[2022-02-15 22:56:03,727] {standard_task_runner.py:77} INFO - Job 819: Subtask green_csv_file_url
[2022-02-15 22:56:03,968] {logging_mixin.py:109} INFO - Running <TaskInstance: green_taxi_download_csv.green_csv_file_url scheduled__2020-11-02T06:00:00+00:00 [running]> on host 29988b24dbed
[2022-02-15 22:56:04,182] {warnings.py:110} WARNING - /home/***/.local/lib/python3.7/site-packages/***/utils/context.py:152: AirflowContextDeprecationWarning: Accessing 'execution_date' from the template is deprecated and will be removed in a future version. Please use 'data_interval_start' or 'logical_date' instead.
  warnings.warn(_create_deprecation_warning(key, self._deprecation_replacements[key]))

[2022-02-15 22:56:04,258] {taskinstance.py:1426} INFO - Exporting the following env vars:
AIRFLOW_CTX_DAG_OWNER=***
AIRFLOW_CTX_DAG_ID=green_taxi_download_csv
AIRFLOW_CTX_TASK_ID=green_csv_file_url
AIRFLOW_CTX_EXECUTION_DATE=2020-11-02T06:00:00+00:00
AIRFLOW_CTX_DAG_RUN_ID=scheduled__2020-11-02T06:00:00+00:00
[2022-02-15 22:56:04,264] {subprocess.py:62} INFO - Tmp dir root location: 
 /tmp
[2022-02-15 22:56:04,267] {subprocess.py:74} INFO - Running command: ['bash', '-c', 'curl -sSL https://s3.amazonaws.com/nyc-tlc/trip+data/green_tripdata_2020-11.csv > /opt/***/output_2020-11.csv']
[2022-02-15 22:56:04,295] {subprocess.py:85} INFO - Output:
[2022-02-15 22:56:05,894] {subprocess.py:93} INFO - Command exited with return code 0
[2022-02-15 22:56:06,025] {taskinstance.py:1277} INFO - Marking task as SUCCESS. dag_id=green_taxi_download_csv, task_id=green_csv_file_url, execution_date=20201102T060000, start_date=20220215T225603, end_date=20220215T225606
[2022-02-15 22:56:06,166] {local_task_job.py:154} INFO - Task exited with return code 0
[2022-02-15 22:56:06,508] {local_task_job.py:264} INFO - 1 downstream tasks scheduled from follow-on schedule check
