[2022-02-15 21:28:29,403] {taskinstance.py:1032} INFO - Dependencies all met for <TaskInstance: yellow_taxi_download_csv.download_csv_file_url scheduled__2019-02-02T06:00:00+00:00 [queued]>
[2022-02-15 21:28:29,482] {taskinstance.py:1032} INFO - Dependencies all met for <TaskInstance: yellow_taxi_download_csv.download_csv_file_url scheduled__2019-02-02T06:00:00+00:00 [queued]>
[2022-02-15 21:28:29,485] {taskinstance.py:1238} INFO - 
--------------------------------------------------------------------------------
[2022-02-15 21:28:29,487] {taskinstance.py:1239} INFO - Starting attempt 2 of 2
[2022-02-15 21:28:29,489] {taskinstance.py:1240} INFO - 
--------------------------------------------------------------------------------
[2022-02-15 21:28:29,566] {taskinstance.py:1259} INFO - Executing <Task(BashOperator): download_csv_file_url> on 2019-02-02 06:00:00+00:00
[2022-02-15 21:28:29,610] {standard_task_runner.py:52} INFO - Started process 1130 to run task
[2022-02-15 21:28:29,629] {standard_task_runner.py:76} INFO - Running: ['***', 'tasks', 'run', 'yellow_taxi_download_csv', 'download_csv_file_url', 'scheduled__2019-02-02T06:00:00+00:00', '--job-id', '693', '--raw', '--subdir', 'DAGS_FOLDER/download_upload_yellowtaxi_csv.py', '--cfg-path', '/tmp/tmpc7pddzq1', '--error-file', '/tmp/tmpimeor4qe']
[2022-02-15 21:28:29,634] {standard_task_runner.py:77} INFO - Job 693: Subtask download_csv_file_url
[2022-02-15 21:28:29,987] {logging_mixin.py:109} INFO - Running <TaskInstance: yellow_taxi_download_csv.download_csv_file_url scheduled__2019-02-02T06:00:00+00:00 [running]> on host 29988b24dbed
[2022-02-15 21:28:30,228] {warnings.py:110} WARNING - /home/***/.local/lib/python3.7/site-packages/***/utils/context.py:152: AirflowContextDeprecationWarning: Accessing 'execution_date' from the template is deprecated and will be removed in a future version. Please use 'data_interval_start' or 'logical_date' instead.
  warnings.warn(_create_deprecation_warning(key, self._deprecation_replacements[key]))

[2022-02-15 21:28:30,327] {taskinstance.py:1426} INFO - Exporting the following env vars:
AIRFLOW_CTX_DAG_OWNER=***
AIRFLOW_CTX_DAG_ID=yellow_taxi_download_csv
AIRFLOW_CTX_TASK_ID=download_csv_file_url
AIRFLOW_CTX_EXECUTION_DATE=2019-02-02T06:00:00+00:00
AIRFLOW_CTX_DAG_RUN_ID=scheduled__2019-02-02T06:00:00+00:00
[2022-02-15 21:28:30,338] {subprocess.py:62} INFO - Tmp dir root location: 
 /tmp
[2022-02-15 21:28:30,353] {subprocess.py:74} INFO - Running command: ['bash', '-c', 'curl -sSL https://s3.amazonaws.com/nyc-tlc/trip+data/yellow_tripdata_2019-02.csv > /opt/***/output_2019-02.csv']
[2022-02-15 21:28:30,418] {subprocess.py:85} INFO - Output:
[2022-02-15 21:29:06,525] {subprocess.py:93} INFO - Command exited with return code 0
[2022-02-15 21:29:07,646] {taskinstance.py:1277} INFO - Marking task as SUCCESS. dag_id=yellow_taxi_download_csv, task_id=download_csv_file_url, execution_date=20190202T060000, start_date=20220215T212829, end_date=20220215T212907
[2022-02-15 21:29:07,959] {local_task_job.py:154} INFO - Task exited with return code 0
[2022-02-15 21:29:08,311] {local_task_job.py:264} INFO - 1 downstream tasks scheduled from follow-on schedule check
