[2022-02-02 21:55:16,814] {taskinstance.py:1032} INFO - Dependencies all met for <TaskInstance: fhv_ingest_2_gcs_dag.format_csv_2_parquet_task scheduled__2019-11-02T06:00:00+00:00 [queued]>
[2022-02-02 21:55:16,881] {taskinstance.py:1032} INFO - Dependencies all met for <TaskInstance: fhv_ingest_2_gcs_dag.format_csv_2_parquet_task scheduled__2019-11-02T06:00:00+00:00 [queued]>
[2022-02-02 21:55:16,886] {taskinstance.py:1238} INFO - 
--------------------------------------------------------------------------------
[2022-02-02 21:55:16,888] {taskinstance.py:1239} INFO - Starting attempt 1 of 1
[2022-02-02 21:55:16,890] {taskinstance.py:1240} INFO - 
--------------------------------------------------------------------------------
[2022-02-02 21:55:16,976] {taskinstance.py:1259} INFO - Executing <Task(PythonOperator): format_csv_2_parquet_task> on 2019-11-02 06:00:00+00:00
[2022-02-02 21:55:16,995] {standard_task_runner.py:52} INFO - Started process 2174 to run task
[2022-02-02 21:55:17,020] {standard_task_runner.py:76} INFO - Running: ['***', 'tasks', 'run', 'fhv_ingest_2_gcs_dag', 'format_csv_2_parquet_task', 'scheduled__2019-11-02T06:00:00+00:00', '--job-id', '469', '--raw', '--subdir', 'DAGS_FOLDER/fhv_download_ingest_gcs.py', '--cfg-path', '/tmp/tmp9jt1o2y2', '--error-file', '/tmp/tmpc58e3w52']
[2022-02-02 21:55:17,032] {standard_task_runner.py:77} INFO - Job 469: Subtask format_csv_2_parquet_task
[2022-02-02 21:55:17,313] {logging_mixin.py:109} INFO - Running <TaskInstance: fhv_ingest_2_gcs_dag.format_csv_2_parquet_task scheduled__2019-11-02T06:00:00+00:00 [running]> on host ee5c3eebd1b1
[2022-02-02 21:55:17,677] {warnings.py:110} WARNING - /home/***/.local/lib/python3.7/site-packages/***/utils/context.py:152: AirflowContextDeprecationWarning: Accessing 'execution_date' from the template is deprecated and will be removed in a future version. Please use 'data_interval_start' or 'logical_date' instead.
  warnings.warn(_create_deprecation_warning(key, self._deprecation_replacements[key]))

[2022-02-02 21:55:17,767] {taskinstance.py:1426} INFO - Exporting the following env vars:
AIRFLOW_CTX_DAG_OWNER=***
AIRFLOW_CTX_DAG_ID=fhv_ingest_2_gcs_dag
AIRFLOW_CTX_TASK_ID=format_csv_2_parquet_task
AIRFLOW_CTX_EXECUTION_DATE=2019-11-02T06:00:00+00:00
AIRFLOW_CTX_DAG_RUN_ID=scheduled__2019-11-02T06:00:00+00:00
[2022-02-02 21:55:20,444] {python.py:175} INFO - Done. Returned value was: None
[2022-02-02 21:55:20,488] {taskinstance.py:1277} INFO - Marking task as SUCCESS. dag_id=fhv_ingest_2_gcs_dag, task_id=format_csv_2_parquet_task, execution_date=20191102T060000, start_date=20220202T215516, end_date=20220202T215520
[2022-02-02 21:55:20,622] {local_task_job.py:154} INFO - Task exited with return code 0
[2022-02-02 21:55:20,752] {local_task_job.py:264} INFO - 1 downstream tasks scheduled from follow-on schedule check
