[2022-02-15 22:55:18,744] {taskinstance.py:1032} INFO - Dependencies all met for <TaskInstance: green_taxi_download_csv.green_csv_to_gcs_job scheduled__2020-04-02T06:00:00+00:00 [queued]>
[2022-02-15 22:55:18,797] {taskinstance.py:1032} INFO - Dependencies all met for <TaskInstance: green_taxi_download_csv.green_csv_to_gcs_job scheduled__2020-04-02T06:00:00+00:00 [queued]>
[2022-02-15 22:55:18,799] {taskinstance.py:1238} INFO - 
--------------------------------------------------------------------------------
[2022-02-15 22:55:18,801] {taskinstance.py:1239} INFO - Starting attempt 1 of 1
[2022-02-15 22:55:18,802] {taskinstance.py:1240} INFO - 
--------------------------------------------------------------------------------
[2022-02-15 22:55:18,859] {taskinstance.py:1259} INFO - Executing <Task(PythonOperator): green_csv_to_gcs_job> on 2020-04-02 06:00:00+00:00
[2022-02-15 22:55:18,869] {standard_task_runner.py:52} INFO - Started process 6179 to run task
[2022-02-15 22:55:18,887] {standard_task_runner.py:76} INFO - Running: ['***', 'tasks', 'run', 'green_taxi_download_csv', 'green_csv_to_gcs_job', 'scheduled__2020-04-02T06:00:00+00:00', '--job-id', '809', '--raw', '--subdir', 'DAGS_FOLDER/download_upload_greentaxi_csv.py', '--cfg-path', '/tmp/tmpogechavh', '--error-file', '/tmp/tmpyyg6g6eh']
[2022-02-15 22:55:18,892] {standard_task_runner.py:77} INFO - Job 809: Subtask green_csv_to_gcs_job
[2022-02-15 22:55:19,110] {logging_mixin.py:109} INFO - Running <TaskInstance: green_taxi_download_csv.green_csv_to_gcs_job scheduled__2020-04-02T06:00:00+00:00 [running]> on host 29988b24dbed
[2022-02-15 22:55:19,306] {warnings.py:110} WARNING - /home/***/.local/lib/python3.7/site-packages/***/utils/context.py:152: AirflowContextDeprecationWarning: Accessing 'execution_date' from the template is deprecated and will be removed in a future version. Please use 'data_interval_start' or 'logical_date' instead.
  warnings.warn(_create_deprecation_warning(key, self._deprecation_replacements[key]))

[2022-02-15 22:55:19,380] {taskinstance.py:1426} INFO - Exporting the following env vars:
AIRFLOW_CTX_DAG_OWNER=***
AIRFLOW_CTX_DAG_ID=green_taxi_download_csv
AIRFLOW_CTX_TASK_ID=green_csv_to_gcs_job
AIRFLOW_CTX_EXECUTION_DATE=2020-04-02T06:00:00+00:00
AIRFLOW_CTX_DAG_RUN_ID=scheduled__2020-04-02T06:00:00+00:00
[2022-02-15 22:55:21,143] {python.py:175} INFO - Done. Returned value was: None
[2022-02-15 22:55:21,253] {taskinstance.py:1277} INFO - Marking task as SUCCESS. dag_id=green_taxi_download_csv, task_id=green_csv_to_gcs_job, execution_date=20200402T060000, start_date=20220215T225518, end_date=20220215T225521
[2022-02-15 22:55:21,323] {local_task_job.py:154} INFO - Task exited with return code 0
[2022-02-15 22:55:21,419] {local_task_job.py:264} INFO - 0 downstream tasks scheduled from follow-on schedule check
