[2022-02-15 21:43:26,050] {taskinstance.py:1032} INFO - Dependencies all met for <TaskInstance: yellow_taxi_download_csv.csv_to_gcs_job scheduled__2019-10-02T06:00:00+00:00 [queued]>
[2022-02-15 21:43:26,317] {taskinstance.py:1032} INFO - Dependencies all met for <TaskInstance: yellow_taxi_download_csv.csv_to_gcs_job scheduled__2019-10-02T06:00:00+00:00 [queued]>
[2022-02-15 21:43:26,321] {taskinstance.py:1238} INFO - 
--------------------------------------------------------------------------------
[2022-02-15 21:43:26,324] {taskinstance.py:1239} INFO - Starting attempt 1 of 1
[2022-02-15 21:43:26,326] {taskinstance.py:1240} INFO - 
--------------------------------------------------------------------------------
[2022-02-15 21:43:26,628] {taskinstance.py:1259} INFO - Executing <Task(PythonOperator): csv_to_gcs_job> on 2019-10-02 06:00:00+00:00
[2022-02-15 21:43:26,711] {standard_task_runner.py:52} INFO - Started process 1957 to run task
[2022-02-15 21:43:26,828] {standard_task_runner.py:76} INFO - Running: ['***', 'tasks', 'run', 'yellow_taxi_download_csv', 'csv_to_gcs_job', 'scheduled__2019-10-02T06:00:00+00:00', '--job-id', '710', '--raw', '--subdir', 'DAGS_FOLDER/download_upload_yellowtaxi_csv.py', '--cfg-path', '/tmp/tmp2mw7h_wf', '--error-file', '/tmp/tmpaipv8yvv']
[2022-02-15 21:43:26,871] {standard_task_runner.py:77} INFO - Job 710: Subtask csv_to_gcs_job
[2022-02-15 21:43:27,666] {logging_mixin.py:109} INFO - Running <TaskInstance: yellow_taxi_download_csv.csv_to_gcs_job scheduled__2019-10-02T06:00:00+00:00 [running]> on host 29988b24dbed
[2022-02-15 21:43:28,263] {warnings.py:110} WARNING - /home/***/.local/lib/python3.7/site-packages/***/utils/context.py:152: AirflowContextDeprecationWarning: Accessing 'execution_date' from the template is deprecated and will be removed in a future version. Please use 'data_interval_start' or 'logical_date' instead.
  warnings.warn(_create_deprecation_warning(key, self._deprecation_replacements[key]))

[2022-02-15 21:43:28,420] {taskinstance.py:1426} INFO - Exporting the following env vars:
AIRFLOW_CTX_DAG_OWNER=***
AIRFLOW_CTX_DAG_ID=yellow_taxi_download_csv
AIRFLOW_CTX_TASK_ID=csv_to_gcs_job
AIRFLOW_CTX_EXECUTION_DATE=2019-10-02T06:00:00+00:00
AIRFLOW_CTX_DAG_RUN_ID=scheduled__2019-10-02T06:00:00+00:00
[2022-02-15 21:49:38,294] {local_task_job.py:212} WARNING - State of this instance has been externally set to failed. Terminating instance.
[2022-02-15 21:49:38,354] {process_utils.py:124} INFO - Sending Signals.SIGTERM to group 1957. PIDs of all processes in the group: [1957]
[2022-02-15 21:49:38,362] {process_utils.py:75} INFO - Sending the signal Signals.SIGTERM to group 1957
[2022-02-15 21:49:38,393] {taskinstance.py:1408} ERROR - Received SIGTERM. Terminating subprocesses.
[2022-02-15 21:49:39,230] {process_utils.py:70} INFO - Process psutil.Process(pid=1957, status='terminated', exitcode=0, started='21:43:25') (1957) terminated with exit code 0
