[2022-02-02 23:19:34,057] {taskinstance.py:1032} INFO - Dependencies all met for <TaskInstance: zone_ingest_2_gcs_dag.upload_to_gcs_job_zone scheduled__2022-01-02T06:00:00+00:00 [queued]>
[2022-02-02 23:19:34,173] {taskinstance.py:1032} INFO - Dependencies all met for <TaskInstance: zone_ingest_2_gcs_dag.upload_to_gcs_job_zone scheduled__2022-01-02T06:00:00+00:00 [queued]>
[2022-02-02 23:19:34,177] {taskinstance.py:1238} INFO - 
--------------------------------------------------------------------------------
[2022-02-02 23:19:34,179] {taskinstance.py:1239} INFO - Starting attempt 1 of 1
[2022-02-02 23:19:34,181] {taskinstance.py:1240} INFO - 
--------------------------------------------------------------------------------
[2022-02-02 23:19:34,259] {taskinstance.py:1259} INFO - Executing <Task(PythonOperator): upload_to_gcs_job_zone> on 2022-01-02 06:00:00+00:00
[2022-02-02 23:19:34,280] {standard_task_runner.py:52} INFO - Started process 7086 to run task
[2022-02-02 23:19:34,298] {standard_task_runner.py:76} INFO - Running: ['***', 'tasks', 'run', 'zone_ingest_2_gcs_dag', 'upload_to_gcs_job_zone', 'scheduled__2022-01-02T06:00:00+00:00', '--job-id', '516', '--raw', '--subdir', 'DAGS_FOLDER/zone_download_ingest_gcs.py', '--cfg-path', '/tmp/tmpto7hfqpf', '--error-file', '/tmp/tmpz7i93b32']
[2022-02-02 23:19:34,304] {standard_task_runner.py:77} INFO - Job 516: Subtask upload_to_gcs_job_zone
[2022-02-02 23:19:34,588] {logging_mixin.py:109} INFO - Running <TaskInstance: zone_ingest_2_gcs_dag.upload_to_gcs_job_zone scheduled__2022-01-02T06:00:00+00:00 [running]> on host ee5c3eebd1b1
[2022-02-02 23:19:35,063] {taskinstance.py:1426} INFO - Exporting the following env vars:
AIRFLOW_CTX_DAG_OWNER=***
AIRFLOW_CTX_DAG_ID=zone_ingest_2_gcs_dag
AIRFLOW_CTX_TASK_ID=upload_to_gcs_job_zone
AIRFLOW_CTX_EXECUTION_DATE=2022-01-02T06:00:00+00:00
AIRFLOW_CTX_DAG_RUN_ID=scheduled__2022-01-02T06:00:00+00:00
[2022-02-02 23:19:36,322] {python.py:175} INFO - Done. Returned value was: None
[2022-02-02 23:19:36,416] {taskinstance.py:1277} INFO - Marking task as SUCCESS. dag_id=zone_ingest_2_gcs_dag, task_id=upload_to_gcs_job_zone, execution_date=20220102T060000, start_date=20220202T231934, end_date=20220202T231936
[2022-02-02 23:19:36,531] {local_task_job.py:154} INFO - Task exited with return code 0
[2022-02-02 23:19:36,706] {local_task_job.py:264} INFO - 1 downstream tasks scheduled from follow-on schedule check
