[2022-02-10 17:26:12,642] {taskinstance.py:1032} INFO - Dependencies all met for <TaskInstance: zone_ingest_2_gcs_dag.upload_to_gcs_job_zone scheduled__2022-01-02T06:00:00+00:00 [queued]>
[2022-02-10 17:26:12,700] {taskinstance.py:1032} INFO - Dependencies all met for <TaskInstance: zone_ingest_2_gcs_dag.upload_to_gcs_job_zone scheduled__2022-01-02T06:00:00+00:00 [queued]>
[2022-02-10 17:26:12,703] {taskinstance.py:1238} INFO - 
--------------------------------------------------------------------------------
[2022-02-10 17:26:12,705] {taskinstance.py:1239} INFO - Starting attempt 23 of 23
[2022-02-10 17:26:12,708] {taskinstance.py:1240} INFO - 
--------------------------------------------------------------------------------
[2022-02-10 17:26:12,761] {taskinstance.py:1259} INFO - Executing <Task(PythonOperator): upload_to_gcs_job_zone> on 2022-01-02 06:00:00+00:00
[2022-02-10 17:26:12,771] {standard_task_runner.py:52} INFO - Started process 434 to run task
[2022-02-10 17:26:12,781] {standard_task_runner.py:76} INFO - Running: ['***', 'tasks', 'run', 'zone_ingest_2_gcs_dag', 'upload_to_gcs_job_zone', 'scheduled__2022-01-02T06:00:00+00:00', '--job-id', '582', '--raw', '--subdir', 'DAGS_FOLDER/zone_download_ingest_gcs.py', '--cfg-path', '/tmp/tmpg0wszbg2', '--error-file', '/tmp/tmpxkaif2tr']
[2022-02-10 17:26:12,785] {standard_task_runner.py:77} INFO - Job 582: Subtask upload_to_gcs_job_zone
[2022-02-10 17:26:12,931] {logging_mixin.py:109} INFO - Running <TaskInstance: zone_ingest_2_gcs_dag.upload_to_gcs_job_zone scheduled__2022-01-02T06:00:00+00:00 [running]> on host 2107cbac5c9b
[2022-02-10 17:26:13,097] {taskinstance.py:1426} INFO - Exporting the following env vars:
AIRFLOW_CTX_DAG_OWNER=***
AIRFLOW_CTX_DAG_ID=zone_ingest_2_gcs_dag
AIRFLOW_CTX_TASK_ID=upload_to_gcs_job_zone
AIRFLOW_CTX_EXECUTION_DATE=2022-01-02T06:00:00+00:00
AIRFLOW_CTX_DAG_RUN_ID=scheduled__2022-01-02T06:00:00+00:00
[2022-02-10 17:26:14,329] {python.py:175} INFO - Done. Returned value was: None
[2022-02-10 17:26:14,379] {taskinstance.py:1277} INFO - Marking task as SUCCESS. dag_id=zone_ingest_2_gcs_dag, task_id=upload_to_gcs_job_zone, execution_date=20220102T060000, start_date=20220210T172612, end_date=20220210T172614
[2022-02-10 17:26:14,488] {local_task_job.py:154} INFO - Task exited with return code 0
[2022-02-10 17:26:14,616] {local_task_job.py:264} INFO - 1 downstream tasks scheduled from follow-on schedule check
