[2022-02-02 14:27:18,441] {taskinstance.py:1032} INFO - Dependencies all met for <TaskInstance: download_ingest_2_gcs_dag.download_file_url scheduled__2019-07-02T06:00:00+00:00 [queued]>
[2022-02-02 14:27:18,480] {taskinstance.py:1032} INFO - Dependencies all met for <TaskInstance: download_ingest_2_gcs_dag.download_file_url scheduled__2019-07-02T06:00:00+00:00 [queued]>
[2022-02-02 14:27:18,482] {taskinstance.py:1238} INFO - 
--------------------------------------------------------------------------------
[2022-02-02 14:27:18,483] {taskinstance.py:1239} INFO - Starting attempt 2 of 2
[2022-02-02 14:27:18,485] {taskinstance.py:1240} INFO - 
--------------------------------------------------------------------------------
[2022-02-02 14:27:18,530] {taskinstance.py:1259} INFO - Executing <Task(BashOperator): download_file_url> on 2019-07-02 06:00:00+00:00
[2022-02-02 14:27:18,541] {standard_task_runner.py:52} INFO - Started process 30181 to run task
[2022-02-02 14:27:18,552] {standard_task_runner.py:76} INFO - Running: ['***', 'tasks', 'run', 'download_ingest_2_gcs_dag', 'download_file_url', 'scheduled__2019-07-02T06:00:00+00:00', '--job-id', '328', '--raw', '--subdir', 'DAGS_FOLDER/download_ingest_2_gsc_assgnment.py', '--cfg-path', '/tmp/tmp9h50di0v', '--error-file', '/tmp/tmpixiiej6m']
[2022-02-02 14:27:18,556] {standard_task_runner.py:77} INFO - Job 328: Subtask download_file_url
[2022-02-02 14:27:18,734] {logging_mixin.py:109} INFO - Running <TaskInstance: download_ingest_2_gcs_dag.download_file_url scheduled__2019-07-02T06:00:00+00:00 [running]> on host 3082aca3aebc
[2022-02-02 14:27:18,884] {warnings.py:110} WARNING - /home/***/.local/lib/python3.7/site-packages/***/utils/context.py:152: AirflowContextDeprecationWarning: Accessing 'execution_date' from the template is deprecated and will be removed in a future version. Please use 'data_interval_start' or 'logical_date' instead.
  warnings.warn(_create_deprecation_warning(key, self._deprecation_replacements[key]))

[2022-02-02 14:27:18,922] {taskinstance.py:1426} INFO - Exporting the following env vars:
AIRFLOW_CTX_DAG_OWNER=***
AIRFLOW_CTX_DAG_ID=download_ingest_2_gcs_dag
AIRFLOW_CTX_TASK_ID=download_file_url
AIRFLOW_CTX_EXECUTION_DATE=2019-07-02T06:00:00+00:00
AIRFLOW_CTX_DAG_RUN_ID=scheduled__2019-07-02T06:00:00+00:00
[2022-02-02 14:27:18,927] {subprocess.py:62} INFO - Tmp dir root location: 
 /tmp
[2022-02-02 14:27:18,929] {subprocess.py:74} INFO - Running command: ['bash', '-c', 'curl -sSL https://s3.amazonaws.com/nyc-tlc/trip+data/yellow_tripdata_2019-07.csv > /opt/***/output_2019-07.csv']
[2022-02-02 14:27:18,948] {subprocess.py:85} INFO - Output:
[2022-02-02 14:36:56,175] {subprocess.py:93} INFO - Command exited with return code 0
[2022-02-02 14:36:56,277] {taskinstance.py:1277} INFO - Marking task as SUCCESS. dag_id=download_ingest_2_gcs_dag, task_id=download_file_url, execution_date=20190702T060000, start_date=20220202T142718, end_date=20220202T143656
[2022-02-02 14:36:56,391] {local_task_job.py:154} INFO - Task exited with return code 0
[2022-02-02 14:36:56,535] {local_task_job.py:264} INFO - 1 downstream tasks scheduled from follow-on schedule check
