[2022-02-02 23:19:19,820] {taskinstance.py:1032} INFO - Dependencies all met for <TaskInstance: zone_ingest_2_gcs_dag.zone_file_url manual__2022-02-02T23:19:10.194243+00:00 [queued]>
[2022-02-02 23:19:19,917] {taskinstance.py:1032} INFO - Dependencies all met for <TaskInstance: zone_ingest_2_gcs_dag.zone_file_url manual__2022-02-02T23:19:10.194243+00:00 [queued]>
[2022-02-02 23:19:19,920] {taskinstance.py:1238} INFO - 
--------------------------------------------------------------------------------
[2022-02-02 23:19:19,926] {taskinstance.py:1239} INFO - Starting attempt 1 of 1
[2022-02-02 23:19:19,928] {taskinstance.py:1240} INFO - 
--------------------------------------------------------------------------------
[2022-02-02 23:19:20,000] {taskinstance.py:1259} INFO - Executing <Task(BashOperator): zone_file_url> on 2022-02-02 23:19:10.194243+00:00
[2022-02-02 23:19:20,016] {standard_task_runner.py:52} INFO - Started process 7032 to run task
[2022-02-02 23:19:20,028] {standard_task_runner.py:76} INFO - Running: ['***', 'tasks', 'run', 'zone_ingest_2_gcs_dag', 'zone_file_url', 'manual__2022-02-02T23:19:10.194243+00:00', '--job-id', '513', '--raw', '--subdir', 'DAGS_FOLDER/zone_download_ingest_gcs.py', '--cfg-path', '/tmp/tmpykjyqdch', '--error-file', '/tmp/tmpa9romn4f']
[2022-02-02 23:19:20,036] {standard_task_runner.py:77} INFO - Job 513: Subtask zone_file_url
[2022-02-02 23:19:20,241] {logging_mixin.py:109} INFO - Running <TaskInstance: zone_ingest_2_gcs_dag.zone_file_url manual__2022-02-02T23:19:10.194243+00:00 [running]> on host ee5c3eebd1b1
[2022-02-02 23:19:20,443] {taskinstance.py:1426} INFO - Exporting the following env vars:
AIRFLOW_CTX_DAG_OWNER=***
AIRFLOW_CTX_DAG_ID=zone_ingest_2_gcs_dag
AIRFLOW_CTX_TASK_ID=zone_file_url
AIRFLOW_CTX_EXECUTION_DATE=2022-02-02T23:19:10.194243+00:00
AIRFLOW_CTX_DAG_RUN_ID=manual__2022-02-02T23:19:10.194243+00:00
[2022-02-02 23:19:20,455] {subprocess.py:62} INFO - Tmp dir root location: 
 /tmp
[2022-02-02 23:19:20,459] {subprocess.py:74} INFO - Running command: ['bash', '-c', 'curl -sSLf https://s3.amazonaws.com/nyc-tlc/misc/taxi+_zone_lookup.csv > /opt/***/taxi+_zone_lookup.csv']
[2022-02-02 23:19:20,492] {subprocess.py:85} INFO - Output:
[2022-02-02 23:19:21,224] {subprocess.py:93} INFO - Command exited with return code 0
[2022-02-02 23:19:21,399] {taskinstance.py:1277} INFO - Marking task as SUCCESS. dag_id=zone_ingest_2_gcs_dag, task_id=zone_file_url, execution_date=20220202T231910, start_date=20220202T231919, end_date=20220202T231921
[2022-02-02 23:19:21,503] {local_task_job.py:154} INFO - Task exited with return code 0
[2022-02-02 23:19:21,738] {local_task_job.py:264} INFO - 1 downstream tasks scheduled from follow-on schedule check
