[2022-02-02 15:07:47,177] {taskinstance.py:1032} INFO - Dependencies all met for <TaskInstance: download_ingest_2_gcs_dag.bigquery_external_table_job scheduled__2020-11-02T06:00:00+00:00 [queued]>
[2022-02-02 15:07:47,490] {taskinstance.py:1032} INFO - Dependencies all met for <TaskInstance: download_ingest_2_gcs_dag.bigquery_external_table_job scheduled__2020-11-02T06:00:00+00:00 [queued]>
[2022-02-02 15:07:47,495] {taskinstance.py:1238} INFO - 
--------------------------------------------------------------------------------
[2022-02-02 15:07:47,499] {taskinstance.py:1239} INFO - Starting attempt 1 of 1
[2022-02-02 15:07:47,510] {taskinstance.py:1240} INFO - 
--------------------------------------------------------------------------------
[2022-02-02 15:07:47,959] {taskinstance.py:1259} INFO - Executing <Task(BigQueryCreateExternalTableOperator): bigquery_external_table_job> on 2020-11-02 06:00:00+00:00
[2022-02-02 15:07:48,038] {standard_task_runner.py:52} INFO - Started process 32905 to run task
[2022-02-02 15:07:48,143] {standard_task_runner.py:76} INFO - Running: ['***', 'tasks', 'run', 'download_ingest_2_gcs_dag', 'bigquery_external_table_job', 'scheduled__2020-11-02T06:00:00+00:00', '--job-id', '393', '--raw', '--subdir', 'DAGS_FOLDER/download_ingest_2_gsc_assgnment.py', '--cfg-path', '/tmp/tmpc7fggggc', '--error-file', '/tmp/tmpzfggfqm0']
[2022-02-02 15:07:48,183] {standard_task_runner.py:77} INFO - Job 393: Subtask bigquery_external_table_job
[2022-02-02 15:07:49,774] {logging_mixin.py:109} INFO - Running <TaskInstance: download_ingest_2_gcs_dag.bigquery_external_table_job scheduled__2020-11-02T06:00:00+00:00 [running]> on host 3082aca3aebc
[2022-02-02 15:07:51,382] {warnings.py:110} WARNING - /home/***/.local/lib/python3.7/site-packages/***/utils/context.py:152: AirflowContextDeprecationWarning: Accessing 'execution_date' from the template is deprecated and will be removed in a future version. Please use 'data_interval_start' or 'logical_date' instead.
  warnings.warn(_create_deprecation_warning(key, self._deprecation_replacements[key]))

[2022-02-02 15:07:51,805] {taskinstance.py:1426} INFO - Exporting the following env vars:
AIRFLOW_CTX_DAG_OWNER=***
AIRFLOW_CTX_DAG_ID=download_ingest_2_gcs_dag
AIRFLOW_CTX_TASK_ID=bigquery_external_table_job
AIRFLOW_CTX_EXECUTION_DATE=2020-11-02T06:00:00+00:00
AIRFLOW_CTX_DAG_RUN_ID=scheduled__2020-11-02T06:00:00+00:00
[2022-02-02 15:07:51,812] {crypto.py:82} WARNING - empty cryptography key - values will not be stored encrypted.
[2022-02-02 15:07:55,579] {taskinstance.py:1277} INFO - Marking task as SUCCESS. dag_id=download_ingest_2_gcs_dag, task_id=bigquery_external_table_job, execution_date=20201102T060000, start_date=20220202T150747, end_date=20220202T150755
[2022-02-02 15:07:56,380] {local_task_job.py:154} INFO - Task exited with return code 0
[2022-02-02 15:07:57,460] {local_task_job.py:264} INFO - 0 downstream tasks scheduled from follow-on schedule check
