[2022-02-02 23:19:44,064] {taskinstance.py:1032} INFO - Dependencies all met for <TaskInstance: zone_ingest_2_gcs_dag.cleanup_csv_zone scheduled__2022-01-02T06:00:00+00:00 [queued]>
[2022-02-02 23:19:44,119] {taskinstance.py:1032} INFO - Dependencies all met for <TaskInstance: zone_ingest_2_gcs_dag.cleanup_csv_zone scheduled__2022-01-02T06:00:00+00:00 [queued]>
[2022-02-02 23:19:44,121] {taskinstance.py:1238} INFO - 
--------------------------------------------------------------------------------
[2022-02-02 23:19:44,123] {taskinstance.py:1239} INFO - Starting attempt 1 of 1
[2022-02-02 23:19:44,124] {taskinstance.py:1240} INFO - 
--------------------------------------------------------------------------------
[2022-02-02 23:19:44,179] {taskinstance.py:1259} INFO - Executing <Task(BashOperator): cleanup_csv_zone> on 2022-01-02 06:00:00+00:00
[2022-02-02 23:19:44,191] {standard_task_runner.py:52} INFO - Started process 7096 to run task
[2022-02-02 23:19:44,202] {standard_task_runner.py:76} INFO - Running: ['***', 'tasks', 'run', 'zone_ingest_2_gcs_dag', 'cleanup_csv_zone', 'scheduled__2022-01-02T06:00:00+00:00', '--job-id', '518', '--raw', '--subdir', 'DAGS_FOLDER/zone_download_ingest_gcs.py', '--cfg-path', '/tmp/tmpb03p3ksb', '--error-file', '/tmp/tmpmxt9ztsa']
[2022-02-02 23:19:44,206] {standard_task_runner.py:77} INFO - Job 518: Subtask cleanup_csv_zone
[2022-02-02 23:19:44,368] {logging_mixin.py:109} INFO - Running <TaskInstance: zone_ingest_2_gcs_dag.cleanup_csv_zone scheduled__2022-01-02T06:00:00+00:00 [running]> on host ee5c3eebd1b1
[2022-02-02 23:19:44,551] {taskinstance.py:1426} INFO - Exporting the following env vars:
AIRFLOW_CTX_DAG_OWNER=***
AIRFLOW_CTX_DAG_ID=zone_ingest_2_gcs_dag
AIRFLOW_CTX_TASK_ID=cleanup_csv_zone
AIRFLOW_CTX_EXECUTION_DATE=2022-01-02T06:00:00+00:00
AIRFLOW_CTX_DAG_RUN_ID=scheduled__2022-01-02T06:00:00+00:00
[2022-02-02 23:19:44,559] {subprocess.py:62} INFO - Tmp dir root location: 
 /tmp
[2022-02-02 23:19:44,566] {subprocess.py:74} INFO - Running command: ['bash', '-c', 'rm /opt/***/taxi+_zone_lookup.csv']
[2022-02-02 23:19:44,598] {subprocess.py:85} INFO - Output:
[2022-02-02 23:19:44,692] {subprocess.py:93} INFO - Command exited with return code 0
[2022-02-02 23:19:44,797] {taskinstance.py:1277} INFO - Marking task as SUCCESS. dag_id=zone_ingest_2_gcs_dag, task_id=cleanup_csv_zone, execution_date=20220102T060000, start_date=20220202T231944, end_date=20220202T231944
[2022-02-02 23:19:44,896] {local_task_job.py:154} INFO - Task exited with return code 0
[2022-02-02 23:19:45,030] {local_task_job.py:264} INFO - 0 downstream tasks scheduled from follow-on schedule check
