[2022-02-10 17:26:19,239] {taskinstance.py:1032} INFO - Dependencies all met for <TaskInstance: zone_ingest_2_gcs_dag.cleanup_csv_zone scheduled__2022-01-02T06:00:00+00:00 [queued]>
[2022-02-10 17:26:19,291] {taskinstance.py:1032} INFO - Dependencies all met for <TaskInstance: zone_ingest_2_gcs_dag.cleanup_csv_zone scheduled__2022-01-02T06:00:00+00:00 [queued]>
[2022-02-10 17:26:19,298] {taskinstance.py:1238} INFO - 
--------------------------------------------------------------------------------
[2022-02-10 17:26:19,300] {taskinstance.py:1239} INFO - Starting attempt 2 of 2
[2022-02-10 17:26:19,303] {taskinstance.py:1240} INFO - 
--------------------------------------------------------------------------------
[2022-02-10 17:26:19,382] {taskinstance.py:1259} INFO - Executing <Task(BashOperator): cleanup_csv_zone> on 2022-01-02 06:00:00+00:00
[2022-02-10 17:26:19,394] {standard_task_runner.py:52} INFO - Started process 445 to run task
[2022-02-10 17:26:19,412] {standard_task_runner.py:76} INFO - Running: ['***', 'tasks', 'run', 'zone_ingest_2_gcs_dag', 'cleanup_csv_zone', 'scheduled__2022-01-02T06:00:00+00:00', '--job-id', '583', '--raw', '--subdir', 'DAGS_FOLDER/zone_download_ingest_gcs.py', '--cfg-path', '/tmp/tmp10k_qmad', '--error-file', '/tmp/tmpatemptxb']
[2022-02-10 17:26:19,420] {standard_task_runner.py:77} INFO - Job 583: Subtask cleanup_csv_zone
[2022-02-10 17:26:19,717] {logging_mixin.py:109} INFO - Running <TaskInstance: zone_ingest_2_gcs_dag.cleanup_csv_zone scheduled__2022-01-02T06:00:00+00:00 [running]> on host 2107cbac5c9b
[2022-02-10 17:26:19,987] {taskinstance.py:1426} INFO - Exporting the following env vars:
AIRFLOW_CTX_DAG_OWNER=***
AIRFLOW_CTX_DAG_ID=zone_ingest_2_gcs_dag
AIRFLOW_CTX_TASK_ID=cleanup_csv_zone
AIRFLOW_CTX_EXECUTION_DATE=2022-01-02T06:00:00+00:00
AIRFLOW_CTX_DAG_RUN_ID=scheduled__2022-01-02T06:00:00+00:00
[2022-02-10 17:26:19,992] {subprocess.py:62} INFO - Tmp dir root location: 
 /tmp
[2022-02-10 17:26:19,996] {subprocess.py:74} INFO - Running command: ['bash', '-c', 'rm /opt/***/taxi+_zone_lookup.csv']
[2022-02-10 17:26:20,033] {subprocess.py:85} INFO - Output:
[2022-02-10 17:26:20,144] {subprocess.py:93} INFO - Command exited with return code 0
[2022-02-10 17:26:20,250] {taskinstance.py:1277} INFO - Marking task as SUCCESS. dag_id=zone_ingest_2_gcs_dag, task_id=cleanup_csv_zone, execution_date=20220102T060000, start_date=20220210T172619, end_date=20220210T172620
[2022-02-10 17:26:20,366] {local_task_job.py:154} INFO - Task exited with return code 0
[2022-02-10 17:26:20,470] {local_task_job.py:264} INFO - 0 downstream tasks scheduled from follow-on schedule check
